ARRAY_SIZE: 32768
simul == true
ARRAY_SIZE: 32768
simul == true
after allocation of image_simul
after allocation of image_simul
after initialization of image_simul
Width: 32768
Height: 32768
after initialization of image_simul
Width: 32768
Height: 32768
Hello from process 0 of 2 running in processor r1i2n7
Hello from process 1 of 2 running in processor r1i2n9

Number of threads is: 32

Number of threads is: 32
ROI time: 0.990801

Global histogram: 
4191745 4193526 4195157 4192229 4195478 4195916 4198199 4194334 4198335 4193721 4194889 4191983 4193898 4194083 4197321 4192030 4192854 4194053 4194200 4194409 4194283 4193086 4191437 4196024 4194535 4194877 4193798 4194789 4195408 4192741 4197690 4192661 4191667 4192754 4194049 4194616 4195601 4197475 4195791 4195927 4193199 4193210 4196049 4194070 4195717 4194440 4195121 4198195 4194863 4195748 4196322 4195064 4196634 4195726 4194858 4196590 4195438 4194703 4191258 4194645 4194879 4196970 4194241 4187739 4190758 4192985 4191984 4192209 4191664 4193029 4195244 4199801 4192281 4195400 4194704 4196690 4193424 4191517 4193674 4195047 4197703 4196232 4198726 4193835 4195054 4195360 4198101 4191988 4192169 4192419 4194053 4190739 4193750 4194209 4193077 4194756 4190971 4198474 4192300 4195831 4194332 4193167 4191732 4195699 4194710 4193420 4193184 4193914 4196589 4191679 4193614 4193817 4192653 4193721 4191738 4190591 4192940 4190843 4195157 4194748 4195786 4194241 4193260 4193304 4193814 4193253 4193767 4192434 4192200 4196520 4197058 4195879 4193935 4197206 4194559 4190230 4192625 4194063 4191357 4193962 4194146 4194631 4192970 4195685 4194518 4193266 4195741 4196576 4191808 4194981 4195784 4195946 4197699 4194230 4193888 4196115 4197597 4195458 4192055 4193694 4191973 4194830 4192108 4192489 4194885 4192043 4195247 4193186 4195327 4193902 4191211 4197069 4195500 4191837 4196917 4194990 4192347 4194907 4194564 4195515 4196405 4195831 4194116 4192105 4190066 4197872 4190233 4192557 4191683 4193537 4196093 4192211 4195869 4191108 4194588 4192745 4191100 4194360 4199137 4194735 4195515 4194848 4196393 4196820 4194849 4195562 4195431 4193193 4191684 4194897 4195876 4191341 4196606 4196327 4196134 4195771 4192101 4195542 4192593 4194194 4193501 4193572 4194625 4197162 4198450 4192781 4193645 4193698 4197062 4191909 4193357 4196229 4195642 4193107 4196739 4194681 4196999 4197589 4194493 4192277 4194668 4191466 4190590 4195609 4198147 4192147 4195766 4191249 4193926 4192611 4192445 4191366 4195332 4196047 4195796 4196371 

Sum of all global histogram elements: 1073741824
Total pixels: 1073741824

Total time: 15.1598
outputs/output_nodes_2_processes_2_threads_32_size_30_20180601_091423.csv
ARRAY_SIZE: 65536
simul == true
ARRAY_SIZE: 65536
simul == true
after allocation of image_simul
after allocation of image_simul
after initialization of image_simul
Width: 65536
Height: 65536
after initialization of image_simul
Width: 65536
Height: 65536
Hello from process 0 of 2 running in processor r1i2n7
Hello from process 1 of 2 running in processor r1i2n9

Number of threads is: 32

Number of threads is: 32
ROI time: 2.19425

Global histogram: 
16776393 16777224 16780923 16780490 16774440 16775399 16782686 16776887 16780094 16776101 16775995 16769558 16775306 16780602 16779318 16776338 16779406 16789304 16779063 16776348 16777211 16776849 16782392 16776328 16774929 16777147 16779903 16776504 16774277 16783000 16778247 16776276 16782942 16778791 16775717 16783957 16773962 16785954 16784026 16775880 16778875 16781582 16777688 16781812 16775805 16776560 16781217 16779766 16777457 16773084 16777027 16776744 16775801 16780510 16773661 16782400 16782603 16780663 16778487 16778723 16785523 16774272 16781052 16778516 16772654 16782457 16773901 16777026 16779078 16777065 16780036 16779082 16776241 16776310 16768343 16778769 16774318 16786564 16773699 16775270 16776798 16774136 16777956 16780852 16780567 16781242 16776108 16773889 16779739 16772998 16775188 16770486 16776163 16782420 16776388 16775306 16772702 16776948 16777309 16776608 16783999 16769960 16782004 16776596 16786775 16781096 16776268 16771394 16781103 16773152 16770721 16780100 16777085 16778202 16775971 16775654 16770948 16776937 16766938 16781555 16774265 16776729 16770876 16770860 16772715 16775418 16781456 16780499 16768202 16777866 16777312 16776654 16776846 16782922 16782029 16778682 16775606 16778523 16775896 16779078 16779775 16784938 16774205 16772309 16774075 16779289 16778762 16776390 16783272 16779409 16771735 16779389 16775318 16774828 16780981 16774323 16777648 16776986 16774035 16765005 16779608 16767679 16781752 16779477 16784774 16779191 16773789 16777737 16772329 16782833 16771151 16774372 16781009 16771216 16780376 16782520 16774858 16776323 16774348 16774736 16768802 16775038 16778616 16778753 16777804 16775511 16781811 16778787 16775870 16776664 16780248 16775177 16785199 16778608 16773014 16774884 16777369 16772228 16772640 16775955 16779421 16773627 16779536 16775712 16776663 16772204 16777626 16773924 16775684 16781163 16783300 16771354 16782217 16779406 16772263 16774817 16774510 16772754 16776075 16766903 16777719 16786802 16780654 16773533 16775362 16776990 16772876 16780154 16780417 16788559 16775422 16775544 16777620 16769780 16778399 16779914 16780510 16779318 16774682 16772473 16768963 16782994 16779083 16784728 16778220 16771644 16768285 16773735 16775682 16770245 16783063 16777347 16783650 16781067 16773943 16773529 

Sum of all global histogram elements: 4294967296
Total pixels: 4294967296

Total time: 58.9363
outputs/output_nodes_2_processes_2_threads_32_size_32_20180601_091522.csv
ARRAY_SIZE: 131072
simul == true
ARRAY_SIZE: 131072
simul == true
after allocation of image_simul
after allocation of image_simul
after initialization of image_simul
Width: 131072
Height: 131072
after initialization of image_simul
Width: 131072
Height: 131072
Hello from process 0 of 2 running in processor r1i2n7
Hello from process 1 of 2 running in processor r1i2n9

Number of threads is: 32

Number of threads is: 32
ROI time: 4.85352

Global histogram: 
67106313 67105093 67110836 67113659 67111338 67114982 67098152 67102507 67103041 67121018 67117663 67095395 67106623 67110976 67109118 67099554 67096695 67102290 67103178 67107458 67103416 67113253 67111904 67112218 67110785 67112460 67095998 67100351 67115504 67109333 67118722 67106060 67117173 67110488 67111945 67102452 67123142 67122866 67119010 67105736 67116806 67107005 67111936 67106158 67109754 67110208 67095057 67102832 67095121 67112959 67109118 67123648 67091855 67107178 67112609 67109655 67097543 67123831 67118262 67116463 67116671 67110814 67103008 67106732 67098869 67107837 67104760 67104589 67116946 67106372 67096763 67111557 67107844 67104998 67109436 67112628 67100029 67103704 67104163 67121601 67104322 67102376 67119859 67100347 67110739 67111016 67109999 67109781 67122491 67104757 67110079 67102187 67122001 67107263 67116304 67114674 67106713 67115481 67110311 67114715 67122161 67108085 67120356 67101351 67103527 67110578 67121809 67099815 67117557 67105987 67107468 67108096 67112315 67100936 67106481 67112920 67105020 67116878 67107358 67100208 67121599 67105371 67094697 67095198 67111029 67097923 67099517 67076274 67105721 67124469 67115959 67112025 67098594 67111104 67118823 67105875 67114449 67106940 67102446 67104985 67110600 67118189 67104952 67105906 67125692 67110855 67110197 67120799 67095504 67121531 67116239 67099302 67107650 67115564 67105255 67096415 67110156 67119364 67106368 67100965 67112462 67115426 67118802 67109623 67092237 67107099 67110786 67106017 67101527 67109711 67114505 67122778 67112841 67111769 67102024 67104863 67116826 67111685 67102771 67105209 67092349 67109965 67107990 67112075 67108704 67110263 67088246 67105275 67100441 67106404 67103215 67089049 67121887 67100744 67100364 67104506 67118960 67124329 67100868 67106030 67116529 67114455 67098630 67121112 67115417 67106068 67124896 67103071 67113222 67101825 67114174 67093850 67104186 67120306 67126094 67112059 67112483 67108881 67122495 67104984 67117758 67099862 67112247 67121558 67113691 67108191 67108565 67106268 67112243 67128803 67103817 67120484 67103231 67117622 67093115 67107706 67114370 67100000 67111096 67128722 67113304 67117504 67100509 67115231 67087941 67106039 67104808 67099797 67119169 67104500 67097903 67110596 67104459 67111788 67101007 67095072 

Sum of all global histogram elements: 17179869184
Total pixels: 17179869184

Total time: 230.238
outputs/output_nodes_2_processes_2_threads_32_size_34_20180601_091913.csv
ARRAY_SIZE: 262144
simul == true
ARRAY_SIZE: 262144
simul == true
after allocation of image_simul
after allocation of image_simul
after initialization of image_simul
Width: 262144
Height: 262144
after initialization of image_simul
Width: 262144
Height: 262144
Hello from process 0 of 2 running in processor r1i2n7
Hello from process 1 of 2 running in processor r1i2n9

Number of threads is: 32

Number of threads is: 32
ROI time: 12.4892

Global histogram: 
268454399 268395005 268462002 268463111 268414597 268468837 268411837 268407731 268432835 268419458 268425998 268469543 268434045 268402429 268456493 268406574 268418561 268394799 268447855 268418856 268425928 268412274 268427472 268455107 268454550 268449420 268413037 268436709 268427451 268424793 268430434 268449462 268448621 268440642 268425360 268441256 268424443 268418929 268394010 268419358 268451637 268435999 268446540 268465939 268419598 268430769 268429456 268430866 268430423 268430048 268455043 268418612 268433316 268420933 268432023 268455020 268414081 268422482 268429887 268463948 268437488 268432289 268410947 268423776 268459240 268412808 268457737 268472666 268429621 268461335 268424460 268413519 268450212 268443617 268489320 268442396 268422248 268424085 268462787 268445668 268416947 268443195 268441659 268452324 268444831 268450629 268406162 268426434 268440732 268449451 268428040 268450694 268394845 268409280 268467189 268421158 268441909 268422814 268439148 268426691 268454071 268451093 268441855 268442561 268464884 268446541 268470997 268452618 268412748 268424247 268427934 268456422 268408085 268440136 268440717 268427646 268424815 268408137 268455834 268421747 268436890 268415249 268445182 268419971 268413330 268434321 268427685 268426108 268452873 268439420 268446920 268405553 268426944 268436553 268417814 268460632 268466962 268449112 268460136 268435052 268469226 268433258 268420574 268426971 268428979 268437465 268462260 268431626 268424385 268425479 268450479 268445819 268472531 268452308 268426046 268411470 268413809 268441839 268421846 268416318 268431811 268441247 268452528 268431792 268449678 268429565 268434479 268447693 268421275 268413295 268428296 268453475 268439192 268442946 268431101 268444331 268428844 268442533 268454693 268455863 268430290 268420844 268447577 268443881 268431487 268428944 268443653 268435521 268415372 268440504 268463869 268425471 268416494 268411023 268466020 268452610 268414941 268458483 268418480 268435258 268461348 268463002 268442664 268426738 268424390 268473138 268433249 268456064 268460273 268426294 268448450 268441498 268423456 268415194 268414359 268428170 268430086 268422466 268451324 268458471 268402244 268441926 268410644 268426447 268425256 268427772 268430527 268432929 268435899 268463199 268438705 268416459 268441832 268437225 268415385 268455935 268439961 268413946 268451679 268419520 268456233 268446386 268422091 268435096 268391428 268469398 268396151 268434824 268421621 268435883 268445527 268406320 268435205 268437816 268444019 268461580 

Sum of all global histogram elements: 68719476736
Total pixels: 68719476736

Total time: 913.266
outputs/output_nodes_2_processes_2_threads_32_size_36_20180601_093427.csv
ARRAY_SIZE: 32768
simul == true
ARRAY_SIZE: 32768
simul == true
after allocation of image_simul
after allocation of image_simul
after initialization of image_simul
Width: 32768
Height: 32768
after initialization of image_simul
Width: 32768
Height: 32768
Hello from process 0 of 2 running in processor r1i2n7

Number of threads is: 32
Hello from process 1 of 2 running in processor r1i2n9

Number of threads is: 32
ROI time: 0.966427

Global histogram: 
4197130 4196386 4195391 4192509 4194699 4194718 4191753 4195085 4191897 4195263 4192395 4193458 4192437 4193379 4195331 4194080 4193788 4194614 4194418 4197249 4192203 4197160 4196484 4196919 4190431 4193296 4194688 4194266 4194485 4195872 4194202 4195952 4191801 4191981 4194256 4194142 4196225 4193779 4194052 4194181 4195299 4195626 4188635 4193520 4196340 4194368 4195661 4194990 4197279 4195220 4194667 4194970 4196716 4192081 4193646 4193329 4194134 4190992 4193702 4193865 4195625 4197292 4190282 4194680 4194365 4192765 4194761 4193061 4194594 4196548 4194082 4195276 4192660 4196230 4196488 4194829 4194821 4193478 4192245 4192822 4194050 4196492 4195709 4193779 4196634 4191465 4193913 4196839 4193524 4193389 4194374 4188979 4196137 4190495 4195036 4195091 4195659 4193220 4197039 4194627 4193996 4192866 4193979 4196528 4195289 4193696 4192972 4194951 4192329 4194376 4195189 4195539 4196111 4194874 4197075 4195633 4197521 4194738 4192706 4197748 4193817 4193184 4192081 4194510 4194527 4194005 4193374 4198059 4195421 4193626 4192795 4197416 4196179 4193204 4193588 4190741 4194442 4194757 4193380 4192467 4192001 4191387 4192325 4197002 4193070 4193724 4192686 4195639 4198425 4191110 4193719 4199001 4192995 4199198 4191580 4195738 4191710 4191253 4196409 4195174 4197047 4195223 4192019 4194484 4195214 4194681 4198991 4192708 4194412 4197005 4194344 4194219 4192343 4194388 4194466 4192872 4191926 4194627 4196450 4192140 4193666 4196452 4193531 4193754 4198116 4197558 4196100 4195007 4194257 4195406 4195839 4192887 4196448 4196189 4193639 4192180 4196470 4194616 4189312 4195969 4195283 4194876 4194591 4191847 4193219 4190192 4193329 4196823 4190909 4194572 4193522 4191245 4195075 4193521 4192913 4193669 4192530 4195585 4195967 4193124 4191993 4193040 4192214 4196750 4189928 4196555 4195099 4190985 4193034 4194664 4195864 4193164 4190397 4193411 4198726 4192578 4191486 4192791 4192717 4195438 4198006 4197355 4192281 4191431 4194901 4195309 4192537 4190358 4195691 4195237 4194379 4193834 4197823 4197038 4195980 4194498 

Sum of all global histogram elements: 1073741824
Total pixels: 1073741824

Total time: 15.0943
outputs/output_nodes_2_processes_2_threads_32_size_30_20180601_093446.csv
ARRAY_SIZE: 65536
simul == true
ARRAY_SIZE: 65536
simul == true
after allocation of image_simul
after allocation of image_simul
after initialization of image_simul
Width: 65536
Height: 65536
after initialization of image_simul
Width: 65536
Height: 65536
Hello from process 0 of 2 running in processor r1i2n7
Hello from process 1 of 2 running in processor r1i2n9

Number of threads is: 32

Number of threads is: 32
ROI time: 2.28632

Global histogram: 
16779051 16776741 16777820 16782923 16786295 16786621 16779686 16776460 16773402 16780721 16771627 16779594 16778864 16773216 16775772 16773674 16782989 16772880 16775088 16774342 16774090 16776023 16776916 16778450 16778519 16778995 16779420 16772464 16771596 16780602 16780544 16773843 16775397 16782078 16776680 16777162 16781551 16775736 16779248 16775381 16776694 16779008 16779668 16776798 16777386 16783459 16774301 16780877 16774274 16774831 16776067 16772622 16777506 16775536 16775252 16777685 16770169 16772682 16777300 16781676 16774475 16775303 16778475 16777848 16772802 16775332 16771357 16775822 16773848 16780969 16772879 16777504 16776269 16782746 16774781 16785164 16781574 16773623 16790562 16774335 16774239 16782154 16785413 16771994 16776454 16779092 16779049 16783143 16771982 16778023 16780420 16769157 16787209 16780755 16780872 16785598 16777425 16780055 16786440 16774512 16779698 16772533 16777495 16780451 16773831 16773125 16772609 16780523 16776549 16772217 16774661 16777289 16781533 16778779 16775552 16780393 16775102 16775571 16781030 16779078 16779293 16785561 16779036 16774209 16774622 16773843 16769721 16767907 16775240 16774042 16771111 16774577 16776360 16778019 16777573 16783632 16777226 16779504 16779905 16769350 16779240 16773975 16778522 16773856 16780650 16778353 16772520 16780690 16773313 16775821 16774538 16776654 16774032 16776698 16772463 16773043 16767767 16773347 16777948 16779781 16774321 16776961 16773953 16777345 16776874 16775211 16775012 16778623 16777207 16772576 16771569 16775771 16780854 16775415 16773419 16779321 16782552 16771118 16776580 16775025 16776977 16779759 16775380 16782288 16781823 16776391 16774378 16775536 16778705 16783895 16778843 16780395 16778736 16770301 16783454 16777203 16772315 16775053 16778661 16780232 16775005 16778928 16778343 16774835 16781926 16776128 16780108 16776872 16785962 16779329 16778091 16773049 16776322 16781208 16781328 16774590 16780272 16771816 16778903 16778742 16778194 16775921 16780854 16774642 16780526 16775034 16772104 16780086 16779162 16781053 16775829 16774276 16769494 16779569 16775189 16771103 16779719 16781866 16777555 16772545 16778530 16778839 16776021 16778406 16770587 16783793 16780532 16776022 16783701 16776502 16772994 16780956 16783205 16784438 16772741 16775652 

Sum of all global histogram elements: 4294967296
Total pixels: 4294967296

Total time: 58.7186
outputs/output_nodes_2_processes_2_threads_32_size_32_20180601_093545.csv
ARRAY_SIZE: 131072
simul == true
ARRAY_SIZE: 131072
simul == true
after allocation of image_simul
after allocation of image_simul
after initialization of image_simul
Width: 131072
Height: 131072
after initialization of image_simul
Width: 131072
Height: 131072
Hello from process 0 of 2 running in processor r1i2n7
Hello from process 1 of 2 running in processor r1i2n9

Number of threads is: 32

Number of threads is: 32
ROI time: 5.06615

Global histogram: 
67105638 67113051 67112995 67112192 67104298 67105355 67119905 67104416 67110856 67093356 67117055 67102931 67110907 67111102 67112159 67101066 67114549 67117061 67117852 67119079 67108576 67115251 67099152 67111672 67093110 67115437 67097492 67104324 67107515 67106758 67108377 67118876 67110249 67124334 67106319 67109844 67109843 67116497 67117934 67123324 67098753 67102844 67126960 67106320 67105342 67114275 67105122 67116611 67101476 67091558 67113913 67120614 67108764 67095463 67114628 67118725 67104831 67110746 67115004 67101245 67114352 67112408 67103717 67108888 67129443 67107370 67103592 67115025 67104216 67100492 67097699 67118035 67125726 67106937 67105336 67115151 67108657 67098251 67109288 67110471 67099703 67120055 67111822 67101228 67099114 67114097 67110114 67109023 67095667 67101137 67105796 67104863 67115464 67105261 67104926 67118825 67106767 67114459 67120228 67112726 67104973 67092473 67126978 67108922 67109698 67104217 67120048 67110724 67092377 67113674 67099976 67120730 67111015 67112934 67122519 67106490 67115170 67103820 67118772 67122060 67110877 67110361 67092990 67120587 67101443 67110796 67103587 67112027 67108402 67095039 67109498 67111844 67093018 67111648 67115045 67109324 67111892 67107861 67103743 67107703 67111350 67115369 67086297 67087660 67111933 67113580 67105801 67114308 67115813 67105871 67088112 67088510 67112758 67097925 67123393 67107916 67126678 67108580 67114302 67118688 67108985 67095541 67111295 67117278 67110118 67097743 67119093 67114386 67105770 67098683 67114078 67095259 67099103 67105262 67104010 67111853 67114520 67104638 67101052 67119328 67111481 67109619 67116393 67107196 67108693 67120865 67112052 67099552 67102631 67105111 67116341 67107933 67095325 67099120 67112404 67111009 67122315 67114367 67094032 67110113 67112530 67107924 67110512 67101999 67122655 67123267 67099920 67112783 67107389 67109764 67112360 67100357 67111588 67101924 67108548 67107368 67114842 67108982 67103266 67104292 67118275 67107514 67091018 67113367 67111535 67110620 67103486 67106149 67111451 67123255 67110730 67089858 67103647 67105398 67101411 67109199 67105040 67110348 67109495 67112349 67110769 67093200 67107334 67111950 67097635 67117977 67097253 67111502 67112645 67100875 67115292 67113427 67103822 67113085 67120791 67110336 

Sum of all global histogram elements: 17179869184
Total pixels: 17179869184

Total time: 230.445
outputs/output_nodes_2_processes_2_threads_32_size_34_20180601_093936.csv
ARRAY_SIZE: 262144
simul == true
ARRAY_SIZE: 262144
simul == true
after allocation of image_simul
after allocation of image_simul
after initialization of image_simul
Width: 262144
Height: 262144
after initialization of image_simul
Width: 262144
Height: 262144
Hello from process 0 of 2 running in processor r1i2n7
Hello from process 1 of 2 running in processor r1i2n9

Number of threads is: 32

Number of threads is: 32
ROI time: 12.5223

Global histogram: 
268435116 268442751 268389595 268454362 268425780 268464110 268411938 268422120 268412970 268449990 268427527 268447432 268417349 268454240 268409113 268443872 268447003 268429073 268420103 268465531 268420014 268439759 268391058 268426333 268404126 268433663 268440703 268434033 268423077 268427635 268432171 268463988 268419316 268417464 268404216 268449839 268458081 268428478 268430791 268419162 268435603 268439371 268434590 268471338 268432629 268468687 268406113 268427496 268407373 268406041 268432780 268458128 268422932 268437077 268400955 268426900 268403269 268459671 268451418 268459452 268428896 268449208 268408146 268463216 268429277 268439106 268395493 268439388 268411281 268428940 268450280 268428507 268430989 268448635 268449199 268447279 268439058 268444094 268420053 268436591 268422040 268424128 268436218 268436281 268457886 268482007 268430842 268451762 268441422 268432566 268424309 268440238 268426786 268455755 268436866 268457945 268425139 268446688 268403171 268426142 268405399 268435646 268430962 268429084 268444349 268454153 268452805 268432549 268430775 268446180 268427157 268458991 268401309 268432388 268429579 268453032 268455131 268439760 268429807 268433870 268435508 268426541 268426020 268489058 268432248 268420555 268415421 268454794 268397986 268410876 268440583 268453028 268454052 268458420 268458405 268444527 268459771 268413084 268420428 268444312 268436096 268472158 268419974 268445441 268415330 268428266 268423448 268462680 268394746 268436528 268428232 268451589 268448056 268428482 268399620 268434522 268404348 268456353 268439343 268453310 268418243 268390313 268459057 268453111 268432821 268400985 268425216 268472571 268426787 268472247 268408780 268436747 268447778 268420405 268394650 268451185 268435294 268418114 268450501 268439541 268426644 268472356 268430173 268450276 268407093 268450032 268432549 268467461 268439746 268430496 268491594 268435904 268435378 268411785 268448886 268477431 268414334 268438164 268431283 268424053 268439799 268442815 268424668 268468219 268463175 268454525 268434597 268458367 268422620 268450033 268418257 268451538 268432968 268447072 268445242 268421007 268450982 268422181 268417296 268424072 268430014 268442756 268416718 268445519 268440878 268444133 268418315 268459919 268421571 268459950 268409050 268437709 268435400 268447216 268419248 268437186 268411522 268465534 268440260 268472351 268431123 268463737 268435400 268444178 268434379 268461021 268435337 268438275 268410436 268448044 268390203 268456952 268410954 268444671 268420609 268418154 

Sum of all global histogram elements: 68719476736
Total pixels: 68719476736

Total time: 912.682
outputs/output_nodes_2_processes_2_threads_32_size_36_20180601_095450.csv
ARRAY_SIZE: 32768
simul == true
ARRAY_SIZE: 32768
simul == true
after allocation of image_simul
after allocation of image_simul
after initialization of image_simul
Width: 32768
Height: 32768
after initialization of image_simul
Width: 32768
Height: 32768
Hello from process 0 of 2 running in processor r1i2n7

Number of threads is: 32
Hello from process 1 of 2 running in processor r1i2n9

Number of threads is: 32
ROI time: 0.998998

Global histogram: 
4193967 4194931 4194120 4192474 4191823 4197603 4191450 4189511 4195275 4194834 4197850 4193816 4195304 4196698 4194392 4196747 4194694 4192019 4197690 4192751 4195348 4194449 4195155 4193775 4193150 4194336 4194653 4196662 4194913 4195182 4196068 4193649 4190739 4196026 4191112 4195497 4197560 4194115 4194109 4194569 4193789 4195173 4194222 4193852 4193952 4194657 4195099 4193223 4191293 4199278 4193120 4196111 4193249 4194440 4192281 4192955 4193554 4196111 4194747 4194941 4191365 4194260 4199907 4196066 4196163 4194322 4194827 4196858 4194555 4193581 4198416 4198465 4193472 4194811 4194751 4195698 4194070 4194022 4193782 4191250 4193229 4192767 4193987 4194266 4194650 4197182 4192350 4193072 4193733 4191854 4190754 4190781 4195513 4196258 4192003 4194309 4193246 4192359 4195678 4196579 4191984 4194876 4194014 4198130 4193896 4195397 4194340 4194938 4195547 4196112 4196161 4196935 4193145 4195362 4195664 4197295 4193641 4193214 4193678 4196032 4195946 4194272 4191814 4194665 4194129 4193048 4195236 4189249 4197048 4193726 4196304 4195046 4194330 4197231 4196225 4191775 4194612 4196267 4196874 4192604 4196061 4197305 4193785 4192359 4198044 4192345 4192047 4193688 4193244 4196336 4194973 4197164 4194111 4195222 4193443 4196140 4194238 4195451 4191218 4189875 4191531 4194218 4193707 4191478 4190054 4192500 4195239 4195648 4197197 4191732 4196369 4197101 4194050 4194673 4192164 4193289 4192563 4194810 4195187 4193703 4195858 4194553 4192824 4193059 4194015 4194627 4194641 4195952 4194323 4192424 4194910 4195118 4194031 4195887 4196758 4191598 4192344 4193053 4194547 4190101 4193595 4194398 4194344 4193671 4192980 4196687 4197454 4193735 4195255 4196901 4193967 4194575 4194969 4191309 4195620 4191454 4191270 4196663 4194725 4193681 4193360 4194529 4192414 4194074 4194518 4189225 4195639 4195214 4195517 4188710 4194221 4192928 4192929 4194376 4196651 4194363 4193849 4196157 4191994 4195049 4194140 4194030 4192236 4195079 4194786 4191775 4189117 4199231 4193665 4192958 4194298 4195805 4193046 4194747 4192807 4195213 

Sum of all global histogram elements: 1073741824
Total pixels: 1073741824

Total time: 15.1239
outputs/output_nodes_2_processes_2_threads_32_size_30_20180601_095509.csv
ARRAY_SIZE: 65536
simul == true
ARRAY_SIZE: 65536
simul == true
after allocation of image_simul
after allocation of image_simul
after initialization of image_simul
Width: 65536
Height: 65536
after initialization of image_simul
Width: 65536
Height: 65536
Hello from process 1 of 2 running in processor r1i2n9
Hello from process 0 of 2 running in processor r1i2n7

Number of threads is: 32

Number of threads is: 32
ROI time: 2.30024

Global histogram: 
16775670 16775933 16778067 16783245 16777672 16778727 16775687 16781501 16783739 16772588 16781430 16776206 16780641 16780741 16777872 16772120 16776050 16773871 16774551 16767853 16785134 16780895 16773511 16771741 16778725 16770667 16787047 16778598 16775585 16772906 16781344 16786924 16779584 16773751 16768221 16774175 16778330 16777158 16782938 16774982 16774767 16778316 16778195 16776592 16775161 16774361 16777521 16779424 16777231 16775966 16779616 16770246 16770234 16770933 16767786 16777124 16779848 16778493 16776006 16778286 16772025 16778165 16781264 16783348 16764425 16778978 16778054 16775964 16783450 16776530 16774184 16779848 16780170 16773061 16778442 16782943 16779157 16772786 16787037 16778269 16783637 16779661 16779421 16784167 16785368 16778930 16783800 16776644 16775251 16779253 16775616 16775292 16777117 16781048 16779409 16777980 16781642 16780587 16769483 16778509 16778171 16778478 16768260 16775886 16778159 16777260 16779762 16774184 16779456 16777696 16785634 16773611 16783044 16776686 16784913 16769514 16768889 16773302 16778514 16784260 16781147 16783557 16777481 16787834 16780455 16771933 16779012 16768862 16773787 16779590 16780918 16781387 16770854 16778048 16778149 16772449 16779473 16775539 16768989 16770520 16779334 16777202 16782202 16775670 16776264 16774218 16774065 16777606 16771735 16773056 16780817 16779038 16780735 16768564 16777032 16775711 16776338 16766308 16777283 16780342 16777220 16776064 16780517 16779760 16777121 16769749 16777885 16777800 16777433 16772370 16768634 16782463 16776772 16770575 16772311 16775349 16776618 16783726 16773896 16774726 16782649 16771150 16772269 16778690 16781668 16770553 16777589 16781161 16774717 16781724 16779491 16768915 16787570 16777249 16769187 16774784 16774472 16781031 16782069 16770827 16777551 16776425 16779101 16780135 16782456 16776160 16781195 16773281 16774339 16783844 16777711 16773718 16778445 16786746 16780370 16783807 16781883 16779060 16777652 16780267 16772723 16766889 16779813 16778395 16778062 16774827 16770211 16784751 16773323 16778061 16782873 16776117 16781703 16776491 16778700 16771785 16776880 16776599 16774380 16777287 16778168 16773535 16777528 16780071 16777972 16775616 16778179 16777490 16789919 16775606 16774852 16779537 16767053 16771617 16778067 16776732 

Sum of all global histogram elements: 4294967296
Total pixels: 4294967296

Total time: 58.7146
outputs/output_nodes_2_processes_2_threads_32_size_32_20180601_095608.csv
ARRAY_SIZE: 131072
simul == true
ARRAY_SIZE: 131072
simul == true
after allocation of image_simul
after allocation of image_simul
after initialization of image_simul
Width: 131072
Height: 131072
after initialization of image_simul
Width: 131072
Height: 131072
Hello from process 0 of 2 running in processor r1i2n7
Hello from process 1 of 2 running in processor r1i2n9

Number of threads is: 32

Number of threads is: 32
ROI time: 5.05951

Global histogram: 
67104163 67104393 67105055 67111074 67113621 67105359 67115901 67112741 67111045 67102084 67108819 67104213 67110400 67108580 67111581 67120675 67106183 67096475 67110275 67126171 67107266 67130285 67115718 67117987 67122505 67104244 67103414 67110919 67097028 67105733 67107208 67114306 67108982 67109908 67106899 67109201 67123500 67108204 67103341 67106777 67101619 67115491 67107364 67097326 67122104 67099065 67101772 67099445 67110165 67107151 67105533 67104168 67105668 67107276 67116999 67111163 67108622 67094152 67102844 67104948 67108039 67113068 67086916 67114149 67113256 67105115 67101202 67122837 67120672 67100681 67112752 67106564 67103972 67117529 67104692 67119718 67116241 67099933 67096877 67115045 67113766 67114821 67122727 67113961 67109409 67112559 67104421 67115646 67123144 67106808 67122765 67118861 67092446 67108764 67112570 67103019 67113211 67110136 67121339 67121439 67108485 67118222 67113776 67099811 67102538 67105908 67126979 67105474 67117556 67110812 67109435 67120687 67097778 67105860 67112237 67115002 67100505 67121026 67108490 67118332 67104466 67130535 67114847 67114251 67108804 67101012 67104790 67109277 67114051 67104765 67118844 67110514 67100989 67124337 67104452 67103752 67130827 67098356 67095762 67102489 67115446 67106347 67111210 67100965 67117154 67110660 67099547 67114757 67103387 67089925 67111533 67105571 67107050 67115916 67112152 67103846 67101624 67106955 67107360 67097148 67104871 67119776 67105700 67112072 67111850 67108166 67126863 67100110 67110518 67110362 67099747 67111870 67118791 67113919 67109801 67103588 67085316 67109984 67107463 67113717 67111521 67105619 67109135 67112918 67107020 67105917 67101309 67096796 67100234 67103278 67102010 67111123 67112287 67096838 67110406 67104165 67106961 67095330 67119197 67093385 67108466 67113682 67116446 67101493 67111327 67104157 67102011 67113334 67107657 67110198 67114274 67110036 67100927 67103187 67109887 67098126 67102967 67114658 67109697 67117308 67122751 67114091 67114818 67100917 67092251 67103515 67106757 67108935 67112508 67101473 67093215 67118452 67102250 67114420 67100920 67104678 67105334 67117064 67117550 67108417 67123364 67112448 67111795 67109471 67091555 67119991 67105920 67114593 67106128 67100825 67109376 67105747 67102509 67092063 67112843 67109705 

Sum of all global histogram elements: 17179869184
Total pixels: 17179869184

Total time: 230.585
outputs/output_nodes_2_processes_2_threads_32_size_34_20180601_095959.csv
ARRAY_SIZE: 262144
simul == true
ARRAY_SIZE: 262144
simul == true
after allocation of image_simul
after allocation of image_simul
after initialization of image_simul
Width: 262144
Height: 262144
after initialization of image_simul
Width: 262144
Height: 262144
Hello from process 0 of 2 running in processor r1i2n7
Hello from process 1 of 2 running in processor r1i2n9

Number of threads is: 32

Number of threads is: 32
ROI time: 12.5027

Global histogram: 
268391257 268421313 268436204 268454956 268425453 268431249 268422640 268423121 268426108 268468563 268427635 268425251 268447725 268475668 268454990 268459706 268385553 268416254 268400581 268423857 268443938 268428385 268431483 268461021 268406989 268433038 268425140 268450111 268431677 268411820 268423883 268456548 268392074 268440368 268456524 268445843 268440334 268447960 268457694 268450288 268405959 268454046 268428136 268441831 268419737 268436467 268426890 268443711 268430460 268450297 268437686 268438114 268435552 268457219 268428847 268430515 268415531 268457371 268439070 268417165 268440986 268434476 268465209 268443186 268417587 268434950 268436528 268448072 268415465 268468246 268418188 268450576 268427563 268450517 268424844 268424783 268440433 268449109 268438779 268426904 268387948 268456466 268430900 268442295 268437089 268453932 268411848 268476539 268406763 268442398 268412397 268420218 268436144 268434092 268438109 268445836 268426543 268453515 268432208 268415797 268442507 268454069 268439171 268453946 268407518 268443861 268422600 268452986 268442375 268434840 268434092 268433351 268392707 268434950 268431546 268480196 268439654 268444559 268430168 268461576 268396765 268455720 268464932 268447536 268448527 268441307 268445948 268454729 268432229 268453740 268421708 268449158 268465048 268415773 268426419 268414780 268428322 268437419 268423508 268456474 268412443 268429953 268443826 268448140 268406396 268431912 268442805 268432692 268419167 268408844 268408987 268443949 268397361 268453378 268453207 268448137 268411730 268444449 268435273 268445487 268413668 268439115 268443080 268460265 268457731 268430094 268429720 268429648 268406570 268453137 268417847 268422801 268403962 268451846 268445704 268444973 268411423 268439802 268436514 268442964 268427188 268423778 268438737 268415754 268415680 268463778 268434197 268450217 268414207 268450163 268449898 268449610 268429367 268479283 268425409 268467598 268430838 268451078 268433879 268452715 268417882 268464158 268426448 268440845 268439349 268426072 268397572 268445212 268404782 268413964 268419185 268435013 268431076 268424959 268438189 268465933 268416391 268454726 268435713 268431077 268417043 268464862 268467655 268449715 268409817 268433346 268428192 268458347 268421500 268420216 268428214 268414220 268399746 268432719 268441758 268472467 268413053 268467833 268452439 268448863 268414352 268452920 268425924 268456674 268422213 268446890 268433337 268446542 268431556 268441925 268416237 268440823 268422597 268431315 268443718 268454830 

Sum of all global histogram elements: 68719476736
Total pixels: 68719476736

Total time: 913.265
outputs/output_nodes_2_processes_2_threads_32_size_36_20180601_101513.csv
