ROWS_SIZE: 65536
COLUMNS_SIZE: 65536
simul == true
ROWS_SIZE: 65536
COLUMNS_SIZE: 65536
simul == true
after allocation of image_simul
after allocation of image_simul
after initialization of image_simul
Width: 65536
Height: 65536
after initialization of image_simul
Width: 65536
Height: 65536
Hello from process 0 of 2 running in processor r1i2n1

Number of threads is: 32
Hello from process 1 of 2 running in processor r1i2n2

Number of threads is: 32
ROI time: 2.20709

Global histogram: 
16774956 16773998 16776445 16781253 16779487 16773949 16776518 16770808 16774778 16775193 16780533 16776521 16772216 16774829 16779247 16778125 16768312 16778645 16782554 16775814 16771826 16772544 16777637 16780518 16781357 16776458 16772656 16779655 16778600 16781970 16780540 16775622 16776109 16778998 16773956 16773156 16780373 16782258 16778394 16781064 16766900 16774092 16780877 16774590 16772873 16787631 16774368 16780174 16770406 16780588 16787336 16782218 16772955 16777978 16784729 16772898 16778510 16777217 16773350 16781805 16773884 16770310 16776305 16776664 16770493 16778154 16774941 16774883 16774147 16777106 16782800 16776411 16773349 16776763 16777882 16773183 16774978 16775286 16772674 16777871 16783186 16775828 16774029 16783716 16780231 16778871 16774353 16775414 16781805 16780970 16775712 16776633 16772162 16774599 16772900 16775016 16778514 16781263 16775314 16778832 16781061 16783754 16779541 16788429 16779716 16776483 16773004 16781225 16777290 16769568 16764594 16774269 16784239 16777423 16773979 16772391 16780343 16776419 16778155 16776176 16775396 16773597 16781266 16777280 16784354 16779995 16775398 16773315 16775349 16777721 16789017 16772716 16771787 16777556 16776632 16771986 16776347 16771435 16771989 16784552 16779520 16785451 16769311 16784199 16775726 16779047 16784758 16775468 16781620 16776673 16777098 16782838 16772308 16783911 16780824 16776494 16775769 16778516 16773135 16781074 16775331 16781334 16784984 16777707 16775800 16780127 16776226 16783166 16780334 16774241 16780199 16774018 16781107 16772692 16775811 16777538 16772286 16777710 16772276 16788060 16777710 16780829 16777048 16776014 16782759 16778694 16780692 16782542 16772521 16782254 16773018 16778104 16776855 16779842 16786717 16775372 16777787 16771295 16772856 16775525 16779291 16779972 16781532 16777648 16775685 16778594 16775236 16783482 16780440 16774843 16774390 16771726 16771995 16769333 16774854 16776807 16774491 16775734 16781835 16783066 16779781 16779176 16777131 16773044 16776618 16774455 16777822 16778461 16772114 16776956 16781412 16781169 16775931 16778500 16775734 16779748 16768025 16777523 16771559 16779573 16776467 16775033 16771550 16779630 16773489 16776805 16777473 16774454 16773349 16778628 16778648 16780181 16774947 16777196 16776013 16782080 

Sum of all global histogram elements: 4294967296
Total pixels: 4294967296

Total time: 60.2459
outputs/output_nodes_2_processes_2_threads_32_size_32_20180604_170509.csv
ROWS_SIZE: 131072
COLUMNS_SIZE: 65536
simul == true
ROWS_SIZE: 131072
COLUMNS_SIZE: 65536
simul == true
after allocation of image_simul
after allocation of image_simul
after initialization of image_simul
Width: 65536
Height: 131072
after initialization of image_simul
Width: 65536
Height: 131072
Hello from process 0 of 2 running in processor r1i2n1

Number of threads is: 32
Hello from process 1 of 2 running in processor r1i2n2

Number of threads is: 32
ROI time: 4.35361

Global histogram: 
33555194 33549416 33541166 33547474 33552641 33559814 33539323 33543806 33555430 33552924 33553084 33539480 33564756 33552908 33549006 33549770 33555662 33557638 33562012 33563538 33549497 33551967 33562901 33553205 33552809 33553741 33555088 33554828 33542411 33557343 33549066 33558723 33563683 33553946 33554747 33558331 33556960 33547376 33552715 33555434 33561268 33561257 33545112 33565831 33561801 33548455 33554626 33545218 33564814 33546782 33567426 33553751 33542833 33559347 33549677 33552986 33551259 33556266 33559677 33559399 33553887 33549462 33552305 33550870 33561396 33552139 33544956 33551560 33545305 33559731 33552085 33550150 33556562 33559462 33556302 33551308 33557024 33555397 33560442 33551001 33549496 33543439 33548509 33552282 33556462 33553206 33548755 33549446 33553383 33552318 33543337 33554670 33553860 33556687 33553220 33553146 33552534 33555029 33559737 33559045 33560655 33549651 33560401 33543883 33556072 33553818 33564668 33552883 33550170 33557050 33565461 33551635 33558481 33544298 33558486 33554796 33557951 33554005 33553835 33553543 33553544 33554583 33548012 33568561 33559278 33555883 33558454 33569263 33566938 33558228 33549222 33554368 33562925 33569912 33553347 33560424 33554683 33556644 33546764 33552833 33546671 33552953 33552933 33544561 33564616 33554811 33551044 33549801 33547837 33560995 33546351 33551409 33568854 33546177 33552710 33564426 33564152 33558439 33546219 33556925 33557105 33557547 33563959 33557124 33546643 33562137 33559779 33550291 33548314 33549964 33551846 33543467 33565252 33559127 33554152 33558519 33551565 33550041 33550140 33554863 33550106 33554077 33556155 33556290 33558704 33551974 33557733 33559239 33554022 33547758 33558221 33556905 33556681 33548864 33557833 33557095 33559805 33554000 33555972 33548100 33563486 33559358 33557074 33561848 33554142 33557267 33556680 33551701 33552793 33544498 33555590 33550899 33553374 33554427 33544770 33554408 33563166 33556301 33550696 33564729 33552050 33553197 33547809 33556265 33547851 33555802 33546033 33546637 33553541 33556127 33550916 33564324 33549522 33561271 33552302 33551137 33545548 33540946 33554016 33556433 33547278 33572872 33562261 33553444 33549806 33557802 33563374 33559466 33542732 33552418 33555536 33551679 33561718 33563385 33552308 33553215 

Sum of all global histogram elements: 8589934592
Total pixels: 8589934592

Total time: 120.31
outputs/output_nodes_2_processes_2_threads_32_size_33_20180604_170710.csv
ROWS_SIZE: 262144
COLUMNS_SIZE: 65536
simul == true
ROWS_SIZE: 262144
COLUMNS_SIZE: 65536
simul == true
after allocation of image_simul
after allocation of image_simul
after initialization of image_simul
Width: 65536
Height: 262144
after initialization of image_simul
Width: 65536
Height: 262144
Hello from process 0 of 2 running in processor r1i2n1
Hello from process 1 of 2 running in processor r1i2n2

Number of threads is: 32

Number of threads is: 32
ROI time: 8.81928

Global histogram: 
67105141 67112683 67112538 67109042 67112865 67118406 67115416 67118130 67115364 67115914 67110247 67106177 67097031 67116019 67105680 67117311 67103567 67113158 67099522 67118653 67108741 67115571 67119077 67102732 67092355 67112725 67109620 67117768 67086242 67110564 67102079 67107151 67123785 67105821 67115678 67105610 67085829 67101469 67105879 67122800 67116232 67105597 67115308 67106275 67107794 67096094 67106230 67109187 67115698 67108329 67105871 67103772 67109575 67109854 67104667 67102905 67108218 67109940 67104720 67095986 67105685 67108281 67097396 67113191 67099050 67100881 67101080 67093431 67119178 67119714 67091694 67112143 67108906 67103649 67114017 67115982 67121542 67103323 67103364 67106086 67108755 67114244 67104398 67101574 67114260 67107756 67114884 67111335 67127500 67107565 67099910 67108823 67109438 67109282 67118080 67103198 67107855 67112690 67100178 67094655 67106600 67088066 67118576 67111859 67117118 67116559 67123939 67111841 67120390 67099914 67098810 67090569 67102125 67097124 67113479 67100741 67110262 67133601 67114051 67106015 67100445 67108406 67100943 67116557 67112159 67111360 67104767 67113042 67104778 67109220 67120444 67113012 67105485 67100931 67096662 67096735 67106356 67115062 67131552 67101828 67103260 67090756 67116161 67112426 67112457 67104784 67101658 67132015 67115886 67098542 67112048 67103788 67105078 67106161 67105295 67107616 67118434 67106124 67115396 67108868 67108788 67105153 67114605 67109811 67123134 67120594 67109175 67125416 67099002 67111396 67113407 67104477 67110778 67116370 67098253 67120923 67103908 67107798 67124606 67118699 67092471 67106055 67116323 67105898 67114056 67110015 67107596 67118520 67099059 67112803 67111498 67109976 67095662 67107131 67104717 67115274 67104157 67107840 67106417 67101448 67105816 67114498 67120462 67112004 67105128 67114303 67119114 67110535 67102345 67104531 67110959 67102008 67102554 67106549 67105575 67114922 67098728 67097662 67121881 67105864 67110640 67110397 67112386 67114395 67105459 67104551 67126426 67114071 67109833 67097522 67101064 67103805 67111299 67113426 67106613 67119711 67104790 67105723 67110854 67116167 67101529 67119282 67126176 67113609 67098534 67094735 67110743 67110635 67111498 67099568 67115611 67108372 67106059 67098475 67112145 67114713 

Sum of all global histogram elements: 17179869184
Total pixels: 17179869184

Total time: 240.637
outputs/output_nodes_2_processes_2_threads_32_size_34_20180604_171112.csv
ROWS_SIZE: 524288
COLUMNS_SIZE: 65536
simul == true
ROWS_SIZE: 524288
COLUMNS_SIZE: 65536
simul == true
after allocation of image_simul
after allocation of image_simul
after initialization of image_simul
Width: 65536
Height: 524288
after initialization of image_simul
Width: 65536
Height: 524288
Hello from process 0 of 2 running in processor r1i2n1

Number of threads is: 32
Hello from process 1 of 2 running in processor r1i2n2

Number of threads is: 32
ROI time: 17.5483

Global histogram: 
134215068 134199823 134215856 134229087 134223710 134194755 134208608 134213462 134223896 134230414 134229517 134216046 134223826 134213526 134224566 134215349 134214232 134217655 134198546 134205887 134233443 134216176 134202079 134223700 134216271 134206019 134211816 134187102 134219635 134217670 134202081 134210568 134245804 134208823 134220073 134202391 134253462 134198502 134196191 134201355 134239092 134227683 134229686 134204383 134217798 134215823 134227813 134218887 134217039 134207442 134205001 134212950 134242189 134203489 134234003 134218772 134221513 134224947 134220370 134223080 134214974 134213341 134203089 134230345 134234000 134208334 134220703 134218638 134215259 134218632 134231566 134217982 134206703 134225231 134212796 134185949 134239894 134225498 134232660 134185023 134205117 134222234 134211819 134216706 134206804 134239289 134219829 134215847 134226384 134212077 134223211 134216654 134247088 134213815 134197202 134221381 134237199 134199059 134230365 134220013 134208180 134227736 134223092 134210039 134225923 134206241 134230320 134207109 134213254 134187049 134217284 134186640 134208337 134197669 134203141 134223031 134223748 134221385 134216408 134207921 134238746 134216459 134226373 134212035 134230037 134217900 134220293 134206040 134233198 134221097 134233061 134210338 134230025 134234199 134234470 134230791 134229055 134215913 134243702 134208935 134233790 134227476 134203091 134195125 134237359 134218812 134220969 134224842 134239994 134201003 134214963 134232498 134223736 134195103 134224045 134218386 134222151 134222135 134223830 134211006 134219911 134235454 134210795 134201742 134213048 134206703 134229070 134218657 134210517 134207168 134251173 134212269 134226466 134214126 134223673 134225423 134225644 134211859 134221428 134219800 134217856 134241007 134212363 134184002 134222867 134214868 134219684 134214992 134208994 134201830 134208110 134222184 134229597 134217378 134213262 134190572 134228774 134220479 134215601 134212900 134211102 134219442 134209690 134221729 134227618 134198726 134224507 134201595 134210237 134210036 134232538 134199512 134199341 134220472 134219101 134222945 134239017 134209104 134205762 134222079 134241372 134214671 134212511 134194089 134204339 134197047 134237632 134201365 134236938 134247990 134228087 134211099 134233597 134227375 134226815 134240712 134223394 134210445 134197828 134211836 134232139 134228486 134225211 134218921 134240245 134220135 134221794 134198055 134224333 134220206 134223025 134214221 134202453 134210435 134211582 134212038 

Sum of all global histogram elements: 34359738368
Total pixels: 34359738368

Total time: 481.173
outputs/output_nodes_2_processes_2_threads_32_size_35_20180604_171914.csv
ROWS_SIZE: 1048576
COLUMNS_SIZE: 65536
simul == true
ROWS_SIZE: 1048576
COLUMNS_SIZE: 65536
simul == true
after allocation of image_simul
after allocation of image_simul
after initialization of image_simul
Width: 65536
Height: 1048576
after initialization of image_simul
Width: 65536
Height: 1048576
Hello from process 0 of 2 running in processor r1i2n1
Hello from process 1 of 2 running in processor r1i2n2

Number of threads is: 32

Number of threads is: 32
ROI time: 34.637

Global histogram: 
268427553 268418265 268434984 268426321 268456998 268411451 268467377 268435060 268456756 268413241 268457847 268417327 268475025 268422208 268470529 268449583 268403565 268424023 268425724 268426534 268451426 268447552 268446749 268402398 268414593 268416165 268428898 268434929 268444982 268432044 268459334 268450777 268411851 268427954 268436038 268444376 268462625 268400276 268439899 268414906 268436732 268418016 268458882 268393485 268458931 268427555 268448721 268419952 268440826 268419781 268426168 268440997 268411771 268414761 268464298 268426760 268426481 268427354 268428186 268429085 268445720 268443266 268457638 268456981 268432649 268424581 268474772 268430797 268417561 268422215 268477132 268411797 268431676 268415239 268453314 268421470 268454953 268416985 268447775 268418404 268469810 268458575 268404250 268447311 268468949 268417427 268439139 268462137 268464944 268411343 268461127 268458611 268426254 268420183 268459222 268452655 268448127 268396579 268460095 268438363 268431899 268425663 268459924 268424208 268439021 268465861 268476299 268445570 268467317 268442227 268432125 268455052 268439889 268441555 268449073 268420274 268432183 268429256 268414299 268441725 268413737 268410816 268430503 268410275 268458887 268422234 268454421 268423400 268423972 268410636 268464072 268431173 268426297 268423817 268432837 268443710 268434122 268407289 268441542 268438962 268449255 268428247 268425903 268429463 268442027 268412263 268431676 268441663 268436425 268426004 268439584 268437894 268469215 268412183 268454508 268448293 268468785 268419846 268406652 268441235 268432073 268420469 268442144 268427643 268455143 268428135 268460567 268405772 268484806 268446265 268465602 268434900 268424912 268408684 268451791 268408729 268393885 268444981 268476827 268434698 268448627 268398428 268408439 268397320 268482357 268427434 268452060 268432428 268437924 268423073 268416773 268410067 268424911 268415259 268442753 268426629 268454392 268449407 268511163 268446222 268453408 268403845 268462844 268457449 268427681 268413502 268424601 268429639 268429928 268394925 268425356 268428797 268436343 268398239 268493021 268452057 268453388 268386965 268473167 268441401 268417820 268439274 268417684 268402870 268415965 268417629 268441597 268407079 268431777 268442225 268450578 268432569 268444180 268393304 268447251 268433914 268449514 268437640 268420377 268429910 268409355 268446717 268428045 268428979 268464497 268427578 268444179 268428745 268442025 268449145 268436502 268453328 268426568 268409886 268436825 268446803 

Sum of all global histogram elements: 68719476736
Total pixels: 68719476736

Total time: 962.765
outputs/output_nodes_2_processes_2_threads_32_size_36_20180604_173519.csv
ROWS_SIZE: 65536
COLUMNS_SIZE: 65536
simul == true
ROWS_SIZE: 65536
COLUMNS_SIZE: 65536
simul == true
after allocation of image_simul
after allocation of image_simul
after initialization of image_simul
Width: 65536
Height: 65536
after initialization of image_simul
Width: 65536
Height: 65536
Hello from process 0 of 2 running in processor r1i2n1

Number of threads is: 32
Hello from process 1 of 2 running in processor r1i2n2

Number of threads is: 32
ROI time: 2.17755

Global histogram: 
16779805 16771583 16770828 16772960 16776639 16773147 16775205 16782872 16775329 16776740 16777755 16775777 16773103 16773164 16771851 16779746 16777226 16777076 16785459 16774317 16772501 16776991 16777027 16773111 16779813 16779170 16782589 16777122 16782373 16768782 16782659 16779013 16774571 16773190 16783419 16780940 16773313 16768381 16787447 16774870 16774914 16773164 16774846 16780760 16773928 16779041 16782095 16772337 16778462 16774722 16779633 16777941 16776561 16776816 16781561 16770213 16780461 16777323 16772257 16776644 16784741 16776533 16770921 16787904 16772823 16776335 16776161 16775676 16772947 16775077 16772805 16778094 16778774 16773570 16779758 16770804 16781036 16775788 16779773 16772721 16774484 16774709 16778778 16783028 16779193 16772288 16780893 16785769 16776039 16777789 16780528 16771827 16779501 16776341 16775534 16771623 16771827 16782217 16770664 16767757 16781849 16768160 16777196 16771045 16778854 16771251 16769012 16781256 16766312 16779632 16783067 16780169 16782813 16771477 16777092 16777664 16778174 16780195 16782965 16782151 16775098 16783086 16778615 16776585 16774220 16782037 16777090 16779014 16786387 16778043 16783288 16775863 16782451 16773976 16774242 16770444 16788738 16783858 16772746 16773223 16771975 16774417 16783330 16786511 16768557 16772833 16782773 16771817 16781181 16778322 16775271 16780157 16776860 16780508 16774901 16784380 16778223 16782649 16786638 16775505 16770651 16775310 16774874 16777647 16774282 16770079 16782350 16778324 16780688 16776137 16772786 16777025 16786203 16777428 16781298 16772876 16784003 16786157 16778156 16773807 16778069 16781015 16777143 16777100 16776679 16775331 16781128 16776084 16775317 16770317 16778200 16781100 16781453 16786475 16774615 16771612 16786486 16779111 16775329 16785464 16774260 16778721 16781002 16783616 16768595 16781090 16780294 16774866 16778674 16778677 16778866 16781092 16777204 16780049 16772437 16771502 16780313 16780323 16782646 16778223 16786962 16774070 16770894 16773883 16776442 16780916 16773520 16769258 16780596 16781605 16779155 16773077 16775362 16776523 16775760 16775408 16774177 16772362 16777045 16772974 16772752 16777272 16778679 16771062 16780436 16775077 16785711 16779208 16771248 16780853 16777119 16772061 16778642 16774528 16769954 16781427 

Sum of all global histogram elements: 4294967296
Total pixels: 4294967296

Total time: 60.2221
outputs/output_nodes_2_processes_2_threads_32_size_32_20180604_173623.csv
ROWS_SIZE: 131072
COLUMNS_SIZE: 65536
simul == true
ROWS_SIZE: 131072
COLUMNS_SIZE: 65536
simul == true
after allocation of image_simul
after allocation of image_simul
after initialization of image_simul
Width: 65536
Height: 131072
after initialization of image_simul
Width: 65536
Height: 131072
Hello from process 0 of 2 running in processor r1i2n1
Hello from process 1 of 2 running in processor r1i2n2

Number of threads is: 32

Number of threads is: 32
ROI time: 4.50773

Global histogram: 
33559612 33557616 33555538 33555346 33552267 33543755 33551455 33558879 33551902 33555990 33543900 33546296 33560022 33549737 33550816 33549082 33542717 33554405 33553918 33558210 33553024 33551128 33556708 33550269 33548209 33560292 33563418 33563622 33553122 33554079 33559602 33549445 33555961 33562055 33565341 33555511 33544131 33560232 33555875 33560995 33554599 33562798 33548225 33554794 33556213 33560818 33552571 33558482 33547258 33552758 33548394 33562576 33553807 33555001 33560924 33555285 33551673 33555772 33554493 33556083 33546815 33547459 33548083 33546189 33550185 33555105 33555425 33556206 33564806 33560008 33554956 33552326 33546236 33554767 33558463 33564057 33548313 33566306 33549112 33555555 33556197 33551084 33557806 33548815 33549778 33552487 33562410 33552587 33558378 33556810 33548959 33549340 33558597 33559146 33557005 33561566 33564181 33558217 33553133 33544859 33557351 33553290 33545825 33560521 33559004 33551992 33550957 33551341 33566939 33557331 33549968 33555863 33549924 33551125 33560007 33548115 33557157 33556491 33555683 33565510 33554544 33551919 33551012 33550767 33547770 33552205 33552093 33560869 33561019 33552917 33558048 33556891 33547325 33550666 33558874 33547472 33567584 33564090 33549127 33556676 33559314 33557481 33563522 33562761 33548824 33556527 33554898 33556530 33549983 33549531 33563523 33563932 33557026 33551317 33561169 33556019 33562286 33560832 33556587 33560250 33558667 33546432 33548267 33560912 33550554 33548927 33559837 33557299 33553697 33549194 33550956 33548742 33549172 33557312 33556996 33561292 33547752 33555525 33559575 33552443 33556073 33549198 33555909 33555826 33546924 33557730 33556611 33550308 33556358 33557430 33554110 33557949 33549039 33556491 33551021 33559692 33552369 33549710 33557345 33550726 33568068 33549530 33551862 33558549 33550663 33549943 33556854 33549616 33548957 33545327 33552767 33544163 33553227 33560657 33554767 33547487 33551618 33554324 33553455 33547723 33557997 33554507 33550930 33553590 33561455 33554199 33550682 33542483 33549867 33556378 33553233 33539270 33554019 33544960 33552243 33557151 33557959 33548708 33558841 33556664 33554101 33551847 33566610 33557011 33558170 33541451 33540868 33558186 33555828 33557774 33557849 33549676 33547348 33560059 33553949 33557495 

Sum of all global histogram elements: 8589934592
Total pixels: 8589934592

Total time: 120.456
outputs/output_nodes_2_processes_2_threads_32_size_33_20180604_173824.csv
ROWS_SIZE: 262144
COLUMNS_SIZE: 65536
simul == true
ROWS_SIZE: 262144
COLUMNS_SIZE: 65536
simul == true
after allocation of image_simul
after allocation of image_simul
after initialization of image_simul
Width: 65536
Height: 262144
after initialization of image_simul
Width: 65536
Height: 262144
Hello from process 0 of 2 running in processor r1i2n1
Hello from process 1 of 2 running in processor r1i2n2

Number of threads is: 32

Number of threads is: 32
ROI time: 8.733

Global histogram: 
67114827 67105574 67091551 67104538 67112117 67101718 67111686 67105831 67098891 67097966 67117359 67107662 67101142 67103880 67122416 67114030 67112587 67114858 67101587 67109792 67112132 67103002 67111031 67116923 67097279 67108634 67100009 67115690 67099150 67109144 67113610 67097030 67112289 67106899 67127572 67100559 67107481 67103434 67105618 67109806 67116349 67116213 67120723 67101632 67107847 67100372 67114038 67115349 67103119 67105527 67109334 67101788 67109246 67106467 67106700 67102911 67105536 67102692 67102490 67117037 67110623 67108550 67109811 67116761 67113413 67119340 67104509 67110401 67117492 67119923 67111579 67118577 67126340 67109940 67099725 67105410 67098838 67110568 67111380 67098801 67128264 67119582 67100807 67113075 67115940 67109692 67115649 67106640 67097557 67110931 67104404 67107185 67104348 67091932 67100972 67100420 67115530 67111666 67098347 67103658 67109747 67107415 67114080 67102886 67101785 67102612 67115996 67114228 67107186 67099395 67117928 67120476 67112689 67115170 67111747 67113793 67101925 67112629 67115989 67130041 67110202 67100686 67116358 67099052 67106248 67089180 67107885 67100442 67110781 67105091 67116658 67119818 67098795 67112688 67098314 67116791 67111479 67113353 67101554 67101227 67106058 67104672 67093505 67107693 67110525 67107498 67096541 67110082 67095978 67101284 67123466 67107508 67119455 67113986 67105009 67103167 67090927 67108530 67119270 67106105 67116780 67109666 67100374 67096183 67098871 67118947 67119163 67126984 67099940 67098183 67113551 67104374 67104791 67105359 67125913 67124659 67113376 67115263 67103331 67086350 67105436 67100949 67120740 67107293 67102406 67115439 67108182 67099501 67096505 67106674 67119299 67111107 67092962 67128870 67127306 67107156 67104065 67101874 67107231 67110914 67111958 67118865 67103687 67111208 67122296 67108111 67114816 67108824 67113750 67102631 67101923 67115892 67110952 67092900 67106890 67117797 67103778 67122622 67111824 67115391 67115888 67102028 67105387 67114667 67109247 67105440 67113991 67101976 67112129 67106599 67095337 67112111 67090962 67117814 67112868 67124465 67114281 67104546 67106803 67104627 67105721 67109110 67106154 67121325 67101473 67110248 67110282 67112996 67113591 67106759 67120260 67112739 67111037 67117068 67107756 67112585 

Sum of all global histogram elements: 17179869184
Total pixels: 17179869184

Total time: 240.56
outputs/output_nodes_2_processes_2_threads_32_size_34_20180604_174226.csv
ROWS_SIZE: 524288
COLUMNS_SIZE: 65536
simul == true
ROWS_SIZE: 524288
COLUMNS_SIZE: 65536
simul == true
after allocation of image_simul
after allocation of image_simul
after initialization of image_simul
Width: 65536
Height: 524288
after initialization of image_simul
Width: 65536
Height: 524288
Hello from process 0 of 2 running in processor r1i2n1
Hello from process 1 of 2 running in processor r1i2n2

Number of threads is: 32

Number of threads is: 32
ROI time: 17.5326

Global histogram: 
134213325 134229132 134227540 134210455 134217549 134220972 134214397 134215404 134223885 134216014 134218620 134206191 134217194 134216080 134211628 134217972 134216336 134204603 134200463 134215920 134212810 134196595 134243741 134216840 134224359 134216436 134210853 134216548 134224158 134230863 134197203 134221130 134223978 134216731 134235319 134210793 134211992 134235027 134206315 134212903 134219259 134224037 134222341 134219906 134227009 134240846 134243795 134225631 134231870 134220740 134211509 134208737 134226776 134232527 134220056 134205688 134223937 134227999 134224979 134222211 134236233 134226825 134202319 134228280 134206740 134230385 134226140 134224587 134209097 134190977 134226505 134221004 134224490 134229458 134228637 134214329 134220590 134210546 134212366 134216451 134235510 134213445 134208204 134208162 134219930 134224455 134232513 134228548 134234892 134228291 134223856 134197745 134219790 134236236 134214286 134203540 134206650 134242719 134219625 134218929 134217220 134213835 134206289 134221376 134214370 134222471 134219092 134212355 134216852 134227230 134223778 134220103 134223474 134220903 134200547 134218701 134215871 134210054 134206373 134212432 134215458 134192443 134227593 134202926 134208917 134222805 134204629 134202559 134234858 134222580 134233797 134233650 134205646 134223400 134208187 134210421 134211228 134203339 134216512 134240362 134225325 134221811 134220057 134201322 134235580 134228695 134201474 134227393 134212905 134219157 134225414 134213844 134223111 134227596 134212091 134232779 134199590 134199320 134228284 134208816 134237241 134214125 134194503 134239848 134226147 134222890 134191043 134228786 134204591 134217543 134191590 134220035 134213219 134220006 134229381 134216669 134225411 134204467 134216838 134221374 134222451 134224053 134207806 134200928 134222697 134210622 134221175 134217324 134229543 134217300 134225230 134207389 134229672 134232328 134191952 134221760 134217962 134211376 134222553 134193544 134233015 134224526 134210792 134231716 134230484 134225207 134194908 134206225 134226113 134227325 134220064 134202404 134205794 134221721 134208603 134233943 134219068 134221834 134199676 134219138 134216701 134211411 134206240 134207002 134200737 134221851 134214276 134226542 134208002 134205242 134213330 134211693 134215308 134207607 134207842 134204347 134228935 134232394 134223752 134208022 134225940 134220708 134225383 134210291 134238624 134213305 134224795 134210158 134213974 134218793 134207439 134211120 134196524 134208146 134225761 134219633 

Sum of all global histogram elements: 34359738368
Total pixels: 34359738368

Total time: 481.052
outputs/output_nodes_2_processes_2_threads_32_size_35_20180604_175028.csv
ROWS_SIZE: 1048576
COLUMNS_SIZE: 65536
simul == true
ROWS_SIZE: 1048576
COLUMNS_SIZE: 65536
simul == true
after allocation of image_simul
after allocation of image_simul
after initialization of image_simul
Width: 65536
Height: 1048576
after initialization of image_simul
Width: 65536
Height: 1048576
Hello from process 0 of 2 running in processor r1i2n1
Hello from process 1 of 2 running in processor r1i2n2

Number of threads is: 32

Number of threads is: 32
ROI time: 36.2265

Global histogram: 
268417797 268438907 268415997 268441924 268450110 268446264 268429824 268446121 268418017 268444904 268412890 268471710 268422113 268440783 268414504 268453329 268432277 268447769 268452576 268403866 268445975 268448014 268431478 268459102 268392354 268417507 268450424 268435458 268418433 268470978 268430666 268431068 268431121 268462249 268444756 268421769 268404286 268446276 268399255 268453084 268429769 268428736 268438940 268468394 268400534 268427150 268421539 268437310 268414037 268419490 268443693 268426794 268416632 268469722 268424833 268468492 268425485 268444686 268400881 268442910 268434240 268430612 268422492 268439592 268428237 268464811 268450036 268456136 268411302 268440608 268411365 268466304 268403436 268466899 268466561 268469707 268418694 268447135 268441506 268420583 268472957 268435137 268427039 268416393 268415608 268432253 268444922 268469215 268429668 268440656 268469683 268439759 268438170 268426918 268430488 268442660 268424617 268421747 268422916 268424327 268418243 268437631 268432071 268445898 268435589 268463370 268442391 268456269 268457176 268417777 268462870 268465685 268409710 268443357 268429850 268436556 268412935 268466948 268443415 268473811 268404971 268451435 268448623 268442149 268419086 268460833 268429775 268443986 268402681 268449467 268436755 268428414 268422254 268456201 268457090 268426037 268419871 268420244 268429600 268433876 268403053 268431859 268435964 268441124 268426292 268431918 268417851 268468498 268437237 268440562 268434284 268429377 268404660 268430715 268404512 268436505 268420586 268473062 268423642 268458671 268418311 268434374 268432632 268431743 268413400 268441338 268450649 268458845 268444422 268431121 268408200 268445061 268416272 268441388 268444506 268458458 268442763 268448217 268453427 268426803 268418049 268426262 268428582 268469169 268444166 268428157 268397490 268432848 268438452 268435028 268439393 268447360 268446123 268446270 268405603 268403704 268444330 268438599 268444714 268455273 268422275 268438544 268446021 268449418 268439591 268445825 268425533 268457909 268434218 268465020 268407587 268445849 268428829 268442554 268426937 268453634 268421856 268425082 268373345 268439812 268407604 268442259 268416273 268454345 268409366 268444469 268449965 268401987 268428856 268421664 268436781 268463459 268439465 268459445 268429978 268433353 268424907 268432071 268437503 268454166 268389287 268412609 268405062 268456470 268425687 268450033 268428969 268485174 268411438 268437544 268431279 268433300 268446339 268461475 268395171 268451019 

Sum of all global histogram elements: 68719476736
Total pixels: 68719476736

Total time: 963.155
outputs/output_nodes_2_processes_2_threads_32_size_36_20180604_180634.csv
ROWS_SIZE: 65536
COLUMNS_SIZE: 65536
simul == true
ROWS_SIZE: 65536
COLUMNS_SIZE: 65536
simul == true
after allocation of image_simul
after allocation of image_simul
after initialization of image_simul
Width: 65536
Height: 65536
after initialization of image_simul
Width: 65536
Height: 65536
Hello from process 0 of 2 running in processor r1i2n1
Hello from process 1 of 2 running in processor r1i2n2

Number of threads is: 32

Number of threads is: 32
ROI time: 2.24272

Global histogram: 
16775134 16780172 16782461 16777978 16779229 16777625 16781033 16780034 16772375 16774721 16777529 16778209 16781794 16781770 16777210 16784714 16777915 16775799 16775512 16773884 16780126 16775450 16765976 16783008 16776297 16777001 16781751 16771467 16770286 16777184 16779281 16773452 16778702 16780135 16780699 16776857 16776176 16779339 16766518 16774994 16775961 16779697 16778908 16778254 16771900 16784622 16779044 16777388 16776679 16788285 16774399 16781121 16777877 16779901 16781857 16774749 16775339 16780346 16776260 16774943 16772930 16775667 16772192 16779533 16782546 16771529 16776540 16773285 16768754 16773558 16773819 16771834 16776386 16771036 16778204 16781355 16772597 16779252 16775077 16775896 16775442 16778636 16777832 16782464 16779624 16779443 16779334 16773499 16778902 16780412 16773809 16777607 16770810 16770715 16785105 16781238 16775567 16776243 16779383 16773502 16771480 16781001 16771594 16775990 16775930 16775596 16782178 16778059 16776189 16782863 16783753 16778276 16775495 16777859 16775217 16783007 16778980 16775949 16789470 16770656 16770275 16773046 16776652 16777777 16778724 16782234 16773898 16775940 16782672 16777730 16773378 16783111 16772569 16778238 16779182 16781580 16775721 16776932 16782716 16775819 16776467 16772366 16773011 16778881 16775329 16774776 16774582 16777650 16775349 16770731 16782366 16772628 16778053 16782137 16776406 16779902 16774644 16773903 16774001 16778771 16773479 16775655 16775523 16774680 16776906 16773990 16776737 16780739 16778646 16775236 16780091 16780042 16778948 16781395 16778261 16775083 16781510 16775005 16770370 16776299 16777957 16773685 16779707 16781454 16779119 16777046 16784443 16780783 16774665 16784106 16776727 16774969 16771904 16774280 16783128 16775171 16777562 16772583 16767113 16781867 16770180 16780744 16772103 16781146 16776833 16784427 16774249 16780626 16779279 16777508 16777209 16780177 16773313 16775380 16777455 16777591 16775022 16766987 16774852 16773847 16786577 16781028 16777088 16778582 16771913 16780462 16773272 16786548 16781727 16782208 16773314 16780714 16776486 16776463 16776868 16776277 16778250 16782278 16775258 16776769 16772913 16780859 16776453 16774013 16782369 16778563 16774498 16775550 16781267 16779482 16774441 16772076 16776733 16780903 16780031 16780698 

Sum of all global histogram elements: 4294967296
Total pixels: 4294967296

Total time: 60.2954
outputs/output_nodes_2_processes_2_threads_32_size_32_20180604_180738.csv
ROWS_SIZE: 131072
COLUMNS_SIZE: 65536
simul == true
ROWS_SIZE: 131072
COLUMNS_SIZE: 65536
simul == true
after allocation of image_simul
after allocation of image_simul
after initialization of image_simul
Width: 65536
Height: 131072
after initialization of image_simul
Width: 65536
Height: 131072
Hello from process 0 of 2 running in processor r1i2n1
Hello from process 1 of 2 running in processor r1i2n2

Number of threads is: 32

Number of threads is: 32
ROI time: 4.34556

Global histogram: 
33553234 33547309 33555281 33556057 33549244 33558310 33547840 33537186 33556718 33560346 33551407 33558212 33554010 33559846 33551001 33567450 33564198 33555244 33548070 33550422 33555024 33560395 33565462 33559784 33550392 33549242 33560439 33553072 33556188 33543407 33558718 33547512 33541995 33560329 33555672 33557719 33553295 33554659 33552358 33559955 33553539 33537972 33552888 33552092 33561300 33553360 33553427 33547787 33564365 33547821 33545991 33558816 33555191 33551171 33550118 33555820 33539159 33550478 33552437 33544018 33558245 33543196 33561892 33555148 33556402 33535464 33556584 33549909 33549769 33553852 33566440 33562585 33558283 33560428 33552434 33545890 33549200 33543030 33550887 33548969 33559616 33557932 33552081 33560178 33558025 33551153 33558641 33559054 33554977 33555734 33549978 33550053 33557249 33559352 33550250 33555002 33550553 33554234 33552778 33563996 33553268 33548336 33559125 33547833 33566872 33555338 33556496 33550838 33557141 33550472 33556413 33556656 33551134 33555449 33558223 33552754 33555709 33549568 33560799 33562558 33557575 33556606 33559834 33562601 33555382 33557868 33559892 33558785 33556814 33555398 33562791 33544470 33552473 33552144 33556479 33556812 33552760 33550238 33562987 33553060 33561983 33549998 33557684 33555574 33556607 33543932 33546954 33551321 33554914 33547921 33564569 33547813 33556476 33557715 33548457 33550573 33560891 33546491 33558647 33542589 33561450 33554416 33563127 33554713 33557057 33547816 33567207 33550739 33557067 33565682 33553109 33542238 33553422 33547857 33548687 33553873 33541709 33558293 33549790 33546921 33561550 33556047 33556910 33545994 33550024 33565369 33549935 33562220 33562279 33550103 33560975 33560790 33561995 33554566 33560301 33558173 33555480 33551022 33558970 33552454 33553207 33563027 33548806 33549827 33555401 33551681 33565157 33550747 33551413 33557491 33560627 33559474 33552442 33562405 33554852 33548779 33552076 33554571 33556990 33554494 33549857 33550939 33544587 33550537 33562815 33550308 33557005 33562661 33551953 33546682 33553879 33555313 33561259 33553264 33547649 33555825 33555759 33549552 33556041 33554003 33553908 33564713 33555933 33551866 33557455 33554372 33553398 33563954 33559369 33555946 33557730 33547632 33554688 33553614 33550471 33550603 

Sum of all global histogram elements: 8589934592
Total pixels: 8589934592

Total time: 120.337
outputs/output_nodes_2_processes_2_threads_32_size_33_20180604_180939.csv
ROWS_SIZE: 262144
COLUMNS_SIZE: 65536
simul == true
ROWS_SIZE: 262144
COLUMNS_SIZE: 65536
simul == true
after allocation of image_simul
after allocation of image_simul
after initialization of image_simul
Width: 65536
Height: 262144
after initialization of image_simul
Width: 65536
Height: 262144
Hello from process 0 of 2 running in processor r1i2n1

Number of threads is: 32
Hello from process 1 of 2 running in processor r1i2n2

Number of threads is: 32
ROI time: 8.87479

Global histogram: 
67096283 67118522 67097596 67117794 67113097 67123969 67117997 67104153 67098561 67108006 67109976 67107724 67106808 67107121 67115591 67108986 67109333 67124394 67113170 67118931 67110986 67124813 67110854 67116706 67094117 67103783 67109721 67108878 67117363 67116462 67099980 67115516 67120525 67102396 67088463 67097267 67101745 67106888 67101185 67090689 67109800 67111769 67102225 67108576 67106917 67112033 67096751 67112803 67104970 67118578 67120331 67117107 67101545 67115617 67110235 67106370 67109165 67117550 67112111 67108109 67122452 67091921 67094337 67129942 67109252 67102910 67103379 67117495 67105391 67124088 67101544 67112955 67100376 67105919 67098877 67107259 67114807 67105908 67107309 67113969 67104315 67108413 67106569 67116462 67108996 67118858 67111215 67117351 67098163 67110092 67115752 67097628 67107984 67105878 67116003 67109261 67121460 67108532 67097524 67116183 67110418 67114442 67102823 67104905 67110179 67121058 67101394 67100407 67112832 67110225 67110932 67106627 67100374 67109301 67110475 67107739 67093189 67116042 67099826 67118919 67109288 67106436 67115902 67104095 67116803 67112687 67103835 67110979 67113876 67099254 67106836 67099778 67105565 67115102 67111198 67101572 67118808 67108130 67107188 67125124 67101371 67106760 67108326 67121754 67110196 67121136 67117900 67100884 67096224 67118692 67107005 67111875 67107489 67111234 67100233 67101037 67118006 67111374 67101960 67112115 67106454 67103898 67101056 67105550 67113824 67109261 67097347 67102938 67096948 67117242 67116249 67106431 67102492 67103823 67110718 67116721 67122058 67112934 67108471 67110302 67116613 67106549 67112005 67102310 67109774 67114150 67097669 67113719 67098298 67108759 67102604 67115182 67099223 67101858 67105950 67110770 67101097 67116114 67109995 67111487 67097486 67126639 67106503 67105208 67111363 67104640 67103231 67102562 67095375 67107260 67105420 67107212 67107213 67108196 67104663 67116820 67084448 67129839 67108351 67115782 67111491 67109764 67106619 67126523 67109659 67096763 67111094 67112661 67112695 67104581 67092302 67117842 67094858 67125254 67105212 67106976 67120700 67120365 67110007 67108389 67107779 67093577 67106451 67105560 67100526 67115179 67117441 67108179 67121529 67111093 67095984 67117449 67114198 67098916 67097443 67121297 

Sum of all global histogram elements: 17179869184
Total pixels: 17179869184

Total time: 240.709
outputs/output_nodes_2_processes_2_threads_32_size_34_20180604_181340.csv
ROWS_SIZE: 524288
COLUMNS_SIZE: 65536
simul == true
ROWS_SIZE: 524288
COLUMNS_SIZE: 65536
simul == true
after allocation of image_simul
after allocation of image_simul
after initialization of image_simul
Width: 65536
Height: 524288
after initialization of image_simul
Width: 65536
Height: 524288
Hello from process 0 of 2 running in processor r1i2n1
Hello from process 1 of 2 running in processor r1i2n2

Number of threads is: 32

Number of threads is: 32
ROI time: 17.4868

Global histogram: 
134220558 134218937 134214500 134226827 134233438 134221968 134210153 134209178 134233933 134194549 134227458 134238266 134222068 134237692 134234531 134225174 134225002 134236197 134213802 134213718 134204436 134215089 134219074 134227349 134195746 134215550 134226994 134226186 134227921 134218964 134221803 134233232 134217462 134219473 134202296 134227687 134227383 134214568 134223748 134208120 134225454 134213156 134219854 134213963 134205941 134229487 134238426 134201288 134225042 134196267 134208243 134215684 134225882 134197872 134227303 134206392 134204689 134210930 134224001 134211385 134213648 134221129 134207364 134221878 134225887 134192383 134216305 134210301 134197548 134216266 134212584 134202821 134204368 134220759 134237579 134220843 134218113 134210512 134209465 134234438 134230447 134220544 134206975 134212295 134228841 134210635 134235580 134213536 134209233 134212786 134191381 134199558 134219792 134223011 134219014 134223040 134227473 134229097 134212224 134216442 134215198 134189245 134232334 134210050 134220089 134212677 134214949 134216857 134201964 134224007 134230421 134236098 134206920 134201863 134222792 134215118 134235935 134234029 134210508 134197456 134222521 134234422 134218596 134218792 134212000 134200055 134210278 134225914 134205422 134235344 134197672 134212752 134214143 134219022 134209519 134246582 134201080 134212355 134209294 134205164 134215728 134215344 134216016 134228197 134212843 134202383 134236762 134220042 134226084 134217238 134213418 134218940 134224575 134243067 134228222 134216870 134196283 134230588 134207432 134230185 134212072 134223129 134225981 134193144 134220279 134215837 134224176 134221614 134196426 134219774 134211607 134195346 134217790 134211128 134226445 134216494 134209913 134221875 134215601 134219693 134211152 134221274 134221351 134227669 134215658 134210311 134221467 134216254 134187630 134233885 134235175 134225609 134219448 134228776 134216261 134233260 134190786 134215357 134209306 134206899 134207846 134223351 134231599 134214068 134226881 134227754 134221334 134208658 134226498 134235499 134226583 134222575 134244714 134233238 134213482 134197566 134221461 134202839 134188970 134206712 134219861 134234884 134196338 134205239 134213575 134217638 134206529 134244175 134240380 134217051 134225153 134217690 134227735 134233658 134222038 134209270 134235305 134218630 134204450 134218328 134226447 134213045 134222427 134202592 134207978 134213055 134208847 134229419 134244099 134206281 134216273 134216930 134217270 134213490 134236621 134220149 

Sum of all global histogram elements: 34359738368
Total pixels: 34359738368

Total time: 480.828
outputs/output_nodes_2_processes_2_threads_32_size_35_20180604_182142.csv
ROWS_SIZE: 1048576
COLUMNS_SIZE: 65536
simul == true
ROWS_SIZE: 1048576
COLUMNS_SIZE: 65536
simul == true
after allocation of image_simul
after allocation of image_simul
after initialization of image_simul
Width: 65536
Height: 1048576
after initialization of image_simul
Width: 65536
Height: 1048576
Hello from process 0 of 2 running in processor r1i2n1
Hello from process 1 of 2 running in processor r1i2n2

Number of threads is: 32

Number of threads is: 32
ROI time: 34.8304

Global histogram: 
268429367 268426191 268442183 268423914 268423229 268422586 268421623 268446472 268424830 268450077 268382614 268449598 268442853 268437102 268447297 268427180 268429483 268453184 268453006 268446889 268461385 268428153 268443967 268414249 268430039 268438770 268427528 268459296 268441447 268425710 268410956 268433868 268417640 268435638 268434435 268435638 268424804 268446611 268427378 268429071 268441379 268432774 268423007 268452848 268486296 268435604 268427619 268436332 268420963 268461076 268481843 268416972 268415157 268448525 268410899 268456842 268453879 268450787 268429338 268422658 268464096 268417871 268436806 268436982 268427693 268406935 268433151 268423671 268425743 268447069 268430947 268433889 268441560 268434070 268422779 268419043 268475516 268403349 268426359 268410961 268463399 268431435 268433589 268439407 268439609 268423773 268427143 268459526 268456395 268443561 268414553 268439469 268438706 268421309 268448350 268427375 268421413 268465270 268442985 268433411 268409717 268422287 268431449 268446704 268421387 268432398 268439593 268447360 268421862 268429420 268425534 268470804 268431653 268459396 268453594 268440751 268463711 268418851 268427114 268435638 268464427 268418254 268432053 268478846 268445161 268422002 268429855 268419325 268444032 268437663 268468787 268438638 268448244 268433524 268422844 268425476 268404316 268418715 268400667 268449287 268477292 268449949 268431624 268437587 268434498 268464235 268456322 268429536 268448069 268441847 268444842 268458203 268420696 268433503 268404441 268417293 268456923 268428327 268402550 268421277 268447617 268461921 268459314 268420175 268437358 268446803 268424641 268431121 268432374 268417927 268431166 268443153 268456248 268424639 268425520 268430740 268430742 268420136 268439485 268443748 268459596 268431953 268408383 268466064 268422741 268451988 268441026 268400208 268459444 268426249 268417779 268436715 268481022 268414645 268414159 268453916 268421871 268432305 268443861 268453235 268451320 268457523 268411461 268433649 268447507 268422718 268462091 268426053 268452092 268476989 268453331 268425011 268475692 268437413 268405096 268416166 268416115 268422979 268416818 268435859 268438807 268418275 268430847 268434169 268403328 268421906 268441419 268416309 268447635 268427232 268441161 268450208 268441299 268435308 268445122 268427215 268430364 268435062 268453470 268433423 268435058 268426710 268418462 268451150 268437141 268446205 268403710 268427953 268403918 268421848 268439388 268437981 268429531 268427121 268411331 268448219 

Sum of all global histogram elements: 68719476736
Total pixels: 68719476736

Total time: 961.417
outputs/output_nodes_2_processes_2_threads_32_size_36_20180604_183746.csv
ROWS_SIZE: 65536
COLUMNS_SIZE: 65536
simul == true
ROWS_SIZE: 65536
COLUMNS_SIZE: 65536
simul == true
after allocation of image_simul
after allocation of image_simul
after initialization of image_simul
Width: 65536
Height: 65536
after initialization of image_simul
Width: 65536
Height: 65536
Hello from process 0 of 2 running in processor r1i2n1
Hello from process 1 of 2 running in processor r1i2n2

Number of threads is: 32

Number of threads is: 32
ROI time: 2.18656

Global histogram: 
16774562 16777332 16781831 16779283 16773850 16780533 16780543 16776849 16784867 16774320 16776828 16777537 16776320 16775903 16777638 16778996 16779935 16765644 16784229 16780762 16777773 16773446 16770445 16781152 16779887 16769217 16782686 16776489 16775974 16769755 16784571 16775769 16772475 16774030 16777627 16768792 16773720 16771428 16772347 16781779 16774570 16780921 16782227 16780848 16776806 16767822 16775527 16774514 16773098 16770336 16773851 16782166 16784514 16781187 16783664 16776095 16767786 16781213 16772264 16774277 16782366 16774033 16782016 16779730 16783196 16775307 16776826 16772324 16770538 16778073 16775194 16775583 16777285 16779991 16775004 16777196 16776679 16775862 16778993 16776990 16772394 16779804 16774068 16782656 16781231 16778101 16777605 16775637 16775122 16780474 16782339 16773007 16774471 16782732 16775887 16780825 16778833 16782193 16778353 16774489 16780768 16777146 16764392 16781336 16777718 16778801 16777864 16779320 16771141 16775900 16783585 16773327 16777013 16774028 16775504 16780531 16772728 16772898 16777124 16780844 16778607 16773212 16773160 16776230 16778232 16775337 16781842 16776233 16777192 16776352 16781718 16779955 16779510 16786542 16770546 16783964 16782357 16777422 16771427 16776690 16776151 16779239 16771672 16778680 16779526 16777314 16777993 16782032 16774144 16779268 16774721 16777618 16778670 16776394 16778720 16775529 16777295 16775597 16780489 16781990 16779432 16783190 16784880 16773501 16776788 16779153 16777188 16772663 16776425 16771155 16778239 16785736 16776738 16782336 16776654 16782137 16770697 16780031 16776633 16775770 16779300 16779685 16774426 16779481 16769977 16777685 16771654 16773453 16778984 16777688 16769940 16769790 16773947 16778345 16772351 16777501 16781022 16780892 16775660 16777026 16776540 16779366 16776432 16776045 16774179 16776392 16777877 16781109 16773908 16772270 16778721 16780658 16784666 16778352 16777029 16771074 16775383 16782349 16775808 16779047 16775165 16773554 16784876 16779912 16775706 16774424 16789089 16768760 16774066 16776642 16776618 16772670 16783374 16781770 16777707 16775926 16771169 16778894 16781739 16779114 16776742 16773152 16778883 16781096 16779833 16773747 16779564 16781766 16778539 16782509 16780345 16773003 16777593 16776659 16778537 16773040 

Sum of all global histogram elements: 4294967296
Total pixels: 4294967296

Total time: 60.2323
outputs/output_nodes_2_processes_2_threads_32_size_32_20180604_183850.csv
ROWS_SIZE: 131072
COLUMNS_SIZE: 65536
simul == true
ROWS_SIZE: 131072
COLUMNS_SIZE: 65536
simul == true
after allocation of image_simul
after allocation of image_simul
after initialization of image_simul
Width: 65536
Height: 131072
after initialization of image_simul
Width: 65536
Height: 131072
Hello from process 0 of 2 running in processor r1i2n1

Number of threads is: 32
Hello from process 1 of 2 running in processor r1i2n2

Number of threads is: 32
ROI time: 4.54483

Global histogram: 
33553886 33542839 33550377 33549940 33556541 33556513 33553838 33557762 33544484 33559315 33555468 33554582 33559280 33538497 33546071 33546959 33563079 33555378 33546891 33558892 33553214 33556930 33555032 33561463 33550578 33547803 33557666 33545480 33554280 33551169 33567170 33557157 33556123 33556085 33552786 33553773 33567678 33550042 33561866 33552695 33547506 33557629 33561453 33567744 33567544 33548780 33561157 33564256 33553108 33558579 33561547 33549156 33557670 33553148 33553668 33549535 33558850 33556458 33553775 33553481 33563810 33548234 33558518 33561633 33555082 33549552 33551157 33550638 33551927 33557800 33547370 33543709 33552997 33554007 33548735 33553485 33547609 33558235 33569029 33552376 33557866 33549541 33563988 33556647 33556021 33557085 33554473 33550098 33550708 33562903 33558624 33553722 33554606 33543997 33559198 33559407 33547948 33550473 33545452 33554164 33551375 33567145 33556650 33555171 33547893 33548781 33551987 33547647 33555851 33559516 33560656 33558012 33566059 33551737 33570823 33548676 33546408 33547539 33541558 33554743 33551181 33558178 33563551 33557582 33566095 33551306 33554293 33541200 33551704 33547991 33552161 33555744 33557829 33561061 33558346 33553903 33547827 33559586 33558894 33561484 33563422 33552759 33557961 33543312 33556758 33554739 33560601 33557128 33554832 33558935 33550231 33556587 33552887 33553359 33553183 33557830 33560565 33548638 33550933 33551766 33560398 33552308 33547336 33556568 33557065 33550051 33549345 33558328 33564377 33555983 33557496 33551903 33556015 33547174 33547288 33560410 33542832 33565173 33549934 33549179 33551353 33558870 33552061 33551747 33552102 33547824 33553001 33554942 33557941 33560626 33555248 33548167 33561730 33546575 33562115 33550944 33550615 33558198 33556225 33552969 33554325 33556078 33563095 33558036 33550045 33551473 33559430 33555919 33547320 33543521 33550451 33546800 33547329 33556925 33560518 33554858 33555471 33554334 33554734 33545923 33548632 33559702 33557869 33549888 33556412 33539773 33566488 33544189 33543369 33552835 33564672 33555834 33550542 33549951 33558371 33555976 33555328 33557349 33564121 33553570 33564094 33553104 33554533 33555297 33550078 33554079 33560161 33547940 33552628 33553570 33567425 33549515 33550803 33552422 33555426 33547626 

Sum of all global histogram elements: 8589934592
Total pixels: 8589934592

Total time: 120.515
outputs/output_nodes_2_processes_2_threads_32_size_33_20180604_184051.csv
ROWS_SIZE: 262144
COLUMNS_SIZE: 65536
simul == true
ROWS_SIZE: 262144
COLUMNS_SIZE: 65536
simul == true
after allocation of image_simul
after allocation of image_simul
after initialization of image_simul
Width: 65536
Height: 262144
after initialization of image_simul
Width: 65536
Height: 262144
Hello from process 0 of 2 running in processor r1i2n1
Hello from process 1 of 2 running in processor r1i2n2

Number of threads is: 32

Number of threads is: 32
ROI time: 8.86715

Global histogram: 
67103253 67104776 67107986 67102462 67104439 67113589 67107464 67119645 67094162 67090882 67100816 67114142 67096478 67109665 67102786 67112952 67120445 67104767 67115151 67108587 67105248 67110007 67106372 67103383 67113065 67104677 67124025 67115140 67109914 67095910 67117887 67102102 67104534 67096999 67107274 67099613 67099931 67118035 67126045 67107333 67102337 67119403 67112388 67115476 67109539 67112711 67101384 67112145 67121239 67118801 67114201 67110690 67111624 67109720 67101942 67111559 67105371 67102852 67112279 67110843 67109700 67121714 67115823 67095607 67108042 67120049 67104141 67118437 67103399 67104101 67103646 67111414 67091316 67114043 67109357 67111285 67110626 67117230 67105378 67094610 67108227 67117557 67114375 67105386 67110083 67105702 67108758 67121970 67111996 67124278 67092521 67100241 67104512 67112236 67109053 67099733 67108280 67112190 67101815 67104420 67103848 67108298 67108119 67116556 67102476 67108493 67126227 67096953 67112490 67103575 67124519 67107808 67103305 67113576 67097167 67111068 67105947 67114228 67107725 67100764 67102206 67111518 67103245 67117248 67113348 67097234 67109064 67103106 67124278 67106762 67103106 67114024 67108204 67116687 67112720 67098225 67089516 67093601 67125191 67100346 67109333 67119685 67114147 67101528 67101930 67113462 67121092 67116253 67113033 67113690 67105821 67109584 67110789 67111881 67107171 67116824 67108242 67114311 67114304 67099208 67098836 67097978 67106470 67117282 67116895 67128560 67112982 67117224 67101582 67119866 67113937 67115405 67096368 67117459 67100043 67109467 67107280 67105664 67106321 67100396 67109735 67120426 67105168 67110601 67109925 67108956 67107758 67110123 67110458 67111387 67127095 67117543 67114022 67096450 67130980 67103529 67099746 67104885 67121956 67117613 67117972 67105278 67096100 67102662 67098903 67109239 67108373 67110797 67106480 67113524 67104136 67105512 67110077 67096470 67100698 67106957 67112920 67101426 67126312 67118511 67113250 67134927 67117455 67099026 67100811 67103541 67098461 67114974 67109857 67099323 67114824 67096388 67120877 67101498 67093430 67114544 67107280 67101791 67111060 67113921 67113817 67106060 67093466 67107758 67101747 67093410 67103068 67114434 67110463 67086120 67124960 67111099 67111171 67106454 67129873 67100573 

Sum of all global histogram elements: 17179869184
Total pixels: 17179869184

Total time: 240.809
outputs/output_nodes_2_processes_2_threads_32_size_34_20180604_184453.csv
ROWS_SIZE: 524288
COLUMNS_SIZE: 65536
simul == true
ROWS_SIZE: 524288
COLUMNS_SIZE: 65536
simul == true
after allocation of image_simul
after allocation of image_simul
after initialization of image_simul
Width: 65536
Height: 524288
after initialization of image_simul
Width: 65536
Height: 524288
Hello from process 0 of 2 running in processor r1i2n1
Hello from process 1 of 2 running in processor r1i2n2

Number of threads is: 32

Number of threads is: 32
ROI time: 17.4165

Global histogram: 
134210722 134211311 134224888 134210636 134224643 134212910 134231999 134209658 134218760 134208809 134227878 134192990 134225718 134203634 134231978 134207947 134228048 134195024 134219915 134219188 134225923 134215467 134192881 134229567 134217393 134203302 134215636 134210188 134213200 134207926 134220686 134215476 134209044 134208423 134217810 134206140 134228168 134197649 134200061 134214596 134225228 134214829 134213619 134223362 134227177 134198683 134222590 134199578 134232914 134215414 134222668 134195096 134247680 134224223 134204937 134227347 134221562 134204189 134214756 134213652 134226499 134225999 134225656 134210620 134223645 134211620 134200803 134232054 134245777 134217659 134226251 134207613 134237340 134226917 134225007 134206412 134225683 134220016 134195825 134212316 134229714 134202046 134234088 134226252 134225656 134209220 134220715 134212271 134226775 134201295 134219007 134209154 134220086 134180006 134201631 134226367 134220455 134204708 134223692 134201848 134240501 134180377 134240667 134211618 134213970 134209657 134224624 134212583 134229256 134215854 134219815 134218497 134216980 134212694 134218537 134212685 134239370 134215673 134199896 134208493 134216172 134201624 134224094 134241682 134223555 134196803 134199627 134214744 134242406 134232662 134231288 134220880 134243018 134184340 134234145 134204558 134207917 134202119 134217132 134212951 134236669 134215896 134212003 134220502 134233728 134231759 134226906 134236725 134224371 134231888 134215572 134214527 134235064 134198999 134215132 134217896 134232749 134222297 134233398 134215234 134222999 134218139 134220366 134219072 134214017 134225542 134210769 134222761 134214468 134199697 134226597 134228881 134230680 134226168 134219592 134222070 134244993 134210939 134215332 134215263 134217645 134207485 134246305 134208556 134218091 134233140 134218990 134233469 134220709 134205327 134223188 134212148 134216625 134204412 134206698 134209876 134223790 134210216 134223226 134216026 134210434 134218736 134207850 134216325 134215145 134190932 134227001 134228713 134224149 134225018 134206337 134221639 134236810 134223998 134212717 134223158 134215419 134204977 134234588 134216906 134221141 134212780 134215589 134214378 134221255 134185266 134217025 134225548 134220055 134230261 134224657 134225776 134215536 134220833 134220938 134212023 134233410 134212095 134201298 134215064 134217355 134235149 134204496 134222842 134230018 134210132 134207340 134190540 134231464 134211989 134223338 134238279 134223044 134198145 134218628 134226389 

Sum of all global histogram elements: 34359738368
Total pixels: 34359738368

Total time: 480.813
outputs/output_nodes_2_processes_2_threads_32_size_35_20180604_185255.csv
ROWS_SIZE: 1048576
COLUMNS_SIZE: 65536
simul == true
ROWS_SIZE: 1048576
COLUMNS_SIZE: 65536
simul == true
after allocation of image_simul
after allocation of image_simul
after initialization of image_simul
Width: 65536
Height: 1048576
after initialization of image_simul
Width: 65536
Height: 1048576
Hello from process 0 of 2 running in processor r1i2n1
Hello from process 1 of 2 running in processor r1i2n2

Number of threads is: 32

Number of threads is: 32
ROI time: 35.8904

Global histogram: 
268425483 268461239 268470308 268430874 268451543 268456958 268459458 268438739 268449455 268491887 268440986 268431692 268459413 268411705 268419873 268413107 268456147 268433381 268461986 268431916 268431425 268440007 268452893 268448318 268439934 268454489 268440401 268383190 268426215 268462404 268443641 268430804 268444200 268477843 268451063 268458445 268430289 268430702 268415455 268406391 268434942 268491600 268427909 268417659 268422811 268427184 268436451 268401891 268412804 268461078 268424436 268398055 268433957 268431350 268426799 268472319 268446444 268460870 268451425 268442022 268439469 268445595 268437071 268430068 268431743 268434199 268420662 268426835 268420075 268398914 268437963 268441474 268447690 268460432 268385916 268415689 268454429 268430945 268427008 268412426 268436416 268468621 268424214 268411748 268441405 268396292 268419848 268436125 268431188 268448839 268462294 268409799 268396000 268442923 268461671 268416666 268426600 268464361 268445085 268407706 268451521 268412365 268465635 268475143 268385130 268478397 268444098 268416484 268458961 268438789 268438833 268437619 268436901 268435197 268447162 268417014 268439380 268432244 268422750 268432704 268447310 268435907 268442629 268427759 268433652 268434913 268433764 268404654 268455598 268411792 268421483 268445464 268420408 268421238 268448753 268442648 268418202 268480693 268425800 268412593 268445554 268425882 268441394 268440078 268424965 268431380 268441868 268429478 268409454 268439945 268420369 268401608 268430503 268474065 268425166 268431765 268451371 268425542 268445562 268438441 268440577 268457824 268440396 268457267 268414215 268449777 268428177 268436137 268435704 268449396 268442515 268421983 268428258 268409360 268407683 268426197 268433459 268458270 268438644 268418004 268428122 268446804 268434842 268439074 268410589 268444928 268446477 268416588 268479954 268419693 268432832 268386980 268427602 268468232 268420817 268442637 268442471 268455560 268438712 268442983 268420202 268450114 268409518 268391755 268437618 268438970 268440346 268403802 268437756 268442535 268440227 268420535 268420387 268420439 268430548 268436628 268436829 268458335 268442359 268410944 268419522 268420163 268444570 268420565 268446959 268456055 268464707 268438316 268420534 268440566 268438785 268456133 268424003 268457826 268413802 268449492 268445872 268475373 268468125 268418578 268448904 268444332 268429937 268420410 268437198 268411351 268428183 268425946 268404820 268475538 268443809 268427741 268422125 268433119 268439593 268415551 

Sum of all global histogram elements: 68719476736
Total pixels: 68719476736

Total time: 963.201
outputs/output_nodes_2_processes_2_threads_32_size_36_20180604_190900.csv
ROWS_SIZE: 65536
COLUMNS_SIZE: 65536
simul == true
ROWS_SIZE: 65536
COLUMNS_SIZE: 65536
simul == true
after allocation of image_simul
after allocation of image_simul
after initialization of image_simul
Width: 65536
Height: 65536
after initialization of image_simul
Width: 65536
Height: 65536
Hello from process 0 of 2 running in processor r1i2n1
Hello from process 1 of 2 running in processor r1i2n2

Number of threads is: 32

Number of threads is: 32
ROI time: 2.20287

Global histogram: 
16776038 16777557 16775651 16778265 16779859 16786476 16778954 16771465 16787344 16780638 16777530 16782253 16778529 16777997 16779280 16773322 16774004 16777982 16769110 16776028 16785529 16769845 16778830 16777322 16776812 16783390 16779368 16775899 16775617 16778821 16778409 16774505 16772905 16766618 16773828 16773338 16779510 16775747 16775642 16773768 16781154 16781978 16779233 16780676 16772883 16776729 16771134 16770958 16774842 16777034 16777511 16781774 16769804 16777976 16777400 16769156 16776051 16775132 16780097 16775667 16771817 16776305 16772889 16774301 16773555 16778067 16776575 16779945 16774585 16775668 16777333 16779655 16782041 16780196 16775043 16776741 16773193 16767220 16777874 16772001 16770600 16772273 16780691 16785765 16775579 16774944 16771299 16782351 16778464 16773480 16774676 16776119 16776516 16776276 16774941 16775052 16787737 16775505 16771364 16780401 16777317 16780329 16785813 16777648 16774290 16773021 16782908 16786503 16778363 16778218 16780176 16777742 16776698 16782071 16771248 16782541 16776094 16778073 16783166 16777295 16777557 16784270 16774270 16781563 16774604 16783673 16783608 16775624 16777585 16771528 16784575 16779908 16775078 16777223 16768611 16782805 16780308 16775087 16771188 16775490 16778452 16773264 16783198 16779530 16774408 16781306 16773967 16775781 16779482 16770964 16779810 16775890 16779371 16778355 16778779 16780923 16779787 16776127 16771877 16774639 16778556 16777569 16778849 16778333 16780526 16780870 16779519 16769522 16780090 16780300 16776993 16771995 16777110 16777283 16772276 16779171 16778039 16781844 16781569 16780319 16780007 16780868 16779051 16777247 16778721 16781407 16774090 16777314 16773543 16780511 16773906 16771179 16771875 16776451 16787354 16768582 16772534 16771986 16776347 16779290 16772951 16783030 16781249 16770750 16772205 16779673 16777862 16779281 16775358 16773644 16783294 16778295 16779331 16775113 16770420 16778881 16775677 16780167 16783794 16770652 16781271 16779294 16772631 16769763 16782671 16775581 16779918 16778304 16767435 16776223 16780073 16774776 16783095 16775920 16780073 16781075 16775970 16781348 16778513 16777764 16781235 16777558 16777384 16781657 16778088 16782653 16779616 16776688 16776188 16779740 16766985 16772336 16780426 16777452 16776761 16776018 

Sum of all global histogram elements: 4294967296
Total pixels: 4294967296

Total time: 60.2483
outputs/output_nodes_2_processes_2_threads_32_size_32_20180604_191005.csv
ROWS_SIZE: 131072
COLUMNS_SIZE: 65536
simul == true
ROWS_SIZE: 131072
COLUMNS_SIZE: 65536
simul == true
after allocation of image_simul
after allocation of image_simul
after initialization of image_simul
Width: 65536
Height: 131072
after initialization of image_simul
Width: 65536
Height: 131072
Hello from process 0 of 2 running in processor r1i2n1
Hello from process 1 of 2 running in processor r1i2n2

Number of threads is: 32

Number of threads is: 32
ROI time: 4.48847

Global histogram: 
33557776 33553886 33555115 33551450 33559209 33549820 33557603 33550953 33546700 33555530 33552149 33563093 33562595 33558523 33552095 33558297 33556418 33565125 33550991 33553068 33552958 33540845 33550553 33546663 33552246 33554786 33553103 33562689 33565685 33555721 33559247 33559939 33559357 33546777 33553339 33546134 33548296 33552366 33555734 33553716 33560984 33543654 33553788 33563040 33539767 33555722 33568133 33549294 33560272 33548842 33566418 33561089 33558025 33548321 33555813 33548184 33561936 33549684 33552158 33549983 33562789 33548938 33552805 33553613 33557043 33562307 33543208 33555147 33555051 33555852 33554060 33555032 33554253 33550065 33554687 33550566 33552472 33553339 33557573 33559111 33548071 33554605 33547506 33559752 33557340 33555726 33550487 33554279 33555440 33553280 33555908 33561765 33553747 33546611 33546346 33548725 33554608 33551207 33547822 33549341 33552741 33554839 33563853 33559549 33561604 33551454 33554672 33550217 33536634 33549204 33553530 33552652 33572805 33554960 33553853 33547622 33551394 33553414 33547418 33564871 33550162 33555157 33558807 33561401 33549384 33560639 33558249 33550969 33558548 33558337 33553161 33558597 33547695 33564175 33553000 33550445 33556553 33552773 33558074 33561497 33558093 33565485 33556260 33559405 33555734 33552873 33550503 33568836 33550605 33559461 33562072 33559132 33550368 33563424 33552326 33553718 33551714 33555959 33549384 33553948 33549947 33556830 33555841 33554248 33556359 33551230 33555507 33552671 33547526 33553121 33542759 33561920 33562898 33556870 33556265 33544447 33552984 33557099 33550630 33559034 33560083 33560013 33550989 33544154 33561392 33566040 33563928 33557000 33550376 33549701 33560926 33545969 33555964 33558584 33545949 33561743 33554592 33553176 33551495 33546168 33551060 33552167 33553966 33555975 33562887 33550179 33562286 33553965 33552824 33561546 33557584 33551051 33548475 33551388 33552811 33552702 33551789 33554198 33554960 33552373 33546557 33547527 33554437 33555510 33556533 33554287 33551918 33542049 33547347 33545451 33559670 33567049 33566272 33555716 33553805 33553973 33557034 33559336 33552880 33549214 33545846 33551631 33550426 33566364 33551391 33552682 33551167 33557243 33555177 33554558 33548272 33552340 33560971 33550506 33553663 33544833 

Sum of all global histogram elements: 8589934592
Total pixels: 8589934592

Total time: 120.447
outputs/output_nodes_2_processes_2_threads_32_size_33_20180604_191206.csv
ROWS_SIZE: 262144
COLUMNS_SIZE: 65536
simul == true
ROWS_SIZE: 262144
COLUMNS_SIZE: 65536
simul == true
after allocation of image_simul
after allocation of image_simul
after initialization of image_simul
Width: 65536
Height: 262144
after initialization of image_simul
Width: 65536
Height: 262144
Hello from process 0 of 2 running in processor r1i2n1
Hello from process 1 of 2 running in processor r1i2n2

Number of threads is: 32

Number of threads is: 32
ROI time: 8.69512

Global histogram: 
67108057 67109588 67104794 67110525 67102635 67108070 67099546 67109719 67130293 67110746 67101498 67100570 67108859 67112147 67101958 67110116 67112890 67104768 67121609 67127188 67101885 67121652 67101480 67103657 67113113 67110016 67107393 67115816 67103294 67089827 67095844 67108878 67112684 67096796 67109276 67107094 67123575 67106923 67110037 67119662 67107797 67122907 67129704 67119213 67097246 67113337 67115988 67109489 67108883 67107761 67111728 67127586 67112432 67116045 67108368 67109379 67112401 67094876 67114511 67109165 67093506 67115777 67113500 67109317 67116628 67101976 67115935 67105690 67107387 67110665 67111758 67114245 67106872 67099072 67108904 67103134 67108951 67101305 67095212 67109661 67113085 67098021 67104704 67117471 67103038 67089908 67117361 67116049 67100263 67120233 67108027 67117206 67113325 67112635 67097005 67109978 67109668 67110274 67092285 67111443 67091798 67122568 67106156 67120735 67111813 67116278 67097630 67098714 67112444 67094230 67111405 67118630 67122648 67120168 67114274 67110574 67121029 67124571 67112181 67120011 67108256 67115224 67109109 67116988 67100614 67113003 67112658 67096442 67105999 67098846 67116822 67105472 67109190 67124756 67104755 67097770 67107723 67106817 67106323 67106128 67110738 67087504 67115874 67104006 67112542 67119914 67116943 67111087 67091487 67118587 67112292 67108099 67119388 67099027 67100367 67116513 67106018 67100410 67098040 67100622 67111505 67106390 67095880 67100042 67107455 67110499 67117605 67105279 67110833 67109616 67104062 67109327 67099696 67116739 67102046 67106253 67106616 67116424 67098044 67095022 67114419 67112277 67117922 67099538 67112296 67113754 67110026 67098699 67117177 67115147 67118906 67103292 67098200 67111245 67123048 67111809 67125543 67103441 67118016 67111927 67113816 67126208 67122938 67105324 67094718 67112963 67112299 67106886 67123058 67108203 67116361 67099521 67079324 67105644 67108477 67102537 67120536 67107929 67103191 67111620 67103743 67111888 67118486 67105457 67094743 67098303 67101917 67114273 67101410 67109167 67108281 67107614 67106361 67097294 67115828 67098766 67104281 67111203 67105489 67110168 67124522 67106152 67111166 67107946 67101444 67102255 67109429 67113368 67105240 67106375 67128263 67107355 67093036 67090715 67103227 67111473 

Sum of all global histogram elements: 17179869184
Total pixels: 17179869184

Total time: 240.503
outputs/output_nodes_2_processes_2_threads_32_size_34_20180604_191607.csv
ROWS_SIZE: 524288
COLUMNS_SIZE: 65536
simul == true
ROWS_SIZE: 524288
COLUMNS_SIZE: 65536
simul == true
after allocation of image_simul
after allocation of image_simul
after initialization of image_simul
Width: 65536
Height: 524288
after initialization of image_simul
Width: 65536
Height: 524288
Hello from process 0 of 2 running in processor r1i2n1
Hello from process 1 of 2 running in processor r1i2n2

Number of threads is: 32

Number of threads is: 32
ROI time: 17.3766

Global histogram: 
134230048 134218129 134234868 134226763 134222898 134244531 134218468 134229112 134227932 134217696 134219148 134200262 134219760 134218131 134224678 134210331 134227561 134220329 134221862 134200103 134210439 134199505 134225474 134210960 134211802 134241385 134223472 134219012 134194529 134220390 134228422 134210005 134205088 134209473 134217606 134214028 134218276 134206353 134236704 134193147 134214964 134209738 134229126 134215302 134202746 134219556 134218334 134227723 134196842 134231712 134227225 134214501 134218755 134244087 134230257 134220408 134211880 134211982 134215472 134215116 134215435 134217480 134222654 134213674 134232305 134216936 134230534 134225257 134201293 134238027 134212213 134229201 134197004 134213706 134238970 134207340 134203264 134204668 134216596 134209711 134218304 134209504 134226890 134220175 134233747 134217402 134195627 134194092 134225292 134206028 134230929 134213320 134184230 134223904 134222774 134225547 134213803 134234525 134239091 134218225 134232833 134215054 134197624 134231011 134190424 134217307 134207042 134226011 134210466 134216880 134200181 134220110 134217307 134219611 134222173 134221687 134211243 134214216 134226832 134193509 134226775 134221289 134216476 134239866 134227943 134212284 134209082 134198859 134240939 134220842 134235999 134225596 134221328 134235264 134219797 134209946 134189914 134206710 134217314 134223992 134199508 134220821 134204767 134215345 134191156 134216937 134220563 134205171 134219604 134226407 134207001 134199592 134214353 134218681 134215135 134226829 134216399 134200760 134211552 134226281 134187829 134227072 134215992 134207231 134217676 134189690 134222807 134223509 134217911 134221722 134246223 134230982 134220609 134233982 134222125 134229254 134197508 134224716 134221061 134230134 134226848 134233457 134205100 134196889 134217982 134211902 134231875 134224925 134194661 134221514 134230909 134201360 134217831 134215231 134203302 134231647 134223674 134235484 134208368 134210162 134210214 134224095 134209837 134210696 134219131 134220393 134241012 134217193 134208744 134207665 134213802 134205620 134214674 134228162 134208671 134211215 134248125 134214337 134225217 134201454 134195717 134205604 134202112 134220924 134205556 134208412 134215559 134224642 134217569 134224689 134221964 134201194 134193450 134238545 134237136 134212539 134247593 134209790 134227910 134198694 134223019 134210714 134259092 134215660 134231088 134223729 134219517 134212952 134221467 134249005 134211879 134216986 134210226 134233659 134231285 134234399 

Sum of all global histogram elements: 34359738368
Total pixels: 34359738368

Total time: 480.543
outputs/output_nodes_2_processes_2_threads_32_size_35_20180604_192409.csv
ROWS_SIZE: 1048576
COLUMNS_SIZE: 65536
simul == true
ROWS_SIZE: 1048576
COLUMNS_SIZE: 65536
simul == true
after allocation of image_simul
after allocation of image_simul
after initialization of image_simul
Width: 65536
Height: 1048576
after initialization of image_simul
Width: 65536
Height: 1048576
Hello from process 0 of 2 running in processor r1i2n1
Hello from process 1 of 2 running in processor r1i2n2

Number of threads is: 32

Number of threads is: 32
ROI time: 34.6004

Global histogram: 
268444089 268432175 268418045 268433735 268403341 268450937 268416140 268436745 268435638 268452767 268410084 268454547 268423143 268411997 268412278 268450922 268440422 268458160 268438140 268453133 268432126 268429241 268425188 268449990 268439991 268447143 268423903 268449674 268419593 268431629 268423351 268455150 268406774 268435465 268418031 268415993 268380139 268439962 268444593 268448205 268418485 268450888 268427185 268446216 268429716 268416284 268432850 268437420 268472084 268442188 268425048 268451294 268447902 268444015 268408144 268451275 268446354 268457286 268435843 268452731 268475849 268422620 268425146 268464735 268423256 268462206 268445562 268440415 268415435 268415180 268442284 268464022 268423733 268430947 268417106 268425961 268423359 268446751 268418783 268455022 268438843 268445066 268436480 268439171 268424259 268422784 268438277 268443524 268429961 268440091 268434285 268446934 268410889 268417783 268422755 268466749 268417453 268458900 268417145 268440927 268425635 268434285 268440365 268447805 268443568 268440301 268434632 268448451 268421127 268450898 268419079 268438540 268409206 268444113 268411577 268447213 268428910 268414856 268436685 268440376 268414831 268466018 268419085 268439600 268419560 268432413 268408165 268467778 268429035 268471008 268411472 268466697 268434499 268408610 268416365 268442086 268406641 268446524 268404192 268474321 268427626 268421872 268423356 268448485 268424534 268404432 268429691 268463137 268420808 268449565 268439289 268441385 268448963 268447484 268407791 268458124 268423968 268407847 268421777 268481774 268446193 268415819 268430445 268438696 268434887 268421401 268425275 268484422 268452758 268455871 268456026 268426209 268405192 268451608 268407912 268447806 268412636 268451512 268427708 268471237 268440759 268426991 268459085 268458990 268453496 268436878 268440111 268447170 268390973 268441784 268424187 268471491 268417623 268440803 268456330 268437103 268433302 268424476 268435018 268422734 268422029 268430885 268442377 268456107 268425908 268432849 268394934 268446600 268425758 268440590 268441196 268441820 268438375 268441421 268436865 268462017 268416347 268450797 268434705 268461617 268419350 268454297 268434380 268465372 268414717 268425205 268442822 268468102 268430911 268449937 268442285 268456402 268434268 268427998 268408123 268427289 268436398 268438146 268426660 268454001 268422819 268444586 268422261 268413888 268420057 268459572 268450015 268470904 268428879 268422924 268431929 268415418 268409254 268425560 268404328 268446700 

Sum of all global histogram elements: 68719476736
Total pixels: 68719476736

Total time: 961.327
outputs/output_nodes_2_processes_2_threads_32_size_36_20180604_194012.csv
