ARRAY_SIZE: 32768
simul == true
ARRAY_SIZE: 32768
simul == true
ARRAY_SIZE: 32768
simul == true
ARRAY_SIZE: 32768
simul == true
after allocation of image_simul
after allocation of image_simul
after allocation of image_simul
after allocation of image_simul
after initialization of image_simul
Width: 32768
Height: 32768
after initialization of image_simul
Width: 32768
Height: 32768
after initialization of image_simul
Width: 32768
Height: 32768
after initialization of image_simul
Width: 32768
Height: 32768
Hello from process 0 of 4 running in processor r1i2n10
Hello from process 3 of 4 running in processor r1i2n13
Hello from process 1 of 4 running in processor r1i2n11

Number of threads is: 32
Hello from process 2 of 4 running in processor r1i2n12

Number of threads is: 32

Number of threads is: 32

Number of threads is: 32
ROI time: 0.502556

Global histogram: 
4191745 4193526 4195157 4192229 4195478 4195916 4198199 4194334 4198335 4193721 4194889 4191983 4193898 4194083 4197321 4192030 4192854 4194053 4194200 4194409 4194283 4193086 4191437 4196024 4194535 4194877 4193798 4194789 4195408 4192741 4197690 4192661 4191667 4192754 4194049 4194616 4195601 4197475 4195791 4195927 4193199 4193210 4196049 4194070 4195717 4194440 4195121 4198195 4194863 4195748 4196322 4195064 4196634 4195726 4194858 4196590 4195438 4194703 4191258 4194645 4194879 4196970 4194241 4187739 4190758 4192985 4191984 4192209 4191664 4193029 4195244 4199801 4192281 4195400 4194704 4196690 4193424 4191517 4193674 4195047 4197703 4196232 4198726 4193835 4195054 4195360 4198101 4191988 4192169 4192419 4194053 4190739 4193750 4194209 4193077 4194756 4190971 4198474 4192300 4195831 4194332 4193167 4191732 4195699 4194710 4193420 4193184 4193914 4196589 4191679 4193614 4193817 4192653 4193721 4191738 4190591 4192940 4190843 4195157 4194748 4195786 4194241 4193260 4193304 4193814 4193253 4193767 4192434 4192200 4196520 4197058 4195879 4193935 4197206 4194559 4190230 4192625 4194063 4191357 4193962 4194146 4194631 4192970 4195685 4194518 4193266 4195741 4196576 4191808 4194981 4195784 4195946 4197699 4194230 4193888 4196115 4197597 4195458 4192055 4193694 4191973 4194830 4192108 4192489 4194885 4192043 4195247 4193186 4195327 4193902 4191211 4197069 4195500 4191837 4196917 4194990 4192347 4194907 4194564 4195515 4196405 4195831 4194116 4192105 4190066 4197872 4190233 4192557 4191683 4193537 4196093 4192211 4195869 4191108 4194588 4192745 4191100 4194360 4199137 4194735 4195515 4194848 4196393 4196820 4194849 4195562 4195431 4193193 4191684 4194897 4195876 4191341 4196606 4196327 4196134 4195771 4192101 4195542 4192593 4194194 4193501 4193572 4194625 4197162 4198450 4192781 4193645 4193698 4197062 4191909 4193357 4196229 4195642 4193107 4196739 4194681 4196999 4197589 4194493 4192277 4194668 4191466 4190590 4195609 4198147 4192147 4195766 4191249 4193926 4192611 4192445 4191366 4195332 4196047 4195796 4196371 

Sum of all global histogram elements: 1073741824
Total pixels: 1073741824

Total time: 14.9186
outputs/output_nodes_4_processes_4_threads_32_size_30_20180601_091422.csv
ARRAY_SIZE: 65536
simul == true
ARRAY_SIZE: 65536
simul == true
ARRAY_SIZE: 65536
simul == true
ARRAY_SIZE: 65536
simul == true
after allocation of image_simul
after allocation of image_simul
after allocation of image_simul
after allocation of image_simul
after initialization of image_simul
Width: 65536
Height: 65536
after initialization of image_simul
Width: 65536
Height: 65536
after initialization of image_simul
Width: 65536
Height: 65536
after initialization of image_simul
Width: 65536
Height: 65536
Hello from process 0 of 4 running in processor r1i2n10
Hello from process 3 of 4 running in processor r1i2n13

Number of threads is: 32
Hello from process 2 of 4 running in processor r1i2n12
Hello from process 1 of 4 running in processor r1i2n11

Number of threads is: 32

Number of threads is: 32

Number of threads is: 32
ROI time: 1.12161

Global histogram: 
16776393 16777224 16780923 16780490 16774440 16775399 16782686 16776887 16780094 16776101 16775995 16769558 16775306 16780602 16779318 16776338 16779406 16789304 16779063 16776348 16777211 16776849 16782392 16776328 16774929 16777147 16779903 16776504 16774277 16783000 16778247 16776276 16782942 16778791 16775717 16783957 16773962 16785954 16784026 16775880 16778875 16781582 16777688 16781812 16775805 16776560 16781217 16779766 16777457 16773084 16777027 16776744 16775801 16780510 16773661 16782400 16782603 16780663 16778487 16778723 16785523 16774272 16781052 16778516 16772654 16782457 16773901 16777026 16779078 16777065 16780036 16779082 16776241 16776310 16768343 16778769 16774318 16786564 16773699 16775270 16776798 16774136 16777956 16780852 16780567 16781242 16776108 16773889 16779739 16772998 16775188 16770486 16776163 16782420 16776388 16775306 16772702 16776948 16777309 16776608 16783999 16769960 16782004 16776596 16786775 16781096 16776268 16771394 16781103 16773152 16770721 16780100 16777085 16778202 16775971 16775654 16770948 16776937 16766938 16781555 16774265 16776729 16770876 16770860 16772715 16775418 16781456 16780499 16768202 16777866 16777312 16776654 16776846 16782922 16782029 16778682 16775606 16778523 16775896 16779078 16779775 16784938 16774205 16772309 16774075 16779289 16778762 16776390 16783272 16779409 16771735 16779389 16775318 16774828 16780981 16774323 16777648 16776986 16774035 16765005 16779608 16767679 16781752 16779477 16784774 16779191 16773789 16777737 16772329 16782833 16771151 16774372 16781009 16771216 16780376 16782520 16774858 16776323 16774348 16774736 16768802 16775038 16778616 16778753 16777804 16775511 16781811 16778787 16775870 16776664 16780248 16775177 16785199 16778608 16773014 16774884 16777369 16772228 16772640 16775955 16779421 16773627 16779536 16775712 16776663 16772204 16777626 16773924 16775684 16781163 16783300 16771354 16782217 16779406 16772263 16774817 16774510 16772754 16776075 16766903 16777719 16786802 16780654 16773533 16775362 16776990 16772876 16780154 16780417 16788559 16775422 16775544 16777620 16769780 16778399 16779914 16780510 16779318 16774682 16772473 16768963 16782994 16779083 16784728 16778220 16771644 16768285 16773735 16775682 16770245 16783063 16777347 16783650 16781067 16773943 16773529 

Sum of all global histogram elements: 4294967296
Total pixels: 4294967296

Total time: 57.5614
outputs/output_nodes_4_processes_4_threads_32_size_32_20180601_091520.csv
ARRAY_SIZE: 131072
simul == true
ARRAY_SIZE: 131072
simul == true
ARRAY_SIZE: 131072
simul == true
ARRAY_SIZE: 131072
simul == true
after allocation of image_simul
after allocation of image_simul
after allocation of image_simul
after allocation of image_simul
after initialization of image_simul
Width: 131072
Height: 131072
after initialization of image_simul
Width: 131072
Height: 131072
after initialization of image_simul
Width: 131072
Height: 131072
after initialization of image_simul
Width: 131072
Height: 131072
Hello from process 0 of 4 running in processor r1i2n10

Number of threads is: 32
Hello from process 3 of 4 running in processor r1i2n13
Hello from process 2 of 4 running in processor r1i2n12

Number of threads is: 32

Number of threads is: 32
Hello from process 1 of 4 running in processor r1i2n11

Number of threads is: 32
ROI time: 2.40201

Global histogram: 
67109232 67106099 67105086 67109585 67120180 67111889 67101214 67101824 67105726 67115173 67125431 67105447 67096683 67108351 67123927 67104354 67088078 67115872 67104147 67094753 67091353 67110863 67096042 67105154 67105931 67117005 67104144 67118993 67104711 67123387 67093167 67116398 67110125 67110629 67110132 67114690 67107540 67120766 67108901 67112290 67100409 67112293 67109508 67105094 67117609 67117335 67123183 67120090 67118684 67103205 67107716 67098489 67108218 67105532 67114968 67103889 67106323 67130277 67098170 67108409 67109670 67105148 67104003 67109983 67108478 67108582 67109509 67122690 67108819 67116384 67110964 67097655 67121296 67097781 67113897 67114389 67120521 67108569 67109461 67099914 67107223 67099727 67112269 67113404 67111820 67121858 67120799 67097961 67100907 67095797 67101311 67105808 67106933 67096720 67108502 67110431 67118168 67103690 67104093 67092442 67114229 67107861 67101244 67103017 67107179 67108025 67098148 67114654 67121667 67108985 67098514 67100060 67105371 67113390 67108024 67103853 67115636 67124628 67098814 67109554 67109713 67122218 67108900 67114685 67110100 67116380 67109460 67108216 67118285 67115719 67113794 67103042 67103196 67103029 67101077 67109922 67108590 67114547 67102643 67089535 67107978 67106456 67110351 67110558 67094601 67103346 67110871 67096867 67109190 67105864 67099274 67124865 67124963 67105895 67116970 67111274 67101897 67105430 67112268 67119237 67098511 67123952 67114279 67112960 67119329 67095019 67099459 67115189 67101176 67118426 67109110 67134564 67119583 67111499 67119695 67103487 67112614 67109080 67116924 67103075 67108487 67116702 67100586 67126470 67126596 67099689 67089548 67104411 67122204 67112032 67112250 67124726 67116562 67118723 67111648 67117174 67120307 67110561 67084065 67102419 67110041 67116534 67112156 67099094 67106703 67109192 67111322 67103103 67104061 67103830 67103530 67099049 67107104 67106401 67106410 67105764 67111027 67089706 67093964 67110743 67118088 67095876 67109157 67105956 67115108 67117353 67099560 67097864 67119085 67087973 67110222 67111996 67096800 67118149 67119867 67100370 67119317 67110291 67117745 67110950 67111582 67104996 67114618 67106425 67113844 67100916 67115049 67101226 67101611 67107973 67106098 67117257 67101487 67110455 67107972 67096815 

Sum of all global histogram elements: 17179869184
Total pixels: 17179869184

Total time: 227.869
outputs/output_nodes_4_processes_4_threads_32_size_34_20180601_091908.csv
ARRAY_SIZE: 262144
simul == true
ARRAY_SIZE: 262144
simul == true
ARRAY_SIZE: 262144
simul == true
ARRAY_SIZE: 262144
simul == true
after allocation of image_simul
after allocation of image_simul
after allocation of image_simul
after allocation of image_simul
after initialization of image_simul
Width: 262144
Height: 262144
after initialization of image_simul
Width: 262144
Height: 262144
after initialization of image_simul
Width: 262144
Height: 262144
after initialization of image_simul
Width: 262144
Height: 262144
Hello from process 0 of 4 running in processor r1i2n10
Hello from process 3 of 4 running in processor r1i2n13
Hello from process 2 of 4 running in processor r1i2n12

Number of threads is: 32

Number of threads is: 32

Number of threads is: 32
Hello from process 1 of 4 running in processor r1i2n11

Number of threads is: 32
ROI time: 6.29282

Global histogram: 
268436848 268431128 268446014 268437550 268440152 268433466 268415092 268441668 268434325 268440331 268444388 268420340 268448664 268443811 268422695 268425182 268436491 268435142 268456079 268474495 268416484 268429751 268423738 268410161 268420002 268400316 268443733 268406174 268429754 268442062 268429985 268446726 268423420 268418044 268470434 268408207 268418957 268426094 268443943 268442290 268448667 268457252 268405415 268442777 268418648 268432933 268422684 268488732 268422208 268433809 268421747 268433847 268449383 268440297 268437895 268420430 268419766 268464339 268431994 268421267 268436627 268442386 268443683 268425094 268444092 268417111 268425844 268402408 268412358 268412442 268437058 268451001 268419586 268431818 268450499 268420250 268441665 268467751 268446130 268457828 268435851 268438260 268435890 268454889 268420534 268440711 268427893 268448170 268441465 268438270 268435130 268420393 268426526 268445424 268452729 268442445 268453385 268407145 268435732 268401624 268445696 268441560 268421002 268454382 268433894 268410698 268407247 268413521 268452101 268431458 268437063 268433178 268460656 268448951 268425332 268425831 268414706 268438599 268425597 268453935 268439729 268441868 268440523 268415931 268436115 268436145 268435560 268411601 268448691 268434211 268447708 268418405 268431066 268444757 268452300 268410221 268442707 268433369 268415324 268425738 268418368 268452525 268436171 268434603 268433139 268442266 268426885 268456723 268445967 268429428 268429254 268452373 268431123 268461065 268422237 268438899 268447743 268416426 268440885 268428267 268465485 268434038 268425119 268434946 268455361 268446814 268433400 268470460 268428607 268442395 268436930 268408800 268444934 268423004 268450492 268431676 268421071 268433761 268446496 268428679 268416338 268439313 268452675 268416271 268429999 268398264 268464293 268420749 268450350 268446663 268413511 268470122 268428652 268450926 268413880 268409622 268432770 268461643 268418684 268449813 268437912 268427295 268430253 268395857 268445387 268424546 268467370 268460537 268457416 268442206 268409746 268401463 268424256 268439108 268442219 268442524 268411249 268463257 268423951 268431804 268431033 268426753 268457489 268441133 268415095 268448671 268428719 268432982 268442192 268435800 268436953 268446965 268445135 268426140 268419105 268418126 268422010 268454694 268446029 268444464 268410688 268476205 268442618 268433884 268449462 268483323 268458844 268443608 268446715 268416797 268463476 268447663 268444668 268451854 268452246 268411789 

Sum of all global histogram elements: 68719476736
Total pixels: 68719476736

Total time: 907.295
outputs/output_nodes_4_processes_4_threads_32_size_36_20180601_093417.csv
ARRAY_SIZE: 32768
simul == true
ARRAY_SIZE: 32768
simul == true
ARRAY_SIZE: 32768
simul == true
ARRAY_SIZE: 32768
simul == true
after allocation of image_simul
after allocation of image_simul
after allocation of image_simul
after allocation of image_simul
after initialization of image_simul
Width: 32768
Height: 32768
after initialization of image_simul
Width: 32768
Height: 32768
after initialization of image_simul
Width: 32768
Height: 32768
after initialization of image_simul
Width: 32768
Height: 32768
Hello from process 0 of 4 running in processor r1i2n10
Hello from process 3 of 4 running in processor r1i2n13
Hello from process 2 of 4 running in processor r1i2n12
Hello from process 1 of 4 running in processor r1i2n11

Number of threads is: 32

Number of threads is: 32

Number of threads is: 32

Number of threads is: 32
ROI time: 0.494058

Global histogram: 
4195392 4196488 4191433 4193191 4191698 4193750 4194090 4194668 4194532 4198796 4195162 4198354 4194272 4196723 4193731 4196599 4190456 4194471 4191409 4193219 4193672 4192320 4194535 4196028 4192800 4193227 4194211 4195270 4194482 4192480 4194196 4194088 4193708 4195630 4195824 4197398 4192674 4198795 4196261 4194432 4193968 4194281 4198768 4190281 4195025 4194371 4193021 4195732 4193339 4195810 4193090 4194510 4196911 4193493 4194811 4195085 4190703 4191652 4196052 4196603 4195681 4196622 4198424 4194816 4193869 4196151 4196478 4193926 4193796 4192647 4196487 4195263 4193365 4197923 4195531 4193072 4193195 4193815 4190749 4194572 4195580 4193993 4193646 4198268 4195247 4197457 4197126 4191945 4193685 4193360 4194293 4197509 4196679 4194000 4192808 4191505 4192463 4193393 4192327 4194997 4197520 4194533 4192338 4196832 4193394 4194969 4192240 4190056 4193247 4194170 4192517 4196121 4196265 4194618 4194255 4193253 4194083 4195165 4195190 4197891 4194320 4194114 4194544 4195897 4194376 4191951 4192137 4195348 4196990 4191570 4188633 4191504 4195218 4196266 4198061 4192080 4194601 4196143 4196686 4196142 4196480 4192950 4192115 4192548 4193672 4196726 4194243 4199019 4193301 4192925 4192009 4196272 4197646 4190287 4191050 4194385 4192357 4196660 4190913 4190993 4193581 4193206 4192675 4193918 4194226 4191500 4197338 4191349 4197170 4191295 4198340 4195573 4191644 4194881 4192230 4191202 4193437 4192152 4195385 4196478 4198599 4194006 4193179 4195767 4194442 4191871 4195273 4193090 4191191 4197464 4198760 4197088 4196272 4192176 4193796 4192742 4190982 4195087 4191167 4192809 4189507 4196359 4192616 4193043 4195612 4194364 4195821 4192989 4197736 4191713 4193355 4193990 4190868 4194170 4192392 4192969 4193441 4192416 4195471 4193471 4192935 4195805 4195866 4192498 4199598 4194826 4192196 4196184 4196038 4193489 4191843 4193953 4192369 4192633 4194085 4189517 4196426 4195444 4197255 4194435 4194832 4195141 4197507 4193736 4193978 4192812 4191782 4195810 4195399 4198079 4194332 4194086 4193513 4192484 4193922 4194949 

Sum of all global histogram elements: 1073741824
Total pixels: 1073741824

Total time: 14.6273
outputs/output_nodes_4_processes_4_threads_32_size_30_20180601_093435.csv
ARRAY_SIZE: 65536
simul == true
ARRAY_SIZE: 65536
simul == true
ARRAY_SIZE: 65536
simul == true
ARRAY_SIZE: 65536
simul == true
after allocation of image_simul
after allocation of image_simul
after allocation of image_simul
after allocation of image_simul
after initialization of image_simul
Width: 65536
Height: 65536
after initialization of image_simul
Width: 65536
Height: 65536
after initialization of image_simul
Width: 65536
Height: 65536
after initialization of image_simul
Width: 65536
Height: 65536
Hello from process 0 of 4 running in processor r1i2n10
Hello from process 3 of 4 running in processor r1i2n13
Hello from process 2 of 4 running in processor r1i2n12
Hello from process 1 of 4 running in processor r1i2n11

Number of threads is: 32

Number of threads is: 32

Number of threads is: 32

Number of threads is: 32
ROI time: 1.13836

Global histogram: 
16773642 16781422 16766776 16779090 16774704 16782205 16775107 16771722 16778904 16780479 16778763 16779265 16782375 16774277 16779092 16784374 16778088 16774870 16770365 16773668 16778421 16778732 16772530 16779036 16780084 16773489 16781008 16782954 16783574 16773252 16779252 16774678 16778460 16782232 16779126 16780150 16773548 16778593 16774361 16783017 16781549 16777465 16776347 16782041 16782669 16773930 16774043 16776893 16767921 16779979 16765249 16779745 16780889 16777258 16777760 16775479 16780427 16778707 16777872 16781510 16773965 16778366 16774193 16780167 16774996 16782877 16780076 16774573 16778953 16770563 16778757 16773020 16767164 16772017 16773992 16776263 16777610 16777523 16778064 16779979 16784352 16778337 16776153 16784662 16772449 16776939 16783515 16784915 16776459 16777716 16776813 16776018 16775618 16778263 16769288 16786535 16775807 16772902 16771024 16774574 16771449 16774823 16771526 16783551 16775436 16774134 16780160 16780259 16779030 16778540 16776370 16781974 16776225 16780148 16779787 16782454 16787044 16780234 16776774 16779023 16772816 16778918 16782191 16775566 16772656 16773847 16776953 16773235 16777061 16777218 16773706 16783677 16781215 16777827 16778646 16779299 16772791 16774198 16774385 16777954 16770600 16782858 16781433 16778436 16782327 16771438 16774211 16785979 16780025 16778502 16778662 16780795 16773917 16783328 16774197 16782132 16781605 16780030 16779096 16776130 16778904 16782868 16777765 16775654 16788334 16776616 16783186 16776525 16763597 16778195 16782590 16773016 16775728 16773648 16779216 16778000 16775084 16773802 16783180 16780342 16777956 16780693 16775153 16774586 16779973 16771093 16781711 16774145 16772567 16773305 16775885 16784971 16761863 16775803 16780826 16780437 16774044 16776252 16771614 16770213 16780157 16779302 16775334 16773259 16776570 16776383 16782572 16778958 16782842 16776585 16770163 16779164 16771167 16778285 16780452 16772806 16774621 16779036 16776602 16775163 16778747 16780443 16776709 16777799 16775119 16773234 16776012 16781433 16777144 16774990 16776100 16771517 16777726 16777044 16777759 16781392 16778110 16779022 16776063 16774414 16774818 16778486 16770641 16771973 16779518 16773286 16777483 16775860 16769141 16769906 16776268 16782825 16778103 16775866 16778546 16777362 

Sum of all global histogram elements: 4294967296
Total pixels: 4294967296

Total time: 57.5569
outputs/output_nodes_4_processes_4_threads_32_size_32_20180601_093533.csv
ARRAY_SIZE: 131072
simul == true
ARRAY_SIZE: 131072
simul == true
ARRAY_SIZE: 131072
simul == true
ARRAY_SIZE: 131072
simul == true
after allocation of image_simul
after allocation of image_simul
after allocation of image_simul
after allocation of image_simul
after initialization of image_simul
Width: 131072
Height: 131072
after initialization of image_simul
Width: 131072
Height: 131072
after initialization of image_simul
Width: 131072
Height: 131072
after initialization of image_simul
Width: 131072
Height: 131072
Hello from process 0 of 4 running in processor r1i2n10
Hello from process 3 of 4 running in processor r1i2n13
Hello from process 2 of 4 running in processor r1i2n12

Number of threads is: 32

Number of threads is: 32

Number of threads is: 32
Hello from process 1 of 4 running in processor r1i2n11

Number of threads is: 32
ROI time: 2.35256

Global histogram: 
67108711 67107843 67102036 67104852 67106241 67099771 67104257 67116577 67110420 67112589 67106958 67107627 67107560 67117858 67118689 67098600 67126191 67106202 67102064 67111528 67110554 67112769 67094272 67114233 67093335 67089754 67110856 67116983 67115710 67101730 67100619 67111055 67106348 67108308 67117451 67088880 67114528 67114514 67110199 67110464 67107945 67108575 67099231 67097904 67116211 67114749 67095411 67110003 67098076 67110436 67111118 67116006 67112301 67107281 67114994 67114301 67119617 67112230 67110258 67112412 67107365 67114067 67105151 67124106 67102197 67108275 67103731 67120523 67102724 67115649 67111853 67120080 67096397 67094164 67100617 67114861 67109823 67107987 67095407 67128319 67114646 67109730 67103921 67098671 67096619 67102045 67116316 67106540 67117975 67093147 67112011 67100946 67121463 67093118 67106199 67120473 67105353 67112043 67113533 67107422 67129797 67107911 67112472 67110294 67109951 67109736 67105701 67110233 67113796 67115215 67123407 67115427 67104389 67112708 67112378 67126078 67121436 67125439 67118769 67092178 67095413 67116438 67106446 67108075 67110730 67099021 67115671 67122688 67115853 67093099 67108320 67115835 67109694 67096151 67107182 67096704 67113031 67119885 67097208 67116307 67113208 67106243 67111767 67111161 67108391 67095323 67117941 67109925 67103627 67111209 67126121 67106675 67102152 67129596 67109661 67098683 67112365 67125086 67115751 67102602 67103322 67111637 67104853 67109740 67105980 67116459 67112540 67107288 67102438 67121258 67106404 67086481 67116701 67117548 67110848 67105289 67111245 67118726 67116653 67100014 67102582 67114379 67125730 67127170 67108361 67104050 67116009 67109309 67102379 67105132 67100809 67114893 67103884 67107230 67113222 67097718 67108507 67106962 67114986 67119509 67103505 67092598 67106767 67110105 67118261 67098844 67106389 67103283 67119834 67095841 67097539 67106785 67103242 67104091 67113948 67097038 67094505 67120234 67113865 67106171 67114249 67092943 67112711 67122169 67109803 67099948 67101574 67109818 67109866 67114713 67110803 67100203 67097485 67097638 67098999 67114780 67113073 67101388 67112050 67113141 67103108 67103910 67108315 67115447 67106100 67126479 67105775 67100636 67100160 67104753 67113578 67110618 67104269 67106561 67099273 67109543 

Sum of all global histogram elements: 17179869184
Total pixels: 17179869184

Total time: 227.736
outputs/output_nodes_4_processes_4_threads_32_size_34_20180601_093921.csv
ARRAY_SIZE: 262144
simul == true
ARRAY_SIZE: 262144
simul == true
ARRAY_SIZE: 262144
simul == true
ARRAY_SIZE: 262144
simul == true
after allocation of image_simul
after allocation of image_simul
after allocation of image_simul
after allocation of image_simul
after initialization of image_simul
Width: 262144
Height: 262144
after initialization of image_simul
Width: 262144
Height: 262144
after initialization of image_simul
Width: 262144
Height: 262144
after initialization of image_simul
Width: 262144
Height: 262144
Hello from process 0 of 4 running in processor r1i2n10
Hello from process 3 of 4 running in processor r1i2n13
Hello from process 2 of 4 running in processor r1i2n12

Number of threads is: 32

Number of threads is: 32

Number of threads is: 32
Hello from process 1 of 4 running in processor r1i2n11

Number of threads is: 32
ROI time: 6.32727

Global histogram: 
268435879 268432683 268422380 268431529 268439408 268452994 268476951 268455284 268443648 268445660 268430480 268430655 268419342 268442573 268437641 268398836 268440500 268408682 268428769 268438366 268440102 268431375 268468990 268445930 268439793 268445724 268436170 268405445 268404461 268423267 268403534 268435863 268433926 268437051 268451771 268459115 268433313 268429536 268444729 268444108 268444861 268459871 268411207 268403315 268406661 268414691 268429960 268431453 268412271 268432146 268445292 268430326 268440877 268450751 268430267 268434417 268482364 268426578 268434508 268455785 268412938 268454415 268458636 268448907 268448801 268455991 268449475 268436446 268455603 268424228 268439150 268441420 268433913 268422583 268410335 268417013 268408032 268405099 268442981 268439610 268417144 268429065 268424818 268405959 268447360 268439468 268427953 268428984 268432526 268442743 268428177 268451315 268447325 268447166 268440910 268432232 268440937 268427656 268439598 268426235 268486484 268439034 268435949 268464918 268454904 268435936 268415572 268454739 268431301 268455047 268427362 268411081 268440905 268420422 268425537 268428373 268431807 268435966 268436620 268417422 268477234 268440214 268409358 268458692 268428393 268483691 268416604 268434542 268446062 268439608 268423738 268435878 268430815 268465498 268423570 268457536 268456710 268456224 268420953 268414651 268416351 268450274 268436684 268415030 268433679 268419371 268443517 268422978 268455169 268453102 268423765 268451478 268433411 268444862 268441798 268419470 268422212 268424925 268426976 268441736 268426994 268420653 268441367 268419978 268445995 268425057 268459559 268428664 268432210 268425309 268442235 268468351 268455803 268440525 268434766 268446226 268433148 268456719 268419339 268425497 268452043 268443451 268415633 268458940 268447061 268453387 268421479 268406295 268421512 268427831 268444080 268423510 268455477 268411172 268407195 268406342 268417370 268453847 268473513 268440309 268449993 268437107 268412711 268434579 268437572 268449319 268451681 268420085 268459859 268416589 268417209 268439143 268441091 268465709 268441556 268419651 268448884 268436496 268385281 268408017 268419711 268437796 268411145 268417412 268441269 268435994 268419917 268440262 268470813 268435327 268437155 268425625 268437578 268460159 268441021 268448723 268408762 268426050 268438750 268430023 268435982 268401258 268432897 268409287 268449719 268473122 268428912 268416674 268453567 268411500 268427597 268447726 268448698 268462967 268412133 268446482 

Sum of all global histogram elements: 68719476736
Total pixels: 68719476736

Total time: 907.138
outputs/output_nodes_4_processes_4_threads_32_size_36_20180601_095430.csv
ARRAY_SIZE: 32768
simul == true
ARRAY_SIZE: 32768
simul == true
ARRAY_SIZE: 32768
simul == true
ARRAY_SIZE: 32768
simul == true
after allocation of image_simul
after allocation of image_simul
after allocation of image_simul
after allocation of image_simul
after initialization of image_simul
Width: 32768
Height: 32768
after initialization of image_simul
Width: 32768
Height: 32768
after initialization of image_simul
Width: 32768
Height: 32768
after initialization of image_simul
Width: 32768
Height: 32768
Hello from process 0 of 4 running in processor r1i2n10
Hello from process 3 of 4 running in processor r1i2n13
Hello from process 1 of 4 running in processor r1i2n11

Number of threads is: 32
Hello from process 2 of 4 running in processor r1i2n12

Number of threads is: 32

Number of threads is: 32

Number of threads is: 32
ROI time: 0.511779

Global histogram: 
4197935 4193493 4193786 4193668 4195026 4195208 4194847 4196784 4194926 4195711 4199600 4195646 4194256 4193635 4192988 4192034 4194258 4194191 4194099 4197461 4192762 4196021 4197604 4195439 4194103 4194134 4192852 4193203 4194721 4194192 4196159 4193221 4194889 4190811 4194626 4194720 4196762 4191981 4194180 4195217 4192106 4192609 4194823 4194519 4196860 4191743 4192546 4193170 4197015 4197759 4195094 4193473 4193316 4197776 4195752 4191450 4190663 4194633 4192424 4193611 4192012 4196455 4189238 4194351 4196930 4193680 4193142 4193551 4194981 4195937 4193553 4194293 4191798 4194841 4193188 4193149 4193899 4198277 4192012 4198025 4191692 4191599 4192903 4196458 4194806 4193581 4194594 4190465 4191559 4192976 4198962 4196092 4192653 4189925 4196479 4191559 4193120 4191834 4192325 4194440 4191443 4193386 4194254 4193803 4196162 4194711 4190602 4193091 4193137 4194309 4195870 4194424 4194851 4197005 4196132 4192835 4189920 4197164 4199465 4196529 4194771 4195204 4195361 4194735 4195365 4195873 4191043 4195472 4194641 4191473 4192708 4196185 4195085 4193864 4195376 4196110 4194894 4197008 4192107 4195811 4190703 4193534 4190599 4196937 4194128 4196012 4194122 4196382 4194928 4193061 4194297 4196580 4196219 4194846 4198711 4192647 4193759 4194467 4196993 4198742 4192521 4195174 4191492 4192118 4193461 4191777 4196126 4194201 4191676 4193309 4193914 4194063 4197608 4192368 4195535 4194864 4195008 4196176 4195231 4192197 4194895 4192396 4193757 4191626 4191796 4198749 4192807 4190438 4193858 4193931 4198401 4193084 4191966 4193812 4195239 4193616 4192812 4196903 4196390 4195490 4193614 4194883 4195919 4196412 4193357 4193438 4196552 4193801 4193415 4193794 4196403 4195037 4194153 4191465 4193853 4194116 4197786 4196147 4195938 4193220 4198971 4193174 4189785 4194765 4193632 4191704 4196220 4194950 4196057 4192890 4192772 4194329 4195936 4195912 4196050 4194222 4194095 4192222 4192358 4192611 4191223 4195576 4192111 4192188 4192167 4196832 4191948 4193463 4192304 4198218 4195834 4194879 4193502 4195772 4195823 4193570 

Sum of all global histogram elements: 1073741824
Total pixels: 1073741824

Total time: 14.6397
outputs/output_nodes_4_processes_4_threads_32_size_30_20180601_095448.csv
ARRAY_SIZE: 65536
simul == true
ARRAY_SIZE: 65536
simul == true
ARRAY_SIZE: 65536
simul == true
ARRAY_SIZE: 65536
simul == true
after allocation of image_simul
after allocation of image_simul
after allocation of image_simul
after allocation of image_simul
after initialization of image_simul
Width: 65536
Height: 65536
after initialization of image_simul
Width: 65536
Height: 65536
after initialization of image_simul
Width: 65536
Height: 65536
after initialization of image_simul
Width: 65536
Height: 65536
Hello from process 0 of 4 running in processor r1i2n10
Hello from process 3 of 4 running in processor r1i2n13
Hello from process 2 of 4 running in processor r1i2n12

Number of threads is: 32
Hello from process 1 of 4 running in processor r1i2n11

Number of threads is: 32

Number of threads is: 32

Number of threads is: 32
ROI time: 1.13296

Global histogram: 
16774065 16774857 16776931 16769021 16779668 16779183 16775208 16774389 16777261 16776006 16771171 16777358 16774889 16780248 16777906 16773239 16781173 16779367 16772923 16774655 16781020 16769732 16774684 16771805 16776609 16775956 16775211 16783264 16774273 16778374 16780036 16774623 16779642 16778023 16781325 16781199 16775518 16776846 16775124 16781984 16775379 16781308 16773987 16775536 16775412 16772656 16773405 16776628 16783066 16777172 16777349 16775478 16775819 16779227 16776536 16780137 16775703 16781732 16778684 16778606 16777535 16775803 16784073 16779393 16771761 16770994 16780659 16776285 16782473 16776404 16770584 16788195 16776747 16776893 16777471 16766794 16782174 16788779 16771508 16772155 16785094 16774515 16777711 16773564 16772704 16778468 16782423 16784876 16777323 16776563 16787136 16776901 16780253 16771734 16774368 16775104 16778435 16773701 16777247 16775195 16776983 16779258 16774198 16772912 16780842 16776808 16772994 16776852 16783886 16776880 16773782 16775992 16773280 16784705 16772716 16771920 16785763 16774181 16775266 16776010 16769991 16778794 16780235 16777295 16778905 16775937 16774532 16774154 16775034 16779243 16780472 16783543 16776820 16768662 16784168 16777179 16770443 16773936 16776149 16777481 16779207 16777095 16778462 16774158 16769211 16779308 16781782 16778156 16776634 16777715 16775952 16772242 16771865 16772601 16784817 16779159 16773359 16772394 16780550 16772511 16777374 16771394 16772310 16781466 16783058 16770926 16785033 16777477 16774790 16779265 16780615 16777543 16779994 16773699 16776420 16783355 16782666 16779166 16777984 16779464 16781072 16787775 16779884 16776282 16776249 16776228 16776598 16789265 16779427 16782099 16778209 16775495 16778838 16773961 16782630 16778070 16771391 16775414 16776872 16780195 16776632 16785222 16777750 16774462 16778969 16778947 16776003 16777497 16771170 16781667 16779071 16772681 16778114 16777049 16777843 16773734 16775547 16781570 16779761 16777050 16764654 16783044 16770001 16777516 16779632 16767507 16774418 16782473 16778072 16781394 16778299 16773773 16766491 16782048 16770913 16775109 16779817 16778809 16779387 16782500 16776732 16775373 16775475 16774346 16776180 16778912 16779879 16777885 16774214 16771825 16780369 16778195 16781929 16783411 16778957 16783105 

Sum of all global histogram elements: 4294967296
Total pixels: 4294967296

Total time: 57.5289
outputs/output_nodes_4_processes_4_threads_32_size_32_20180601_095546.csv
ARRAY_SIZE: 131072
simul == true
ARRAY_SIZE: 131072
simul == true
ARRAY_SIZE: 131072
simul == true
ARRAY_SIZE: 131072
simul == true
after allocation of image_simul
after allocation of image_simul
after allocation of image_simul
after allocation of image_simul
after initialization of image_simul
Width: 131072
Height: 131072
after initialization of image_simul
Width: 131072
Height: 131072
after initialization of image_simul
Width: 131072
Height: 131072
after initialization of image_simul
Width: 131072
Height: 131072
Hello from process 0 of 4 running in processor r1i2n10

Number of threads is: 32
Hello from process 3 of 4 running in processor r1i2n13

Number of threads is: 32
Hello from process 1 of 4 running in processor r1i2n11

Number of threads is: 32
Hello from process 2 of 4 running in processor r1i2n12

Number of threads is: 32
ROI time: 2.34029

Global histogram: 
67105503 67106662 67116870 67110693 67103906 67118683 67100079 67105516 67116494 67119230 67112016 67116314 67100881 67102975 67107422 67095660 67122685 67114308 67105375 67116494 67109560 67116403 67101510 67121768 67110931 67103599 67103280 67121659 67106542 67127253 67121160 67112609 67118554 67107504 67117114 67110812 67104378 67100470 67111568 67099527 67101809 67108530 67117532 67119915 67099353 67097130 67108341 67104906 67103496 67118685 67119224 67109878 67109815 67111680 67123642 67102441 67090655 67118117 67108291 67121514 67104742 67115179 67119742 67101149 67104943 67101775 67101024 67115068 67106630 67094786 67114383 67096439 67113416 67108086 67110088 67115463 67126210 67118555 67108005 67107708 67100606 67130809 67114499 67110171 67123863 67117161 67108247 67124865 67105017 67101615 67095116 67105929 67121437 67090682 67114246 67109869 67111992 67110388 67102861 67109495 67104017 67082478 67107657 67087491 67106192 67115381 67118315 67105812 67101505 67102610 67118789 67103728 67102195 67116049 67110667 67103656 67106990 67095583 67112517 67111018 67107269 67101638 67104813 67098222 67123474 67105927 67118711 67113428 67115203 67101551 67103096 67103239 67106963 67101767 67101470 67114925 67122027 67103211 67122699 67111337 67111999 67112006 67113420 67112443 67103678 67099258 67114374 67115352 67112425 67105717 67105665 67111778 67107048 67106734 67103148 67106449 67085105 67113912 67113158 67106565 67105280 67107223 67096622 67125103 67096522 67109464 67119641 67091051 67113920 67100975 67104752 67125326 67120595 67100344 67111319 67100225 67109443 67111228 67092013 67120456 67118661 67120984 67104391 67109160 67111190 67105465 67100656 67102949 67109110 67101220 67108604 67117997 67102748 67112102 67116664 67125739 67105405 67121080 67108158 67095681 67113807 67099482 67106397 67104943 67120055 67108067 67122199 67109233 67116768 67110532 67117005 67100213 67100730 67106904 67099850 67099896 67102081 67110609 67107604 67097015 67115068 67118332 67100241 67103742 67105195 67108338 67096312 67111360 67092900 67101062 67112808 67111365 67124688 67103165 67105172 67114746 67100789 67122584 67118840 67115154 67096596 67104202 67088692 67109777 67118932 67122082 67106706 67108068 67096725 67099726 67102653 67105525 67117778 67116025 67102663 67113283 

Sum of all global histogram elements: 17179869184
Total pixels: 17179869184

Total time: 227.707
outputs/output_nodes_4_processes_4_threads_32_size_34_20180601_095934.csv
ARRAY_SIZE: 262144
simul == true
ARRAY_SIZE: 262144
simul == true
ARRAY_SIZE: 262144
simul == true
ARRAY_SIZE: 262144
simul == true
after allocation of image_simul
after allocation of image_simul
after allocation of image_simul
after allocation of image_simul
after initialization of image_simul
Width: 262144
Height: 262144
after initialization of image_simul
Width: 262144
Height: 262144
after initialization of image_simul
Width: 262144
Height: 262144
after initialization of image_simul
Width: 262144
Height: 262144
Hello from process 0 of 4 running in processor r1i2n10
Hello from process 2 of 4 running in processor r1i2n12

Number of threads is: 32
Hello from process 3 of 4 running in processor r1i2n13
Hello from process 1 of 4 running in processor r1i2n11

Number of threads is: 32

Number of threads is: 32

Number of threads is: 32
ROI time: 6.27756

Global histogram: 
268440317 268447113 268422110 268437084 268418201 268453655 268447640 268429164 268476829 268433662 268414050 268415571 268443690 268426940 268425778 268437908 268440414 268447816 268443339 268419663 268418050 268424091 268405769 268455274 268413557 268453213 268448474 268422050 268470027 268451790 268451042 268435468 268431125 268465546 268451400 268430699 268433793 268416535 268441866 268429964 268431927 268434174 268455679 268432202 268410779 268443867 268448232 268440942 268440431 268432181 268456136 268440027 268438857 268442717 268430316 268421313 268431967 268442243 268416145 268442492 268432106 268471619 268451104 268435403 268450775 268414787 268434417 268446261 268413962 268433183 268443931 268439360 268455591 268425954 268429534 268466229 268407717 268437654 268412741 268426495 268451616 268432483 268430761 268428609 268448462 268425595 268437876 268400253 268457671 268457928 268443898 268420267 268428981 268442148 268432403 268429337 268431508 268450410 268464782 268431779 268440899 268420315 268420686 268443449 268444552 268432564 268432182 268434970 268428739 268444057 268428434 268455264 268432701 268445108 268432953 268423021 268416706 268420227 268445568 268420256 268426936 268460053 268449295 268446856 268470596 268451293 268463998 268454019 268455647 268417113 268438808 268445465 268437417 268450608 268432289 268426425 268446932 268422167 268435976 268421165 268424790 268447012 268422372 268431478 268426385 268455592 268416959 268423625 268413780 268423313 268428900 268436704 268389123 268401791 268460398 268447865 268435203 268440199 268443908 268433680 268454697 268413791 268429879 268448660 268422067 268414693 268443006 268428514 268424274 268431547 268408659 268438830 268442852 268415035 268442025 268429400 268417487 268414612 268442649 268448248 268431862 268445855 268435270 268446362 268433688 268445804 268406359 268427729 268421788 268441284 268431676 268459726 268432730 268434704 268444310 268421534 268419924 268431050 268459526 268424457 268439461 268453248 268421978 268440505 268446591 268426961 268435022 268427791 268427063 268445487 268417842 268417766 268415617 268444920 268452272 268438525 268452247 268451081 268463509 268411161 268435583 268439643 268418223 268447781 268445081 268457704 268445486 268456112 268440237 268425866 268431881 268424956 268445835 268435517 268416137 268430384 268443106 268442762 268432356 268413124 268437623 268430801 268438650 268437610 268428203 268442482 268418903 268448241 268444499 268433776 268451156 268411165 268425118 268434730 268423040 268409675 

Sum of all global histogram elements: 68719476736
Total pixels: 68719476736

Total time: 906.872
outputs/output_nodes_4_processes_4_threads_32_size_36_20180601_101442.csv
