ARRAY_SIZE: 65536
simul == true
ARRAY_SIZE: 65536
simul == true
after allocation of image_simul
after allocation of image_simul
after initialization of image_simul
Width: 65536
Height: 65536
after initialization of image_simul
Width: 65536
Height: 65536
Hello from process 1 of 2 running in processor r1i0n17

Number of threads is: 8
Hello from process 0 of 2 running in processor r1i0n16

Number of threads is: 8
ROI time: 9.50947

Global histogram: 
16777902 16778464 16777358 16772466 16785733 16783585 16778576 16779210 16774408 16778676 16785053 16775983 16776395 16779507 16778682 16777496 16779227 16783171 16776954 16768139 16776238 16776245 16770878 16777367 16777179 16771168 16788204 16774696 16782873 16784281 16775234 16773882 16777707 16775618 16772783 16772773 16776451 16777635 16776082 16775760 16775786 16779381 16784947 16778392 16780722 16780953 16779705 16773595 16768007 16772488 16769982 16772462 16781091 16776045 16781421 16771928 16775177 16780139 16779622 16779343 16781876 16777757 16779820 16778009 16776666 16784254 16778452 16776795 16775584 16773066 16771652 16781560 16778897 16783460 16776545 16783750 16775199 16773641 16776198 16761019 16780778 16775924 16771497 16773523 16771193 16780270 16783501 16776306 16780311 16779452 16779145 16773359 16777488 16770307 16781736 16772540 16779493 16784619 16781380 16781282 16782821 16776935 16775962 16779622 16771715 16779141 16770820 16782784 16779412 16779123 16778046 16774001 16773563 16777336 16780971 16783768 16782151 16781521 16776118 16777428 16778008 16774881 16766619 16780669 16778980 16769984 16782044 16770623 16777802 16780878 16775522 16778410 16778750 16784728 16779464 16773510 16779159 16774185 16773664 16772307 16772460 16774731 16780802 16785716 16767198 16778372 16784464 16776178 16776573 16776998 16778210 16772855 16779007 16778303 16781961 16778685 16775769 16781699 16781552 16780411 16766791 16784268 16777496 16782639 16783660 16777855 16776722 16778890 16775828 16778199 16774789 16773555 16778432 16774854 16781451 16778278 16772843 16775166 16777554 16781561 16775736 16772203 16775587 16774878 16779147 16774022 16776296 16775371 16772651 16774806 16767546 16772674 16780138 16782125 16777449 16779592 16770454 16781881 16774076 16769850 16774193 16777234 16780535 16780244 16776804 16779608 16781756 16778474 16778195 16776136 16776342 16775462 16776662 16774008 16779862 16782177 16768785 16780647 16783116 16770751 16772555 16771207 16776946 16781856 16775954 16769622 16777514 16776250 16775837 16777399 16780292 16784261 16770458 16779457 16774377 16780587 16772048 16778411 16769185 16778404 16782519 16778783 16774393 16778298 16774501 16779243 16775992 16775594 16779566 16777077 16776936 16773963 16778923 16774163 16787379 16774144 

Sum of all global histogram elements: 4294967296
Total pixels: 4294967296

Total time: 65.8745
