ROWS_SIZE: 65536
COLUMNS_SIZE: 65536
simul == true
ROWS_SIZE: 65536
COLUMNS_SIZE: 65536
simul == true
ROWS_SIZE: 65536
COLUMNS_SIZE: 65536
simul == true
ROWS_SIZE: 65536
COLUMNS_SIZE: 65536
simul == true
after allocation of image_simul
after allocation of image_simul
after allocation of image_simul
after allocation of image_simul
after initialization of image_simul
Width: 65536
Height: 65536
after initialization of image_simul
Width: 65536
Height: 65536
after initialization of image_simul
Width: 65536
Height: 65536
after initialization of image_simul
Width: 65536
Height: 65536
Hello from process 0 of 4 running in processor r1i1n6
Hello from process 1 of 4 running in processor r1i2n4
Hello from process 2 of 4 running in processor r1i2n5

Number of threads is: 32

Number of threads is: 32

Number of threads is: 32
Hello from process 3 of 4 running in processor r1i2n6

Number of threads is: 32
ROI time: 1.1151

Global histogram: 
16782011 16779181 16772292 16776329 16767863 16771957 16777082 16783402 16776787 16778011 16776862 16768224 16778199 16774977 16773150 16778226 16783633 16775228 16777875 16780216 16777159 16779559 16783492 16781003 16777934 16772741 16775106 16775925 16772189 16771032 16776853 16774106 16773495 16781567 16780154 16778707 16777314 16770242 16772971 16776537 16774038 16774806 16778205 16776880 16780712 16773165 16778431 16771889 16770193 16777714 16778686 16774214 16776099 16780271 16779187 16775606 16773508 16783321 16780140 16766222 16775773 16779305 16775500 16776874 16777539 16773853 16775254 16777016 16778607 16777120 16789504 16776535 16782785 16774926 16774474 16784021 16776735 16781527 16778345 16775641 16773232 16777956 16781022 16778545 16783700 16782260 16770370 16774716 16780893 16778553 16778055 16780167 16787824 16775487 16780071 16775527 16773278 16771157 16780384 16773270 16781494 16777055 16777879 16772085 16773838 16773378 16775673 16779771 16778351 16780629 16772538 16770974 16777786 16784456 16781536 16783597 16771828 16776943 16778042 16779575 16771243 16779725 16773238 16777624 16778941 16776665 16774681 16773251 16771175 16777253 16776235 16787485 16778442 16775198 16773658 16781084 16777534 16782179 16781855 16775986 16775119 16775525 16779136 16783890 16783605 16775074 16774380 16782137 16783594 16780164 16774083 16772087 16771402 16782856 16777443 16775879 16778201 16776645 16775026 16773625 16778149 16780069 16770804 16784290 16780978 16773487 16772624 16780727 16774366 16772829 16777870 16782133 16773927 16777226 16776056 16777935 16778072 16775308 16771356 16778518 16777423 16775040 16780116 16783706 16778734 16783430 16771964 16774447 16777809 16779477 16775405 16775220 16776388 16773635 16776699 16776426 16774373 16773675 16782031 16772812 16783529 16777956 16779960 16776803 16778626 16775846 16779142 16778269 16778873 16777833 16772494 16779139 16776668 16779610 16772483 16774501 16772511 16770776 16773008 16777880 16776791 16783935 16772447 16772309 16776503 16780317 16786590 16778919 16776582 16784353 16780920 16770342 16792050 16781696 16775285 16768165 16785319 16780190 16783448 16781219 16780938 16781417 16774347 16769984 16777227 16775231 16772496 16780847 16778764 16777751 16779981 16775515 16775213 16777404 16773387 16776543 

Sum of all global histogram elements: 4294967296
Total pixels: 4294967296

Total time: 59.1409
outputs/output_nodes_4_processes_4_threads_32_size_32_20180604_170700.csv
ROWS_SIZE: 131072
COLUMNS_SIZE: 65536
simul == true
ROWS_SIZE: 131072
COLUMNS_SIZE: 65536
simul == true
ROWS_SIZE: 131072
COLUMNS_SIZE: 65536
simul == true
ROWS_SIZE: 131072
COLUMNS_SIZE: 65536
simul == true
after allocation of image_simul
after allocation of image_simul
after allocation of image_simul
after allocation of image_simul
after initialization of image_simul
Width: 65536
Height: 131072
after initialization of image_simul
Width: 65536
Height: 131072
after initialization of image_simul
Width: 65536
Height: 131072
after initialization of image_simul
Width: 65536
Height: 131072
Hello from process 0 of 4 running in processor r1i1n6
Hello from process 2 of 4 running in processor r1i2n5

Number of threads is: 32
Hello from process 1 of 4 running in processor r1i2n4
Hello from process 3 of 4 running in processor r1i2n6

Number of threads is: 32

Number of threads is: 32

Number of threads is: 32
ROI time: 2.25402

Global histogram: 
33558849 33555602 33547556 33559099 33557945 33557459 33547244 33555286 33559257 33557393 33549029 33561497 33557188 33552183 33555446 33548379 33559867 33554424 33561717 33550264 33557125 33550040 33557894 33551397 33546313 33555025 33549899 33554255 33557839 33560542 33555733 33550049 33554154 33554402 33549651 33547823 33546853 33557669 33558049 33542861 33541748 33550893 33555413 33551839 33560114 33561184 33551800 33560200 33549173 33552993 33558445 33554793 33558258 33547857 33553228 33555155 33559528 33551531 33543906 33553768 33557124 33558024 33560057 33559068 33547130 33551684 33563490 33548374 33561713 33548408 33560452 33539376 33554822 33547524 33559071 33568507 33555976 33546708 33550533 33568283 33551073 33565766 33557752 33547068 33548043 33555610 33544828 33558721 33548928 33552127 33564488 33555308 33560853 33546927 33547668 33564555 33555347 33543986 33546741 33561848 33558966 33555522 33558180 33556447 33555441 33552683 33557425 33553242 33561297 33554677 33555163 33545124 33549681 33558263 33552727 33555064 33550712 33556956 33546343 33549284 33559858 33562743 33555193 33555087 33560174 33549905 33554656 33556595 33556864 33564137 33559360 33548870 33557698 33551522 33557220 33563341 33546376 33556939 33556096 33557990 33555717 33561547 33555018 33557658 33556113 33552863 33556163 33544939 33554017 33555091 33540321 33557177 33556738 33563544 33554307 33555559 33563071 33556720 33562425 33550832 33563049 33552718 33555084 33558216 33563216 33558537 33560720 33557392 33554092 33548654 33555427 33552152 33554511 33553881 33548983 33550488 33553453 33552548 33546264 33549133 33553303 33561038 33545997 33542769 33555409 33556611 33558978 33556492 33548949 33558536 33557199 33551915 33552925 33563903 33564703 33551620 33546639 33553090 33553135 33561001 33556460 33548206 33562750 33554207 33554688 33552227 33553901 33561902 33564033 33555572 33556141 33555593 33562295 33550620 33561391 33548172 33541215 33565208 33557254 33555588 33548083 33559072 33546089 33547425 33551309 33556233 33540169 33564664 33556979 33552430 33555695 33558216 33537734 33562961 33547207 33555792 33549220 33561816 33555337 33548145 33551784 33553132 33564987 33546142 33559088 33544891 33547965 33546944 33556262 33545580 33552112 33545014 33555853 33556808 33550628 33559988 

Sum of all global histogram elements: 8589934592
Total pixels: 8589934592

Total time: 118.191
outputs/output_nodes_4_processes_4_threads_32_size_33_20180604_170859.csv
ROWS_SIZE: 262144
COLUMNS_SIZE: 65536
simul == true
ROWS_SIZE: 262144
COLUMNS_SIZE: 65536
simul == true
ROWS_SIZE: 262144
COLUMNS_SIZE: 65536
simul == true
ROWS_SIZE: 262144
COLUMNS_SIZE: 65536
simul == true
after allocation of image_simul
after allocation of image_simul
after allocation of image_simul
after allocation of image_simul
after initialization of image_simul
Width: 65536
Height: 262144
after initialization of image_simul
Width: 65536
Height: 262144
after initialization of image_simul
Width: 65536
Height: 262144
after initialization of image_simul
Width: 65536
Height: 262144
Hello from process 0 of 4 running in processor r1i1n6
Hello from process 2 of 4 running in processor r1i2n5
Hello from process 1 of 4 running in processor r1i2n4
Hello from process 3 of 4 running in processor r1i2n6

Number of threads is: 32

Number of threads is: 32

Number of threads is: 32

Number of threads is: 32
ROI time: 4.4249

Global histogram: 
67115770 67104857 67106538 67106071 67111684 67118712 67106472 67115393 67109450 67126716 67115500 67099025 67107764 67101984 67095628 67132265 67113077 67111480 67117950 67110503 67113666 67120108 67109363 67102825 67107211 67092859 67109075 67107039 67104962 67115722 67096035 67114190 67095561 67119484 67111538 67120871 67089238 67109961 67117075 67116715 67090267 67115959 67116429 67099217 67123677 67122651 67099698 67122278 67110514 67114160 67108552 67118121 67102350 67117889 67090328 67088256 67116800 67106370 67114756 67116845 67108824 67122503 67106187 67107783 67122738 67114463 67108968 67110483 67111038 67115081 67111980 67109573 67095767 67115402 67112781 67110219 67120846 67094446 67114078 67107327 67114414 67114409 67111637 67098378 67102844 67125392 67109031 67105909 67101717 67099666 67121677 67098185 67107646 67099610 67109449 67107300 67094547 67111140 67096248 67126473 67107625 67123472 67113050 67104674 67114749 67087044 67101502 67107431 67092630 67104697 67103331 67122457 67118513 67115964 67093628 67113290 67108109 67100415 67100293 67121180 67102216 67116227 67111561 67117239 67115998 67102788 67103563 67112767 67095495 67113328 67098480 67115524 67091645 67101289 67115614 67107897 67107022 67106979 67121347 67091064 67090421 67104822 67105656 67108910 67105407 67113950 67101835 67111361 67107585 67107920 67100364 67109708 67110560 67104901 67098132 67110832 67112840 67106697 67117064 67117688 67114813 67105128 67109845 67119934 67095920 67104638 67114381 67122935 67086967 67108427 67114023 67110061 67098671 67124138 67117294 67113234 67106632 67112203 67108651 67118497 67109158 67107310 67121246 67111220 67116753 67110244 67112377 67119585 67106376 67136728 67115200 67111350 67104871 67106203 67106951 67112047 67090361 67101126 67115178 67116866 67118904 67108449 67112405 67102720 67105637 67111691 67087751 67108512 67125472 67110761 67114562 67101037 67113406 67118282 67094670 67101110 67105616 67116846 67088453 67115033 67097625 67107062 67112350 67118195 67107993 67112022 67096274 67114880 67099491 67110417 67100082 67105518 67105139 67117219 67102138 67107855 67103472 67093151 67100887 67104075 67102743 67128244 67110626 67096308 67118931 67115108 67101129 67111522 67085622 67096177 67097915 67100048 67118394 67113743 67103510 67134097 

Sum of all global histogram elements: 17179869184
Total pixels: 17179869184

Total time: 236.44
outputs/output_nodes_4_processes_4_threads_32_size_34_20180604_171256.csv
ROWS_SIZE: 524288
COLUMNS_SIZE: 65536
simul == true
ROWS_SIZE: 524288
COLUMNS_SIZE: 65536
simul == true
ROWS_SIZE: 524288
COLUMNS_SIZE: 65536
simul == true
ROWS_SIZE: 524288
COLUMNS_SIZE: 65536
simul == true
after allocation of image_simul
after allocation of image_simul
after allocation of image_simul
after allocation of image_simul
after initialization of image_simul
Width: 65536
Height: 524288
after initialization of image_simul
Width: 65536
Height: 524288
after initialization of image_simul
Width: 65536
Height: 524288
after initialization of image_simul
Width: 65536
Height: 524288
Hello from process 2 of 4 running in processor r1i2n5
Hello from process 0 of 4 running in processor r1i1n6
Hello from process 1 of 4 running in processor r1i2n4
Hello from process 3 of 4 running in processor r1i2n6

Number of threads is: 32

Number of threads is: 32

Number of threads is: 32

Number of threads is: 32
ROI time: 8.94589

Global histogram: 
134212994 134218893 134230810 134230329 134208947 134217286 134228708 134230740 134198049 134206128 134200681 134193709 134209860 134205084 134218419 134220438 134211064 134225465 134220398 134219874 134215861 134238606 134238854 134234619 134230736 134211880 134225047 134221317 134201270 134221894 134224358 134234647 134215005 134217710 134224475 134202449 134220356 134233450 134230333 134197619 134212748 134191028 134231872 134227675 134212558 134239949 134226283 134204070 134216208 134193749 134213189 134210428 134196696 134232660 134234581 134213233 134216014 134229841 134230570 134211449 134201569 134200878 134218270 134215189 134211474 134224216 134191668 134192799 134212700 134202359 134231353 134190013 134232048 134209953 134208000 134237917 134226714 134211412 134218876 134220744 134218080 134222890 134218472 134190014 134218663 134205880 134219719 134228607 134218827 134217727 134223733 134213408 134212429 134213650 134211521 134220726 134230748 134211136 134209893 134218864 134230016 134234518 134229790 134210542 134229545 134223046 134205002 134188682 134204121 134229768 134210586 134203672 134203585 134226589 134209529 134207043 134208449 134217674 134218124 134233560 134211934 134203041 134214639 134212341 134225480 134206153 134237198 134227757 134219822 134214714 134237345 134202992 134204438 134220264 134204248 134222561 134212070 134206667 134212455 134226124 134217811 134235574 134228408 134213164 134220932 134202405 134215804 134211770 134206713 134218852 134209742 134205485 134201277 134231227 134218432 134214787 134222772 134204663 134207005 134228884 134205830 134228916 134228655 134200590 134205297 134219312 134234799 134222890 134225098 134210790 134207069 134220462 134190623 134218554 134220151 134214348 134213160 134225879 134216315 134207168 134219411 134237426 134215205 134219916 134230388 134220208 134217361 134188769 134202644 134227563 134242696 134216556 134223092 134207412 134224347 134210088 134211796 134221200 134234361 134236473 134219956 134213945 134208976 134221375 134217528 134235131 134224412 134235439 134209533 134232696 134218083 134211690 134208635 134227178 134222806 134226646 134209559 134217759 134217697 134221235 134219985 134226305 134221968 134226814 134207269 134220913 134231795 134220538 134236799 134224683 134211866 134207214 134198559 134216208 134222555 134220408 134221353 134223845 134226903 134216167 134199804 134227241 134236216 134224919 134235328 134231816 134219352 134217050 134214448 134227136 134222775 134212582 134208764 134216001 134238980 134242619 

Sum of all global histogram elements: 34359738368
Total pixels: 34359738368

Total time: 472.835
outputs/output_nodes_4_processes_4_threads_32_size_35_20180604_172050.csv
ROWS_SIZE: 1048576
COLUMNS_SIZE: 65536
simul == true
ROWS_SIZE: 1048576
COLUMNS_SIZE: 65536
simul == true
ROWS_SIZE: 1048576
COLUMNS_SIZE: 65536
simul == true
ROWS_SIZE: 1048576
COLUMNS_SIZE: 65536
simul == true
after allocation of image_simul
after allocation of image_simul
after allocation of image_simul
after allocation of image_simul
after initialization of image_simul
Width: 65536
Height: 1048576
after initialization of image_simul
Width: 65536
Height: 1048576
after initialization of image_simul
Width: 65536
Height: 1048576
after initialization of image_simul
Width: 65536
Height: 1048576
Hello from process 0 of 4 running in processor r1i1n6
Hello from process 1 of 4 running in processor r1i2n4
Hello from process 2 of 4 running in processor r1i2n5

Number of threads is: 32
Hello from process 3 of 4 running in processor r1i2n6

Number of threads is: 32

Number of threads is: 32

Number of threads is: 32
ROI time: 17.9326

Global histogram: 
268412843 268445504 268430007 268412454 268417162 268431924 268445608 268418340 268445705 268443795 268432608 268447746 268410101 268451801 268448285 268445693 268396052 268447427 268459437 268431681 268404746 268437876 268417707 268440340 268429303 268430899 268435361 268480008 268432776 268457917 268432145 268462883 268424140 268452694 268417261 268437627 268370750 268412976 268427992 268441622 268425483 268446865 268461631 268446726 268412429 268456873 268432851 268450501 268407051 268439516 268452686 268461123 268433030 268402882 268420088 268463017 268416971 268426141 268430041 268443201 268417757 268461318 268439138 268407186 268426491 268473329 268471037 268431877 268412256 268443524 268429427 268453039 268448299 268446271 268443849 268420280 268387969 268466995 268416330 268435308 268435814 268424036 268437031 268434818 268420883 268430053 268433288 268435909 268391373 268426342 268424659 268426243 268415842 268435405 268447213 268450015 268402488 268457693 268467296 268439844 268417126 268438830 268430276 268447744 268413267 268437069 268428482 268471515 268412438 268427617 268408757 268461473 268433940 268445774 268452133 268415360 268435841 268454911 268424316 268468387 268429668 268433759 268432991 268373324 268413294 268451093 268466253 268455452 268418038 268443599 268455167 268439572 268425366 268436786 268437196 268427537 268461894 268421204 268426323 268423589 268430939 268425027 268416870 268425814 268417661 268445436 268452826 268455022 268433224 268437718 268445374 268453092 268398192 268452218 268443720 268461433 268419285 268431290 268410683 268447171 268417413 268445127 268413360 268473011 268405854 268438467 268400521 268455062 268416074 268444669 268421160 268451907 268409406 268443868 268442435 268445590 268400793 268476350 268462615 268457270 268420812 268461839 268446738 268427500 268423720 268440676 268439313 268454255 268397148 268444951 268432169 268449528 268429101 268418195 268460674 268458125 268427073 268418371 268420541 268433886 268436153 268426291 268447616 268448012 268430527 268432902 268427099 268460199 268447227 268455865 268442374 268476258 268417032 268450012 268414554 268454262 268425141 268432381 268447400 268448975 268403414 268439679 268428623 268459567 268427403 268449848 268435107 268463535 268415617 268444590 268417268 268447312 268408442 268464392 268410785 268464823 268419716 268432338 268456700 268451195 268395930 268444024 268432158 268449002 268415213 268429883 268440756 268455434 268414382 268423381 268465119 268449583 268397665 268480112 268441204 268438106 

Sum of all global histogram elements: 68719476736
Total pixels: 68719476736

Total time: 945.326
outputs/output_nodes_4_processes_4_threads_32_size_36_20180604_173638.csv
ROWS_SIZE: 65536
COLUMNS_SIZE: 65536
simul == true
ROWS_SIZE: 65536
COLUMNS_SIZE: 65536
simul == true
ROWS_SIZE: 65536
COLUMNS_SIZE: 65536
simul == true
ROWS_SIZE: 65536
COLUMNS_SIZE: 65536
simul == true
after allocation of image_simul
after allocation of image_simul
after allocation of image_simul
after allocation of image_simul
after initialization of image_simul
Width: 65536
Height: 65536
after initialization of image_simul
Width: 65536
Height: 65536
after initialization of image_simul
Width: 65536
Height: 65536
after initialization of image_simul
Width: 65536
Height: 65536
Hello from process 0 of 4 running in processor r1i1n6
Hello from process 2 of 4 running in processor r1i2n5
Hello from process 1 of 4 running in processor r1i2n4

Number of threads is: 32
Hello from process 3 of 4 running in processor r1i2n6

Number of threads is: 32

Number of threads is: 32

Number of threads is: 32
ROI time: 1.11848

Global histogram: 
16770773 16780512 16775154 16775006 16778575 16781174 16773084 16773269 16778477 16774987 16782337 16772403 16777315 16778295 16770152 16769804 16772701 16777032 16775749 16782027 16778663 16775001 16775690 16768915 16771873 16783067 16783088 16782478 16776035 16776523 16783766 16772098 16784765 16775833 16774388 16779656 16780960 16778472 16776156 16781601 16775705 16779937 16786634 16776763 16776446 16775697 16784453 16777501 16773844 16770341 16778286 16774448 16783769 16780117 16775649 16775795 16781975 16777925 16769420 16776588 16783309 16779463 16775376 16780672 16772747 16779645 16775222 16781155 16778803 16783729 16780799 16777656 16777003 16768928 16777039 16784834 16773624 16776393 16782745 16781700 16780267 16780324 16776772 16774266 16770764 16771014 16776653 16780518 16771605 16776150 16781546 16775795 16776252 16768842 16772774 16767971 16776509 16771302 16780558 16773340 16779404 16782316 16780169 16776553 16777619 16774934 16782489 16782555 16773958 16771588 16776795 16773905 16773301 16777033 16780620 16779595 16779450 16775895 16777573 16779063 16775071 16772687 16769619 16771530 16777121 16779974 16778800 16773160 16779346 16776528 16777226 16786450 16775783 16775634 16776208 16772674 16779822 16777935 16782270 16787625 16779315 16780106 16784349 16774698 16779993 16780742 16776349 16778963 16781491 16781067 16779949 16778808 16772669 16774001 16773424 16777358 16776055 16783209 16779992 16778967 16770337 16766088 16777671 16772602 16779436 16777716 16781275 16777999 16775705 16782567 16779915 16770049 16778113 16771180 16779603 16774341 16780661 16777876 16787582 16780440 16781904 16772588 16779593 16773328 16776707 16776913 16775270 16777235 16775513 16772106 16779133 16771998 16773960 16773844 16775332 16777974 16771234 16771881 16779583 16773718 16775777 16784708 16781522 16771892 16776509 16773933 16775882 16779046 16784724 16782288 16778977 16777327 16782962 16771277 16772685 16778158 16782302 16779811 16782981 16772382 16776516 16778962 16774718 16775098 16772836 16773673 16779551 16775814 16776408 16777073 16768080 16776919 16781979 16781197 16780468 16778813 16779403 16775760 16770525 16773460 16785501 16771376 16782360 16777641 16781285 16773695 16778394 16774859 16775594 16777890 16773396 16773334 16774167 16785357 16782675 16781412 

Sum of all global histogram elements: 4294967296
Total pixels: 4294967296

Total time: 59.1276
outputs/output_nodes_4_processes_4_threads_32_size_32_20180604_173741.csv
ROWS_SIZE: 131072
COLUMNS_SIZE: 65536
simul == true
ROWS_SIZE: 131072
COLUMNS_SIZE: 65536
simul == true
ROWS_SIZE: 131072
COLUMNS_SIZE: 65536
simul == true
ROWS_SIZE: 131072
COLUMNS_SIZE: 65536
simul == true
after allocation of image_simul
after allocation of image_simul
after allocation of image_simul
after allocation of image_simul
after initialization of image_simul
Width: 65536
Height: 131072
after initialization of image_simul
Width: 65536
Height: 131072
after initialization of image_simul
Width: 65536
Height: 131072
after initialization of image_simul
Width: 65536
Height: 131072
Hello from process 0 of 4 running in processor r1i1n6
Hello from process 3 of 4 running in processor r1i2n6
Hello from process 2 of 4 running in processor r1i2n5

Number of threads is: 32
Hello from process 1 of 4 running in processor r1i2n4

Number of threads is: 32

Number of threads is: 32

Number of threads is: 32
ROI time: 2.1908

Global histogram: 
33551056 33563234 33552775 33557704 33543822 33557161 33554310 33559441 33556457 33559376 33550480 33556366 33559677 33546822 33556480 33555762 33561296 33551663 33551802 33557020 33552337 33550808 33549091 33549864 33547246 33564097 33552980 33560626 33555372 33553781 33557899 33554131 33566301 33560661 33551651 33563072 33559816 33551030 33552543 33553515 33546469 33552584 33567019 33557985 33551203 33552817 33551549 33547037 33557414 33544808 33556525 33555068 33559176 33557279 33566063 33556303 33542502 33563883 33555119 33553765 33558508 33547436 33544546 33541257 33554583 33551519 33548117 33559171 33552356 33561743 33555987 33556328 33553639 33553402 33560543 33549787 33544814 33559457 33557899 33550211 33555328 33539801 33556070 33543515 33556462 33554872 33549917 33549024 33560500 33566092 33561185 33548971 33563357 33554715 33552373 33559028 33560242 33558464 33548582 33558793 33561143 33553524 33559777 33554965 33548712 33555356 33560167 33548870 33556937 33564043 33547464 33552426 33550326 33549153 33552008 33553389 33548549 33554064 33553218 33551870 33554798 33563640 33558473 33556722 33557470 33554454 33557080 33550097 33558883 33547236 33553234 33556408 33562000 33553985 33559683 33557087 33556261 33546039 33540692 33554043 33558466 33562230 33553478 33558248 33548837 33546739 33557762 33563039 33551571 33561253 33559498 33552221 33553077 33548213 33549720 33552044 33551766 33559088 33544937 33557792 33556983 33559807 33555853 33559588 33554386 33552643 33550825 33540083 33552667 33550057 33553482 33548628 33557122 33555661 33552570 33557175 33561360 33556305 33550032 33562969 33551401 33562209 33551226 33554089 33565843 33551443 33555292 33554081 33572144 33549338 33559888 33546702 33560401 33558769 33558526 33558497 33552973 33562922 33550001 33558721 33553256 33563815 33561328 33552579 33551111 33554226 33553138 33561980 33546752 33553822 33548498 33554662 33543821 33554789 33555943 33545865 33558700 33553281 33554184 33551573 33556317 33554963 33550470 33554750 33543406 33553890 33557572 33554615 33558040 33540204 33541753 33557525 33556787 33552250 33549313 33542003 33555038 33562889 33553219 33563099 33548857 33558298 33556733 33548830 33553204 33535940 33565796 33553991 33547003 33559172 33549230 33555135 33552959 33554243 33564464 33549737 

Sum of all global histogram elements: 8589934592
Total pixels: 8589934592

Total time: 118.166
outputs/output_nodes_4_processes_4_threads_32_size_33_20180604_173940.csv
ROWS_SIZE: 262144
COLUMNS_SIZE: 65536
simul == true
ROWS_SIZE: 262144
COLUMNS_SIZE: 65536
simul == true
ROWS_SIZE: 262144
COLUMNS_SIZE: 65536
simul == true
ROWS_SIZE: 262144
COLUMNS_SIZE: 65536
simul == true
after allocation of image_simul
after allocation of image_simul
after allocation of image_simul
after allocation of image_simul
after initialization of image_simul
Width: 65536
Height: 262144
after initialization of image_simul
Width: 65536
Height: 262144
after initialization of image_simul
Width: 65536
Height: 262144
after initialization of image_simul
Width: 65536
Height: 262144
Hello from process 0 of 4 running in processor r1i1n6
Hello from process 2 of 4 running in processor r1i2n5
Hello from process 1 of 4 running in processor r1i2n4
Hello from process 3 of 4 running in processor r1i2n6

Number of threads is: 32

Number of threads is: 32

Number of threads is: 32

Number of threads is: 32
ROI time: 4.46

Global histogram: 
67118136 67096416 67106565 67101772 67116462 67109853 67117150 67111646 67107563 67108161 67113893 67096626 67114196 67118150 67123430 67110891 67115436 67103448 67094602 67114077 67103515 67110628 67121655 67111500 67101585 67097262 67108344 67105266 67114884 67117357 67122912 67123102 67105188 67115280 67112816 67097032 67112369 67104103 67116031 67119298 67128203 67104183 67098833 67107126 67113702 67120594 67123513 67108263 67100749 67096677 67117456 67107612 67110674 67106165 67118564 67114649 67102243 67105523 67103570 67108154 67109256 67100351 67114737 67112636 67119668 67095730 67091741 67112351 67113651 67110257 67098909 67105623 67106802 67113339 67113044 67104197 67111300 67113615 67111876 67104502 67104302 67107831 67100870 67106343 67122104 67111111 67109774 67093273 67102243 67102654 67112329 67104201 67119378 67114836 67101499 67092906 67106190 67101766 67115442 67106570 67120671 67101902 67104589 67094591 67109172 67106809 67085289 67124086 67105368 67094931 67115618 67113139 67110027 67108566 67103059 67101540 67116504 67112225 67113129 67129464 67096060 67097134 67115626 67095850 67114984 67119376 67103512 67108862 67105710 67110974 67117851 67099550 67087404 67124258 67098822 67102026 67102377 67109709 67112767 67101666 67125214 67097492 67108709 67108208 67099203 67109498 67099232 67105803 67114681 67105482 67116312 67097448 67110620 67105982 67103525 67100885 67109949 67104582 67121624 67102442 67110529 67100939 67112120 67103587 67112548 67099387 67116226 67110746 67114287 67098477 67106417 67105187 67114152 67099027 67126297 67098127 67121591 67109020 67126232 67102484 67108981 67105533 67115522 67107990 67106165 67107719 67120748 67115276 67120052 67117592 67109756 67111635 67111582 67110042 67123105 67103953 67129848 67108943 67107042 67109085 67110811 67111754 67103740 67105541 67118997 67102013 67104179 67102508 67113663 67104764 67110410 67112063 67106647 67104791 67120832 67122299 67110939 67108495 67117886 67108717 67110541 67108753 67117340 67114926 67129712 67117759 67113689 67097026 67099260 67116258 67128199 67105560 67112929 67111212 67105360 67100249 67098951 67104599 67099715 67109586 67096402 67097502 67110277 67112768 67098512 67090914 67117112 67092982 67099155 67102687 67104284 67098427 67108765 67112028 67118263 67112136 

Sum of all global histogram elements: 17179869184
Total pixels: 17179869184

Total time: 236.445
outputs/output_nodes_4_processes_4_threads_32_size_34_20180604_174337.csv
ROWS_SIZE: 524288
COLUMNS_SIZE: 65536
simul == true
ROWS_SIZE: 524288
COLUMNS_SIZE: 65536
simul == true
ROWS_SIZE: 524288
COLUMNS_SIZE: 65536
simul == true
ROWS_SIZE: 524288
COLUMNS_SIZE: 65536
simul == true
after allocation of image_simul
after allocation of image_simul
after allocation of image_simul
after allocation of image_simul
after initialization of image_simul
Width: 65536
Height: 524288
after initialization of image_simul
Width: 65536
Height: 524288
after initialization of image_simul
Width: 65536
Height: 524288
after initialization of image_simul
Width: 65536
Height: 524288
Hello from process 0 of 4 running in processor r1i1n6
Hello from process 2 of 4 running in processor r1i2n5
Hello from process 1 of 4 running in processor r1i2n4
Hello from process 3 of 4 running in processor r1i2n6

Number of threads is: 32

Number of threads is: 32

Number of threads is: 32

Number of threads is: 32
ROI time: 8.89188

Global histogram: 
134195765 134211233 134206995 134216901 134205377 134211408 134225138 134198494 134198283 134239478 134217276 134215352 134239534 134203676 134201143 134195997 134212357 134199312 134215102 134229621 134216749 134234597 134227533 134223060 134214949 134208371 134230200 134225160 134215629 134207943 134226496 134204705 134204570 134224959 134225824 134221163 134210972 134219556 134215101 134221838 134210137 134206182 134206546 134227477 134232033 134220493 134227849 134218205 134199242 134202290 134236171 134233412 134223912 134215183 134226316 134230469 134207429 134220663 134206666 134206032 134203998 134227846 134197929 134221734 134223102 134220290 134213294 134217857 134239149 134229819 134206219 134216157 134213874 134224441 134217659 134207957 134210274 134218705 134217730 134218178 134246660 134219075 134211882 134218437 134199868 134215728 134208655 134219913 134188961 134210844 134221101 134223498 134218476 134220972 134226353 134245158 134222170 134207061 134214698 134214343 134222277 134212263 134202304 134231749 134224060 134215462 134226963 134219720 134219274 134203260 134227709 134219379 134210179 134214251 134216185 134196384 134224679 134194040 134231541 134232185 134209746 134226787 134219040 134219736 134234245 134227949 134247529 134206812 134203151 134225804 134234062 134206172 134220304 134218809 134222766 134208115 134193406 134225156 134213942 134216106 134224381 134211515 134240493 134204769 134199693 134202313 134218937 134224214 134208600 134227587 134208391 134231918 134220703 134228678 134224909 134216475 134228406 134208385 134212969 134204557 134218347 134213306 134220809 134223366 134217892 134201283 134208869 134211872 134218840 134212716 134213981 134236351 134220307 134215203 134234236 134224373 134202115 134219414 134197943 134211307 134176601 134214534 134230939 134214425 134208279 134199859 134210971 134234185 134241041 134213137 134231320 134236659 134210287 134219287 134221098 134224720 134221892 134219594 134233538 134215441 134196261 134202075 134215512 134222175 134215894 134226591 134239166 134213672 134210025 134221409 134224014 134227113 134202201 134210535 134229681 134220970 134209528 134217232 134231869 134247518 134220459 134207449 134217644 134203757 134205298 134220797 134237784 134226938 134239690 134223451 134223098 134234909 134207358 134227216 134235955 134210232 134209088 134228048 134221082 134215737 134230615 134212801 134226755 134201037 134217862 134214766 134229527 134231262 134201588 134217017 134222914 134213923 134211259 134218237 134223553 134219501 

Sum of all global histogram elements: 34359738368
Total pixels: 34359738368

Total time: 472.711
outputs/output_nodes_4_processes_4_threads_32_size_35_20180604_175131.csv
ROWS_SIZE: 1048576
COLUMNS_SIZE: 65536
simul == true
ROWS_SIZE: 1048576
COLUMNS_SIZE: 65536
simul == true
ROWS_SIZE: 1048576
COLUMNS_SIZE: 65536
simul == true
ROWS_SIZE: 1048576
COLUMNS_SIZE: 65536
simul == true
after allocation of image_simul
after allocation of image_simul
after allocation of image_simul
after allocation of image_simul
after initialization of image_simul
Width: 65536
Height: 1048576
after initialization of image_simul
Width: 65536
Height: 1048576
after initialization of image_simul
Width: 65536
Height: 1048576
after initialization of image_simul
Width: 65536
Height: 1048576
Hello from process 0 of 4 running in processor r1i1n6
Hello from process 3 of 4 running in processor r1i2n6
Hello from process 2 of 4 running in processor r1i2n5

Number of threads is: 32

Number of threads is: 32

Number of threads is: 32
Hello from process 1 of 4 running in processor r1i2n4

Number of threads is: 32
ROI time: 17.5435

Global histogram: 
268448783 268392429 268435110 268428627 268446057 268429011 268452533 268430480 268407920 268421508 268473802 268406952 268435692 268423346 268446637 268457569 268427381 268407686 268426071 268414275 268429537 268403032 268429807 268418140 268433962 268425716 268446413 268402242 268436255 268426819 268423970 268440522 268457365 268432746 268422199 268439956 268445982 268393082 268449625 268432319 268420073 268424307 268459282 268443375 268427174 268428080 268470360 268430311 268417041 268410112 268443938 268425393 268442302 268431219 268449683 268432528 268467235 268416005 268473114 268419986 268427886 268410450 268419969 268446416 268441585 268424644 268471353 268415376 268435034 268397919 268444803 268444742 268422355 268426117 268440858 268423204 268444023 268454337 268440371 268425728 268432510 268417101 268434438 268430755 268433650 268427874 268491897 268419971 268450901 268406475 268477326 268424580 268429361 268438122 268442504 268440553 268440046 268411245 268459541 268446987 268453308 268434904 268452297 268443862 268448851 268411911 268469770 268441826 268441848 268440545 268459209 268429336 268453055 268411575 268472607 268417562 268426779 268416280 268464794 268458381 268443424 268422807 268476177 268404309 268427715 268430583 268457249 268441237 268431992 268390753 268427979 268431204 268447974 268442417 268475344 268416601 268440479 268429854 268490091 268432109 268448111 268436983 268433097 268411889 268452822 268434935 268431130 268444457 268427167 268437072 268478593 268435695 268440194 268424843 268466185 268420191 268450152 268426119 268445673 268432890 268438899 268380315 268447026 268434073 268443063 268384162 268442940 268440125 268419156 268401760 268451378 268432860 268423107 268412134 268434752 268437253 268474875 268424739 268449761 268449170 268441518 268437117 268434262 268451581 268433965 268438499 268445577 268437039 268439673 268424933 268472408 268449913 268465649 268417466 268443973 268417422 268457725 268408795 268442186 268444378 268420964 268421794 268434103 268413092 268404036 268458112 268452999 268439613 268432652 268385937 268465871 268432153 268421362 268431171 268458459 268428098 268437886 268433781 268440738 268419527 268416592 268436638 268432999 268444578 268444893 268438423 268416015 268428839 268443191 268434042 268429613 268453412 268419625 268422129 268449770 268410954 268447110 268444212 268451123 268451642 268441652 268424680 268427869 268481192 268419435 268427040 268450606 268432556 268437478 268420416 268454858 268435530 268437650 268417485 268435707 268425528 

Sum of all global histogram elements: 68719476736
Total pixels: 68719476736

Total time: 945.487
outputs/output_nodes_4_processes_4_threads_32_size_36_20180604_180718.csv
ROWS_SIZE: 65536
COLUMNS_SIZE: 65536
simul == true
ROWS_SIZE: 65536
COLUMNS_SIZE: 65536
simul == true
ROWS_SIZE: 65536
COLUMNS_SIZE: 65536
simul == true
ROWS_SIZE: 65536
COLUMNS_SIZE: 65536
simul == true
after allocation of image_simul
after allocation of image_simul
after allocation of image_simul
after allocation of image_simul
after initialization of image_simul
Width: 65536
Height: 65536
after initialization of image_simul
Width: 65536
Height: 65536
after initialization of image_simul
Width: 65536
Height: 65536
after initialization of image_simul
Width: 65536
Height: 65536
Hello from process 0 of 4 running in processor r1i1n6
Hello from process 3 of 4 running in processor r1i2n6
Hello from process 2 of 4 running in processor r1i2n5

Number of threads is: 32
Hello from process 1 of 4 running in processor r1i2n4

Number of threads is: 32

Number of threads is: 32

Number of threads is: 32
ROI time: 1.0814

Global histogram: 
16779765 16782851 16780038 16780644 16776625 16773158 16774836 16779928 16778883 16780645 16776179 16777770 16783070 16774294 16778662 16781246 16778669 16784960 16773339 16776512 16771428 16774806 16780173 16776161 16781016 16768974 16777618 16777986 16775302 16780635 16779981 16785843 16783136 16771816 16780137 16774536 16784367 16782066 16775322 16778065 16776476 16785279 16773315 16780665 16776518 16776917 16782251 16770692 16771593 16770961 16785567 16774575 16783128 16771249 16780615 16778809 16777851 16773320 16782012 16780841 16776963 16778438 16773649 16778917 16774372 16782560 16775512 16774341 16768786 16782020 16781698 16772387 16778003 16769689 16779455 16776558 16777003 16775217 16774572 16774379 16778325 16778283 16783170 16773242 16776024 16770935 16786422 16776853 16778886 16771602 16776897 16775296 16769809 16779223 16769715 16784927 16775087 16769946 16780289 16776122 16776986 16784152 16781468 16783087 16780113 16777535 16781356 16783806 16776078 16776789 16780845 16775667 16779692 16778934 16777356 16772433 16780124 16766576 16776232 16785516 16778861 16777382 16775571 16779604 16774826 16779117 16777535 16775012 16777298 16769636 16776869 16775608 16779744 16773662 16778020 16776591 16770444 16783617 16775943 16771936 16778597 16773430 16779187 16780815 16771798 16784334 16780859 16779406 16776652 16784902 16780964 16779795 16777356 16767605 16774205 16776861 16779667 16774473 16774252 16773984 16772725 16775490 16772321 16776674 16771796 16769741 16773510 16775070 16778898 16769893 16782423 16778421 16776373 16775473 16780023 16775373 16772401 16775587 16776441 16778387 16775699 16779694 16780004 16775920 16775382 16775096 16778281 16776031 16775203 16765381 16778298 16776629 16778963 16772947 16778271 16775790 16781105 16776956 16778460 16783035 16776617 16774146 16774175 16775848 16776493 16772733 16770914 16775585 16775394 16779433 16776393 16775315 16775910 16776412 16782007 16778016 16787355 16779953 16767133 16780037 16779043 16780655 16771956 16777167 16776400 16781165 16783739 16784489 16773917 16772484 16772774 16779756 16776699 16783891 16775319 16775937 16778013 16780174 16771158 16775761 16778336 16782760 16777674 16780116 16773771 16778574 16770046 16780920 16774268 16787533 16780919 16779133 16767339 16776121 16781900 16782544 

Sum of all global histogram elements: 4294967296
Total pixels: 4294967296

Total time: 59.0795
outputs/output_nodes_4_processes_4_threads_32_size_32_20180604_180821.csv
ROWS_SIZE: 131072
COLUMNS_SIZE: 65536
simul == true
ROWS_SIZE: 131072
COLUMNS_SIZE: 65536
simul == true
ROWS_SIZE: 131072
COLUMNS_SIZE: 65536
simul == true
ROWS_SIZE: 131072
COLUMNS_SIZE: 65536
simul == true
after allocation of image_simul
after allocation of image_simul
after allocation of image_simul
after allocation of image_simul
after initialization of image_simul
Width: 65536
Height: 131072
after initialization of image_simul
Width: 65536
Height: 131072
after initialization of image_simul
Width: 65536
Height: 131072
after initialization of image_simul
Width: 65536
Height: 131072
Hello from process 2 of 4 running in processor r1i2n5
Hello from process 0 of 4 running in processor r1i1n6
Hello from process 1 of 4 running in processor r1i2n4
Hello from process 3 of 4 running in processor r1i2n6

Number of threads is: 32

Number of threads is: 32

Number of threads is: 32

Number of threads is: 32
ROI time: 2.23082

Global histogram: 
33555760 33546294 33555389 33554671 33563742 33556861 33550989 33557070 33550893 33563199 33560023 33559724 33556579 33555468 33549694 33553083 33542964 33560624 33543065 33550096 33546731 33558734 33547913 33551733 33559089 33561631 33553214 33557618 33548917 33551114 33555579 33556146 33560102 33554152 33547832 33550107 33556332 33551571 33560156 33567228 33543914 33552766 33550008 33554096 33557829 33546660 33546184 33571560 33546708 33567428 33541414 33555062 33546867 33558544 33556861 33555081 33559133 33558653 33555749 33547028 33559295 33548946 33556968 33555151 33543137 33557506 33551998 33561174 33555100 33546659 33554594 33562424 33548831 33556871 33549934 33563954 33561623 33550905 33555882 33562049 33559666 33548374 33559921 33559218 33565236 33543478 33550390 33568115 33551865 33557976 33564769 33559190 33562578 33556786 33550863 33560557 33550187 33551327 33549710 33555197 33552723 33559961 33554167 33556383 33550209 33551838 33552861 33549664 33567036 33555641 33557436 33549965 33552694 33556129 33554584 33557910 33558504 33565810 33551360 33550255 33558769 33549398 33547025 33566106 33557301 33555600 33554206 33554323 33552118 33552040 33555453 33554017 33544467 33543901 33550563 33558243 33557958 33556439 33541946 33560095 33562027 33545975 33558303 33554223 33549860 33559622 33554106 33552680 33559398 33558636 33555968 33557397 33550935 33549468 33550803 33548263 33550445 33551728 33553402 33551313 33543918 33558595 33555427 33554198 33558529 33557158 33553491 33549481 33554910 33558684 33544803 33547314 33549208 33541531 33550728 33563280 33557806 33572215 33550644 33551846 33553838 33555953 33554571 33552143 33546390 33549631 33555727 33552069 33544238 33558077 33548966 33559382 33553673 33563318 33552281 33550490 33552056 33562251 33548647 33554245 33548487 33560756 33566152 33551084 33556792 33558654 33552543 33554829 33558987 33563552 33546882 33549156 33544456 33554439 33569185 33557615 33554290 33553379 33540706 33547991 33553971 33548172 33553053 33554347 33559593 33552710 33555248 33559786 33559714 33544185 33560523 33548901 33548550 33561289 33546022 33554377 33555376 33560877 33550400 33551680 33544471 33561875 33558052 33555614 33549345 33553582 33557099 33560475 33559586 33552983 33553440 33562951 33560562 33551663 33554081 33556706 

Sum of all global histogram elements: 8589934592
Total pixels: 8589934592

Total time: 118.232
outputs/output_nodes_4_processes_4_threads_32_size_33_20180604_181020.csv
ROWS_SIZE: 262144
COLUMNS_SIZE: 65536
simul == true
ROWS_SIZE: 262144
COLUMNS_SIZE: 65536
simul == true
ROWS_SIZE: 262144
COLUMNS_SIZE: 65536
simul == true
ROWS_SIZE: 262144
COLUMNS_SIZE: 65536
simul == true
after allocation of image_simul
after allocation of image_simul
after allocation of image_simul
after allocation of image_simul
after initialization of image_simul
Width: 65536
Height: 262144
after initialization of image_simul
Width: 65536
Height: 262144
after initialization of image_simul
Width: 65536
Height: 262144
after initialization of image_simul
Width: 65536
Height: 262144
Hello from process 0 of 4 running in processor r1i1n6
Hello from process 1 of 4 running in processor r1i2n4
Hello from process 3 of 4 running in processor r1i2n6
Hello from process 2 of 4 running in processor r1i2n5

Number of threads is: 32

Number of threads is: 32

Number of threads is: 32

Number of threads is: 32
ROI time: 4.32481

Global histogram: 
67105893 67114766 67110782 67096221 67114046 67098450 67122972 67108549 67116159 67108590 67094439 67110165 67122731 67113285 67105131 67113120 67106855 67114805 67104666 67091502 67123058 67102495 67091553 67108270 67107188 67091772 67113464 67120707 67095781 67094742 67107733 67108833 67113937 67115726 67122182 67118099 67112286 67110171 67113111 67112886 67101220 67104934 67105662 67116126 67112956 67096325 67095891 67107024 67119518 67109878 67101075 67107359 67115191 67108837 67091475 67100583 67108480 67095943 67107125 67104189 67094613 67107979 67118528 67109137 67119673 67103251 67110504 67117757 67107018 67116178 67112465 67107131 67121643 67106520 67100842 67102234 67133015 67112764 67095352 67100596 67112612 67112437 67112123 67120714 67104462 67121253 67111584 67088868 67113041 67114461 67100578 67101059 67108077 67106545 67100359 67120236 67111884 67111189 67123082 67104954 67114916 67097579 67107434 67101483 67099808 67119387 67103091 67104122 67120114 67125249 67109475 67106958 67106998 67122745 67111183 67104610 67101332 67089635 67101478 67104789 67110907 67115228 67099284 67099564 67105075 67105208 67112458 67112121 67110448 67110326 67118874 67119957 67099571 67117093 67111494 67115129 67116530 67097719 67111928 67128720 67110637 67098154 67110735 67119644 67113685 67106315 67104015 67116912 67119835 67113188 67096198 67115896 67096529 67103932 67110679 67105559 67113630 67113022 67094780 67108681 67109010 67102196 67107978 67103366 67097401 67110834 67117080 67118314 67113190 67102811 67113629 67106829 67109890 67111712 67105448 67117673 67110351 67122294 67096839 67092848 67105372 67115264 67109876 67112954 67124795 67086800 67109573 67102596 67114492 67113243 67102941 67083772 67120623 67112733 67115942 67111820 67102337 67111133 67102577 67121063 67118796 67108631 67111908 67104838 67115619 67105478 67106945 67116305 67111352 67121213 67110044 67115602 67104778 67103285 67110521 67108706 67100044 67118551 67097979 67118992 67112365 67099532 67105207 67110156 67114419 67113360 67114409 67102510 67105348 67116396 67105844 67099216 67109531 67115690 67097621 67104538 67129301 67114868 67109961 67099961 67104574 67108686 67105994 67107948 67106145 67123665 67100914 67104013 67096061 67112296 67100058 67118960 67100226 67111590 67122146 67100813 

Sum of all global histogram elements: 17179869184
Total pixels: 17179869184

Total time: 236.052
outputs/output_nodes_4_processes_4_threads_32_size_34_20180604_181417.csv
ROWS_SIZE: 524288
COLUMNS_SIZE: 65536
simul == true
ROWS_SIZE: 524288
COLUMNS_SIZE: 65536
simul == true
ROWS_SIZE: 524288
COLUMNS_SIZE: 65536
simul == true
ROWS_SIZE: 524288
COLUMNS_SIZE: 65536
simul == true
after allocation of image_simul
after allocation of image_simul
after allocation of image_simul
after allocation of image_simul
after initialization of image_simul
Width: 65536
Height: 524288
after initialization of image_simul
Width: 65536
Height: 524288
after initialization of image_simul
Width: 65536
Height: 524288
after initialization of image_simul
Width: 65536
Height: 524288
Hello from process 0 of 4 running in processor r1i1n6
Hello from process 2 of 4 running in processor r1i2n5
Hello from process 1 of 4 running in processor r1i2n4
Hello from process 3 of 4 running in processor r1i2n6

Number of threads is: 32

Number of threads is: 32

Number of threads is: 32

Number of threads is: 32
ROI time: 8.60441

Global histogram: 
134200063 134209360 134214578 134211317 134216947 134201597 134221021 134228798 134216288 134224369 134196793 134208683 134234924 134211792 134213106 134232715 134226300 134200216 134207766 134197922 134226209 134213772 134203726 134218950 134210977 134230811 134205636 134233544 134205804 134222529 134227866 134220468 134229181 134211216 134181371 134211364 134222457 134220779 134207445 134218888 134241493 134246924 134214970 134223090 134204515 134208799 134216281 134218557 134228276 134224401 134220187 134208293 134215994 134203004 134225808 134233495 134227560 134221298 134248634 134221670 134198179 134206002 134216689 134202630 134204954 134221071 134218851 134211034 134212914 134207956 134209843 134221157 134228341 134224387 134225184 134222585 134217975 134221710 134242150 134210044 134222239 134208231 134225321 134219942 134219958 134217909 134230701 134205112 134219926 134214001 134210907 134214326 134211744 134238332 134213649 134210493 134224998 134217419 134233286 134201708 134235436 134233031 134212342 134208653 134218946 134201172 134228734 134205393 134216958 134209722 134201666 134221524 134210117 134212831 134224474 134208246 134218317 134227480 134203368 134219080 134196067 134219388 134191355 134190229 134217460 134227190 134198946 134200664 134224992 134226730 134200024 134218407 134203405 134218723 134221658 134227515 134222287 134227457 134215647 134212379 134206316 134201650 134233799 134208649 134199607 134212699 134234817 134198572 134206201 134244745 134213839 134223467 134210006 134227714 134221758 134209800 134199252 134225318 134225120 134215981 134238829 134213344 134211872 134222720 134222029 134235900 134205355 134227086 134198244 134209331 134220493 134203102 134217933 134221662 134225181 134227576 134197446 134220304 134215471 134211101 134217148 134210882 134227920 134211581 134225226 134224126 134223199 134212144 134201234 134231291 134221242 134216807 134216267 134239193 134221462 134222422 134234775 134212700 134236144 134204387 134206576 134221691 134229438 134223466 134229646 134248982 134237522 134228480 134212504 134222527 134218409 134205723 134222630 134230449 134216033 134230172 134198919 134221450 134227446 134193218 134234012 134215383 134227537 134221313 134237563 134224908 134209353 134210956 134235147 134233709 134231673 134213729 134213598 134206776 134211720 134219455 134199121 134203197 134208991 134215248 134211211 134240407 134211887 134216409 134222289 134228062 134229661 134197251 134216538 134216105 134215599 134221245 134226033 134239732 134237751 134222411 

Sum of all global histogram elements: 34359738368
Total pixels: 34359738368

Total time: 472.479
outputs/output_nodes_4_processes_4_threads_32_size_35_20180604_182211.csv
ROWS_SIZE: 1048576
COLUMNS_SIZE: 65536
simul == true
ROWS_SIZE: 1048576
COLUMNS_SIZE: 65536
simul == true
ROWS_SIZE: 1048576
COLUMNS_SIZE: 65536
simul == true
ROWS_SIZE: 1048576
COLUMNS_SIZE: 65536
simul == true
after allocation of image_simul
after allocation of image_simul
after allocation of image_simul
after allocation of image_simul
after initialization of image_simul
Width: 65536
Height: 1048576
after initialization of image_simul
Width: 65536
Height: 1048576
after initialization of image_simul
Width: 65536
Height: 1048576
after initialization of image_simul
Width: 65536
Height: 1048576
Hello from process 0 of 4 running in processor r1i1n6
Hello from process 2 of 4 running in processor r1i2n5
Hello from process 1 of 4 running in processor r1i2n4
Hello from process 3 of 4 running in processor r1i2n6

Number of threads is: 32

Number of threads is: 32

Number of threads is: 32

Number of threads is: 32
ROI time: 17.028

Global histogram: 
268447977 268418648 268419647 268449471 268434135 268416124 268441578 268421736 268416773 268401559 268462998 268429239 268450266 268445356 268440647 268441952 268413911 268446076 268439862 268423955 268448804 268436637 268444488 268428603 268427660 268427427 268456438 268436019 268442175 268426391 268416913 268455858 268444481 268407022 268452309 268449001 268441129 268431281 268414220 268441549 268438369 268449751 268423103 268423134 268472805 268451035 268430252 268443875 268444399 268425995 268430808 268430898 268455467 268434691 268449440 268411966 268424883 268428793 268416392 268447456 268411799 268436475 268439070 268430452 268411213 268459431 268446477 268426615 268446910 268419795 268427387 268440728 268430017 268448825 268421542 268439505 268453926 268473209 268412285 268447114 268451323 268433918 268409795 268443186 268460501 268447139 268448588 268459839 268412673 268418498 268436038 268393703 268412120 268489955 268405671 268429848 268407165 268431338 268407163 268450159 268443052 268494656 268435725 268413977 268436258 268416574 268416437 268430994 268445209 268461605 268385203 268424504 268425304 268421153 268426129 268429135 268431298 268425880 268442589 268416586 268436405 268425304 268450976 268440874 268463285 268437252 268435810 268418144 268417379 268458867 268410026 268418157 268440824 268452099 268413075 268427973 268431546 268436382 268440965 268442543 268435153 268462283 268449009 268429508 268444536 268481157 268449435 268442636 268441906 268466789 268428689 268400395 268468403 268427717 268427146 268439580 268456320 268454713 268451946 268457184 268410710 268428637 268437908 268415119 268425946 268416065 268424376 268447212 268437523 268407817 268441675 268440482 268434991 268440075 268433352 268422129 268408941 268422076 268414790 268373372 268459791 268421185 268461895 268420916 268470877 268458321 268446172 268450041 268442920 268459832 268434389 268431475 268436562 268435544 268425076 268441092 268454742 268429340 268442650 268406461 268432642 268419414 268458358 268458215 268422330 268442992 268425350 268421298 268433799 268431989 268414735 268418742 268429826 268450343 268425126 268415215 268437446 268403112 268441271 268457685 268449752 268482823 268434978 268429293 268449192 268431126 268430830 268438959 268403052 268444725 268431947 268429690 268434285 268448370 268406286 268445948 268456790 268458817 268437194 268416857 268459849 268419424 268425875 268435345 268458077 268432870 268448823 268430180 268459425 268403305 268444509 268437111 268442641 268478467 268424652 268433023 

Sum of all global histogram elements: 68719476736
Total pixels: 68719476736

Total time: 945.198
outputs/output_nodes_4_processes_4_threads_32_size_36_20180604_183758.csv
ROWS_SIZE: 65536
COLUMNS_SIZE: 65536
simul == true
ROWS_SIZE: 65536
COLUMNS_SIZE: 65536
simul == true
ROWS_SIZE: 65536
COLUMNS_SIZE: 65536
simul == true
ROWS_SIZE: 65536
COLUMNS_SIZE: 65536
simul == true
after allocation of image_simul
after allocation of image_simul
after allocation of image_simul
after allocation of image_simul
after initialization of image_simul
Width: 65536
Height: 65536
after initialization of image_simul
Width: 65536
Height: 65536
after initialization of image_simul
Width: 65536
Height: 65536
after initialization of image_simul
Width: 65536
Height: 65536
Hello from process 0 of 4 running in processor r1i1n6
Hello from process 2 of 4 running in processor r1i2n5
Hello from process 1 of 4 running in processor r1i2n4
Hello from process 3 of 4 running in processor r1i2n6

Number of threads is: 32

Number of threads is: 32

Number of threads is: 32

Number of threads is: 32
ROI time: 1.11348

Global histogram: 
16778572 16771681 16776681 16776768 16778388 16775142 16776914 16777790 16774260 16778199 16785498 16772137 16786710 16770293 16778511 16777826 16779954 16775833 16771487 16777910 16775660 16781849 16776615 16779791 16779440 16769970 16778670 16772015 16774531 16781258 16769149 16776434 16782540 16768499 16776516 16776461 16772048 16771573 16784486 16777460 16782552 16775558 16773664 16768560 16777187 16783283 16781630 16780358 16777271 16779257 16772065 16786258 16775800 16778497 16774858 16780468 16775845 16781531 16777607 16781502 16781057 16775909 16783037 16781422 16781470 16782819 16777857 16780056 16771787 16779701 16772094 16785478 16776226 16780941 16777830 16774870 16774867 16772273 16775652 16780392 16778531 16781338 16778724 16782089 16779139 16771795 16777499 16773689 16778738 16775062 16777351 16775599 16778282 16780471 16780742 16779837 16777979 16773576 16772364 16782416 16774538 16780120 16779533 16775651 16774079 16767683 16774094 16782591 16779599 16777053 16778149 16776255 16772798 16774844 16772069 16773966 16776503 16777234 16777499 16783440 16777063 16778733 16776071 16783420 16776600 16780937 16778487 16782712 16772463 16778152 16780165 16778917 16775742 16779343 16772955 16779327 16780911 16777615 16778918 16774213 16772637 16778275 16770199 16773972 16775319 16783520 16775383 16774879 16778624 16781471 16782646 16780330 16780065 16781883 16777287 16773660 16767989 16776220 16771740 16776118 16771901 16777556 16772597 16780435 16778884 16781248 16775971 16776065 16782140 16774484 16767197 16778521 16771335 16768143 16776966 16778259 16776732 16776217 16778601 16778303 16773940 16784296 16776487 16779163 16781345 16776439 16775140 16777565 16777703 16783508 16781869 16776706 16785001 16773517 16776810 16779256 16775250 16780034 16780660 16776147 16770022 16777079 16772134 16776444 16773864 16778469 16780926 16773134 16775845 16772877 16782242 16778056 16770334 16780580 16775790 16773442 16781484 16778370 16775799 16771676 16771889 16776946 16782703 16777206 16774885 16789160 16773288 16777781 16775987 16776780 16774278 16773879 16782924 16780660 16775191 16771039 16774054 16775110 16771646 16776131 16774138 16777312 16775358 16777690 16776431 16785892 16776284 16785786 16771721 16782116 16779019 16774046 16776871 16775712 16780015 16783522 

Sum of all global histogram elements: 4294967296
Total pixels: 4294967296

Total time: 59.1399
outputs/output_nodes_4_processes_4_threads_32_size_32_20180604_183901.csv
ROWS_SIZE: 131072
COLUMNS_SIZE: 65536
simul == true
ROWS_SIZE: 131072
COLUMNS_SIZE: 65536
simul == true
ROWS_SIZE: 131072
COLUMNS_SIZE: 65536
simul == true
ROWS_SIZE: 131072
COLUMNS_SIZE: 65536
simul == true
after allocation of image_simul
after allocation of image_simul
after allocation of image_simul
after allocation of image_simul
after initialization of image_simul
Width: 65536
Height: 131072
after initialization of image_simul
Width: 65536
Height: 131072
after initialization of image_simul
Width: 65536
Height: 131072
after initialization of image_simul
Width: 65536
Height: 131072
Hello from process 0 of 4 running in processor r1i1n6
Hello from process 2 of 4 running in processor r1i2n5

Number of threads is: 32
Hello from process 1 of 4 running in processor r1i2n4
Hello from process 3 of 4 running in processor r1i2n6

Number of threads is: 32

Number of threads is: 32

Number of threads is: 32
ROI time: 2.14112

Global histogram: 
33559875 33548761 33555432 33547459 33562511 33559274 33555484 33549687 33553153 33549974 33556701 33558651 33552127 33556389 33561888 33551649 33553100 33554306 33559002 33571623 33552946 33556313 33554491 33557041 33563260 33542168 33554732 33559657 33557236 33558172 33559192 33548365 33566687 33550083 33562228 33559631 33557032 33555232 33567590 33553938 33549037 33550585 33554430 33557491 33554627 33550465 33552065 33553124 33562130 33545965 33549959 33557987 33562791 33556002 33556803 33552725 33552963 33555796 33549247 33549542 33555093 33551730 33563465 33553290 33560176 33554033 33556192 33549138 33560920 33559598 33563224 33553842 33557177 33554848 33554457 33546508 33554846 33558730 33556979 33553309 33559838 33553962 33553716 33551809 33553136 33549001 33555762 33547966 33557531 33555200 33552452 33550910 33555109 33566346 33559907 33550459 33552079 33557733 33556404 33557487 33552071 33552195 33558237 33549331 33549615 33548174 33554596 33547545 33544679 33556039 33552815 33555006 33559529 33543930 33559489 33556806 33547152 33552698 33552379 33555305 33555313 33555823 33554669 33547586 33555430 33557943 33567143 33555126 33551430 33545854 33555798 33540921 33551566 33548857 33569632 33566137 33560279 33558402 33554387 33558425 33558380 33541104 33551840 33562016 33563059 33556472 33557437 33553718 33550652 33561114 33558850 33552870 33555700 33553089 33540775 33547459 33554793 33562584 33556965 33557842 33545800 33556670 33561882 33551261 33555039 33552194 33561017 33544776 33556550 33548327 33567878 33555378 33562404 33538193 33554497 33545616 33553309 33549175 33543284 33556004 33542710 33551735 33552664 33551360 33567686 33554864 33546489 33555670 33542558 33550648 33556440 33560704 33551167 33549904 33555694 33546732 33551121 33549796 33561689 33561663 33558654 33551985 33558241 33558070 33548221 33549900 33558309 33551919 33552914 33552483 33549967 33555954 33550393 33548049 33549267 33557061 33550557 33550521 33557779 33558779 33558388 33546183 33548202 33561160 33551423 33551508 33547932 33552752 33549741 33554325 33561193 33564049 33554478 33551864 33553883 33560329 33542920 33546971 33558832 33545325 33561673 33559789 33557055 33556402 33557513 33558537 33553583 33552076 33549624 33549642 33551944 33559811 33568590 33555363 33545370 33550424 

Sum of all global histogram elements: 8589934592
Total pixels: 8589934592

Total time: 118.122
outputs/output_nodes_4_processes_4_threads_32_size_33_20180604_184100.csv
ROWS_SIZE: 262144
COLUMNS_SIZE: 65536
simul == true
ROWS_SIZE: 262144
COLUMNS_SIZE: 65536
simul == true
ROWS_SIZE: 262144
COLUMNS_SIZE: 65536
simul == true
ROWS_SIZE: 262144
COLUMNS_SIZE: 65536
simul == true
after allocation of image_simul
after allocation of image_simul
after allocation of image_simul
after allocation of image_simul
after initialization of image_simul
Width: 65536
Height: 262144
after initialization of image_simul
Width: 65536
Height: 262144
after initialization of image_simul
Width: 65536
Height: 262144
after initialization of image_simul
Width: 65536
Height: 262144
Hello from process 0 of 4 running in processor r1i1n6
Hello from process 3 of 4 running in processor r1i2n6
Hello from process 2 of 4 running in processor r1i2n5
Hello from process 1 of 4 running in processor r1i2n4

Number of threads is: 32

Number of threads is: 32

Number of threads is: 32

Number of threads is: 32
ROI time: 4.28751

Global histogram: 
67101142 67098993 67117054 67109208 67121195 67115355 67112823 67129324 67111599 67114076 67099145 67081202 67104146 67094265 67092781 67101443 67116509 67111033 67110305 67114265 67118287 67100279 67104560 67116212 67107209 67114008 67113159 67122039 67106165 67122695 67112275 67103347 67109539 67106517 67107805 67109063 67116115 67098245 67104202 67088398 67109396 67115362 67091106 67106509 67108242 67119224 67104921 67112642 67116575 67111905 67128135 67112421 67113147 67124465 67113047 67110573 67114672 67105455 67101497 67108458 67107970 67121049 67093778 67096641 67109454 67117221 67102989 67094832 67099694 67116447 67099428 67096041 67095957 67113732 67113171 67105224 67117054 67117440 67120607 67093476 67120534 67113078 67121434 67112676 67128084 67120710 67114348 67103742 67113354 67108709 67106969 67103300 67100053 67122681 67109300 67112417 67115307 67117191 67122062 67095026 67109005 67121843 67119312 67101449 67117095 67114020 67102648 67113222 67111613 67086247 67115934 67105393 67107459 67099444 67107778 67094649 67111882 67098610 67112083 67095770 67105054 67115740 67096103 67107595 67098500 67118195 67111454 67104909 67110489 67113642 67109494 67103891 67097124 67129023 67110540 67098664 67116353 67102843 67116348 67101313 67115316 67100341 67104078 67105959 67102792 67104523 67096510 67105058 67108695 67111714 67132091 67118089 67121540 67107036 67104302 67109076 67104105 67112929 67108440 67107742 67111294 67090714 67113128 67104152 67104654 67103930 67099969 67113803 67113398 67120889 67102649 67101432 67093890 67106858 67122545 67112608 67115659 67120892 67098878 67104305 67121479 67102806 67101290 67116930 67116157 67104087 67101434 67112357 67102752 67115346 67108649 67125396 67104770 67099151 67106303 67110365 67095367 67086898 67103712 67115061 67124381 67105038 67115930 67101001 67108144 67131183 67091280 67110421 67111415 67101868 67101216 67101182 67107357 67103299 67111265 67108621 67101250 67110682 67087619 67124912 67111804 67120475 67104818 67113325 67113024 67098278 67109219 67108054 67100026 67105096 67112917 67107885 67105536 67123433 67118420 67110325 67104730 67106100 67105148 67112018 67106886 67131427 67109701 67095802 67114147 67114092 67099740 67108522 67122898 67103989 67109537 67114080 67091612 67110464 67114153 67117502 

Sum of all global histogram elements: 17179869184
Total pixels: 17179869184

Total time: 236.136
outputs/output_nodes_4_processes_4_threads_32_size_34_20180604_184456.csv
ROWS_SIZE: 524288
COLUMNS_SIZE: 65536
simul == true
ROWS_SIZE: 524288
COLUMNS_SIZE: 65536
simul == true
ROWS_SIZE: 524288
COLUMNS_SIZE: 65536
simul == true
ROWS_SIZE: 524288
COLUMNS_SIZE: 65536
simul == true
after allocation of image_simul
after allocation of image_simul
after allocation of image_simul
after allocation of image_simul
after initialization of image_simul
Width: 65536
Height: 524288
after initialization of image_simul
Width: 65536
Height: 524288
after initialization of image_simul
Width: 65536
Height: 524288
after initialization of image_simul
Width: 65536
Height: 524288
Hello from process 0 of 4 running in processor r1i1n6
Hello from process 2 of 4 running in processor r1i2n5
Hello from process 1 of 4 running in processor r1i2n4
Hello from process 3 of 4 running in processor r1i2n6

Number of threads is: 32

Number of threads is: 32

Number of threads is: 32

Number of threads is: 32
ROI time: 8.61599

Global histogram: 
134209707 134214336 134222545 134226201 134223334 134215399 134230983 134191872 134217787 134209836 134201523 134201821 134208251 134240613 134227043 134206389 134221296 134211592 134209788 134220535 134212136 134206860 134200034 134218044 134207274 134195470 134205403 134236023 134196105 134212293 134219848 134226325 134210729 134227351 134218860 134223496 134237203 134226898 134221811 134234051 134182724 134231246 134234912 134228771 134212182 134187689 134215408 134211936 134217110 134217094 134225106 134216718 134231163 134211905 134235175 134222834 134215402 134210587 134218587 134213471 134210559 134237671 134227285 134221626 134207554 134196590 134206580 134211333 134204076 134209426 134206571 134195051 134205325 134211533 134216868 134210511 134227534 134221869 134228687 134227323 134196186 134222018 134223830 134217566 134223034 134212427 134237853 134212901 134209514 134223297 134235641 134236631 134217007 134215952 134224958 134232431 134222912 134200938 134230170 134231985 134232226 134217570 134227050 134217988 134231009 134226600 134212774 134199307 134202027 134202810 134226034 134218602 134222421 134218390 134227728 134223291 134229648 134221257 134231400 134206733 134226978 134228700 134201061 134223037 134198481 134226500 134217291 134220915 134222899 134193011 134225261 134216625 134235344 134243050 134223842 134199262 134196720 134221084 134224734 134231960 134197478 134219661 134210608 134197144 134231124 134230802 134210027 134224417 134220117 134217940 134197537 134220084 134211211 134204669 134214228 134229377 134227970 134201135 134222265 134207712 134227571 134227707 134237978 134201067 134234140 134223253 134240125 134230496 134203565 134218512 134196914 134208490 134231080 134209586 134214256 134218149 134221759 134211384 134208231 134191475 134230380 134198026 134194488 134236582 134222164 134217885 134230395 134216729 134206367 134220893 134205959 134237488 134207314 134213694 134219406 134221185 134216264 134210123 134245397 134218895 134233667 134222680 134189955 134225951 134213787 134211502 134226198 134236879 134208401 134225120 134212801 134221811 134211517 134210705 134210237 134239866 134222358 134225976 134196386 134226920 134209847 134226112 134206861 134212649 134223252 134215117 134203944 134233562 134221269 134221069 134232744 134214591 134220061 134233609 134215722 134207571 134217521 134218437 134245047 134193488 134221526 134204361 134227401 134236598 134210534 134206590 134222315 134229544 134219937 134227116 134219785 134210976 134201502 134216317 134221781 134226089 

Sum of all global histogram elements: 34359738368
Total pixels: 34359738368

Total time: 472.476
outputs/output_nodes_4_processes_4_threads_32_size_35_20180604_185250.csv
ROWS_SIZE: 1048576
COLUMNS_SIZE: 65536
simul == true
ROWS_SIZE: 1048576
COLUMNS_SIZE: 65536
simul == true
ROWS_SIZE: 1048576
COLUMNS_SIZE: 65536
simul == true
ROWS_SIZE: 1048576
COLUMNS_SIZE: 65536
simul == true
after allocation of image_simul
after allocation of image_simul
after allocation of image_simul
after allocation of image_simul
after initialization of image_simul
Width: 65536
Height: 1048576
after initialization of image_simul
Width: 65536
Height: 1048576
after initialization of image_simul
Width: 65536
Height: 1048576
after initialization of image_simul
Width: 65536
Height: 1048576
Hello from process 0 of 4 running in processor r1i1n6
Hello from process 3 of 4 running in processor r1i2n6
Hello from process 2 of 4 running in processor r1i2n5

Number of threads is: 32

Number of threads is: 32

Number of threads is: 32
Hello from process 1 of 4 running in processor r1i2n4

Number of threads is: 32
ROI time: 17.5023

Global histogram: 
268471439 268424556 268453461 268437223 268449298 268437508 268422111 268476744 268431320 268440836 268463374 268446967 268441410 268446422 268430398 268431374 268428891 268435231 268435709 268456429 268449507 268440140 268450985 268420934 268435028 268415156 268447289 268439349 268450293 268412475 268421981 268469779 268459893 268427626 268429866 268456405 268454418 268416640 268435974 268478300 268424932 268419775 268443539 268436570 268442961 268418792 268447912 268448408 268404936 268422385 268446435 268405358 268451526 268428678 268400102 268434962 268399205 268447586 268424818 268437130 268421470 268414235 268422343 268419009 268441727 268427954 268425470 268468505 268425710 268416858 268444184 268462423 268421331 268434200 268419033 268443939 268436702 268441422 268410984 268433723 268423076 268420506 268439366 268437312 268445771 268429410 268448980 268451742 268427032 268427617 268450627 268446420 268424723 268408611 268432137 268441516 268403183 268417765 268443771 268462367 268456855 268414108 268436542 268442696 268419789 268442585 268445183 268422810 268460590 268402720 268424113 268444198 268414231 268439578 268419619 268461840 268443838 268409447 268435536 268414210 268428089 268433777 268434300 268452906 268427789 268420615 268433499 268436212 268411200 268425178 268445324 268466835 268462658 268435409 268395029 268450478 268436282 268398123 268456290 268453140 268465109 268422717 268455687 268445518 268443138 268428050 268435110 268422161 268454278 268430711 268440157 268459118 268461054 268453585 268423800 268446844 268465880 268419000 268459889 268441072 268425704 268407159 268435670 268438317 268465135 268438779 268459120 268438367 268445638 268445916 268448607 268442830 268428961 268428566 268404209 268437435 268419638 268419824 268432631 268490402 268452181 268434172 268423165 268429695 268403715 268432366 268427043 268426565 268442996 268424253 268433330 268467857 268404481 268402244 268436822 268453935 268458448 268430818 268439507 268413199 268445079 268433694 268409369 268435229 268440603 268441895 268430856 268447403 268437958 268430648 268432689 268447216 268449997 268446140 268419560 268451860 268439773 268417405 268444248 268446860 268435982 268418231 268408713 268462952 268423353 268437124 268439788 268423706 268453874 268434164 268401940 268460200 268439411 268411828 268414443 268410585 268394532 268421750 268448933 268431730 268428417 268445296 268444877 268437719 268443083 268419290 268429656 268444115 268416870 268409696 268441192 268436852 268457120 268430840 268431546 268450344 

Sum of all global histogram elements: 68719476736
Total pixels: 68719476736

Total time: 945.066
outputs/output_nodes_4_processes_4_threads_32_size_36_20180604_190837.csv
ROWS_SIZE: 65536
COLUMNS_SIZE: 65536
simul == true
ROWS_SIZE: 65536
COLUMNS_SIZE: 65536
simul == true
ROWS_SIZE: 65536
COLUMNS_SIZE: 65536
simul == true
ROWS_SIZE: 65536
COLUMNS_SIZE: 65536
simul == true
after allocation of image_simul
after allocation of image_simul
after allocation of image_simul
after allocation of image_simul
after initialization of image_simul
Width: 65536
Height: 65536
after initialization of image_simul
Width: 65536
Height: 65536
after initialization of image_simul
Width: 65536
Height: 65536
after initialization of image_simul
Width: 65536
Height: 65536
Hello from process 0 of 4 running in processor r1i1n6
Hello from process 3 of 4 running in processor r1i2n6
Hello from process 2 of 4 running in processor r1i2n5

Number of threads is: 32
Hello from process 1 of 4 running in processor r1i2n4

Number of threads is: 32

Number of threads is: 32

Number of threads is: 32
ROI time: 1.13059

Global histogram: 
16779817 16775732 16787537 16779375 16779811 16779264 16781377 16780063 16779051 16775614 16774988 16765561 16772352 16776372 16777253 16777868 16782423 16778961 16780353 16778449 16776208 16778746 16770084 16779964 16785789 16783723 16775093 16776246 16768007 16776759 16772332 16779180 16777251 16778885 16781385 16773763 16768908 16785056 16776758 16776084 16774985 16772384 16775809 16777489 16774796 16775288 16777324 16780371 16784028 16778975 16780295 16770086 16779040 16768545 16785564 16780415 16771182 16775589 16779362 16776878 16771124 16782602 16780416 16781850 16782409 16781033 16774168 16776663 16780295 16775299 16775101 16775118 16775783 16776839 16772945 16776829 16780954 16777151 16780495 16779043 16784761 16784926 16774427 16778618 16780626 16777563 16778953 16778838 16776930 16776102 16773271 16769254 16773458 16784241 16775722 16779932 16776050 16780797 16776054 16769827 16779182 16773523 16778473 16777539 16778033 16772860 16781364 16776922 16780959 16780883 16773251 16787928 16776485 16777754 16782609 16769136 16780088 16772147 16773439 16777551 16779578 16778865 16781068 16773817 16776396 16779290 16770919 16779466 16779756 16772116 16779119 16776495 16773699 16773171 16778338 16772629 16778385 16770850 16778258 16780962 16781659 16776842 16775986 16778362 16776128 16774626 16772983 16782059 16773083 16780659 16778918 16783563 16778192 16782018 16771015 16773450 16777566 16779704 16781113 16777058 16775846 16779013 16773739 16770004 16775908 16775015 16775202 16776643 16777469 16783301 16775134 16779563 16780170 16774893 16776854 16788738 16771607 16777486 16772277 16770297 16774854 16775769 16774635 16776500 16777513 16779511 16782212 16769996 16781888 16770491 16778461 16774418 16775132 16785485 16772609 16777436 16786468 16772684 16776738 16774754 16776095 16781839 16771154 16776116 16777512 16767017 16775947 16779555 16767620 16782947 16773089 16777112 16774414 16786227 16770102 16773737 16777560 16778069 16771954 16772602 16775033 16782599 16775132 16776076 16786504 16777936 16779728 16773706 16771332 16772960 16777295 16777305 16780170 16772922 16773963 16780118 16782931 16780737 16775895 16775147 16780054 16770198 16778827 16777299 16780759 16777819 16777461 16774450 16778799 16777395 16780136 16782288 16785266 16779513 16775053 16781508 

Sum of all global histogram elements: 4294967296
Total pixels: 4294967296

Total time: 59.1519
outputs/output_nodes_4_processes_4_threads_32_size_32_20180604_190941.csv
ROWS_SIZE: 131072
COLUMNS_SIZE: 65536
simul == true
ROWS_SIZE: 131072
COLUMNS_SIZE: 65536
simul == true
ROWS_SIZE: 131072
COLUMNS_SIZE: 65536
simul == true
ROWS_SIZE: 131072
COLUMNS_SIZE: 65536
simul == true
after allocation of image_simul
after allocation of image_simul
after allocation of image_simul
after allocation of image_simul
after initialization of image_simul
Width: 65536
Height: 131072
after initialization of image_simul
Width: 65536
Height: 131072
after initialization of image_simul
Width: 65536
Height: 131072
after initialization of image_simul
Width: 65536
Height: 131072
Hello from process 3 of 4 running in processor r1i2n6
Hello from process 2 of 4 running in processor r1i2n5
Hello from process 0 of 4 running in processor r1i1n6
Hello from process 1 of 4 running in processor r1i2n4

Number of threads is: 32

Number of threads is: 32

Number of threads is: 32

Number of threads is: 32
ROI time: 2.23893

Global histogram: 
33561535 33565468 33549122 33562653 33561465 33560136 33555226 33553067 33549721 33554542 33550088 33549221 33552142 33551611 33551386 33550672 33561620 33563386 33561172 33550660 33562214 33553803 33557579 33555047 33552729 33560889 33555714 33556911 33556921 33551402 33556519 33551495 33549651 33565426 33542836 33557954 33551696 33555139 33557041 33558882 33553877 33543524 33558002 33543978 33553191 33549208 33557566 33546405 33544448 33552779 33545482 33557377 33545305 33556813 33555859 33552503 33564261 33553113 33555386 33547968 33548460 33537572 33559882 33550811 33551739 33554397 33560921 33547358 33558226 33556277 33552159 33549329 33555996 33559335 33550927 33552723 33538740 33548608 33558306 33554189 33560590 33556966 33551409 33547082 33547864 33555789 33547100 33548367 33559020 33555234 33545246 33551434 33555248 33552606 33555691 33561730 33551668 33547449 33558195 33550519 33558773 33552312 33555277 33559738 33550028 33554116 33557208 33547365 33554456 33557297 33559544 33555143 33557387 33558333 33551555 33555025 33561131 33555839 33555822 33554491 33553046 33562609 33541631 33560139 33551784 33556080 33548787 33555905 33554893 33560258 33554773 33543770 33557692 33545577 33550063 33557301 33551474 33546231 33553361 33559604 33553852 33563574 33543237 33562194 33553716 33551579 33543865 33551308 33546893 33545702 33537787 33555677 33550213 33544438 33555852 33548265 33556749 33543599 33552339 33555544 33557111 33550912 33544517 33558252 33558035 33553155 33572060 33557522 33563129 33555930 33563508 33549564 33551663 33558834 33556518 33552501 33550523 33560160 33557158 33551426 33566085 33545315 33569388 33563196 33562466 33555858 33558450 33547379 33554526 33552346 33556183 33562335 33556109 33556555 33545039 33543620 33553515 33558998 33553456 33565334 33556900 33560324 33550489 33553410 33556634 33554701 33552892 33551180 33560873 33558763 33556507 33564677 33556845 33553377 33566003 33554911 33559207 33557816 33546306 33560710 33542034 33555079 33562133 33549396 33543296 33562820 33557161 33554936 33561314 33554118 33552608 33554320 33546645 33557239 33557125 33554581 33547644 33558928 33562061 33559224 33556364 33555269 33555818 33557433 33558568 33544188 33548537 33555594 33561863 33558440 33554201 33564788 33558777 33550628 33558720 33562437 

Sum of all global histogram elements: 8589934592
Total pixels: 8589934592

Total time: 118.256
outputs/output_nodes_4_processes_4_threads_32_size_33_20180604_191139.csv
ROWS_SIZE: 262144
COLUMNS_SIZE: 65536
simul == true
ROWS_SIZE: 262144
COLUMNS_SIZE: 65536
simul == true
ROWS_SIZE: 262144
COLUMNS_SIZE: 65536
simul == true
ROWS_SIZE: 262144
COLUMNS_SIZE: 65536
simul == true
after allocation of image_simul
after allocation of image_simul
after allocation of image_simul
after allocation of image_simul
after initialization of image_simul
Width: 65536
Height: 262144
after initialization of image_simul
Width: 65536
Height: 262144
after initialization of image_simul
Width: 65536
Height: 262144
after initialization of image_simul
Width: 65536
Height: 262144
Hello from process 0 of 4 running in processor r1i1n6
Hello from process 3 of 4 running in processor r1i2n6
Hello from process 2 of 4 running in processor r1i2n5
Hello from process 1 of 4 running in processor r1i2n4

Number of threads is: 32

Number of threads is: 32

Number of threads is: 32

Number of threads is: 32
ROI time: 4.27723

Global histogram: 
67112578 67108673 67108113 67109403 67098307 67113374 67107651 67116728 67102447 67098992 67108208 67114758 67106777 67096879 67117593 67119488 67108374 67120205 67113155 67118425 67111899 67108797 67101754 67107995 67105106 67114888 67118916 67098857 67118461 67105049 67111825 67114687 67114122 67096511 67096217 67105821 67112918 67106521 67114551 67104793 67110666 67115544 67104902 67119753 67111912 67116058 67124788 67112922 67099294 67103029 67102197 67101081 67115019 67105363 67111084 67112659 67113114 67117093 67098364 67111914 67103599 67111821 67116664 67105620 67116114 67111591 67118935 67106027 67108899 67112271 67113534 67092017 67110710 67116314 67093241 67116131 67126193 67092094 67116929 67105844 67118020 67105990 67118128 67105684 67118989 67099530 67105152 67112620 67098108 67098618 67104394 67111674 67103365 67107165 67108507 67120067 67113767 67114310 67111239 67109148 67097264 67104175 67103993 67124211 67101254 67127983 67106072 67108630 67106594 67108748 67089265 67092520 67096936 67098276 67103761 67111320 67097105 67116755 67110715 67112492 67119725 67102336 67108075 67105157 67096357 67102072 67113581 67100595 67110261 67117531 67097452 67100305 67098797 67121230 67121571 67101163 67103535 67120969 67092598 67123057 67090317 67106260 67126798 67113658 67114017 67097007 67104203 67105805 67100768 67111725 67102128 67111443 67121577 67128330 67118211 67111428 67110477 67102407 67107958 67099332 67113599 67111999 67111134 67106343 67112988 67101864 67094597 67100964 67108118 67102673 67088830 67116429 67104078 67112930 67127258 67128006 67112347 67109561 67099684 67093152 67114841 67112056 67108623 67110812 67112734 67105765 67123359 67112373 67107862 67107446 67107814 67102937 67116376 67105943 67118308 67112914 67119313 67110693 67106098 67109360 67108127 67114427 67101603 67105432 67105327 67117288 67106944 67109833 67121569 67114096 67111011 67100575 67103884 67083041 67124704 67101708 67103191 67111853 67114473 67083943 67111549 67106224 67115262 67121668 67102555 67106118 67107776 67116773 67111968 67119174 67104587 67110437 67094968 67114398 67113131 67115006 67116633 67109770 67109346 67110374 67117886 67114408 67090374 67111872 67116547 67111756 67108324 67096067 67103437 67101738 67096944 67124347 67109282 67096011 67119059 67094325 

Sum of all global histogram elements: 17179869184
Total pixels: 17179869184

Total time: 236.118
outputs/output_nodes_4_processes_4_threads_32_size_34_20180604_191536.csv
ROWS_SIZE: 524288
COLUMNS_SIZE: 65536
simul == true
ROWS_SIZE: 524288
COLUMNS_SIZE: 65536
simul == true
ROWS_SIZE: 524288
COLUMNS_SIZE: 65536
simul == true
ROWS_SIZE: 524288
COLUMNS_SIZE: 65536
simul == true
after allocation of image_simul
after allocation of image_simul
after allocation of image_simul
after allocation of image_simul
after initialization of image_simul
Width: 65536
Height: 524288
after initialization of image_simul
Width: 65536
Height: 524288
after initialization of image_simul
Width: 65536
Height: 524288
after initialization of image_simul
Width: 65536
Height: 524288
Hello from process 0 of 4 running in processor r1i1n6
Hello from process 2 of 4 running in processor r1i2n5
Hello from process 1 of 4 running in processor r1i2n4
Hello from process 3 of 4 running in processor r1i2n6

Number of threads is: 32

Number of threads is: 32

Number of threads is: 32

Number of threads is: 32
ROI time: 8.95879

Global histogram: 
134210408 134224854 134202015 134218207 134222936 134239208 134202891 134218075 134221610 134230051 134210104 134222065 134231183 134219000 134205929 134203485 134204687 134231518 134230486 134230429 134204596 134221908 134210692 134218553 134225517 134230210 134236106 134220853 134210226 134220630 134222964 134221044 134227902 134223977 134231546 134225648 134227978 134219776 134205647 134236544 134214154 134226471 134229292 134224538 134233910 134220732 134212910 134211648 134225047 134187864 134224593 134208844 134187043 134219860 134228660 134210741 134235543 134226295 134199388 134237924 134235817 134235795 134202961 134200897 134210690 134217591 134228694 134234606 134202426 134246081 134220553 134214920 134216537 134236839 134216190 134217208 134232343 134224234 134231940 134218373 134198080 134210363 134220423 134224600 134226958 134211857 134203577 134226323 134213574 134200335 134231664 134212731 134194864 134209750 134219630 134212032 134212965 134228187 134236515 134200650 134234796 134224441 134225760 134220215 134212575 134215015 134245482 134212071 134221210 134219748 134226188 134200605 134220071 134232414 134202329 134230118 134198362 134230649 134229991 134206212 134198417 134208005 134220574 134207099 134209188 134232414 134195832 134217473 134210104 134230293 134236506 134222484 134210056 134214208 134219440 134212370 134218268 134213046 134219104 134230448 134202146 134214969 134232597 134202699 134227065 134220091 134207889 134206012 134221946 134213439 134204425 134209899 134225987 134229373 134246475 134214605 134208139 134202056 134210222 134197929 134214349 134220337 134200572 134203704 134239361 134221967 134242212 134192925 134231722 134193576 134202109 134205551 134191335 134235771 134224947 134212717 134224448 134209497 134215625 134217978 134218035 134207411 134210897 134218179 134220064 134221693 134223106 134199671 134210049 134212223 134220132 134216207 134219728 134204488 134218746 134221793 134226770 134222320 134232653 134218571 134216324 134205754 134197824 134215913 134188465 134240899 134224443 134211796 134221880 134223416 134229923 134213888 134205465 134209684 134217057 134193494 134219965 134223342 134210421 134225527 134219535 134208143 134235606 134219347 134199770 134214523 134218740 134221344 134211994 134197605 134212034 134203446 134222911 134218424 134230643 134233014 134222671 134229271 134202783 134199233 134215989 134235371 134217250 134216959 134237159 134231859 134197816 134219596 134223703 134220187 134201672 134201375 134227405 134232505 134219362 134221972 

Sum of all global histogram elements: 34359738368
Total pixels: 34359738368

Total time: 472.906
outputs/output_nodes_4_processes_4_threads_32_size_35_20180604_192330.csv
ROWS_SIZE: 1048576
COLUMNS_SIZE: 65536
simul == true
ROWS_SIZE: 1048576
COLUMNS_SIZE: 65536
simul == true
ROWS_SIZE: 1048576
COLUMNS_SIZE: 65536
simul == true
ROWS_SIZE: 1048576
COLUMNS_SIZE: 65536
simul == true
after allocation of image_simul
after allocation of image_simul
after allocation of image_simul
after allocation of image_simul
after initialization of image_simul
Width: 65536
Height: 1048576
after initialization of image_simul
Width: 65536
Height: 1048576
after initialization of image_simul
Width: 65536
Height: 1048576
after initialization of image_simul
Width: 65536
Height: 1048576
Hello from process 0 of 4 running in processor r1i1n6
Hello from process 2 of 4 running in processor r1i2n5
Hello from process 1 of 4 running in processor r1i2n4
Hello from process 3 of 4 running in processor r1i2n6

Number of threads is: 32

Number of threads is: 32

Number of threads is: 32

Number of threads is: 32
ROI time: 17.2963

Global histogram: 
268414096 268414201 268456684 268444129 268424440 268430713 268463289 268457845 268426934 268450321 268423755 268433604 268444573 268458055 268458896 268436900 268458401 268445123 268447924 268444156 268444469 268435007 268466845 268480911 268451599 268453677 268435016 268458649 268433176 268448178 268439777 268451937 268460654 268447632 268433130 268451957 268392408 268438745 268412280 268434199 268395517 268431042 268417553 268444498 268433585 268430795 268418094 268421503 268434860 268419975 268428820 268422058 268431140 268443287 268470360 268430800 268429919 268431126 268428616 268440039 268443840 268438040 268433836 268436999 268431783 268428264 268398840 268435652 268421034 268407661 268439636 268401131 268420123 268446468 268409019 268430703 268428836 268444150 268435920 268433437 268447405 268443403 268424615 268411998 268418183 268436146 268423836 268429892 268440355 268435051 268422890 268431725 268438623 268420936 268437931 268438739 268460415 268431683 268394109 268439849 268423610 268419530 268444721 268463574 268428592 268441130 268416556 268466546 268451700 268436499 268424471 268437438 268446525 268427972 268453661 268451414 268437924 268420409 268476832 268445733 268406342 268437160 268451254 268443258 268434942 268416764 268455085 268435732 268452902 268444325 268441954 268434014 268401022 268414070 268445676 268402143 268424287 268422358 268429930 268413324 268446398 268442572 268455555 268440593 268452790 268434746 268437827 268456220 268427315 268422871 268448334 268456105 268419158 268412414 268402912 268449665 268437807 268423106 268451012 268399601 268422832 268431686 268462338 268404240 268406850 268433919 268435078 268430473 268432482 268426678 268431811 268443187 268442168 268421498 268423552 268442896 268436080 268435608 268447380 268431548 268409053 268403841 268458629 268441845 268423719 268451058 268406704 268425318 268430864 268452326 268410282 268422717 268439944 268443187 268435516 268436704 268437724 268421093 268433418 268438941 268433639 268429549 268436887 268426334 268452182 268423707 268443404 268446723 268438402 268413688 268438307 268492334 268426484 268434027 268463169 268435982 268467657 268439256 268464377 268425205 268422247 268438900 268450955 268412904 268439155 268428210 268409371 268483396 268406540 268442209 268465387 268480115 268439198 268440307 268432517 268453851 268433460 268452852 268454880 268397325 268419647 268427705 268458839 268450860 268432413 268455273 268451120 268389336 268456559 268400086 268456541 268432625 268417858 268441276 268425599 268441312 

Sum of all global histogram elements: 68719476736
Total pixels: 68719476736

Total time: 944.373
outputs/output_nodes_4_processes_4_threads_32_size_36_20180604_193917.csv
