srun: error: Unable to create job step: More processors requested than permitted
Hello from process 5 of 8 on node r1i0n11!
Hello from process 0 of 8 on node r1i0n5!
Hello from process 3 of 8 on node r1i0n9!
Hello from process 7 of 8 on node r1i0n14!
Hello from process 2 of 8 on node r1i0n7!
Hello from process 4 of 8 on node r1i0n10!
Hello from process 6 of 8 on node r1i0n12!
Hello from process 1 of 8 on node r1i0n6!
Thread 0 says: Hello World
Thread 0 says: Hello World
Thread 1 says: Hello World
Thread 0 says: Hello World
Thread 0 says: Hello World
Thread 0 says: Hello World
Thread 0 says: Hello World
Thread 0 says: Hello World
Thread 0 says: Hello World
Thread 3 says: Hello World
Thread 15 says: Hello World
Thread 16 says: Hello World
Thread 2 says: Hello World
Thread 3 says: Hello World
Thread 1 says: Hello World
Thread 1 says: Hello World
Thread 1 says: Hello World
Thread 3 says: Hello World
Thread 1 says: Hello World
Thread 1 says: Hello World
Thread 12 says: Hello World
Thread 5 says: Hello World
Thread 14 says: Hello World
Thread 7 says: Hello World
Thread 10 says: Hello World
Thread 19 says: Hello World
Thread 6 says: Hello World
Thread 17 says: Hello World
Thread 13 says: Hello World
Thread 11 says: Hello World
Thread 4 says: Hello World
Thread 9 says: Hello World
Thread 8 says: Hello World
Thread 12 says: Hello World
Thread 20 says: Hello World
Thread 18 says: Hello World
Thread 4 says: Hello World
Thread 4 says: Hello World
Thread 3 says: Hello World
Thread 4 says: Hello World
Thread 16 says: Hello World
Thread 3 says: Hello World
Thread 9 says: Hello World
Thread 22 says: Hello World
Thread 7 says: Hello World
Thread 7 says: Hello World
Thread 8 says: Hello World
Thread 2 says: Hello World
Thread 12 says: Hello World
Thread 7 says: Hello World
Thread 6 says: Hello World
Thread 7 says: Hello World
Thread 21 says: Hello World
Thread 2 says: Hello World
Thread 5 says: Hello World
Thread 4 says: Hello World
Thread 6 says: Hello World
Thread 8 says: Hello World
Thread 12 says: Hello World
Thread 2 says: Hello World
Thread 23 says: Hello World
Thread 5 says: Hello World
Thread 2 says: Hello World
Thread 11 says: Hello World
Thread 1 says: Hello World
Thread 17 says: Hello World
Thread 13 says: Hello World
Thread 1 says: Hello World
Thread 24 says: Hello World
Thread 25 says: Hello World
Thread 6 says: Hello World
Thread 3 says: Hello World
Thread 6 says: Hello World
Thread 7 says: Hello World
Thread 2 says: Hello World
Thread 11 says: Hello World
Thread 4 says: Hello World
Thread 26 says: Hello World
Thread 27 says: Hello World
Thread 3 says: Hello World
Thread 8 says: Hello World
Thread 11 says: Hello World
Thread 10 says: Hello World
Thread 9 says: Hello World
Thread 5 says: Hello World
Thread 13 says: Hello World
Thread 9 says: Hello World
Thread 5 says: Hello World
Thread 8 says: Hello World
Thread 28 says: Hello World
Thread 29 says: Hello World
Thread 8 says: Hello World
Thread 6 says: Hello World
Thread 2 says: Hello World
Thread 8 says: Hello World
Thread 18 says: Hello World
Thread 15 says: Hello World
Thread 10 says: Hello World
Thread 30 says: Hello World
Thread 9 says: Hello World
Thread 10 says: Hello World
Thread 7 says: Hello World
Thread 13 says: Hello World
Thread 11 says: Hello World
Thread 2 says: Hello World
Thread 13 says: Hello World
Thread 31 says: Hello World
Thread 10 says: Hello World
Thread 16 says: Hello World
Thread 5 says: Hello World
Thread 12 says: Hello World
Thread 14 says: Hello World
Thread 8 says: Hello World
Thread 11 says: Hello World
global hist: Thread 11 says: Hello World
Thread 14 says: Hello World
Thread 28 says: Hello World
Thread 12 says: Hello World
Thread 14 says: Hello World
Thread 10 says: Hello World
Thread 9 says: Hello World
Thread 11 says: Hello World
Thread 9 says: Hello World
Thread 4 says: Hello World
Thread 14 says: Hello World

Thread 12 says: Hello World
Thread 14 says: Hello World
Thread 18 says: Hello World
Thread 12 says: Hello World
Thread 13 says: Hello World
Thread 14 says: Hello World
Thread 10 says: Hello World
Thread 14 says: Hello World
Thread 15 says: Hello World
Thread 15 says: Hello World
Thread 15 says: Hello World
Thread 15 says: Hello World
Thread 15 says: Hello World
Thread 16 says: Hello World
Thread 7 says: Hello World
Thread 10 says: Hello World
Thread 5 says: Hello World
Thread 16 says: Hello World
Thread 13 says: Hello World
Thread 16 says: Hello World
Thread 17 says: Hello World
Thread 16 says: Hello World
Thread 17 says: Hello World
Thread 18 says: Hello World
Thread 6 says: Hello World
Thread 6 says: Hello World
Thread 17 says: Hello World
Thread 18 says: Hello World
Thread 17 says: Hello World
Thread 19 says: Hello World
Thread 17 says: Hello World
Thread 19 says: Hello World
Thread 20 says: Hello World
Thread 5 says: Hello World
Thread 16 says: Hello World
Thread 18 says: Hello World
Thread 20 says: Hello World
Thread 18 says: Hello World
Thread 21 says: Hello World
Thread 22 says: Hello World
Thread 4 says: Hello World
Thread 17 says: Hello World
Thread 20 says: Hello World
Thread 21 says: Hello World
Thread 21 says: Hello World
Thread 19 says: Hello World
Thread 23 says: Hello World
Thread 24 says: Hello World
Thread 3 says: Hello World
Thread 18 says: Hello World
Thread 19 says: Hello World
Thread 22 says: Hello World
Thread 24 says: Hello World
Thread 25 says: Hello World
Thread 26 says: Hello World
Thread 15 says: Hello World
Thread 19 says: Hello World
Thread 22 says: Hello World
Thread 23 says: Hello World
Thread 25 says: Hello World
Thread 27 says: Hello World
Thread 28 says: Hello World
Thread 19 says: Hello World
Thread 20 says: Hello World
Thread 23 says: Hello World
Thread 24 says: Hello World
Thread 26 says: Hello World
Thread 24 says: Hello World
Thread 28 says: Hello World
Thread 29 says: Hello World
Thread 30 says: Hello World
Thread 28 says: Hello World
Thread 21 says: Hello World
Thread 25 says: Hello World
Thread 26 says: Hello World
Thread 25 says: Hello World
Thread 29 says: Hello World
Thread 31 says: Hello World
Thread 29 says: Hello World
Thread 22 says: Hello World
Thread 23 says: Hello World
Thread 27 says: Hello World
Thread 28 says: Hello World
Thread 9 says: Hello World
Thread 27 says: Hello World
Thread 26 says: Hello World
global hist: Thread 24 says: Hello World
Thread 24 says: Hello World
Thread 29 says: Hello World
Thread 30 says: Hello World
Thread 13 says: Hello World
Thread 23 says: Hello World
Thread 22 says: Hello World

Thread 27 says: Hello World
Thread 25 says: Hello World
Thread 31 says: Hello World
Thread 30 says: Hello World
Thread 20 says: Hello World
Thread 21 says: Hello World
Thread 26 says: Hello World
Thread 26 says: Hello World
global hist: Thread 27 says: Hello World
Thread 30 says: Hello World
Thread 25 says: Hello World
Thread 27 says: Hello World

Thread 29 says: Hello World
Thread 31 says: Hello World
Thread 22 says: Hello World
Thread 28 says: Hello World
Thread 31 says: Hello World
global hist: Thread 23 says: Hello World
Thread 29 says: Hello World
global hist: 
Thread 30 says: Hello World
Thread 30 says: Hello World

Thread 31 says: Hello World
Thread 31 says: Hello World
Thread 20 says: Hello World
global hist: Thread 21 says: Hello World

global hist: 
Thread 20 says: Hello World
Thread 19 says: Hello World
Thread 22 says: Hello World
Thread 21 says: Hello World
Thread 23 says: Hello World
Thread 24 says: Hello World
Thread 25 says: Hello World
Thread 26 says: Hello World
Thread 27 says: Hello World
Thread 28 says: Hello World
Thread 30 says: Hello World
Thread 29 says: Hello World
Thread 31 says: Hello World
global hist: 
 0 0 0 4 1 3 6 15 24 57 206 671 2493 9680 32760 100460 235662 408760 650483 942303 1205559 1559120 1749350 1799198 1993493 2146236 2247305 2479295 2649540 2692348 2551666 2198380 2005361 2025789 2058870 2096584 2174490 2232258 2292725 2395676 2509236 2667430 2876493 3142153 3449516 3834660 4211081 4463717 4547876 4408052 4287402 4399361 4280955 3784875 3291275 2724568 2227313 1866661 1605541 1458276 1420117 1416558 1408828 1390699 1310283 1229501 1176040 1121776 1101722 1147341 1208513 1253737 1293531 1307457 1298992 1273345 1185563 1116008 1112259 1106837 1066193 1034414 1006088 987712 960155 910802 868107 836485 802082 772806 760755 726037 669656 625607 579858 527938 495131 478162 461483 441623 414289 392058 373429 354029 336054 324684 315056 305184 297265 289473 278115 265540 253443 242620 236469 232876 229021 225216 220449 214017 205661 198125 189731 185050 182243 183728 185180 183550 179198 174144 167886 163594 159256 158239 160000 158553 154415 147817 144378 139816 129753 122831 116796 113657 112129 112414 111372 108494 103034 95986 89313 83778 81299 79786 79358 78863 78032 77982 76420 75351 75351 75952 76983 79829 77439 72399 62487 55030 50675 47585 45815 45581 46562 45502 43799 42753 40817 39068 35939 34109 33145 31420 29760 29044 28215 27227 26716 26123 26572 26908 26830 25002 23227 20739 19839 18488 18027 17587 17598 16905 16729 15974 14814 13263 11965 11187 10347 10206 10027 9395 9062 8807 8378 7786 7522 7126 7109 6975 6591 6009 5395 5108 4512 4315 3792 3330 2809 2579 2514 2212 1929 1719 1453 1222 1016 937 824 514 381 307 222 147 109 117 116 96 32 2 0 0 0 0 0 0 0 0
outputs/output_nodes_8_threads_32_width_12800_height_12800_20180404_104137.csv
