Hello from process 0 of 1 on node r1i2n15!
Thread 0 of 24 says: Hello World
Thread 8 of 24 says: Hello World
Thread 2 of 24 says: Hello World
Thread 14 of 24 says: Hello World
Thread 12 of 24 says: Hello World
Thread 10 of 24 says: Hello World
Thread 7 of 24 says: Hello World
Thread 3 of 24 says: Hello World
Thread 5 of 24 says: Hello World
Thread 4 of 24 says: Hello World
Thread 1 of 24 says: Hello World
Thread 9 of 24 says: Hello World
Thread 11 of 24 says: Hello World
Thread 6 of 24 says: Hello World
Thread 15 of 24 says: Hello World
Thread 13 of 24 says: Hello World
Thread 18 of 24 says: Hello World
Thread 21 of 24 says: Hello World
Thread 17 of 24 says: Hello World
Thread 16 of 24 says: Hello World
Thread 23 of 24 says: Hello World
Thread 22 of 24 says: Hello World
Thread 20 of 24 says: Hello World
Thread 19 of 24 says: Hello World
global hist: 
 0 0 0 4 1 3 6 15 24 57 206 671 2493 9680 32760 100460 235654 408760 650483 942303 1205559 1559120 1749350 1799198 1993493 2146236 2247265 2479229 2649463 2692193 2551087 2196909 2001937 2018275 2058870 2096584 2174490 2232258 2292725 2395676 2509236 2667430 2876493 3142153 3449516 3834660 4211081 4463717 4547874 4408046 4287365 4399317 4280722 3784342 3290240 2722827 2224864 1863502 1602224 1455108 1417052 1412451 1404747 1386068 1304948 1223824 1169541 1114720 1094058 1139158 1200982 1246493 1287531 1303569 1296647 1271994 1184689 1115503 1111977 1106705 1066108 1034375 1006077 987705 960148 910794 868099 836478 802075 772802 760750 726033 669651 625604 579855 527936 495127 478159 461481 441619 414286 392056 373427 354028 336054 324684 315056 305184 297265 289473 278115 265540 253443 242620 236469 232876 229021 225216 220449 214017 205661 198125 189731 185050 182243 183728 185180 183550 179198 174144 167886 163594 159256 158239 160000 158553 154415 147817 144378 139816 129753 122831 116796 113657 112129 112414 111372 108494 103034 95986 89313 83778 81299 79786 79358 78863 78032 77982 76420 75351 75351 75952 76983 79829 77439 72399 62487 55030 50675 47585 45815 45581 46562 45502 43799 42753 40817 39068 35939 34109 33145 31420 29760 29044 28215 27227 26716 26123 26572 26908 26830 25002 23227 20739 19839 18488 18027 17587 17598 16905 16729 15974 14814 13263 11965 11187 10347 10206 10027 9395 9062 8807 8378 7786 7522 7126 7109 6975 6591 6009 5395 5108 4512 4315 3792 3330 2809 2579 2514 2212 1929 1719 1453 1222 1016 937 824 514 381 307 222 147 109 117 116 96 32 2 0 0 0 0 0 0 0 0
outputs/output_nodes_1_threads_24_width_12800_height_12800_false_sharing_20180406_010648.csv
Hello from process 0 of 1 on node r1i2n15!
Thread 0 of 24 says: Hello World
Thread 8 of 24 says: Hello World
Thread 2 of 24 says: Hello World
Thread 4 of 24 says: Hello World
Thread 11 of 24 says: Hello World
Thread 10 of 24 says: Hello World
Thread 3 of 24 says: Hello World
Thread 1 of 24 says: Hello World
Thread 5 of 24 says: Hello World
Thread 13 of 24 says: Hello World
Thread 6 of 24 says: Hello World
Thread 14 of 24 says: Hello World
Thread 12 of 24 says: Hello World
Thread 15 of 24 says: Hello World
Thread 9 of 24 says: Hello World
Thread 16 of 24 says: Hello World
Thread 20 of 24 says: Hello World
Thread 23 of 24 says: Hello World
Thread 17 of 24 says: Hello World
Thread 19 of 24 says: Hello World
Thread 18 of 24 says: Hello World
Thread 21 of 24 says: Hello World
Thread 22 of 24 says: Hello World
Thread 7 of 24 says: Hello World
global hist: 
 0 0 0 4 1 3 6 15 24 57 206 671 2493 9680 32760 100460 235662 408760 650483 942303 1205559 1559120 1749350 1799198 1993493 2146236 2247305 2479295 2649540 2692348 2551666 2198380 2005361 2025789 2058870 2096584 2174490 2232258 2292725 2395676 2509236 2667430 2876493 3142153 3449516 3834660 4211081 4463717 4547874 4408046 4287365 4399317 4280722 3784342 3290240 2722827 2224864 1863502 1602224 1455108 1417052 1412451 1404747 1386068 1304948 1223824 1169541 1114720 1094058 1139158 1200982 1246493 1287531 1303569 1296647 1271994 1184689 1115503 1111977 1106705 1066108 1034375 1006077 987705 960148 910794 868099 836478 802075 772802 760750 726033 669651 625604 579855 527936 495127 478159 461481 441619 414286 392056 373427 354028 336054 324684 315056 305184 297265 289473 278115 265540 253443 242620 236469 232876 229021 225216 220449 214017 205661 198125 189731 185050 182243 183728 185180 183550 179198 174144 167886 163594 159256 158239 160000 158553 154415 147817 144378 139816 129753 122831 116796 113657 112129 112414 111372 108494 103034 95986 89313 83778 81299 79786 79358 78863 78032 77982 76420 75351 75351 75952 76983 79829 77439 72399 62487 55030 50675 47585 45815 45581 46562 45502 43799 42753 40817 39068 35939 34109 33145 31420 29760 29044 28215 27227 26716 26123 26572 26908 26830 25002 23227 20739 19839 18488 18027 17587 17598 16905 16729 15974 14814 13263 11965 11187 10347 10206 10027 9395 9062 8807 8378 7786 7522 7126 7109 6975 6591 6009 5395 5108 4512 4315 3792 3330 2809 2579 2514 2212 1929 1719 1453 1222 1016 937 824 514 381 307 222 147 109 117 116 96 32 2 0 0 0 0 0 0 0 0
outputs/output_nodes_1_threads_24_width_12800_height_12800_false_sharing_20180406_010652.csv
Hello from process 0 of 1 on node r1i2n15!
Thread 0 of 24 says: Hello World
Thread 12 of 24 says: Hello World
Thread 9 of 24 says: Hello World
Thread 5 of 24 says: Hello World
Thread 3 of 24 says: Hello World
Thread 10 of 24 says: Hello World
Thread 4 of 24 says: Hello World
Thread 11 of 24 says: Hello World
Thread 1 of 24 says: Hello World
Thread 14 of 24 says: Hello World
Thread 13 of 24 says: Hello World
Thread 6 of 24 says: Hello World
Thread 15 of 24 says: Hello World
Thread 2 of 24 says: Hello World
Thread 7 of 24 says: Hello World
Thread 8 of 24 says: Hello World
Thread 16 of 24 says: Hello World
Thread 23 of 24 says: Hello World
Thread 21 of 24 says: Hello World
Thread 22 of 24 says: Hello World
Thread 19 of 24 says: Hello World
Thread 17 of 24 says: Hello World
Thread 20 of 24 says: Hello World
Thread 18 of 24 says: Hello World
global hist: 
 0 0 0 4 1 3 6 15 24 57 206 671 2493 9680 32760 100460 235662 408760 650483 942303 1205559 1559120 1749350 1799198 1993493 2146236 2247305 2479295 2649540 2692348 2551666 2198380 2005361 2025789 2058870 2096584 2174490 2232258 2292725 2395676 2509236 2667430 2876493 3142153 3449516 3834660 4211081 4463717 4547874 4408046 4287365 4399317 4280722 3784342 3290240 2722827 2224864 1863502 1602224 1455108 1417052 1412451 1404747 1386068 1304948 1223824 1169541 1114720 1094058 1139158 1200982 1246493 1287531 1303569 1296647 1271994 1184689 1115503 1111977 1106705 1066108 1034375 1006077 987705 960148 910794 868099 836478 802075 772802 760750 726033 669651 625604 579855 527936 495127 478159 461481 441619 414286 392056 373427 354028 336054 324684 315056 305184 297265 289473 278115 265540 253443 242620 236469 232876 229021 225216 220449 214017 205661 198125 189731 185050 182243 183728 185180 183550 179198 174144 167886 163594 159256 158239 160000 158553 154415 147817 144378 139816 129753 122831 116796 113657 112129 112414 111372 108494 103001 95946 89289 83743 81279 79754 79338 78840 78010 77958 76395 75341 75334 75929 76965 79810 77427 72381 62468 55015 50663 47568 45795 45574 46548 45495 43795 42749 40812 39062 35936 34109 30046 28565 26993 26350 25453 24526 24192 23631 24088 24385 24318 22567 21988 19535 18682 18488 18027 17587 17598 16905 16729 15974 14814 13263 11965 11187 10347 10206 10027 9395 9062 8807 8378 7786 7522 7126 7109 6975 6591 6009 5395 5108 4512 4315 3792 3330 2809 2579 2514 2212 1929 1719 1453 1222 1016 937 824 514 381 307 222 147 109 117 116 96 32 2 0 0 0 0 0 0 0 0
outputs/output_nodes_1_threads_24_width_12800_height_12800_false_sharing_20180406_010654.csv
Hello from process 0 of 1 on node r1i2n15!
Thread 0 of 24 says: Hello World
Thread 10 of 24 says: Hello World
Thread 14 of 24 says: Hello World
Thread 6 of 24 says: Hello World
Thread 11 of 24 says: Hello World
Thread 2 of 24 says: Hello World
Thread 3 of 24 says: Hello World
Thread 7 of 24 says: Hello World
Thread 13 of 24 says: Hello World
Thread 1 of 24 says: Hello World
Thread 4 of 24 says: Hello World
Thread 12 of 24 says: Hello World
Thread 15 of 24 says: Hello World
Thread 9 of 24 says: Hello World
Thread 5 of 24 says: Hello World
Thread 8 of 24 says: Hello World
Thread 16 of 24 says: Hello World
Thread 20 of 24 says: Hello World
Thread 23 of 24 says: Hello World
Thread 22 of 24 says: Hello World
Thread 18 of 24 says: Hello World
Thread 17 of 24 says: Hello World
Thread 19 of 24 says: Hello World
Thread 21 of 24 says: Hello World
global hist: 
 0 0 0 4 1 3 6 15 24 57 206 671 2493 9680 32760 100460 235646 408555 650007 940193 1198207 1542977 1722716 1761446 1942107 2093326 2197833 2430243 2597395 2632586 2479834 2113936 1899014 1945932 1965835 1996597 2071976 2134438 2199853 2306735 2420719 2572376 2766598 3009393 3286491 3633704 3968250 4180170 4247521 4120468 4037904 4399317 4280722 3784342 3290240 2722827 2224864 1863502 1602224 1455108 1417052 1412451 1404747 1386068 1304948 1223824 1169541 1114720 1094058 1139158 1200982 1246493 1287531 1303569 1296647 1271994 1184689 1115503 1111977 1106705 1066108 1034375 1006077 987705 960148 910794 868099 836478 802075 772802 760750 726033 669651 625604 579855 527936 495127 478159 461481 441619 414286 392056 373427 354028 336054 324684 315056 305184 297265 289473 278115 265540 253443 242620 236469 232876 229021 225216 220449 214017 205661 198125 189731 185050 182243 183728 185180 183550 179198 174144 167886 163594 159256 158239 160000 158553 154415 147817 144378 139816 129753 122831 116796 113657 112129 112414 111372 108494 103034 95986 89313 83778 81299 79786 79358 78863 78032 77982 76420 75351 75351 75952 76983 79829 77439 72399 62487 55030 50675 47585 45815 45581 46562 45502 43799 42753 40817 39068 35939 34109 33145 31420 29760 29044 28215 27227 26716 26123 26572 26908 26830 25002 23227 20739 19839 18488 18027 17587 17598 16905 16729 15974 14814 13263 11965 11187 10347 10206 10027 9395 9062 8807 8378 7786 7522 7126 7109 6975 6591 6009 5395 5108 4512 4315 3792 3330 2809 2579 2514 2212 1929 1719 1453 1222 1016 937 824 514 381 307 222 147 109 117 116 96 32 2 0 0 0 0 0 0 0 0
outputs/output_nodes_1_threads_24_width_12800_height_12800_false_sharing_20180406_010656.csv
Hello from process 0 of 1 on node r1i2n15!
Thread 0 of 24 says: Hello World
Thread 10 of 24 says: Hello World
Thread 3 of 24 says: Hello World
Thread 4 of 24 says: Hello World
Thread 15 of 24 says: Hello World
Thread 12 of 24 says: Hello World
Thread 7 of 24 says: Hello World
Thread 2 of 24 says: Hello World
Thread 8 of 24 says: Hello World
Thread 9 of 24 says: Hello World
Thread 6 of 24 says: Hello World
Thread 14 of 24 says: Hello World
Thread 5 of 24 says: Hello World
Thread 13 of 24 says: Hello World
Thread 11 of 24 says: Hello World
Thread 1 of 24 says: Hello World
Thread 19 of 24 says: Hello World
Thread 20 of 24 says: Hello World
Thread 18 of 24 says: Hello World
Thread 16 of 24 says: Hello World
Thread 23 of 24 says: Hello World
Thread 22 of 24 says: Hello World
Thread 21 of 24 says: Hello World
Thread 17 of 24 says: Hello World
global hist: 
 0 0 0 4 1 3 6 15 24 57 206 671 2493 9680 32760 100460 235662 408760 650483 942303 1205559 1559120 1749350 1799198 1993493 2146236 2247305 2479295 2649540 2692348 2551666 2198380 2005361 2025789 2058870 2096584 2174490 2232258 2292725 2395676 2509236 2667430 2876493 3142153 3449516 3834660 4211081 4463717 4547874 4408046 4287365 4399317 4280722 3784342 3290240 2722827 2224864 1863502 1602224 1455108 1417052 1412451 1404747 1386068 1304948 1223824 1169541 1114720 1094058 1139158 1200982 1246493 1287531 1303569 1296647 1271994 1184689 1115503 1111977 1106705 1066108 1034375 1006077 987705 960148 910794 868099 836478 802075 772802 760750 726033 669651 625604 579855 527936 495127 478159 461481 441619 414286 392056 373427 354028 336054 324684 315056 305184 297265 289473 278115 265540 253443 242620 236469 232876 229021 225216 220449 214017 205661 198125 189731 185050 182243 183728 185180 183550 179198 174144 167886 163594 159256 158239 160000 158553 154415 147817 144378 139816 129753 122831 116796 113657 112129 112414 111372 108494 103034 95986 89313 83778 81299 79786 79358 78863 78032 77982 76420 75351 75351 75952 76983 79829 77439 72399 62487 55030 50675 47585 45815 45581 46562 45502 43799 42753 40817 39068 35939 34109 33145 31420 29760 29044 28215 27227 26716 26123 26572 26908 26830 25002 23227 20739 19839 18488 16912 17587 17598 16905 16729 15974 14814 13263 11965 11187 10347 10206 10027 9395 9062 8807 8378 7786 7522 7126 7109 6975 6591 6009 5395 5108 4512 4315 3792 3330 2809 2579 2514 2212 1929 1719 1453 1222 1016 937 824 514 381 307 222 147 109 117 116 96 32 2 0 0 0 0 0 0 0 0
outputs/output_nodes_1_threads_24_width_12800_height_12800_false_sharing_20180406_010658.csv
