ARRAY_SIZE: 32768
simul == true
after allocation of image_simul
after initialization of image_simul
Width: 32768
Height: 32768
ROI time: 4.3845

Histogram: 
4195089 4193788 4194364 4195173 4194861 4189935 4196624 4191829 4193118 4194543 4196193 4194496 4195268 4198177 4192082 4195718 4193730 4193688 4194282 4196975 4193094 4193310 4193288 4194731 4192299 4192553 4192906 4195259 4194960 4195664 4190926 4192699 4195703 4193872 4197237 4194055 4194815 4193984 4195117 4191125 4192748 4192805 4192760 4194725 4195833 4194584 4196445 4191074 4194795 4194175 4192721 4192608 4191848 4193628 4196050 4195690 4195696 4191212 4193803 4191584 4192680 4190277 4193007 4192819 4194563 4193211 4193822 4193411 4194738 4192886 4195508 4193055 4194766 4194580 4195046 4196199 4195306 4194653 4192644 4193380 4192878 4191019 4197611 4197357 4194138 4193769 4195075 4193578 4194219 4197212 4195674 4195246 4193896 4194999 4194961 4190333 4196659 4198768 4194210 4195286 4198854 4195588 4195079 4190918 4193044 4197339 4195417 4192382 4193886 4193924 4194080 4194104 4196906 4190842 4191930 4195003 4193856 4196073 4192492 4196529 4196498 4191442 4193186 4194392 4197022 4194016 4199592 4190890 4190842 4193450 4196155 4194940 4189638 4193273 4196358 4195679 4198219 4195590 4191185 4195073 4193604 4196337 4194746 4194608 4194549 4195191 4196124 4194173 4193821 4195537 4190483 4196513 4192971 4196943 4193554 4196136 4194823 4191356 4193734 4195254 4193694 4194443 4194749 4195711 4195043 4194149 4194597 4193034 4191035 4192478 4192245 4194810 4192937 4194815 4194059 4197991 4194857 4195809 4189415 4195733 4196229 4193260 4195105 4194773 4196408 4194028 4194150 4192345 4194557 4195557 4193940 4199240 4193767 4194303 4196063 4194284 4198501 4192966 4194497 4194739 4192904 4195729 4193379 4193117 4192032 4195771 4196374 4196295 4195766 4191764 4192596 4195013 4199057 4196015 4195845 4197570 4195639 4193152 4195250 4195621 4195189 4191646 4190635 4196800 4195064 4196325 4196108 4192378 4190355 4196208 4191710 4188032 4192421 4194330 4197348 4193418 4193050 4199224 4190495 4191683 4195452 4192678 4192285 4194318 4195214 4195366 4195683 4193619 4194518 4194937 4194831 4194603 4194110 4196516 4190607 4193567 

Sum of all histogram elements: 1073741824
Total pixels: 1073741824

Total time: 18.5005
outputs/output_nodes_1_processes_1_threads_1_size_30_20180525_110640.csv
ARRAY_SIZE: 65536
simul == true
after allocation of image_simul
after initialization of image_simul
Width: 65536
Height: 65536
ROI time: 17.5125

Histogram: 
16777523 16777856 16779783 16783958 16775689 16782393 16774950 16781852 16780990 16777049 16773853 16779277 16773212 16773414 16770591 16785726 16780577 16773819 16775236 16773687 16774395 16775855 16778389 16777423 16779182 16776071 16773697 16777505 16782464 16772946 16779727 16780151 16776987 16784205 16773292 16781784 16776305 16770060 16780909 16784416 16778800 16785428 16773701 16776456 16773872 16779653 16781446 16778980 16773951 16781709 16776830 16780122 16776283 16776181 16765078 16773654 16777086 16774951 16778533 16774067 16775625 16778477 16772327 16772853 16781093 16777381 16775278 16781663 16773446 16781197 16778406 16780638 16785280 16781133 16773120 16776133 16777163 16771728 16781406 16775614 16776013 16783107 16772571 16776181 16775292 16777854 16775195 16778496 16773372 16776441 16768802 16777271 16782910 16782128 16771267 16777303 16782483 16778572 16779904 16777334 16778762 16779114 16778513 16771748 16774111 16776042 16779479 16775987 16780926 16780483 16774608 16772567 16768551 16779913 16782536 16775890 16779426 16777996 16768658 16778383 16783020 16779760 16776659 16778001 16782296 16777051 16774660 16779434 16777796 16777088 16778967 16777565 16776716 16781888 16778095 16782712 16780002 16781821 16777242 16770105 16774439 16776424 16769856 16777138 16778124 16775153 16776421 16780753 16780030 16779632 16778759 16767113 16778935 16773599 16774357 16779274 16779626 16778607 16772384 16781513 16779166 16776714 16779759 16776645 16774809 16779590 16776130 16775353 16777969 16780882 16778303 16772246 16778442 16777633 16777719 16778520 16773947 16779574 16773146 16780089 16778279 16775516 16769112 16770566 16771555 16779538 16774235 16781727 16782409 16773928 16775649 16776319 16769385 16779420 16772323 16775455 16781013 16773432 16777404 16774807 16774773 16777489 16774467 16774490 16768728 16774901 16781978 16776483 16774312 16778193 16775899 16784198 16776774 16778391 16780525 16776989 16776006 16775619 16778485 16780041 16773262 16780969 16771757 16779429 16778361 16783970 16779114 16780154 16779645 16770866 16775530 16780542 16779872 16786892 16779420 16775705 16772780 16778183 16778063 16777512 16781343 16772318 16776515 16772807 16778793 16782273 16780834 16774957 16780819 16768331 16776663 16783040 16777411 16775846 16776989 16775738 

Sum of all histogram elements: 4294967296
Total pixels: 4294967296

Total time: 73.8377
outputs/output_nodes_1_processes_1_threads_1_size_32_20180525_110754.csv
ARRAY_SIZE: 131072
simul == true
after allocation of image_simul
after initialization of image_simul
Width: 131072
Height: 131072
ROI time: 70.0364

Histogram: 
67113233 67117406 67112215 67102742 67102925 67100655 67104201 67103575 67095777 67097977 67110803 67118947 67098779 67111028 67110314 67125386 67109403 67118877 67110328 67116461 67103771 67122242 67120271 67109765 67108719 67109446 67111554 67107592 67112917 67098193 67116146 67109556 67107363 67097366 67115071 67107701 67108600 67107227 67102715 67110100 67113773 67108442 67114245 67102161 67093282 67105482 67108372 67109614 67103902 67106654 67102274 67105948 67101732 67106374 67097877 67115160 67113519 67113086 67108952 67107272 67109077 67105343 67111611 67120739 67114671 67113983 67105290 67108893 67103988 67112303 67121767 67106130 67104419 67097373 67113914 67106144 67106336 67109912 67116675 67114850 67103434 67115575 67108489 67114169 67103121 67102181 67121672 67120994 67089575 67117268 67116051 67118478 67119746 67102864 67111707 67104320 67118309 67117250 67108936 67118480 67103669 67120678 67111333 67111791 67114657 67117357 67107779 67107174 67094915 67114618 67109369 67112644 67124593 67105876 67100599 67105939 67111816 67115428 67111078 67098799 67103074 67103549 67103927 67110891 67110029 67107574 67115523 67103776 67108242 67099957 67106370 67112359 67109577 67114551 67113461 67111758 67116150 67111731 67112884 67110080 67113064 67105002 67115744 67120391 67117903 67111913 67117286 67115998 67087347 67104389 67121126 67101592 67111538 67102623 67113642 67099827 67109466 67101942 67102545 67109365 67111100 67099801 67095423 67102265 67113351 67099902 67120529 67114523 67108184 67106763 67097396 67099610 67111282 67108312 67128333 67113479 67116050 67107942 67105214 67127545 67114782 67092932 67117987 67104906 67106029 67113428 67112772 67107423 67093372 67113187 67114466 67108113 67130614 67118178 67106903 67108607 67103732 67116261 67118423 67107170 67114657 67104778 67103513 67110320 67104203 67122557 67098068 67106318 67114995 67108255 67104031 67104010 67098437 67101903 67115096 67095195 67111009 67113398 67115264 67113782 67109295 67119217 67093445 67121942 67087532 67110258 67107862 67096726 67102430 67108612 67108747 67116933 67104625 67114168 67110812 67108505 67108354 67094238 67106233 67115841 67099984 67114302 67100902 67098248 67113728 67111290 67106299 67098723 67097456 67093855 67110436 67095239 67107101 67100053 67113603 67096329 

Sum of all histogram elements: 17179869184
Total pixels: 17179869184

Total time: 295.152
outputs/output_nodes_1_processes_1_threads_1_size_34_20180525_111249.csv
ARRAY_SIZE: 262144
simul == true
after allocation of image_simul
after initialization of image_simul
Width: 262144
Height: 262144
ROI time: 280.023

Histogram: 
268444730 268442728 268467302 268431811 268439675 268412243 268446280 268433115 268447234 268457361 268434190 268432529 268432102 268439515 268423012 268396953 268433492 268408644 268435675 268434543 268421462 268426030 268429402 268421025 268450508 268467196 268457223 268420730 268457715 268424716 268461495 268446643 268445065 268460837 268454634 268405344 268470492 268426839 268453319 268413743 268443719 268454307 268460688 268411536 268463784 268400329 268406483 268418440 268472008 268431835 268478490 268408680 268437091 268440099 268454574 268415949 268445845 268432227 268459733 268439192 268427755 268428276 268473914 268415926 268435535 268443839 268448856 268397886 268445406 268448086 268454520 268419159 268432889 268450238 268430902 268442949 268449955 268462019 268423661 268400612 268458752 268450994 268395580 268428631 268430957 268458626 268480627 268419851 268445732 268458340 268472105 268421209 268414825 268408781 268450554 268420320 268430357 268443604 268437793 268418933 268446400 268423015 268455971 268422440 268436722 268426484 268432453 268434617 268429363 268435659 268445140 268445142 268435732 268445699 268447824 268427223 268419034 268454247 268462267 268397167 268438363 268450939 268440892 268402782 268431431 268430593 268465048 268422636 268428746 268439138 268433132 268424013 268456000 268436042 268436046 268420271 268445265 268399866 268440980 268430018 268455437 268449819 268476105 268423851 268437039 268415927 268421265 268380263 268458165 268446490 268432515 268390871 268452582 268448836 268445187 268377017 268450024 268403219 268455511 268416564 268470762 268456096 268445707 268405369 268434005 268434249 268472590 268431238 268429624 268444547 268435892 268411749 268433827 268426246 268462195 268423314 268421871 268459855 268440586 268429273 268438236 268419301 268465851 268435794 268450442 268444403 268436217 268401780 268426039 268442632 268453235 268413250 268458763 268448105 268433803 268418431 268439109 268426148 268431175 268414679 268415366 268445025 268439893 268426089 268420478 268406894 268464009 268429723 268416642 268422197 268426831 268428196 268448682 268426512 268436758 268414364 268444310 268446778 268451650 268403414 268418750 268427986 268461840 268407437 268437990 268440018 268431338 268382873 268449589 268436783 268438583 268432096 268456673 268459970 268443089 268431959 268407914 268409295 268449912 268421809 268421652 268433830 268458562 268419380 268457540 268436845 268439139 268433055 268441000 268448957 268436637 268410594 268451994 268391994 268461440 268415012 

Sum of all histogram elements: 68719476736
Total pixels: 68719476736

Total time: 1180.21
outputs/output_nodes_1_processes_1_threads_1_size_36_20180525_113230.csv
ARRAY_SIZE: 32768
simul == true
after allocation of image_simul
after initialization of image_simul
Width: 32768
Height: 32768
ROI time: 4.38558

Histogram: 
4195934 4191215 4193976 4195968 4194712 4195612 4193118 4193718 4199657 4195646 4195150 4191393 4193480 4194682 4195174 4192532 4194067 4191428 4195384 4193027 4198071 4196696 4194105 4196189 4190096 4193030 4191773 4194506 4194351 4196039 4193224 4197474 4196178 4195387 4190898 4190236 4193266 4193500 4197697 4190468 4195700 4192390 4196092 4197308 4194552 4194711 4194181 4191929 4193661 4196757 4190505 4194274 4194298 4194013 4192794 4194731 4194231 4193018 4193586 4195381 4193397 4196743 4193481 4190610 4197735 4196096 4194397 4193322 4194612 4194887 4197636 4194841 4193512 4193137 4194582 4196978 4193508 4192778 4195138 4193636 4193319 4196166 4195172 4192128 4193669 4191793 4196338 4194262 4194688 4199549 4191987 4193066 4192143 4196383 4194307 4192302 4193272 4193617 4195426 4192973 4197055 4194051 4194106 4193983 4194092 4194182 4195991 4192708 4196275 4193611 4196437 4192983 4194553 4198741 4191583 4196808 4195183 4194599 4191508 4189176 4194860 4191655 4195139 4193552 4193926 4192748 4195801 4190954 4193846 4197236 4197875 4194115 4193001 4193670 4194354 4196601 4193017 4191507 4194655 4196024 4194035 4195675 4191776 4190316 4193914 4195133 4190981 4190356 4195387 4190988 4193174 4196463 4195731 4195409 4195155 4195371 4191048 4191843 4194192 4196442 4194927 4196630 4195750 4194768 4193768 4193581 4194821 4196391 4193959 4195356 4193400 4196181 4196365 4192018 4199919 4193291 4195419 4191855 4194239 4195515 4192446 4193369 4194376 4196230 4194585 4194730 4192974 4192946 4195628 4193637 4197876 4191966 4193301 4193195 4192086 4195739 4191253 4194961 4194645 4193718 4194001 4192693 4191195 4194129 4196686 4195135 4194837 4192402 4190360 4192181 4190403 4192635 4195854 4196543 4193540 4194519 4194661 4194018 4195003 4192637 4192248 4195149 4194924 4190269 4194601 4192732 4197496 4194086 4194233 4196066 4193901 4196783 4195777 4198347 4194787 4193142 4195818 4195878 4188920 4195732 4194007 4192513 4197670 4193793 4190654 4197515 4193786 4199145 4196411 4195574 4195940 4193327 4195273 4193589 4199212 4198975 

Sum of all histogram elements: 1073741824
Total pixels: 1073741824

Total time: 18.5176
outputs/output_nodes_1_processes_1_threads_1_size_30_20180525_113249.csv
ARRAY_SIZE: 65536
simul == true
after allocation of image_simul
after initialization of image_simul
Width: 65536
Height: 65536
ROI time: 17.5124

Histogram: 
16783733 16783441 16772618 16763147 16782963 16775811 16772459 16782358 16777595 16776358 16785178 16784592 16773142 16783384 16780514 16777192 16774011 16778891 16772452 16781334 16775188 16773058 16779075 16777048 16776563 16786783 16781199 16777810 16779656 16777380 16782589 16778811 16787957 16773575 16769867 16768945 16770898 16779952 16773047 16774084 16783145 16777472 16775581 16772035 16786399 16780533 16774211 16786157 16778866 16771495 16774301 16770848 16779713 16774687 16781982 16778609 16774402 16782122 16780547 16781461 16775479 16772958 16779087 16780562 16780024 16772988 16784886 16777655 16776499 16769699 16779497 16777592 16776791 16772995 16777026 16784905 16773387 16780190 16780673 16772469 16778582 16775921 16778355 16775102 16780161 16779430 16772584 16773549 16778897 16781844 16774292 16781051 16773764 16780773 16778388 16775367 16775093 16780013 16779545 16776213 16772939 16777940 16777368 16774581 16778970 16775461 16777638 16777264 16779585 16774591 16778205 16770741 16771628 16773427 16779918 16779634 16775047 16782191 16775632 16781103 16775805 16775446 16777557 16782099 16782922 16785950 16778563 16773793 16773419 16772012 16775708 16774910 16776772 16771676 16773502 16776009 16771306 16780616 16781954 16775175 16770643 16781726 16776259 16776314 16772798 16775596 16780025 16779784 16780981 16774854 16778874 16782591 16780782 16783495 16778066 16771298 16777267 16775596 16779391 16775221 16778412 16771319 16777572 16771294 16770472 16783666 16779280 16776709 16772694 16777635 16781686 16777492 16780355 16775875 16777155 16777609 16774165 16779296 16782424 16775365 16773674 16779876 16771152 16786968 16775106 16779051 16779681 16780112 16778348 16774849 16781221 16779285 16779166 16776187 16781554 16777293 16778801 16780925 16774863 16768930 16778537 16777403 16766644 16775501 16773949 16769684 16780400 16774166 16773852 16778175 16777553 16773169 16780338 16775932 16776295 16779758 16771126 16778920 16772273 16777935 16775454 16773243 16769407 16784045 16776694 16779920 16774667 16777095 16779022 16778055 16778788 16777273 16777975 16777311 16779649 16772355 16776362 16773656 16776089 16776753 16781275 16779884 16775830 16779323 16776565 16779900 16772426 16778808 16783083 16773207 16777372 16782041 16770377 16771256 16781479 16777402 

Sum of all histogram elements: 4294967296
Total pixels: 4294967296

Total time: 73.8094
outputs/output_nodes_1_processes_1_threads_1_size_32_20180525_113403.csv
ARRAY_SIZE: 131072
simul == true
after allocation of image_simul
after initialization of image_simul
Width: 131072
Height: 131072
ROI time: 70.0205

Histogram: 
67101767 67110386 67099411 67116356 67126948 67097574 67093982 67114839 67096192 67106494 67111083 67116011 67115432 67116423 67108505 67108116 67107014 67111884 67091430 67105449 67096607 67109529 67110474 67113625 67123527 67105625 67104048 67095631 67104590 67109628 67122150 67107943 67111188 67120590 67111508 67101278 67108592 67100098 67110775 67103449 67114608 67119655 67110994 67117214 67104395 67111717 67109273 67115477 67106429 67107218 67115598 67103211 67098303 67119926 67112781 67114964 67113210 67098857 67113504 67112034 67109446 67091408 67109382 67118730 67119512 67105566 67111600 67105447 67115670 67113763 67098944 67097512 67102611 67110691 67100586 67096618 67114091 67113059 67105568 67124780 67092084 67104044 67114833 67108780 67112746 67100531 67121450 67120584 67086465 67103425 67110268 67126079 67117041 67111318 67110743 67085987 67113411 67117004 67105803 67096108 67112078 67097441 67114826 67119770 67112535 67103770 67106976 67125877 67111942 67121400 67114257 67119141 67118124 67106645 67107995 67114263 67119457 67113113 67107502 67108099 67106850 67111271 67112368 67116440 67114424 67101791 67099026 67099347 67121811 67118953 67115665 67099389 67112056 67096490 67110005 67110168 67112648 67098017 67108074 67114506 67106755 67108354 67107564 67122485 67105165 67115577 67109240 67093166 67124265 67101708 67107453 67097719 67102062 67100093 67106005 67105327 67113256 67097811 67110536 67104951 67101672 67118436 67111296 67110215 67113732 67116283 67098894 67101631 67093298 67095599 67104924 67107826 67121378 67099006 67110159 67113404 67116648 67109007 67103531 67093865 67115976 67097981 67106598 67122261 67123319 67097550 67108142 67112162 67106816 67107246 67113013 67107130 67103888 67122119 67097134 67113994 67109308 67096681 67108029 67113242 67097878 67111287 67108205 67115472 67105559 67123783 67113883 67099152 67120785 67101330 67101565 67116464 67120384 67099290 67110740 67095007 67100739 67114142 67119062 67113396 67120244 67117267 67118418 67116660 67115147 67116012 67095092 67111113 67102975 67095711 67110111 67108616 67106665 67109211 67105042 67112385 67120464 67118007 67101685 67123638 67101951 67123318 67100037 67108298 67112092 67106275 67099567 67100810 67092102 67105586 67110981 67110571 67094772 67110732 67103196 67109708 

Sum of all histogram elements: 17179869184
Total pixels: 17179869184

Total time: 295.13
outputs/output_nodes_1_processes_1_threads_1_size_34_20180525_113859.csv
ARRAY_SIZE: 262144
simul == true
after allocation of image_simul
after initialization of image_simul
Width: 262144
Height: 262144
ROI time: 281.026

Histogram: 
268415129 268457812 268437203 268461341 268434432 268456837 268431621 268441366 268396443 268454685 268441747 268456823 268426384 268447069 268413318 268422418 268428955 268446780 268417652 268425861 268406063 268443523 268418440 268438296 268407418 268447313 268445966 268454290 268436183 268457006 268440635 268440313 268424329 268473375 268429983 268447960 268420718 268397939 268405062 268449540 268431473 268433227 268409850 268431144 268435265 268430213 268422326 268427199 268440077 268448952 268422377 268405885 268423935 268450824 268411227 268462734 268408582 268442186 268417084 268389838 268440411 268444582 268455831 268433815 268445742 268446406 268453478 268430648 268398900 268468581 268402656 268452380 268412022 268453965 268450812 268456632 268447250 268452080 268430528 268456542 268423590 268460744 268393980 268452192 268415634 268420948 268439883 268446739 268429539 268446446 268430250 268423795 268425044 268439855 268413733 268463567 268428508 268434134 268457628 268415235 268422290 268476221 268425472 268452444 268439040 268427875 268416699 268433627 268424145 268444656 268410414 268431775 268411549 268458159 268439229 268443033 268418484 268454431 268414012 268438148 268434114 268453618 268435565 268422248 268471061 268429633 268412640 268425335 268439256 268467866 268426396 268413379 268391011 268423666 268387646 268420854 268446682 268444033 268404103 268449467 268407655 268457771 268421520 268451573 268418000 268429917 268432112 268459094 268435730 268473241 268447374 268455458 268412078 268438372 268432496 268446474 268390865 268440522 268448330 268421281 268460639 268437193 268440586 268411377 268427228 268439615 268437703 268406774 268386349 268432957 268419907 268422783 268444465 268478100 268432337 268445663 268446706 268446319 268425151 268433560 268425487 268468831 268459982 268440788 268422267 268418204 268427090 268430753 268432157 268463093 268436352 268430143 268405790 268421361 268444675 268432906 268420359 268459698 268455323 268442575 268450495 268446090 268444217 268447212 268420924 268459552 268422377 268454192 268393662 268448829 268448304 268476365 268425328 268454397 268443236 268446016 268447679 268452446 268433971 268409960 268419850 268481718 268421981 268440498 268438963 268440410 268421417 268457766 268427266 268452576 268451633 268441873 268436767 268469645 268426630 268456116 268461836 268433427 268441288 268440394 268427827 268461984 268425385 268476855 268434305 268446322 268433420 268439266 268397346 268451307 268380798 268426791 268432986 268448854 268418071 268437197 

Sum of all histogram elements: 68719476736
Total pixels: 68719476736

Total time: 1181.68
outputs/output_nodes_1_processes_1_threads_1_size_36_20180525_115841.csv
ARRAY_SIZE: 32768
simul == true
after allocation of image_simul
after initialization of image_simul
Width: 32768
Height: 32768
ROI time: 4.39

Histogram: 
4196604 4194121 4196180 4190913 4193010 4193827 4193980 4193241 4195147 4198331 4190434 4193107 4192769 4194467 4191659 4191437 4195217 4192977 4193821 4191199 4196710 4192760 4191065 4192189 4193715 4197070 4193496 4193551 4194448 4196338 4196093 4193724 4196382 4196378 4197960 4193391 4197066 4193242 4195728 4191972 4192649 4193812 4191858 4195166 4196010 4195078 4195002 4196259 4194902 4194385 4194111 4190693 4197296 4192369 4192959 4192888 4192309 4191906 4194658 4194304 4191952 4192976 4199236 4193722 4196020 4196660 4194410 4192596 4193227 4199061 4192786 4192328 4197919 4190673 4194103 4194299 4191542 4195955 4193428 4195021 4195663 4197623 4193340 4195901 4191182 4193345 4193629 4193061 4198319 4194928 4191276 4194184 4196015 4195732 4197118 4196395 4196176 4192030 4195925 4194474 4189995 4194574 4189724 4193547 4196343 4191847 4191908 4199673 4197780 4192374 4196472 4196746 4194064 4197285 4194249 4194836 4193782 4193187 4196750 4196140 4193067 4195218 4194945 4197256 4193029 4193518 4191854 4194978 4192856 4194611 4194781 4196193 4197166 4190167 4193543 4190732 4193118 4194644 4200706 4196104 4194064 4195892 4194424 4193674 4193990 4191670 4196438 4196167 4190032 4193113 4192624 4197627 4193588 4193190 4195449 4195118 4192874 4193524 4196040 4195614 4195411 4194589 4192532 4197846 4192238 4194323 4191051 4191936 4191860 4199570 4195287 4193348 4190106 4193287 4197444 4195291 4192513 4193539 4192138 4194662 4194821 4190657 4193421 4194891 4195800 4194312 4188622 4193711 4194878 4199543 4191192 4199099 4191475 4197040 4194371 4196750 4195068 4194521 4194742 4192883 4197131 4194644 4194230 4194839 4194339 4196184 4194708 4197015 4195819 4194790 4194386 4198967 4194561 4191294 4196051 4194060 4194002 4193768 4193584 4193788 4194213 4194517 4191545 4194326 4193393 4192936 4192063 4191933 4194860 4193977 4196491 4193545 4195752 4193708 4192405 4193312 4196415 4195040 4192720 4196676 4193043 4191555 4191116 4193808 4193031 4194582 4193580 4193765 4194382 4195977 4196672 4191607 4198574 4193964 4194336 4193640 

Sum of all histogram elements: 1073741824
Total pixels: 1073741824

Total time: 18.5141
outputs/output_nodes_1_processes_1_threads_1_size_30_20180525_115859.csv
ARRAY_SIZE: 65536
simul == true
after allocation of image_simul
after initialization of image_simul
Width: 65536
Height: 65536
ROI time: 17.477

Histogram: 
16777857 16773864 16781659 16780402 16779714 16771979 16778420 16770666 16777587 16774505 16781005 16775748 16780341 16778829 16780652 16778969 16771859 16770283 16772883 16777064 16779449 16774253 16775819 16788357 16782040 16777471 16777718 16778811 16774615 16780018 16781686 16775892 16778602 16776404 16782722 16785258 16777875 16770100 16779212 16778497 16779479 16768823 16773829 16781042 16781615 16774430 16768197 16769190 16773935 16785122 16780907 16780905 16777078 16777754 16776526 16773132 16782159 16774181 16773269 16775749 16776810 16778107 16774780 16779864 16783220 16778012 16785756 16774729 16773499 16773820 16778620 16781563 16769380 16781145 16784393 16778655 16780444 16773486 16775354 16775376 16775047 16768790 16775230 16774473 16774143 16778558 16777855 16770496 16775985 16773696 16775846 16772298 16777609 16773562 16772545 16780192 16773896 16778041 16770392 16778035 16777187 16771012 16773994 16777437 16782161 16776138 16778778 16777664 16770874 16783812 16771890 16777973 16771445 16774049 16769873 16773351 16774811 16769227 16780008 16775711 16777629 16777171 16779271 16783015 16780182 16781530 16780105 16785402 16784867 16783145 16775707 16781558 16787621 16779914 16769810 16770768 16779395 16778351 16772340 16768538 16781217 16777139 16771033 16773601 16772738 16774274 16779403 16773486 16779605 16779720 16779892 16778239 16786103 16779557 16782194 16769605 16775284 16779558 16774674 16778782 16779549 16779996 16772671 16785096 16776005 16777910 16776760 16775965 16774487 16776660 16778383 16770840 16775730 16775647 16773440 16776190 16777666 16774899 16773745 16776588 16779146 16775035 16778332 16783489 16786175 16782754 16777688 16781908 16780273 16777868 16773260 16778937 16779601 16776942 16772354 16782576 16787399 16772317 16784342 16773133 16782577 16775960 16783094 16775330 16778721 16773713 16780750 16781428 16780249 16774719 16777072 16776470 16776943 16777933 16785051 16772667 16772666 16776740 16783128 16775662 16782092 16774379 16775826 16772542 16773471 16776717 16778881 16776675 16773030 16774668 16776870 16774348 16781020 16777409 16781577 16779737 16778093 16772804 16774627 16773765 16778184 16773374 16785028 16772598 16775518 16779326 16778558 16785697 16780703 16779265 16775132 16780684 16775837 16776365 16777874 16772066 

Sum of all histogram elements: 4294967296
Total pixels: 4294967296

Total time: 73.814
outputs/output_nodes_1_processes_1_threads_1_size_32_20180525_120015.csv
ARRAY_SIZE: 131072
simul == true
after allocation of image_simul
after initialization of image_simul
Width: 131072
Height: 131072
ROI time: 70.0802

Histogram: 
67114023 67093925 67114774 67102843 67109011 67102836 67109546 67113896 67106512 67110068 67114771 67107201 67124268 67110945 67108946 67107690 67107714 67110073 67107068 67107318 67108376 67106764 67106811 67095872 67107107 67096184 67107199 67110829 67106319 67107392 67121271 67113191 67105794 67115280 67111850 67100923 67101419 67108528 67123982 67106501 67111651 67106960 67102663 67105238 67116912 67112551 67108243 67102613 67109604 67095827 67120100 67098550 67100665 67107485 67097460 67095921 67107573 67109359 67095006 67095308 67125031 67115271 67115062 67108549 67113685 67089507 67109668 67118629 67110990 67106241 67110922 67112768 67105235 67102111 67109878 67111424 67110764 67101276 67118401 67114498 67121318 67109414 67123965 67096289 67111622 67084710 67105113 67097425 67103758 67114547 67107473 67096156 67102890 67104294 67117418 67099999 67122725 67104649 67119622 67103839 67122585 67111608 67104505 67101092 67120973 67110023 67097168 67113031 67104672 67124206 67106396 67108312 67102312 67101540 67099780 67106634 67102780 67102801 67111198 67103554 67116038 67097668 67112530 67102369 67097014 67104109 67126928 67113214 67116672 67116991 67111749 67108558 67106788 67111167 67094448 67104571 67107772 67113317 67110971 67114623 67122015 67105498 67110419 67100161 67103003 67106961 67107392 67098662 67107261 67110072 67098392 67098710 67117326 67093916 67103822 67110324 67106041 67105647 67115507 67103558 67103353 67104106 67103547 67122019 67115386 67102321 67090601 67111444 67105961 67103451 67106187 67117757 67115028 67094036 67120758 67099644 67106724 67104263 67104359 67114388 67108133 67115788 67127685 67098324 67107823 67108698 67117979 67107676 67118744 67084162 67115086 67108479 67121135 67112337 67114366 67104629 67116336 67114477 67113855 67097988 67098582 67112734 67110823 67123545 67112357 67092420 67120494 67105481 67112825 67123597 67114598 67114116 67109978 67107276 67108586 67118239 67117739 67108785 67120207 67099835 67102432 67108307 67108022 67109840 67115429 67110658 67118687 67118837 67119041 67117998 67117206 67113412 67112685 67112335 67122896 67111485 67120134 67092297 67113657 67119077 67110103 67108125 67107938 67095201 67114100 67114532 67106709 67112114 67108822 67101680 67110292 67118182 67106270 67116570 67106438 67107224 

Sum of all histogram elements: 17179869184
Total pixels: 17179869184

Total time: 295.27
outputs/output_nodes_1_processes_1_threads_1_size_34_20180525_120510.csv
ARRAY_SIZE: 262144
simul == true
after allocation of image_simul
after initialization of image_simul
Width: 262144
Height: 262144
ROI time: 280.229

Histogram: 
268423812 268449193 268416900 268400380 268458535 268451197 268448145 268429835 268427574 268414643 268437617 268466751 268434240 268438450 268441237 268398616 268437193 268427416 268420554 268428691 268445423 268418008 268422467 268441125 268409670 268432745 268419519 268433232 268432485 268437486 268438213 268439154 268431268 268446212 268435041 268442430 268449357 268415358 268459380 268438642 268428505 268431518 268435628 268427601 268430558 268424156 268454567 268424718 268438704 268446984 268444991 268434867 268467845 268429531 268435348 268443952 268407649 268431770 268422496 268423507 268449738 268457840 268472723 268448903 268437217 268417561 268431085 268438989 268421352 268449943 268446913 268424369 268416839 268444416 268432252 268431171 268442359 268415032 268407481 268424284 268431931 268436485 268448000 268430769 268438912 268423440 268415617 268436674 268417434 268430375 268425543 268453806 268412568 268431863 268454928 268392091 268437074 268464947 268448605 268430559 268444027 268429486 268433714 268425695 268437637 268450214 268431475 268436796 268453744 268432672 268422150 268457426 268436124 268453750 268454069 268433919 268424748 268428221 268450419 268402346 268439829 268425496 268450348 268454390 268422159 268426336 268431016 268427360 268459572 268472657 268446683 268446944 268446461 268435134 268425262 268456195 268413467 268444543 268439502 268421028 268443205 268446217 268441499 268424637 268432630 268447349 268438591 268445048 268466031 268428992 268456800 268435308 268413497 268443092 268412377 268445609 268409856 268435901 268426604 268439744 268447544 268461101 268419458 268437740 268427483 268429879 268455731 268444896 268413010 268431619 268468997 268446116 268415013 268437479 268435190 268418761 268427068 268432583 268436411 268449796 268444251 268473612 268437648 268418006 268418530 268455889 268447638 268422136 268417524 268416728 268424103 268416923 268456310 268472042 268449928 268406097 268466486 268468330 268432113 268429608 268432603 268451502 268439037 268423367 268454224 268444211 268403524 268422769 268437659 268460830 268419022 268426718 268406257 268440673 268451643 268429121 268424847 268428323 268457563 268441736 268446165 268417746 268433287 268441243 268434879 268440812 268451712 268420620 268432088 268456046 268420131 268426388 268428082 268439965 268420945 268470096 268443056 268404196 268445381 268431497 268427512 268446865 268435990 268426564 268440137 268434024 268435424 268403905 268412925 268433250 268436809 268444037 268448024 268443993 268432002 268414356 

Sum of all histogram elements: 68719476736
Total pixels: 68719476736

Total time: 1179.7
outputs/output_nodes_1_processes_1_threads_1_size_36_20180525_122450.csv
