ROWS_SIZE: 1048576
COLUMNS_SIZE: 65536
simul == true
after allocation of image_simul
after initialization of image_simul
Width: 65536
Height: 1048576

Number of threads is: 16
ROI time: 29.0819

Global histogram: 
268454249 268434464 268448049 268436747 268442883 268440891 268420550 268431382 268399653 268430864 268435718 268441856 268444439 268445798 268433918 268447154 268456161 268455887 268457126 268441392 268405200 268424612 268428515 268418145 268439521 268408840 268459591 268419295 268450218 268416341 268437918 268446848 268440987 268437748 268419393 268443868 268463830 268425112 268401826 268443751 268439797 268424077 268445063 268427083 268425977 268429373 268430108 268451561 268418143 268467762 268438830 268434254 268450110 268467539 268429557 268411171 268413047 268439546 268444784 268426763 268484400 268439024 268439036 268438727 268430987 268447322 268429446 268453376 268426361 268433274 268400764 268417595 268418900 268432438 268424844 268412983 268415153 268433094 268450635 268453792 268435928 268425172 268401861 268439976 268451854 268441590 268425391 268426380 268433934 268432212 268457502 268445157 268414617 268438313 268454026 268427009 268421575 268404502 268447707 268427932 268460714 268406744 268429233 268436389 268442150 268437683 268453113 268395974 268417688 268442392 268453831 268466304 268416770 268442298 268449642 268394370 268425826 268435034 268428856 268440418 268412236 268427760 268433796 268444557 268477231 268416849 268398683 268429446 268428271 268423278 268452335 268433924 268467805 268463586 268436410 268463027 268402931 268444622 268430095 268443931 268419489 268417958 268439003 268412548 268421325 268416825 268428252 268428379 268444676 268456120 268433417 268460109 268449224 268436202 268442996 268423005 268441551 268437375 268443375 268442426 268430420 268445110 268440684 268426998 268400414 268455637 268423119 268450787 268437803 268436483 268413547 268448205 268422963 268461454 268497192 268436552 268437575 268405525 268421778 268426606 268418001 268435467 268422937 268433238 268410653 268437682 268424166 268425216 268440266 268450797 268406657 268450059 268424255 268414023 268433865 268433376 268447368 268451664 268440291 268429056 268436244 268459084 268452516 268427503 268459419 268423828 268445809 268428668 268445421 268430475 268442704 268459594 268448055 268451871 268403117 268440192 268427194 268429993 268437343 268418105 268438748 268465071 268433279 268419840 268422568 268420970 268426834 268437251 268443331 268464004 268426240 268421757 268420955 268433573 268453840 268424251 268462890 268436463 268429642 268450974 268432456 268432961 268435448 268427557 268472343 268463529 268430514 268427901 268468754 268427823 268425326 268432631 268448026 268441199 268454378 268427854 

Sum of all global histogram elements: 68719476736
Total pixels: 68719476736

Total time: 926.668
outputs/output_nodes_1_processes_1_threads_16_size_36_20180609_130815.csv
ROWS_SIZE: 1048576
COLUMNS_SIZE: 65536
simul == true
after allocation of image_simul
after initialization of image_simul
Width: 65536
Height: 1048576

Number of threads is: 16
ROI time: 29.4525

Global histogram: 
268421847 268440555 268451214 268433287 268418353 268431520 268418215 268419366 268412087 268452760 268449657 268454746 268446571 268417777 268413879 268439355 268423579 268453216 268439002 268438673 268439586 268455932 268424662 268436528 268404694 268469040 268434432 268429203 268425094 268443382 268419289 268430227 268424023 268447960 268467500 268424892 268445155 268458662 268452674 268451939 268434703 268475826 268442762 268422875 268411679 268424112 268418095 268431811 268404542 268439549 268466828 268431418 268419254 268452548 268422383 268432543 268435962 268455816 268431262 268414312 268421593 268417120 268421956 268452883 268411789 268477809 268447423 268444730 268412870 268462344 268436436 268438299 268410271 268471807 268415340 268464906 268443280 268443770 268441801 268463808 268416522 268441710 268430615 268443676 268410603 268413071 268417872 268442608 268415823 268457973 268408385 268440061 268419369 268442936 268417967 268445047 268442160 268433736 268442386 268454377 268424827 268467743 268436400 268432169 268459083 268462322 268430144 268416744 268412503 268437034 268441428 268452241 268437587 268450403 268462202 268430825 268435297 268453152 268446420 268431102 268408474 268457764 268417199 268425622 268440521 268451899 268428088 268443702 268396632 268464097 268419564 268450743 268424419 268478990 268425651 268433025 268437125 268458921 268454350 268441132 268411637 268436061 268424615 268428957 268441247 268450606 268465921 268432257 268389293 268398322 268428598 268459328 268429291 268478055 268429246 268408330 268416740 268451187 268395356 268442890 268430084 268461958 268427896 268462309 268415714 268433737 268436685 268460541 268427129 268451883 268445142 268432980 268423065 268424935 268412803 268438284 268425813 268446495 268443948 268464024 268423381 268445159 268439723 268450158 268386637 268452202 268412832 268434987 268423349 268444933 268422611 268466384 268414992 268440525 268425670 268427564 268425554 268431357 268425578 268451247 268412574 268449665 268444689 268415462 268400802 268438253 268429498 268428971 268425667 268461228 268421179 268418988 268413931 268438574 268427978 268438088 268415545 268437582 268416064 268414468 268404866 268416386 268437690 268435093 268419088 268487980 268416096 268428344 268413409 268437005 268451094 268436858 268426257 268436469 268456722 268450863 268389739 268460870 268428966 268451034 268422097 268461151 268453199 268448103 268424533 268458192 268460464 268431593 268409786 268459950 268431904 268417182 268425176 268458995 268448856 268459826 

Sum of all global histogram elements: 68719476736
Total pixels: 68719476736

Total time: 926.713
outputs/output_nodes_1_processes_1_threads_16_size_36_20180609_132346.csv
ROWS_SIZE: 1048576
COLUMNS_SIZE: 65536
simul == true
after allocation of image_simul
after initialization of image_simul
Width: 65536
Height: 1048576

Number of threads is: 16
ROI time: 29.8406

Global histogram: 
268419989 268439299 268430438 268456739 268425693 268439371 268435147 268419355 268418650 268433449 268431243 268452746 268450308 268433996 268451089 268455509 268441613 268423258 268440810 268420609 268439119 268451482 268426294 268431237 268416732 268429973 268433723 268466150 268460839 268427938 268457024 268432476 268434899 268473139 268437553 268397767 268438764 268451972 268441912 268463686 268441248 268405106 268451273 268436227 268452336 268455252 268430935 268436549 268411235 268466908 268455457 268408620 268468181 268444213 268445872 268429955 268424666 268419989 268411030 268436408 268427185 268439674 268425460 268440660 268437062 268474764 268425984 268423092 268446391 268454195 268426073 268420877 268442493 268448738 268441985 268432479 268434846 268438456 268423887 268421349 268425946 268474194 268462472 268446632 268449415 268457812 268416802 268418184 268428575 268452779 268443916 268456695 268440863 268416573 268444534 268427588 268444024 268439589 268463272 268457072 268437725 268419623 268433518 268447965 268414785 268429591 268452207 268449180 268434318 268410819 268448590 268423430 268419240 268468663 268453757 268409759 268422048 268423839 268430699 268447137 268398820 268436919 268430932 268426116 268417911 268410067 268425236 268409712 268410493 268412551 268436809 268413105 268442966 268427599 268444458 268449799 268411349 268437421 268416046 268429758 268438534 268443429 268452891 268429482 268418039 268438048 268413452 268426920 268431262 268421232 268440246 268429229 268412083 268436860 268424187 268444671 268468866 268426549 268456403 268415005 268432974 268434253 268439960 268431446 268430249 268427311 268445956 268450293 268456384 268442131 268424305 268394756 268440738 268416597 268445780 268448003 268436712 268454984 268438024 268419344 268414136 268440974 268442146 268460774 268437077 268423210 268395656 268455302 268441856 268416813 268457223 268425232 268415152 268417867 268422757 268424500 268446830 268457713 268441291 268446132 268444151 268440486 268458946 268445160 268424534 268425014 268466453 268426091 268427420 268443671 268427503 268421803 268451333 268456746 268381540 268440154 268404207 268460075 268424754 268444921 268462677 268418572 268415825 268427862 268435519 268454868 268437052 268429216 268431375 268428728 268464437 268409773 268428501 268446176 268453012 268464591 268435908 268427853 268461319 268415277 268427251 268423931 268445693 268430211 268434149 268419446 268441162 268453659 268428761 268470459 268447123 268420268 268444541 268419103 268414872 268411378 

Sum of all global histogram elements: 68719476736
Total pixels: 68719476736

Total time: 927.202
outputs/output_nodes_1_processes_1_threads_16_size_36_20180609_133917.csv
ROWS_SIZE: 1048576
COLUMNS_SIZE: 65536
simul == true
after allocation of image_simul
after initialization of image_simul
Width: 65536
Height: 1048576

Number of threads is: 16
ROI time: 29.9514

Global histogram: 
268415042 268444293 268438355 268433104 268395953 268429605 268440707 268464501 268431321 268468790 268408865 268404130 268445722 268432939 268455414 268429976 268418044 268448111 268444340 268454085 268409911 268441370 268468006 268454001 268439483 268449570 268441792 268439403 268402081 268464449 268416785 268426684 268431999 268426933 268403145 268450257 268426627 268430395 268427315 268451341 268420478 268450685 268440159 268438602 268436111 268436931 268433071 268423908 268445026 268450073 268426341 268423342 268443342 268455608 268413685 268424821 268434644 268495052 268430172 268430097 268433605 268450379 268432982 268416075 268403357 268441990 268412658 268446518 268404672 268409359 268462962 268448891 268447896 268430056 268414241 268419434 268457921 268427970 268422043 268435697 268432205 268440418 268409836 268419476 268394546 268428429 268454501 268438048 268426218 268444681 268418870 268448814 268432323 268451445 268431582 268430971 268436551 268434202 268414091 268444323 268414101 268440770 268444075 268412565 268394815 268440584 268451331 268452853 268426610 268424973 268445108 268414405 268386032 268452527 268420350 268442859 268433413 268426703 268445925 268433771 268394042 268405389 268442864 268436818 268444334 268444099 268393106 268423743 268438038 268475728 268445324 268473251 268422488 268432500 268433438 268424794 268415515 268457199 268410329 268445380 268446683 268440165 268442299 268439448 268441533 268479078 268403321 268457302 268448186 268425059 268426446 268460499 268430124 268446221 268412840 268447296 268447439 268448068 268445694 268445878 268428017 268444105 268408602 268503426 268409292 268425568 268412901 268441061 268385800 268473953 268430031 268453180 268418987 268438958 268452294 268454366 268413609 268463455 268438284 268465492 268428081 268437547 268457431 268444648 268438304 268440165 268416270 268466450 268429626 268454866 268456746 268435851 268442101 268461592 268457546 268447713 268410219 268430714 268433027 268439517 268422590 268452210 268435164 268432444 268412057 268447740 268409679 268467770 268410443 268470630 268404535 268427170 268443439 268471687 268417372 268450059 268438798 268447895 268424991 268407253 268420920 268445655 268460133 268434816 268438035 268463090 268412923 268448437 268410837 268447327 268420141 268445806 268434702 268483512 268427837 268430493 268413914 268451825 268414440 268466394 268402528 268426657 268442880 268441984 268413327 268432532 268429958 268443053 268434008 268465274 268386375 268442698 268416583 268441187 268451200 268448578 

Sum of all global histogram elements: 68719476736
Total pixels: 68719476736

Total time: 927.985
outputs/output_nodes_1_processes_1_threads_16_size_36_20180609_135449.csv
ROWS_SIZE: 1048576
COLUMNS_SIZE: 65536
simul == true
after allocation of image_simul
after initialization of image_simul
Width: 65536
Height: 1048576

Number of threads is: 16
ROI time: 29.5109

Global histogram: 
268461253 268432741 268419200 268427540 268427788 268456999 268401538 268428733 268446183 268433041 268444319 268437423 268420700 268440478 268416925 268443666 268424579 268421807 268424560 268411799 268436876 268474384 268424812 268424688 268436449 268484936 268459554 268452393 268425914 268442098 268426140 268438320 268448894 268444585 268427511 268390249 268420456 268462959 268469503 268456658 268431426 268456049 268446032 268439255 268418053 268429871 268450070 268412324 268432456 268412619 268449328 268416406 268445999 268444167 268443644 268428089 268439519 268417936 268460405 268455077 268438319 268456653 268403523 268395088 268437612 268417730 268425578 268423480 268463796 268445102 268425752 268447632 268426175 268453168 268448865 268445352 268441403 268475438 268417642 268437959 268460784 268472857 268454532 268430953 268424542 268440123 268440961 268443127 268428363 268432767 268451087 268410035 268457330 268442422 268458634 268422321 268433306 268418427 268437920 268419522 268449368 268443901 268452397 268436364 268443352 268428090 268451103 268423573 268426173 268445076 268436752 268433996 268443973 268421569 268457019 268428267 268435083 268432015 268447675 268430384 268406656 268445718 268422939 268427793 268441706 268449194 268426814 268435708 268467203 268417580 268436449 268431015 268420889 268447407 268423492 268430532 268440991 268442752 268454543 268404306 268452205 268410113 268444915 268440974 268444667 268401826 268396851 268433242 268430297 268452013 268451148 268425184 268436690 268434257 268437824 268457954 268418594 268424405 268411575 268405052 268405389 268425250 268448790 268405403 268434378 268476175 268459803 268442925 268433069 268435593 268436527 268440407 268393500 268417277 268430529 268437992 268419600 268415333 268435645 268409136 268405595 268437306 268434052 268449674 268451309 268482727 268429853 268452852 268442274 268432345 268415937 268448556 268430173 268447303 268446661 268430012 268437398 268441948 268422655 268434343 268448509 268477948 268462491 268443060 268457601 268425389 268432466 268425146 268432707 268445706 268452398 268403046 268407256 268424966 268453652 268425049 268458677 268455071 268441659 268438636 268444438 268416429 268388023 268439861 268430978 268453401 268441035 268419933 268420320 268417989 268427389 268444637 268439199 268433927 268431665 268428051 268438566 268443942 268438487 268463351 268401067 268445171 268429917 268414352 268437288 268451875 268432443 268427678 268447243 268434486 268442192 268439854 268433834 268429462 268388165 268419702 

Sum of all global histogram elements: 68719476736
Total pixels: 68719476736

Total time: 926.592
outputs/output_nodes_1_processes_1_threads_16_size_36_20180609_141019.csv
