ROWS_SIZE: 1048576
COLUMNS_SIZE: 65536
simul == true
after allocation of image_simul
after initialization of image_simul
Width: 65536
Height: 1048576

Number of threads is: 16
ROI time: 17.4687

Global histogram: 
268454249 268434464 268448049 268436747 268442883 268440891 268420550 268431382 268399653 268430864 268435718 268441856 268444439 268445798 268433918 268447154 268456161 268455887 268457126 268441392 268405200 268424612 268428515 268418145 268439521 268408840 268459591 268419295 268450218 268416341 268437918 268446848 268440987 268437748 268419393 268443868 268463830 268425112 268401826 268443751 268439797 268424077 268445063 268427083 268425977 268429373 268430108 268451561 268418143 268467762 268438830 268434254 268450110 268467539 268429557 268411171 268413047 268439546 268444784 268426763 268484400 268439024 268439036 268438727 268430987 268447322 268429446 268453376 268426361 268433274 268400764 268417595 268418900 268432438 268424844 268412983 268415153 268433094 268450635 268453792 268435928 268425172 268401861 268439976 268451854 268441590 268425391 268426380 268433934 268432212 268457502 268445157 268414617 268438313 268454026 268427009 268421575 268404502 268447707 268427932 268460714 268406744 268429233 268436389 268442150 268437683 268453113 268395974 268417688 268442392 268453831 268466304 268416770 268442298 268449642 268394370 268425826 268435034 268428856 268440418 268412236 268427760 268433796 268444557 268477231 268416849 268398683 268429446 268428271 268423278 268452335 268433924 268467805 268463586 268436410 268463027 268402931 268444622 268430095 268443931 268419489 268417958 268439003 268412548 268421325 268416825 268428252 268428379 268444676 268456120 268433417 268460109 268449224 268436202 268442996 268423005 268441551 268437375 268443375 268442426 268430420 268445110 268440684 268426998 268400414 268455637 268423119 268450787 268437803 268436483 268413547 268448205 268422963 268461454 268497192 268436552 268437575 268405525 268421778 268426606 268418001 268435467 268422937 268433238 268410653 268437682 268424166 268425216 268440266 268450797 268406657 268450059 268424255 268414023 268433865 268433376 268447368 268451664 268440291 268429056 268436244 268459084 268452516 268427503 268459419 268423828 268445809 268428668 268445421 268430475 268442704 268459594 268448055 268451871 268403117 268440192 268427194 268429993 268437343 268418105 268438748 268465071 268433279 268419840 268422568 268420970 268426834 268437251 268443331 268464004 268426240 268421757 268420955 268433573 268453840 268424251 268462890 268436463 268429642 268450974 268432456 268432961 268435448 268427557 268472343 268463529 268430514 268427901 268468754 268427823 268425326 268432631 268448026 268441199 268454378 268427854 

Sum of all global histogram elements: 68719476736
Total pixels: 68719476736

Total time: 914.54
outputs/Rev3/output_nodes_1_processes_1_threads_16_size_36_20180609_130803.csv
ROWS_SIZE: 1048576
COLUMNS_SIZE: 65536
simul == true
after allocation of image_simul
after initialization of image_simul
Width: 65536
Height: 1048576

Number of threads is: 16
ROI time: 17.4142

Global histogram: 
268421575 268443725 268434494 268426893 268429011 268429649 268431289 268431891 268450449 268433129 268464863 268429602 268443334 268454695 268432711 268430940 268468165 268439596 268446870 268419835 268422677 268420100 268424362 268440714 268423602 268429574 268432949 268440857 268417489 268466157 268416020 268434938 268418561 268391702 268447829 268452626 268405674 268420378 268450213 268454619 268422562 268415811 268472378 268438380 268444239 268440644 268445740 268432225 268414126 268443416 268464158 268440643 268432476 268426699 268436212 268431222 268460378 268433748 268438200 268415563 268434548 268466424 268418057 268455721 268449122 268448678 268433829 268423066 268456509 268424311 268459148 268421687 268440113 268428060 268436817 268429240 268437828 268456978 268434154 268443865 268414310 268473118 268420256 268410586 268427160 268475236 268475165 268454373 268430167 268424763 268444198 268435279 268412732 268458177 268458549 268442719 268417824 268438682 268436452 268434259 268406036 268436838 268449896 268422131 268441509 268438630 268424814 268435237 268436174 268452291 268442611 268439855 268431210 268459601 268466485 268417332 268431761 268444728 268457505 268435597 268430753 268416414 268412055 268432183 268426373 268465863 268440472 268444823 268402393 268454213 268460485 268451398 268418032 268422999 268459403 268415800 268428062 268413489 268443820 268404240 268431480 268418827 268425616 268419065 268431753 268463216 268433649 268382115 268396134 268441801 268462049 268411686 268419319 268434892 268451238 268407396 268450691 268439015 268423470 268442695 268427353 268456577 268437155 268449861 268386152 268398556 268461862 268470515 268428221 268451919 268466183 268430608 268461844 268451845 268439346 268458053 268407867 268421275 268456945 268413381 268430001 268456176 268432735 268438064 268426562 268440991 268453542 268392806 268426384 268421465 268435349 268429370 268425203 268426076 268441293 268440769 268449492 268429675 268435435 268445131 268461100 268442950 268437173 268423241 268430331 268467624 268431984 268418963 268438064 268441366 268437492 268426170 268419274 268435389 268449761 268447785 268430031 268453687 268430150 268407249 268443548 268448321 268426994 268449001 268404542 268438049 268460059 268409973 268416482 268402383 268433160 268421361 268428477 268441664 268444580 268410282 268419998 268437750 268435322 268442262 268423470 268446888 268438933 268452743 268421513 268467452 268467679 268448804 268416505 268415898 268435972 268411071 268432160 268446998 268409879 268440387 

Sum of all global histogram elements: 68719476736
Total pixels: 68719476736

Total time: 916.544
outputs/Rev3/output_nodes_1_processes_1_threads_16_size_36_20180609_132324.csv
ROWS_SIZE: 1048576
COLUMNS_SIZE: 65536
simul == true
after allocation of image_simul
after initialization of image_simul
Width: 65536
Height: 1048576

Number of threads is: 16
ROI time: 17.5308

Global histogram: 
268428276 268418460 268429042 268451502 268428447 268420559 268415633 268469977 268411949 268459869 268418858 268454818 268398243 268410168 268450551 268461624 268450034 268445298 268408604 268463349 268440135 268461356 268450274 268452967 268435902 268424790 268417566 268477290 268423605 268423259 268437819 268420547 268420782 268479068 268438103 268439452 268402542 268421743 268480216 268441697 268420043 268424832 268456943 268438949 268416414 268455568 268401468 268433123 268416011 268441392 268423767 268467703 268403990 268422351 268465835 268480893 268434357 268453770 268428652 268443657 268405815 268472053 268429157 268436505 268447899 268439296 268435358 268438638 268427240 268416499 268437043 268448831 268412748 268468557 268448013 268460594 268399031 268421154 268416782 268440079 268440445 268456347 268405647 268453174 268429436 268440100 268417617 268463546 268411699 268410192 268453419 268454458 268432184 268417928 268467371 268454435 268444393 268470275 268419179 268477128 268425942 268445453 268437009 268464114 268447694 268483513 268418080 268471429 268411469 268440038 268407486 268440674 268405351 268430750 268436829 268421740 268401574 268411837 268446196 268457422 268414544 268409300 268409428 268455647 268383549 268423846 268450647 268435253 268443647 268442080 268420769 268436563 268430400 268444883 268437524 268449754 268421440 268467461 268413719 268442275 268448995 268449899 268448540 268407029 268396693 268447139 268451348 268449677 268432301 268460267 268432465 268432502 268443821 268459468 268430544 268423952 268406257 268436032 268437257 268453061 268419865 268439184 268440752 268425934 268408661 268451467 268426988 268470388 268461594 268422127 268442708 268433140 268402685 268419896 268449756 268437457 268425649 268438536 268427050 268444389 268416225 268446736 268451321 268430292 268432301 268443122 268445607 268461304 268411114 268438285 268432677 268440451 268412558 268452237 268423126 268446077 268405041 268432673 268387116 268462890 268412772 268420588 268441552 268439049 268405984 268454632 268440738 268427720 268440896 268446608 268448535 268452383 268392128 268436187 268453940 268469504 268456005 268468280 268404184 268461658 268425186 268430989 268445581 268462970 268434075 268452084 268403612 268452630 268414500 268432015 268424348 268437234 268425956 268448515 268450323 268462750 268403383 268382481 268441004 268404011 268416678 268449375 268422666 268462206 268406111 268461365 268454493 268439321 268413479 268432357 268406340 268403847 268395079 268427276 268461377 268439464 

Sum of all global histogram elements: 68719476736
Total pixels: 68719476736

Total time: 915.153
outputs/Rev3/output_nodes_1_processes_1_threads_16_size_36_20180609_133843.csv
ROWS_SIZE: 1048576
COLUMNS_SIZE: 65536
simul == true
after allocation of image_simul
after initialization of image_simul
Width: 65536
Height: 1048576

Number of threads is: 16
ROI time: 17.4888

Global histogram: 
268418205 268415796 268417883 268463789 268400568 268468897 268439969 268463445 268416831 268447463 268463645 268447908 268418836 268446039 268438323 268440371 268468611 268433198 268425999 268453616 268421095 268473826 268448824 268452911 268406493 268442733 268422355 268451481 268440557 268435243 268405586 268439391 268448806 268417332 268469316 268412867 268439852 268417432 268448859 268458572 268392822 268449487 268436502 268468883 268399077 268440254 268416360 268457880 268430246 268440795 268431955 268446709 268403586 268407994 268436557 268467913 268477220 268427424 268462022 268433016 268440598 268407095 268444884 268439418 268404872 268397690 268422966 268461699 268431930 268423251 268413685 268452313 268434530 268470806 268437043 268428337 268442546 268450498 268426365 268454153 268403678 268449628 268390471 268447832 268415302 268430659 268423778 268469444 268452239 268443410 268389453 268418558 268411929 268423015 268418096 268450488 268413724 268444020 268408416 268447150 268400319 268414003 268454691 268437912 268406121 268440056 268429239 268458580 268449518 268441036 268436833 268447180 268428565 268444483 268443260 268445221 268409221 268433233 268438571 268449388 268416652 268409043 268445281 268442795 268408973 268420020 268403640 268435928 268447411 268413772 268398723 268436875 268448862 268434806 268433039 268444646 268412684 268434097 268447249 268458465 268400182 268437670 268417150 268453300 268429559 268461626 268420635 268443167 268397068 268439042 268397663 268472534 268435664 268434573 268425306 268422189 268421133 268417764 268437427 268470572 268427301 268438180 268463726 268423309 268415849 268438952 268430868 268474170 268418401 268457131 268427244 268454845 268435558 268463485 268454265 268475860 268425025 268437437 268416391 268454261 268420191 268463448 268422234 268444859 268445069 268430548 268447479 268427583 268431081 268447972 268423483 268448084 268435344 268421654 268446529 268454354 268391546 268467055 268437601 268465983 268437427 268439516 268453907 268462660 268423569 268456852 268441397 268454550 268450232 268456720 268410641 268436587 268430526 268465366 268424051 268475518 268426197 268435748 268446425 268426712 268416453 268446096 268433746 268439054 268446693 268431698 268410245 268480147 268429656 268425233 268421925 268414662 268440021 268483931 268413007 268470758 268434686 268430218 268409440 268467511 268439474 268411653 268416431 268412196 268433808 268416212 268419014 268448934 268404399 268441173 268428963 268449502 268401017 268439352 268417136 268453127 

Sum of all global histogram elements: 68719476736
Total pixels: 68719476736

Total time: 914.709
outputs/Rev3/output_nodes_1_processes_1_threads_16_size_36_20180609_135401.csv
ROWS_SIZE: 1048576
COLUMNS_SIZE: 65536
simul == true
after allocation of image_simul
after initialization of image_simul
Width: 65536
Height: 1048576

Number of threads is: 16
ROI time: 17.3676

Global histogram: 
268458423 268445606 268423499 268457494 268452979 268455832 268436637 268422208 268398721 268440669 268445002 268424354 268436446 268484886 268437028 268439584 268462169 268430296 268407805 268443583 268462608 268442042 268411649 268443796 268459599 268449580 268435085 268445145 268424066 268453653 268428966 268429689 268459023 268447065 268439634 268429971 268484290 268415871 268444878 268423498 268434234 268419629 268428097 268424353 268419375 268461380 268433608 268431798 268450016 268455554 268428161 268438244 268455943 268436741 268437715 268416971 268436340 268418208 268454132 268443624 268446549 268451408 268425384 268395936 268405726 268431253 268416217 268416401 268429232 268453449 268428759 268440682 268435188 268451792 268430822 268465243 268432956 268425910 268431793 268445957 268443466 268447355 268451075 268416887 268434030 268450907 268414085 268435705 268435100 268408758 268411738 268448517 268454197 268418209 268423326 268442889 268442640 268453641 268409010 268437173 268418084 268447220 268420330 268456367 268436301 268455200 268413227 268450904 268463954 268447608 268429809 268446633 268438939 268437428 268428398 268425745 268428324 268446893 268414108 268420497 268439899 268449525 268432714 268429779 268452122 268445273 268432045 268436919 268423561 268416290 268414363 268391039 268432661 268433630 268424615 268453017 268438101 268420818 268455621 268438901 268439014 268434143 268405820 268413600 268432746 268428591 268422643 268417566 268445127 268427920 268422115 268397179 268435205 268415302 268401093 268438291 268465745 268448653 268420829 268423881 268425240 268426353 268438718 268433088 268448761 268409337 268404753 268398776 268426958 268430923 268453762 268423910 268461658 268440153 268443421 268427710 268421630 268439781 268423740 268439509 268437803 268452430 268421968 268419323 268443170 268484813 268452064 268439380 268441220 268434067 268428498 268453695 268445328 268423964 268468157 268416549 268432131 268444586 268414254 268442562 268415354 268442181 268439956 268428730 268444936 268438401 268427056 268430870 268431450 268430411 268453472 268431820 268424170 268431501 268415118 268412257 268422530 268420580 268448641 268419251 268446507 268465848 268459064 268435030 268451684 268423021 268429940 268439837 268440062 268424931 268457054 268425611 268447312 268470876 268428052 268444390 268441473 268457104 268456306 268437522 268466984 268422913 268404900 268447927 268454036 268414358 268421578 268471600 268443717 268441914 268449630 268444880 268439626 268411644 268429577 268387858 

Sum of all global histogram elements: 68719476736
Total pixels: 68719476736

Total time: 914.954
outputs/Rev3/output_nodes_1_processes_1_threads_16_size_36_20180609_140920.csv
