Number of processes: 4
Hello from process 0
Image: 
Width: 780
Height: 520
Number of processes: 4
Hello from process 1
Image: 
Width: 780
Height: 520
Number of processes: 4
Hello from process 2
Image: 
Width: 780
Height: 520
Number of processes: 4
Hello from process 3
Image: 
Width: 780
Height: 520
Thread 0 of 2 from process 0 says: Hello World!
Thread 0 of 2 from process 1 says: Hello World!
Thread 1 of 2 from process 1 says: Hello World!
Thread 0 of 2 from process 2 says: Hello World!
Thread 0 of 2 from process 3 says: Hello World!
Thread 1 of 2 from process 0 says: Hello World!
Thread 1 of 2 from process 2 says: Hello World!
Thread 1 of 2 from process 3 says: Hello World!
Global histogram: 
8782 7226 16192 19502 10666 8402 6088 5148 4482 4218 3980 3836 3664 3664 3380 3402 3408 3372 3146 2964 3088 3028 2886 2934 2904 2756 2884 2806 2718 2870 2730 2692 2704 2492 2440 2538 2438 2448 2496 2450 2392 2512 2762 3174 3496 3282 3472 3540 3180 2998 3448 3300 3424 3670 4138 4484 4752 4918 4912 4964 5090 5476 5882 5812 6064 6040 5852 5812 5976 5960 5572 5096 5136 5014 4876 4822 4574 4680 4402 4408 4194 4050 3822 3984 3926 4012 4268 4148 4368 4428 4402 4628 4680 4636 4792 4480 4746 4792 4910 5112 5364 5278 5052 5098 4986 5098 5154 4790 4916 4838 4686 5066 5142 5276 5448 5602 5754 5546 5808 5858 5768 5562 5408 5410 4850 4400 4386 3892 3758 3910 3680 3656 3582 3496 3262 3264 3218 3178 3076 3114 2870 2708 2554 2624 2474 2580 2496 2470 2644 2686 2502 2528 2454 2324 2288 2036 2028 1936 2016 1838 1870 1710 1966 1876 1938 1928 1824 1866 1818 2028 1820 1836 1986 1840 1962 2116 2048 2048 2074 2222 2074 2214 2114 2178 2130 2280 2334 2362 2210 2220 2318 2354 2238 2196 2104 2024 1976 2032 1938 1918 1786 1696 1636 1666 1568 1546 1580 1418 1380 1312 1288 1208 1246 1172 1124 1170 988 946 1012 910 876 886 850 814 806 818 790 800 808 796 840 896 856 870 994 998 978 898 826 778 752 660 584 570 520 502 262 148 82 30 14 6 0 0 0 0 
Sum of all histogram elements: 811200

Total pixels: 405600
Elapsed time: 0.0107191
