Number of processes: 4
Hello from process 0
Image: 
Width: 780
Height: 520
Number of processes: 4
Hello from process 1
Image: 
Width: 780
Height: 520
Number of processes: 4
Hello from process 2
Image: 
Width: 780
Height: 520
Thread Thread 11 of  of 2 says: Hello World!2 says: Hello World!

Thread 0 of 2 says: Hello World!
Thread 0 of 2 says: Hello World!
Number of processes: 4
Hello from process 3
Image: 
Width: 780
Height: 520
Thread 1 of 2 says: Hello World!
Thread 1 of 2 says: Hello World!
Thread 1 of 2 says: Hello World!
Thread 0 of 2 says: Hello World!
Global histogram: 
8761 7203 16069 19355 10578 8365 6071 5137 4469 4210 3974 3829 3657 3653 3379 3399 3404 3365 3145 2963 3085 3027 2884 2929 2901 2754 2880 2804 2717 2868 2730 2691 2703 2487 2437 2535 2435 2445 2495 2448 2390 2512 2761 3174 3496 3282 3469 3539 3179 2998 3446 3300 3423 3669 4137 4484 4751 4917 4910 4961 5088 5475 5880 5811 6061 6037 5849 5811 5976 5954 5571 5095 5135 5013 4874 4820 4574 4677 4400 4408 4191 4048 3821 3983 3925 4012 4265 4146 4368 4427 4400 4625 4679 4636 4789 4480 4746 4791 4909 5111 5364 5278 5050 5098 4984 5097 5153 4788 4916 4838 4683 5065 5142 5276 5448 5602 5753 5545 5807 5857 5768 5562 5407 5408 4850 4400 4386 3892 3758 3910 3680 3656 3582 3496 3262 3264 3218 3178 3075 3113 2870 2708 2552 2624 2473 2579 2496 2470 2644 2686 2502 2528 2454 2324 2288 2036 2027 1936 2016 1838 1870 1710 1966 1875 1938 1928 1822 1865 1818 2028 1820 1835 1986 1840 1962 2114 2047 2048 2071 2221 2073 2213 2111 2176 2129 2279 2333 2361 2209 2217 2318 2353 2236 2192 2101 2021 1975 2030 1935 1916 1784 1696 1636 1665 1567 1546 1580 1418 1379 1311 1286 1208 1246 1171 1124 1170 988 945 1012 910 876 886 850 814 806 818 790 799 808 796 840 896 856 870 994 998 978 898 826 778 752 660 584 570 520 502 262 148 82 30 14 6 0 0 0 0 
Sum of all histogram elements: 810451

Total pixels: 405600
Elapsed time: 0.012027
