Number of processes: 2
Hello from process 0
Image: 
Width: 780
Height: 520
Thread 0 of 2 from process 0Thread  says: Hello World!0 of 
2 from process 0 says: Hello World!
Number of processes: 2
Hello from process 1
Image: 
Width: 780
Height: 520
Thread Thread 1 of 2 from process 11 of  says: Hello World!2
 from process 1 says: Hello World!
Local histogram: 
1075 574 880 937 960 893 782 709 619 574 550 582 584 605 588 634 565 594 586 547 649 639 578 679 585 637 624 592 620 701 596 629 612 563 538 557 516 520 581 480 581 684 919 1331 1650 1489 1506 1704 1286 1266 1610 1527 1471 1423 1560 1527 1494 1520 1420 1595 1696 1609 1776 1855 1847 1922 2245 2360 2313 2238 1966 1555 1504 1467 1443 1501 1395 1218 1247 1207 1042 959 1082 1137 1264 1232 1299 1182 1218 1180 1193 1274 1363 1332 1468 1388 1530 1524 1344 1248 1241 1119 1065 1073 1049 1119 1170 1003 1281 1287 1253 1381 1406 1558 1549 1494 1350 1146 927 725 599 517 426 440 439 451 407 394 452 411 365 402 377 363 332 384 316 376 323 374 401 370 340 372 355 412 355 325 405 391 394 392 368 401 431 367 454 415 474 475 434 398 469 444 481 575 504 484 587 620 545 505 569 509 624 611 632 655 632 693 633 686 742 674 700 737 723 779 709 741 866 862 803 809 784 781 750 795 787 847 803 772 739 722 710 761 834 701 699 666 642 624 675 620 568 587 539 499 525 511 500 512 473 410 424 441 406 409 410 397 382 402 327 329 320 294 261 237 189 150 110 76 54 42 24 22 10 10 0 0 2 0 0 0 0 0 
Sum of all local histogram elements: 200172
Local histogram: 

1082Total of local pixels: 101400
 577 884 943 968 897 791 719 632 583 566 594 594 619 600 647 579 610 609 570 666 650 590 711 599 657 644 612 633 720 611 646 629 572 548 570 530 528 591 492 598 694 930 1341 1664 1499 1517 1719 1303 1273 1627 1540 1487 1440 1571 1540 1504 1532 1426 1607 1705 1621 1789 1867 1859 1935 2262 2368 2329 2249 1977 1567 1518 1486 1455 1511 1405 1225 1257 1213 1055 973 1091 1152 1278 1246 1306 1190 1225 1192 1203 1282 1367 1344 1478 1392 1539 1538 1364 1258 1261 1148 1088 1091 1060 1129 1182 1011 1289 1290 1263 1385 1415 1561 1554 1503 1359 1154 932 738 607 529 430 446 444 454 411 402 460 422 370 410 384 374 338 392 320 382 328 382 406 380 344 380 360 416 356 332 409 401 404 400 376 410 439 374 464 422 478 486 436 402 482 449 490 580 510 491 592 624 556 513 579 518 633 620 643 664 639 705 635 695 752 678 706 746 732 792 718 748 877 874 809 818 795 792 759 810 801 860 811 777 745 726 712 764 843 704 701 673 647 627 678 623 572 590 543 501 527 514 504 517 477 414 429 442 409 410 410 397 382 406 328 330 320 294 261 238 190 150 110 76 54 42 24 22 10 10 0 0 2 0 0 0 0 0 
Sum of all local histogram elements: 202340

Total of local pixels: 101400
Global histogram: 
1866 1482 4920 6595 2612 2129 1451 1207 1078 996 952 861 899 926 853 898 793 834 791 748 865 845 774 901 794 841 822 786 850 892 781 844 818 725 711 750 724 704 779 715 792 877 1125 1603 1960 1893 1898 2133 1675 1555 1984 1949 1987 1985 2162 2321 2598 2605 2633 2854 3077 3086 3270 3354 3598 3617 3680 3843 3913 3872 3593 3054 2951 2870 2924 2998 2777 2739 2684 2691 2412 2316 2303 2296 2376 2348 2575 2481 2658 2773 2803 2980 3142 3001 3165 3008 3255 3281 3393 3566 3746 3604 3475 3431 3406 3421 3444 3190 3288 3150 3201 3339 3299 3580 3715 3782 3758 3611 3649 3499 3408 3282 3052 2900 2652 2454 2389 2094 1942 2143 1921 1830 1772 1765 1734 1744 1764 1793 1632 1754 1665 1613 1495 1571 1472 1580 1448 1381 1478 1395 1224 1200 1114 1061 963 747 731 731 743 765 710 645 711 663 678 734 654 677 746 809 684 677 719 678 807 810 804 834 803 911 829 887 938 844 902 936 940 996 908 912 1049 1062 973 986 981 938 909 970 931 982 947 847 843 803 828 850 941 798 794 771 737 726 768 729 658 696 622 575 607 572 550 558 501 432 441 4Local histogram: 
784 905 4036 5652 1644 1232 660 488 446 413 386 267 305 307 253 251 214 224 182 178 199 195 184 190 195 184 178 174 217 172 170 198 189 153 163 180 194 176 188 223 194 183 192 248 270 366 353 399 365 270 353 389 474 533 575 761 1071 1054 1191 1235 1343 1453 1470 1484 1727 1668 1410 1472 1579 1620 1613 1483 1427 1379 1467 1487 1371 1513 1421 1474 1348 1339 1204 1134 1082 1093 1251 1265 1401 1544 1584 1691 1771 1653 1686 1614 1715 1741 2023 2303 2482 2456 2382 2338 2346 2291 2262 2179 1999 1860 1938 1954 1884 2019 2161 2279 2399 2457 2717 2761 2801 2753 2622 2454 2208 2000 1978 1692 1482 1721 1551 1420Local histogram:  
784 905 40361388  1391 13965652  1644 13521232  6601444  1411 1304488  446 1372413  3861259  2671233  3051151 307  253 251 1191214  1112 2241164 182  1092 1049 1781069  994 820199  195 184 800 190738 195  184651  178524  373 267174 309  265 279217  172 274 170243 198  229 214189  153 188163  180154  194 176 144188  186 154 223185 194  183 128195  164262 140 160  174 296190 161  394170  381164  414 372 206282  357 409 194500 192  545186  166 196 591190  208781  1094 2041073  1207 1901247  1641372  1721465  1481 1881487  164 168 1739186  146 1682150 1418  1475160  1584130  1623122  1616 1487 1361433 1384  70 981469  1487 771372  1514116  86 981427  941478  931357  1343 121298  90 99 114490  1098106  1102 1269 861291  1433106  79 1581 741600 1698  80 177558  461657  411687  1616 171624  18 12 174310 10  2029 23084 10  02485  2456 22387 2  4 23402 0  4 02346  2292 2262 02179  1999 01860  0 0 19380  0 01954  0 18840 0  0 0 20190  21610  22790  0 23990  2457 2717 0 27610  
Sum of all local histogram elements: 199706

Total of local pixels: 101400
2801 2753 2622 2454 2208 2000 1978 1692 1482 1721 1551 1420 1388 1391 1396 1352 1444 1411 1304 1372 1259 1233 1151 1191 1112 1164 1092 1049 1069 994 820 800 738 651 524 373 267 309 265 279 274 243 229 214 188 154 144 186 154 185 128 164 140 160 174 190 161 170 164 206 194 192 186 166 196 190 208 204 190 164 172 188 164 168 186 146 150 160 130 122 136 70 98 77 116 86 98 94 93 98 90 99 90 106 86 106 79 74 80 58 46 41 24 18 12 10 10 4 10 0 2 2 4 2 0 4 0 0 0 0 0 0 0 0 0 0 0 0 0 0 0 0 0 0 0 0 
Sum of all local histogram elements: 200360

Total of local pixels: 101400
52 419 414 420 397 384 408 332 332 320 298 261 238 190 150 110 76 54 42 24 22 10 10 0 0 2 0 0 0 0 0 
Sum of all histogram elements: 402700

Total pixels: 405600
Elapsed time: 0.00295496
