Number of processes: 4
Hello from process 0
Image: 
Width: 780
Height: 520
Thread 0 of 4 says: Hello World!
Thread 3 of 4 says: Hello World!
Number of processes: 4
Hello from process 1
Image: 
Width: 780
Height: 520
Thread 2 of 4 says: Hello World!
Number of processes: 4
Hello from process 2
Image: 
Width: 780
Height: 520
Thread 0 of 4 says: Hello World!
Thread 3 of 4 says: Hello World!
Number of processes: 4
Hello from process 3
Image: 
Width: 780
Height: 520
Thread 0 of 4 says: Hello World!
Thread 3 of 4 says: Hello World!
Thread 0 of 4 says: Hello World!
Thread 1 of 4 says: Hello World!
Thread 2 of 4 says: Hello World!
Thread 2 of 4 says: Hello World!
Thread 2 of 4 says: Hello World!
Thread 1 of 4 says: Hello World!
Thread 1 of 4 says: Hello World!
Thread 1 of 4 says: Hello World!
Thread 3 of 4 says: Hello World!
Global histogram: 
17564 14452 32384 39004 21332 16804 12176 10296 8964 8436 7960 7672 7328 7328 6760 6804 6816 6744 6292 5928 6176 6056 5772 5868 5808 5512 5768 5612 5436 5740 5460 5384 5408 4984 4880 5076 4876 4896 4992 4900 4784 5024 5524 6348 6992 6564 6944 7080 6360 5996 6896 6600 6848 7340 8276 8968 9504 9836 9824 9928 10180 10952 11764 11624 12128 12080 11704 11624 11952 11920 11144 10192 10272 10028 9752 9644 9148 9360 8804 8816 8388 8100 7644 7968 7852 8024 8536 8296 8736 8856 8804 9256 9360 9272 9584 8960 9492 9584 9820 10224 10728 10556 10104 10196 9972 10196 10308 9580 9832 9676 9372 10132 10284 10552 10896 11204 11508 11092 11616 11716 11536 11124 10816 10820 9700 8800 8772 7784 7516 7820 7360 7312 7164 6992 6524 6528 6436 6356 6152 6228 5740 5416 5108 5248 4948 5160 4992 4940 5288 5372 5004 5056 4908 4648 4576 4072 4056 3872 4032 3676 3740 3420 3932 3752 3876 3856 3648 3732 3636 4056 3640 3672 3972 3680 3924 4232 4096 4096 4148 4444 4148 4428 4228 4356 4260 4560 4668 4724 4420 4440 4636 4708 4476 4392 4208 4048 3952 4064 3876 3836 3572 3392 3272 3332 3136 3092 3160 2836 2760 2624 2576 2416 2492 2344 2248 2340 1976 1892 2024 1820 1752 1772 1700 1628 1612 1636 1580 1600 1616 1592 1680 1792 1712 1740 1988 1996 1956 1796 1652 1556 1504 1320 1168 1140 1040 1004 524 296 164 60 28 12 0 0 0 0 
Sum of all histogram elements: 1622400

Total pixels: 405600
Elapsed time: 0.0124681
