Number of processes: 4
Hello from process 1
Image: 
Width: 780
Height: 520
Number of processes: 4
Hello from process 2
Image: 
Width: 780
Height: 520
Number of processes: 4
Hello from process 3
Image: 
Width: 780
Height: 520
Number of processes: 4
Hello from process 0
Image: 
Width: 780
Height: 520
Local histogram: 
892 587 1042 1026 749 664 568 551 486 443 413 432 419 450 420 433 417 427 423 410 462 431 423 481 416 441 433 444 437 495 453 472 447 421 409 424 405 407 451 406 432 404 396 391 389 401 411 432 454 434 518 471 541 529 506 510 548 553 527 511 593 637 676 793 822 856 1028 1054 1075 965 853 756 729 775 678 689 597 604 544 533 538 523 482 540 493 478 475 463 467 389 419 419 418 429 449 382 436 454 440 447 473 468 495 489 459 490 478 457 542 537 462 510 460 478 455 434 467 416 484 434 485 499 443 518 503 499 554 515 585 586 575 621 651 604 503 542 475 477 469 429 391 327 340 341 343 335 315 326 411 516 467 508 536 494 526 494 479 488 535 422 418 366 434 430 470 462 415 388 378 414 400 364 387 355 354 397 389 398 372 415 388 389 382 361 347 374 365 358 338 327 340 341 335 304 313 311 282 282 293 276 259 245 207 213 189 207 207 162 156 148 159 120 135 126 126 114 94 95 94 92 79 79 74 66 60 65 52 75 58 46 54 60 55 46 50 51 47 41 28 28 11 15 8 5 0 3 2 0 0 0 1 0 0 0 0 0 
Sum of all local histogram elements: 101400

Total of local pixels: 101400
Local histogram: 
318 200 272 353 210 139 126 108 106 83 86 68 72 65 70 67 60 80 57 57 56 69 61 66 60 54 62 57 58 43 60 66 70 48 79 46 51 64 69 66 84 147 285 489 640 535 581 644 412 424 524 486 446 548 793 863 825 921 884 903 860 959 1102 994 982 960 818 797 797 838 797 745 813 726 723 690 692 680 654 670 630 566 584 614 668 709 770 735 749 764 756 800 808 829 853 826 874 865 780 749 754 711 649 685 644 691 760 637 731 759 730 838 957 957 998 1034 1016 948 864 891 815 709 759 753 645 547 466 411 391 338 307 305 252 261 256 233 234 245 216 238 227 227 185 187 153 182 169 185 170 156 173 136 124 155 155 137 156 137 140 146 146 130 167 156 166 188 171 176 193 217 171 160 198 185 222 217 218 236 235 244 220 279 260 281 291 292 300 335 302 326 365 373 345 369 353 343 352 379 383 410 397 393 385 412 400 393 427 400 396 382 362 368 381 365 344 375 336 305 347 316 311 329 324 312 322 326 323 306 336 346 355 381 364 380 439 439 435 404 381 357 360 310 281 278 256 247 129 72 39 15 5 3 0 0 0 0 
Sum of all local histogram elements: 101400

Total of local pixels: 101400
Local histogram: 
1427 1150 2131 2814 1985 1614 1118 926 817 757 739 743 682 668 622 597 607 573 521 500 497 476 459 433 447 412 440 406 384 416 352 344 361 320 308 365 329 345 312 330 309 284 296 326 289 299 301 277 302 248 287 262 247 236 250 253 272 254 250 262 221 227 243 229 210 218 207 211 200 217 200 174 186 187 177 167 190 187 174 178 160 189 188 175 184 215 193 202 255 360 355 385 388 387 393 371 400 431 545 614 609 622 590 629 668 704 741 730 651 616 625 690 679 699 794 859 938 969 1144 1169 1226 1284 1230 1155 1003 908 928 820 755 881 847 790 773 785 786 767 809 785 752 769 725 692 672 698 656 684 647 615 638 575 511 512 455 408 347 288 249 247 222 243 233 232 241 220 211 179 186 226 193 251 201 250 257 211 257 277 277 251 281 305 291 296 294 309 309 345 361 352 339 342 336 366 334 321 273 273 286 292 235 220 195 166 186 175 169 152 138 140 127 118 115 111 98 87 84 89 61 70 62 42 41 33 20 21 15 14 10 15 7 3 9 3 3 4 3 5 3 2 0 1 1 1 0 0 0 0 0 0 0 0 1 0 0 0 0 0 
Sum of all local histogram elements: 101400

Total of local pixels: 101400
Local histogram: 
1754 1676 4651 5558 2389 1784 1232 989 832 826 752 675 659 649 578 604 620 606 572 515 529 538 500 487 529 471 507 496 480 481 500 464 474 457 424 434 434 408 416 423 371 421 404 381 430 406 443 417 422 393 395 431 478 522 520 616 731 731 795 806 871 915 920 890 1018 986 873 844 916 960 936 873 840 819 860 865 808 869 829 823 769 747 657 663 618 604 696 674 713 701 671 710 726 673 701 661 663 646 690 746 846 838 792 746 722 664 598 571 534 507 526 495 475 504 477 474 456 440 412 435 358 289 272 279 274 246 245 200 148 150 111 112 115 98 86 90 91 82 101 121 92 108 80 86 85 89 117 109 103 96 100 108 112 105 116 99 130 96 111 108 138 127 141 132 122 135 140 143 145 132 138 144 151 169 148 167 140 139 149 147 138 143 121 138 118 129 141 136 126 115 118 97 105 104 113 85 68 63 58 53 42 44 40 33 26 21 18 7 11 8 8 5 9 8 8 7 3 3 3 5 7 2 7 8 6 4 10 4 3 3 2 4 6 5 5 4 4 2 4 3 4 4 3 2 4 1 0 2 2 0 0 0 0 0 0 0 
Sum of all local histogram elements: 101400

Total of local pixels: 101400
Global histogram: 
4391 3613 8096 9751 5333 4201 3044 2574 2241 2109 1990 1918 1832 1832 1690 1701 1704 1686 1573 1482 1544 1514 1443 1467 1452 1378 1442 1403 1359 1435 1365 1346 1352 1246 1220 1269 1219 1224 1248 1225 1196 1256 1381 1587 1748 1641 1736 1770 1590 1499 1724 1650 1712 1835 2069 2242 2376 2459 2456 2482 2545 2738 2941 2906 3032 3020 2926 2906 2988 2980 2786 2548 2568 2507 2438 2411 2287 2340 2201 2204 2097 2025 1911 1992 1963 2006 2134 2074 2184 2214 2201 2314 2340 2318 2396 2240 2373 2396 2455 2556 2682 2639 2526 2549 2493 2549 2577 2395 2458 2419 2343 2533 2571 2638 2724 2801 2877 2773 2904 2929 2884 2781 2704 2705 2425 2200 2193 1946 1879 1955 1840 1828 1791 1748 1631 1632 1609 1589 1538 1557 1435 1354 1277 1312 1237 1290 1248 1235 1322 1343 1251 1264 1227 1162 1144 1018 1014 968 1008 919 935 855 983 938 969 964 912 933 909 1014 910 918 993 920 981 1058 1024 1024 1037 1111 1037 1107 1057 1089 1065 1140 1167 1181 1105 1110 1159 1177 1119 1098 1052 1012 988 1016 969 959 893 848 818 833 784 773 790 709 690 656 644 604 623 586 562 585 494 473 506 455 438 443 425 407 403 409 395 400 404 398 420 448 428 435 497 499 489 449 413 389 376 330 292 285 260 251 131 74 41 15 7 3 0 0 0 0 
Sum of all histogram elements: 405600

Total pixels: 405600
Elapsed time: 0.00190806
