Number of processes: 1
Hello from process 0
Image: 
Width: 780
Height: 520
Number of processes: 1
Hello from process 0
Image: 
Width: 780
Height: 520
Number of processes: 1
Hello from process 0
Image: 
Width: 780
Height: 520
Local histogram: 
4391 3613 8096 9751 5333 4201 3044 2574 2241 2109 1990 1918 1832 1832 1690 1701 1704 1686 1573 1482 1544 1514 1443 1467 1452 1378 1442 1403 1359 1435 1365 1346 1352 1246 1220 1269 1219 1224 1248 1225 1196 1256 1381 1587 1748 1641 1736 1770 1590 1499 1724 1650 1712 1835 2069 2242 2376 2459 2456 2482 2545 2738 2941 2906 3032 3020 2926 2906 2988 2980 2786 2548 2568 2507 2438 2411 2287 2340 2201 2204 2097 2025 1911 1992 1963 2006 2134 2074 2184 2214 2201 2314 2340 2318 2396 2240 2373 2396 2455 2556 2682 2639 2526 2549 2493 2549 2577 2395 2458 2419 2343 2533 2571 2638 2724 2801 2877 2773 2904 2929 2884 2781 2704 2705 2425 2200 2193 1946 1879 1955 1840 1828 1791 1748 1631 1632 1609 1589 1538 1557 1435 1354 1277 1312 1237 1290 1248 1235 1322 1343 1251 1264 1227 1162 1144 1018 1014 968 1008 919 935 855 983 938 969 964 912 933 909 1014 910 918 993 920 981 1058 1024 1024 1037 1111 1037 1107 1057 1089 1065 1140 1167 1181 1105 1110 1159 1177 1119 1098 1052 1012 988 1016 969 959 893 848 818 833 784 773 790 709 690 656 644 604 623 586 562 585 494 473 506 455 438 443 425 407 403 409 395 400 404 398 420 448 428 435 497 499 489 449 413 389 376 330 292 285 260 251 131 74 41 15 7 3 0 0 0 0 
Sum of all local histogram elements: 405600

Total of local pixels: 405600
Global histogram: 
Local histogram: 
4391 3613 8096 9751 5333 4201 3044 2574 2241 2109 1990 1918 1832 1832 1690 1701 1704 1686 1573 1482 1544 1514 1443 1467 1452 1378 1442 1403 1359 1435 1365 1346 1352 1246 1220 1269 1219 1224 1248 1225 1196 1256 1381 1587 1748 1641 1736 1770 1590 1499 1724 1650 1712 1835 2069 2242 2376 2459 2456 2482 2545 2738 2941 2906 3032 3020 2926 2906 2988 2980 2786 2548 2568 2507 2438 2411 2287 2340 2201 2204 2097 2025 1911 1992 1963 2006 2134 2074 2184 2214 2201 2314 2340 2318 2396 2240 2373 2396 2455 2556 2682 2639 2526 2549 2493 2549 2577 2395 2458 2419 2343 2533 2571 2638 2724 2801 2877 2773 2904 2929 2884 2781 2704 2705 2425 2200 2193 1946 1879 1955 1840 1828 1791 1748 1631 1632 1609 1589 1538 1557 1435 1354 1277 1312 1237 1290 1248 1235 1322 1343 1251 1264 1227 1162 1144 1018 1014 968 1008 919 935 855 983 938 969 964 912 933 909 1014 910 918 993 920 981 1058 1024 1024 1037 1111 1037 1107 1057 1089 1065 1140 1167 1181 1105 1110 1159 1177 1119 1098 1052 1012 988 1016 969 959 893 848 818 833 784 773 790 709 690 656 644 604 623 586 562 585 494 473 506 455 438 443 425 407 403 409 395 400 404 398 420 448 428 435 497 499 489 449 413 389 376 330 292 285 260 251 131 74 41 15 7 3 0 0 0 0 
Sum of all histogram elements: 405600

Total pixels: 405600
Elapsed time: 0.00921512
4391 3613 8096 9751 5333 4201 3044 2574 2241 2109 1990 1918 1832 1832 1690 1701 1704 1686 1573 1482 1544 1514 1443 1467 1452 1378 1442 1403 1359 1435 1365 1346 1352 1246 1220 1269 1219 1224 1248 1225 1196 1256 1381 1587 1748 1641 1736 1770 1590 1499 1724 1650 1712 1835 2069 2242 2376 2459 2456 2482 2545 2738 2941 2906 3032 3020 2926 2906 2988 2980 2786 2548 2568 2507 2438 2411 2287 2340 2201 2204 2097 2025 1911 1992 1963 2006 2134 2074 2184 2214 2201 2314 2340 2318 2396 2240 2373 2396 2455 2556 2682 2639 2526 2549 2493 2549 2577 2395 2458 2419 2343 2533 2571 2638 2724 2801 2877 2773 2904 2929 2884 2781 2704 2705 2425 2200 2193 1946 1879 1955 1840 1828 1791 1748 1631 1632 1609 1589 1538 1557 1435 1354 1277 1312 1237 1290 1248 1235 1322 1343 1251 1264 1227 1162 1144 1018 1014 968 1008 919 935 855 983 938 969 964 912 933 909 1014 910 918 993 920 981 1058 1024 1024 1037 1111 1037 1107 1057 1089 1065 1140 1167 1181 1105 1110 1159 1177 1119 1098 1052 1012 988 1016 969 959 893 848 818 833 784 773 790 709 690 656 644 604 623 586 562 585 494 473 506 455 438 443 425 407 403 409 395 400 404 398 420 448 428 435 497 499 489 449 413 389 376 330 292 285 260 251 131 74 41 15 7 3 0 0 0 0 
Sum of all local histogram elements: 405600

Total of local pixels: 405600
Global histogram: 
4391 3613 8096 9751 5333 4201 3044 2574 2241 2109 1990 1918 1832 1832 1690 1701 1704 1686 1573 1482 1544 1514 1443 1467 1452 1378 1442 1403 1359 1435 1365 1346 1352 1246 1220 1269 1219 1224 1248 1225 1196 1256 1381 1587 1748 1641 1736 1770 1590 1499 1724 1650 1712 1835 2069 2242 2376 2459 2456 2482 2545 2738 2941 2906 3032 3020 2926 2906 2988 2980 2786 2548 2568 2507 2438 2411 2287 2340 2201 2204 2097 2025 1911 1992 1963 2006 2134 2074 2184 2214 2201 2314 2340 2318 2396 2240 2373 2396 2455 2556 2682 2639 2526 2549 2493 2549 2577 2395 2458 2419 2343 2533 2571 2638 2724 2801 2877 2773 2904 2929 2884 2781 2704 2705 2425 2200 2193 1946 1879 1955 1840 1828 1791 1748 1631 1632 1609 1589 1538 1557 1435 1354 1277 1312 1237 1290 1248 1235 1322 1343 1251 1264 1227 1162 1144 1018 1014 968 1008 919 935 855 983 938 969 964 912 933 909 1014 910 918 993 920 981 1058 1024 1024 1037 1111 1037 1107 1057 1089 1065 1140 1167 1181 1105 1110 1159 1177 1119 1098 1052 1012 988 1016 969 959 893 848 818 833 784 773 790 709 690 656 644 604 623 586 562 585 494 473 506 455 438 443 425 407 403 409 395 400 404 398 420 448 428 435 497 499 489 449 413 389 376 330 292 285 260 251 131 74 41 15 7 3 0 0 0 0 
Sum of all histogram elements: 405600

Total pixels: 405600
Elapsed time: 0.00929093
Number of processes: 1
Hello from process 0
Image: 
Width: 780
Height: 520
Local histogram: 
Local histogram: 
4391 3613 8096 9751 5333 4201 3044 2574 2241 2109 1990 1918 1832 1832 1690 1701 1704 1686 1573 1482 1544 1514 1443 1467 1452 1378 1442 1403 1359 1435 1365 1346 1352 1246 1220 1269 1219 1224 1248 1225 1196 1256 1381 1587 1748 1641 1736 1770 1590 1499 1724 1650 1712 1835 2069 2242 2376 2459 2456 2482 2545 2738 2941 2906 3032 3020 2926 2906 2988 2980 2786 2548 2568 2507 2438 2411 2287 2340 2201 2204 2097 2025 1911 1992 1963 2006 2134 2074 2184 2214 2201 2314 2340 2318 2396 2240 2373 2396 2455 2556 2682 2639 2526 2549 2493 2549 2577 2395 2458 2419 2343 2533 2571 2638 2724 2801 2877 2773 2904 2929 2884 2781 2704 2705 2425 2200 2193 1946 1879 1955 1840 1828 1791 1748 1631 1632 1609 1589 1538 1557 1435 1354 1277 1312 1237 1290 1248 1235 1322 1343 1251 1264 1227 1162 1144 1018 1014 968 1008 919 935 855 983 938 969 964 912 933 909 1014 910 918 993 920 981 1058 1024 1024 1037 1111 1037 1107 1057 1089 1065 1140 1167 1181 1105 1110 1159 1177 1119 1098 1052 1012 988 1016 969 959 893 848 818 833 784 773 790 709 690 656 644 604 623 586 562 585 494 473 506 455 438 443 425 407 403 409 395 400 404 398 420 448 428 435 497 499 489 449 413 389 376 330 292 285 260 251 131 74 41 15 7 3 0 0 0 0 
Sum of all local histogram elements: 405600

Total of local pixels: 405600
4391 3613 8096 9751 5333 4201 3044 2574 2241 2109 1990 1918 1832 1832 1690 1701 1704 1686 1573 1482 1544 1514 1443 1467 1452 1378 1442 1403 1359 1435 1365 1346 1352 1246 1220 1269 1219 1224 1248 1225 1196 1256 1381 1587 1748 1641 1736 1770 1590 1499 1724 1650 1712 1835 2069 2242 2376 2459 2456 2482 2545 2738 2941 2906 3032 3020 2926 2906 2988 2980 2786 2548 2568 2507 2438 2411 2287 2340 2201 2204 2097 2025 1911 1992 1963 2006 2134 2074 2184 2214 2201 2314 2340 2318 2396 2240 2373 2396 2455 2556 2682 2639 2526 2549 2493 2549 2577 2395 2458 2419 2343 2533 2571 2638 2724 2801 2877 2773 2904 2929 2884 2781 2704 2705 2425 2200 2193 1946 1879 1955 1840 1828 1791 1748 1631 1632 1609 1589 1538 1557 1435 1354 1277 1312 1237 1290 1248 1235 1322 1343 1251 1264 1227 1162 1144 1018 1014 968 1008 919 935 855 983 938 969 964 912 933 909 1014 910 918 993 920 981 1058 1024 1024 1037 1111 1037 1107 1057 1089 1065 1140 1167 1181 1105 1110 1159 1177 1119 1098 1052 1012 988 1016 969 959 893 848 818 833 784 773 790 709 690 656 644 604 623 586 562 585 494 473 506 455 438 443 425 407 403 409 395 400 404 398 420 448 428 435 497 499 489 449 413 389 376 330 292 285 260 251 131 74 41 15 7 3 0 0 0 0 
Sum of all local histogram elements: 405600

Total of local pixels: 405600
Global histogram: 
Global histogram: 
4391 3613 8096 9751 5333 4201 3044 2574 2241 2109 1990 1918 1832 1832 1690 1701 1704 1686 1573 1482 1544 1514 1443 1467 1452 1378 1442 1403 1359 1435 1365 1346 1352 1246 1220 1269 1219 1224 1248 1225 1196 1256 1381 1587 1748 1641 1736 1770 1590 1499 1724 1650 1712 1835 2069 2242 2376 2459 2456 2482 2545 2738 2941 2906 3032 3020 2926 2906 2988 2980 2786 2548 2568 2507 2438 2411 2287 2340 2201 2204 2097 2025 1911 1992 1963 2006 2134 2074 2184 2214 2201 2314 2340 2318 2396 2240 2373 2396 2455 2556 2682 2639 2526 2549 2493 2549 2577 2395 2458 2419 2343 2533 2571 2638 2724 2801 2877 2773 2904 2929 2884 2781 2704 2705 2425 2200 2193 1946 1879 1955 1840 1828 1791 1748 1631 1632 1609 1589 1538 1557 1435 1354 1277 1312 1237 1290 1248 1235 1322 1343 1251 1264 1227 1162 1144 1018 1014 968 1008 919 935 855 983 938 969 964 912 933 909 1014 910 918 993 920 981 1058 1024 1024 1037 1111 1037 1107 1057 1089 1065 1140 1167 1181 1105 1110 1159 1177 1119 1098 1052 1012 988 1016 969 959 893 848 818 833 784 773 790 709 690 656 644 604 623 586 562 585 494 473 506 455 438 443 425 407 403 409 395 400 404 398 420 448 428 435 497 499 489 449 413 389 376 330 292 285 260 251 131 74 41 15 7 3 0 0 0 0 
Sum of all histogram elements: 405600

Total pixels: 405600
4391 3613 8096 9751 5333 4201 3044 2574 2241 2109 1990 1918 1832 1832 1690 1701 1704 1686 1573 1482 1544 1514 1443 1467 1452 1378 1442 1403 1359 1435 1365 1346 1352 1246 1220 1269 1219 1224 1248 1225 1196 1256 1381 1587 1748 1641 1736 1770 1590 1499 1724 1650 1712 1835 2069 2242 2376 2459 2456 2482 2545 2738 2941 2906 3032 3020 2926 2906 2988 2980 2786 2548 2568 2507 2438 2411 2287 2340 2201 2204 2097 2025 1911 1992 1963 2006 2134 2074 2184 2214 2201 2314 2340 2318 2396 2240 2373 2396 2455 2556 2682 2639 2526 2549 2493 2549 2577 2395 2458 2419 2343 2533 2571 2638 2724 2801 2877 2773 2904 2929 2884 2781 2704 2705 2425 2200 2193 1946 1879 1955 1840 1828 1791 1748 1631 1632 1609 1589 1538 1557 1435 1354 1277 1312 1237 1290 1248 1235 1322 1343 1251 1264 1227 1162 1144 1018 1014 968 1008 919 935 855 983 938 969 964 912 933 909 1014 910 918 993 920 981 1058 1024 1024 1037 1111 1037 1107 1057 1089 1065 1140 1167 1181 1105 1110 1159 1177 1119 1098 1052 1012 988 1016 969 959 893 848 818 833 784 773 790 709 690 656 644 604 623 586 562 585 494 473 506 455 438 443 425 407 403 409 395 400 404 398 420 448 428 435 497 499 489 449 413 389 376 330 292 285 260 251 131 74 41 15 7 3 0 0 0 0 
Sum of all histogram elements: 405600

Total pixels: 405600
Elapsed time: 0.00922394
Elapsed time: 0.00925398
