[proxy:0:0@r1i1n9] HYDU_create_process (../../utils/launch/launch.c:621): execvp error on file histogram_MPI (No such file or directory)
[mpiexec@r1i1n9] HYDU_sock_write (../../utils/sock/sock.c:417): write error (Bad file descriptor)
[mpiexec@r1i1n9] HYD_pmcd_pmiserv_send_signal (../../pm/pmiserv/pmiserv_cb.c:252): unable to write data to proxy
[mpiexec@r1i1n9] HYDU_sock_write (../../utils/sock/sock.c:417): write error (Bad file descriptor)
[mpiexec@r1i1n9] HYD_pmcd_pmiserv_send_signal (../../pm/pmiserv/pmiserv_cb.c:252): unable to write data to proxy
[mpiexec@r1i1n9] HYDU_sock_write (../../utils/sock/sock.c:417): write error (Bad file descriptor)
[mpiexec@r1i1n9] HYD_pmcd_pmiserv_send_signal (../../pm/pmiserv/pmiserv_cb.c:252): unable to write data to proxy
[proxy:0:3@r1i2n2] HYDU_create_process (../../utils/launch/launch.c:621): execvp error on file histogram_MPI (No such file or directory)
[proxy:0:1@r1i1n14] HYDU_create_process (../../utils/launch/launch.c:621): execvp error on file histogram_MPI (No such file or directory)
[proxy:0:2@r1i1n16] HYDU_create_process (../../utils/launch/launch.c:621): execvp error on file histogram_MPI (No such file or directory)
[proxy:0:3@r1i2n2] HYDU_create_process (../../utils/launch/launch.c:621): execvp error on file histogram_MPI (No such file or directory)
[mpiexec@r1i1n9] control_cb (../../pm/pmiserv/pmiserv_cb.c:781): connection to proxy 0 at host r1i1n9 failed
[mpiexec@r1i1n9] HYDT_dmxu_poll_wait_for_event (../../tools/demux/demux_poll.c:76): callback returned error status
[mpiexec@r1i1n9] HYD_pmci_wait_for_completion (../../pm/pmiserv/pmiserv_pmci.c:500): error waiting for event
[mpiexec@r1i1n9] main (../../ui/mpich/mpiexec.c:1125): process manager error waiting for completion
[proxy:0:3@r1i2n2] HYDU_create_process (../../utils/launch/launch.c:621): execvp error on file histogram_MPI (No such file or directory)
[mpiexec@r1i1n9] control_cb (../../pm/pmiserv/pmiserv_cb.c:781): connection to proxy 0 at host r1i1n9 failed
[mpiexec@r1i1n9] HYDT_dmxu_poll_wait_for_event (../../tools/demux/demux_poll.c:76): callback returned error status
[mpiexec@r1i1n9] HYD_pmci_wait_for_completion (../../pm/pmiserv/pmiserv_pmci.c:500): error waiting for event
[mpiexec@r1i1n9] main (../../ui/mpich/mpiexec.c:1125): process manager error waiting for completion
[proxy:0:3@r1i2n2] HYDU_create_process (../../utils/launch/launch.c:621): execvp error on file histogram_MPI (No such file or directory)
[mpiexec@r1i1n9] control_cb (../../pm/pmiserv/pmiserv_cb.c:781): connection to proxy 2 at host r1i1n16 failed
[mpiexec@r1i1n9] HYDT_dmxu_poll_wait_for_event (../../tools/demux/demux_poll.c:76): callback returned error status
[mpiexec@r1i1n9] HYD_pmci_wait_for_completion (../../pm/pmiserv/pmiserv_pmci.c:500): error waiting for event
[mpiexec@r1i1n9] main (../../ui/mpich/mpiexec.c:1125): process manager error waiting for completion
[proxy:0:3@r1i2n2] HYDU_create_process (../../utils/launch/launch.c:621): execvp error on file histogram_MPI (No such file or directory)
[mpiexec@r1i1n9] control_cb (../../pm/pmiserv/pmiserv_cb.c:781): connection to proxy 0 at host r1i1n9 failed
[mpiexec@r1i1n9] HYDT_dmxu_poll_wait_for_event (../../tools/demux/demux_poll.c:76): callback returned error status
[mpiexec@r1i1n9] HYD_pmci_wait_for_completion (../../pm/pmiserv/pmiserv_pmci.c:500): error waiting for event
[mpiexec@r1i1n9] main (../../ui/mpich/mpiexec.c:1125): process manager error waiting for completion
[proxy:0:3@r1i2n2] HYDU_create_process (../../utils/launch/launch.c:621): execvp error on file histogram_MPI (No such file or directory)
[mpiexec@r1i1n9] control_cb (../../pm/pmiserv/pmiserv_cb.c:781): connection to proxy 0 at host r1i1n9 failed
[mpiexec@r1i1n9] HYDT_dmxu_poll_wait_for_event (../../tools/demux/demux_poll.c:76): callback returned error status
[mpiexec@r1i1n9] HYD_pmci_wait_for_completion (../../pm/pmiserv/pmiserv_pmci.c:500): error waiting for event
[mpiexec@r1i1n9] main (../../ui/mpich/mpiexec.c:1125): process manager error waiting for completion
[proxy:0:3@r1i2n2] HYDU_create_process (../../utils/launch/launch.c:621): execvp error on file histogram_MPI (No such file or directory)
[mpiexec@r1i1n9] control_cb (../../pm/pmiserv/pmiserv_cb.c:781): connection to proxy 0 at host r1i1n9 failed
[mpiexec@r1i1n9] HYDT_dmxu_poll_wait_for_event (../../tools/demux/demux_poll.c:76): callback returned error status
[mpiexec@r1i1n9] HYD_pmci_wait_for_completion (../../pm/pmiserv/pmiserv_pmci.c:500): error waiting for event
[mpiexec@r1i1n9] main (../../ui/mpich/mpiexec.c:1125): process manager error waiting for completion
[proxy:0:3@r1i2n2] HYDU_create_process (../../utils/launch/launch.c:621): execvp error on file histogram_MPI (No such file or directory)
[mpiexec@r1i1n9] control_cb (../../pm/pmiserv/pmiserv_cb.c:781): connection to proxy 0 at host r1i1n9 failed
[mpiexec@r1i1n9] HYDT_dmxu_poll_wait_for_event (../../tools/demux/demux_poll.c:76): callback returned error status
[mpiexec@r1i1n9] HYD_pmci_wait_for_completion (../../pm/pmiserv/pmiserv_pmci.c:500): error waiting for event
[mpiexec@r1i1n9] main (../../ui/mpich/mpiexec.c:1125): process manager error waiting for completion
[proxy:0:0@r1i1n9] HYDU_create_process (../../utils/launch/launch.c:621): execvp error on file histogram_MPI (No such file or directory)
[mpiexec@r1i1n9] control_cb (../../pm/pmiserv/pmiserv_cb.c:781): connection to proxy 3 at host r1i2n2 failed
[mpiexec@r1i1n9] HYDT_dmxu_poll_wait_for_event (../../tools/demux/demux_poll.c:76): callback returned error status
[mpiexec@r1i1n9] HYD_pmci_wait_for_completion (../../pm/pmiserv/pmiserv_pmci.c:500): error waiting for event
[mpiexec@r1i1n9] main (../../ui/mpich/mpiexec.c:1125): process manager error waiting for completion
[proxy:0:3@r1i2n2] HYDU_create_process (../../utils/launch/launch.c:621): execvp error on file histogram_MPI (No such file or directory)
[mpiexec@r1i1n9] control_cb (../../pm/pmiserv/pmiserv_cb.c:781): connection to proxy 0 at host r1i1n9 failed
[mpiexec@r1i1n9] HYDT_dmxu_poll_wait_for_event (../../tools/demux/demux_poll.c:76): callback returned error status
[mpiexec@r1i1n9] HYD_pmci_wait_for_completion (../../pm/pmiserv/pmiserv_pmci.c:500): error waiting for event
[mpiexec@r1i1n9] main (../../ui/mpich/mpiexec.c:1125): process manager error waiting for completion
[proxy:0:3@r1i2n2] HYDU_create_process (../../utils/launch/launch.c:621): execvp error on file histogram_MPI (No such file or directory)
[mpiexec@r1i1n9] control_cb (../../pm/pmiserv/pmiserv_cb.c:781): connection to proxy 0 at host r1i1n9 failed
[mpiexec@r1i1n9] HYDT_dmxu_poll_wait_for_event (../../tools/demux/demux_poll.c:76): callback returned error status
[mpiexec@r1i1n9] HYD_pmci_wait_for_completion (../../pm/pmiserv/pmiserv_pmci.c:500): error waiting for event
[mpiexec@r1i1n9] main (../../ui/mpich/mpiexec.c:1125): process manager error waiting for completion
[proxy:0:3@r1i2n2] HYDU_create_process (../../utils/launch/launch.c:621): execvp error on file histogram_MPI (No such file or directory)
[mpiexec@r1i1n9] control_cb (../../pm/pmiserv/pmiserv_cb.c:781): connection to proxy 0 at host r1i1n9 failed
[mpiexec@r1i1n9] HYDT_dmxu_poll_wait_for_event (../../tools/demux/demux_poll.c:76): callback returned error status
[mpiexec@r1i1n9] HYD_pmci_wait_for_completion (../../pm/pmiserv/pmiserv_pmci.c:500): error waiting for event
[mpiexec@r1i1n9] main (../../ui/mpich/mpiexec.c:1125): process manager error waiting for completion
