ROWS_SIZE: 65536
COLUMNS_SIZE: 65536
simul == true
after allocation of image_simul
after initialization of image_simul
Width: 65536
Height: 65536
ROI time: 17.6036

Histogram: 
16777075 16774639 16779066 16770068 16776817 16778917 16784729 16779282 16780422 16770063 16785870 16774457 16763069 16778946 16783562 16780852 16774200 16774969 16784954 16772496 16774799 16775132 16779263 16776322 16769799 16780287 16774698 16780905 16769062 16772021 16772183 16774524 16776592 16775649 16777362 16778337 16781621 16777653 16775012 16780642 16773519 16781323 16783727 16773658 16775222 16771369 16780670 16782148 16774068 16775875 16786049 16777979 16777609 16780802 16776469 16776562 16775846 16776422 16783496 16774968 16774785 16778403 16776029 16780619 16772275 16776658 16779547 16770193 16775201 16778321 16775564 16774964 16781809 16775245 16775531 16771813 16772293 16787094 16779133 16772034 16779799 16781027 16776292 16781118 16770149 16776726 16776748 16778636 16780656 16776621 16777622 16781310 16775422 16774728 16780343 16780429 16781131 16774507 16774337 16773850 16779435 16770657 16780445 16775822 16774646 16782749 16786613 16774721 16773389 16776269 16784999 16778050 16775934 16778488 16779522 16775045 16778139 16773372 16774126 16785428 16781342 16777655 16780303 16778192 16776285 16773040 16775894 16770963 16781820 16776916 16774520 16774271 16780254 16776015 16768152 16775336 16780323 16776825 16782112 16778712 16775182 16777737 16775989 16778543 16776131 16771516 16773965 16781124 16783060 16769352 16777104 16782864 16778643 16781475 16772977 16771109 16777866 16781143 16772404 16773363 16772909 16779630 16773099 16774203 16784201 16770424 16774382 16782118 16778944 16776353 16779583 16779805 16774859 16774935 16782467 16780721 16780240 16778301 16773550 16775503 16776821 16769507 16780863 16773427 16776648 16777586 16776775 16776469 16780519 16784263 16782560 16775493 16776167 16773078 16780941 16775016 16774004 16768538 16770474 16781638 16774938 16770663 16772847 16781309 16775349 16776686 16781096 16775732 16771602 16778269 16772829 16778144 16777396 16774168 16775715 16774391 16781581 16777284 16787437 16776254 16777245 16777595 16783884 16782358 16781625 16781282 16788734 16780389 16783537 16776202 16778757 16777958 16783994 16780018 16776879 16778276 16776247 16777849 16779226 16774244 16780498 16775146 16778365 16775485 16782895 16777069 16778896 16776476 16774733 16769974 16775911 16776588 16773281 16774948 16780609 16778034 

Sum of all histogram elements: 4294967296
Total pixels: 4294967296

Total time: 74.465
outputs/output_nodes_1_processes_1_threads_1_size_32_20180604_164514.csv
ROWS_SIZE: 131072
COLUMNS_SIZE: 65536
simul == true
after allocation of image_simul
after initialization of image_simul
Width: 65536
Height: 131072
ROI time: 35.2241

Histogram: 
33556119 33544718 33556631 33551779 33542977 33554570 33554476 33557529 33560434 33553960 33565944 33550862 33550747 33553907 33547185 33548042 33554793 33557163 33541958 33542026 33547987 33553142 33558452 33552663 33543132 33554828 33562670 33557842 33545320 33558409 33554840 33554566 33559968 33543919 33556760 33560627 33560003 33555325 33551947 33551423 33558320 33554241 33554922 33552146 33548086 33555805 33560861 33549919 33550151 33558117 33566768 33545568 33549415 33555722 33553192 33548935 33545479 33542990 33555763 33538762 33554618 33539236 33551337 33558232 33563804 33560321 33558412 33551059 33557199 33552816 33549243 33551110 33555640 33550524 33561167 33551083 33555003 33557862 33568477 33545610 33558529 33543118 33555950 33564153 33558179 33564100 33554058 33541037 33553468 33555033 33551986 33557758 33564194 33554009 33561313 33559133 33551383 33557354 33548692 33553172 33552193 33564725 33557511 33553047 33552835 33552212 33550077 33547957 33556495 33555913 33554030 33558487 33545681 33556619 33545039 33557263 33560835 33555104 33554416 33556331 33562182 33556961 33549529 33565560 33555615 33567167 33555445 33557550 33559797 33561433 33555477 33557483 33558299 33553313 33568260 33561425 33553474 33556220 33561742 33546879 33543155 33550456 33552400 33554470 33551589 33556975 33551892 33543099 33558428 33547439 33543622 33559904 33553513 33554168 33558343 33568623 33549650 33548318 33546470 33558026 33556148 33549448 33550016 33557390 33556849 33562806 33549577 33550242 33557467 33561213 33544862 33550943 33549266 33559646 33556333 33549860 33554753 33551887 33549649 33553356 33553997 33552514 33555725 33554931 33552467 33565880 33552704 33549016 33555203 33554370 33560191 33549629 33560328 33555795 33558430 33553555 33551354 33555170 33560460 33555266 33563073 33561272 33549218 33556908 33562531 33558000 33554799 33558395 33556943 33559639 33554154 33555616 33560017 33557621 33544876 33547567 33548377 33548262 33555975 33544106 33555355 33549149 33553015 33553068 33550246 33555673 33556610 33561258 33556693 33553131 33558147 33562849 33547232 33556053 33550536 33562637 33557711 33556874 33542045 33555606 33546259 33562225 33549683 33548962 33566024 33553634 33556397 33555920 33554108 33560499 33557768 33560872 33545388 33547443 33562390 33561789 

Sum of all histogram elements: 8589934592
Total pixels: 8589934592

Total time: 148.892
outputs/output_nodes_1_processes_1_threads_1_size_33_20180604_164743.csv
ROWS_SIZE: 262144
COLUMNS_SIZE: 65536
simul == true
after allocation of image_simul
after initialization of image_simul
Width: 65536
Height: 262144
ROI time: 70.62

Histogram: 
67121450 67119492 67090934 67123006 67093271 67100756 67094287 67112220 67107957 67114514 67131612 67120880 67098740 67107707 67109145 67109032 67125174 67112054 67109123 67112550 67108263 67117595 67111544 67106840 67111965 67103686 67105144 67113182 67114609 67107068 67110732 67111749 67115052 67121154 67123038 67095591 67102227 67108814 67101626 67111051 67102566 67115259 67098622 67115376 67100390 67100448 67097958 67106194 67114726 67103646 67113937 67104842 67107210 67093386 67112741 67094467 67110683 67107597 67106907 67113463 67115063 67115765 67103900 67107290 67110234 67100470 67117712 67114742 67107742 67116120 67120915 67115319 67106496 67112699 67100460 67101995 67107922 67108892 67120630 67099429 67120802 67113554 67095218 67118635 67110299 67120006 67096437 67110057 67103805 67113254 67119538 67095043 67110089 67109961 67101581 67095133 67115187 67103623 67096516 67110512 67123254 67120379 67094686 67115423 67107654 67113196 67105637 67104886 67114022 67120783 67104648 67119773 67090302 67105629 67118444 67102377 67098467 67115775 67127933 67096525 67103299 67109766 67116062 67101526 67115351 67105845 67117290 67108404 67110283 67114006 67117681 67090037 67122445 67101870 67103785 67102845 67113315 67113254 67095203 67093483 67116626 67110571 67107869 67105849 67089875 67110888 67109922 67106073 67104645 67098902 67116372 67109367 67102446 67107114 67107724 67099481 67109512 67109974 67111441 67099967 67102745 67114366 67109211 67101739 67106994 67098797 67104142 67113350 67120216 67117479 67113368 67121161 67109694 67114214 67107376 67095125 67108462 67104231 67091225 67121830 67125112 67102644 67107771 67090924 67113533 67103864 67121473 67110376 67123133 67114661 67119141 67091817 67103315 67108191 67103140 67110635 67106208 67105840 67116893 67128838 67119805 67113630 67109005 67102439 67102944 67116666 67091351 67106622 67110502 67102292 67107168 67106765 67123117 67099546 67106216 67129155 67125304 67108530 67096434 67105530 67106902 67105021 67108304 67117256 67110887 67116491 67107726 67108636 67105901 67111858 67107583 67123414 67108159 67102947 67103761 67113056 67130241 67108530 67107794 67107308 67098746 67122845 67094834 67111468 67108191 67117543 67106606 67105200 67105352 67111399 67105045 67108109 67094969 67106800 67110218 67095371 

Sum of all histogram elements: 17179869184
Total pixels: 17179869184

Total time: 297.898
outputs/output_nodes_1_processes_1_threads_1_size_34_20180604_165241.csv
ROWS_SIZE: 524288
COLUMNS_SIZE: 65536
simul == true
after allocation of image_simul
after initialization of image_simul
Width: 65536
Height: 524288
ROI time: 141.065

Histogram: 
134229484 134227233 134234728 134229854 134238984 134210690 134240017 134212606 134214614 134194769 134209368 134235248 134222515 134198716 134215994 134213518 134224416 134192978 134215400 134215493 134222084 134238438 134228353 134218477 134210328 134224219 134210537 134220352 134239166 134213926 134220340 134208287 134213871 134222867 134203345 134193163 134226306 134205827 134216286 134205397 134219048 134207139 134233014 134219511 134233255 134193950 134204893 134213681 134208611 134203683 134196103 134211985 134200303 134209218 134230621 134216800 134225963 134226749 134221665 134234442 134222642 134222333 134213215 134234527 134191864 134211074 134204359 134203497 134215442 134206452 134212463 134217478 134223140 134211249 134203189 134199973 134234273 134234576 134225685 134223155 134229893 134210334 134232294 134221187 134216388 134235221 134204781 134214992 134244250 134219929 134205928 134239103 134216040 134198405 134207914 134219480 134230912 134218471 134211251 134208709 134218002 134211632 134212365 134212505 134209368 134199814 134217634 134234898 134223147 134213507 134221063 134211904 134218985 134216296 134202307 134209233 134233993 134212115 134227433 134238843 134218460 134206099 134211448 134226792 134235655 134213471 134216881 134208370 134221791 134218591 134210207 134222191 134216012 134214666 134222024 134220378 134239391 134200390 134220475 134227261 134210915 134230437 134226195 134222335 134225853 134224078 134193373 134226034 134203664 134227304 134207947 134221462 134214231 134205864 134218736 134231687 134220670 134211569 134216619 134207173 134222986 134211717 134226941 134228340 134248290 134216501 134234266 134231857 134225937 134214219 134206280 134210810 134232464 134209706 134206567 134210622 134202219 134199542 134206937 134216933 134235481 134231655 134216283 134219252 134210423 134224145 134213974 134221628 134215396 134212966 134215176 134240286 134230153 134213318 134220097 134250144 134235021 134212303 134196519 134228893 134217371 134231855 134207653 134236550 134210893 134212284 134215364 134225676 134204564 134216058 134216107 134231659 134234633 134215868 134214629 134231820 134199535 134221944 134204969 134216042 134228054 134207997 134204346 134216744 134205960 134197295 134205290 134219172 134210418 134231016 134217218 134201410 134239047 134223116 134198619 134215712 134240702 134226019 134213275 134233890 134213934 134220626 134218173 134208927 134220156 134216966 134217628 134227918 134191494 134231701 134203793 134232801 134219773 134204109 134203786 134212923 

Sum of all histogram elements: 34359738368
Total pixels: 34359738368

Total time: 595.48
outputs/output_nodes_1_processes_1_threads_1_size_35_20180604_170237.csv
ROWS_SIZE: 1048576
COLUMNS_SIZE: 65536
simul == true
after allocation of image_simul
after initialization of image_simul
Width: 65536
Height: 1048576
ROI time: 282.769

Histogram: 
268418127 268477853 268428590 268455967 268433682 268453230 268436333 268475084 268425753 268443470 268454202 268410827 268428824 268433445 268427465 268429155 268436440 268406317 268398207 268445061 268439016 268451010 268438137 268442040 268420512 268465458 268394329 268460626 268390347 268443592 268456054 268439455 268437277 268470429 268392394 268455450 268428903 268458060 268363897 268430404 268458972 268460531 268418147 268442792 268409166 268437367 268420488 268432092 268427371 268444880 268433402 268460224 268428467 268437675 268446245 268432912 268437500 268439655 268460603 268442774 268438483 268446420 268433400 268442211 268420035 268443457 268462790 268416074 268404538 268433713 268439365 268439660 268441512 268464391 268412383 268438453 268418991 268439392 268427213 268458079 268408675 268428374 268399118 268446356 268429339 268404791 268440905 268398319 268406775 268454522 268416824 268436681 268439851 268441414 268432505 268416065 268415939 268454224 268438766 268470385 268432119 268416911 268437923 268471814 268433668 268453016 268406772 268452803 268413485 268466893 268419324 268468635 268409683 268459418 268438765 268471075 268442488 268424907 268430017 268450221 268427480 268460196 268452667 268453944 268452251 268434052 268445603 268461467 268446186 268431001 268439194 268450372 268429201 268399955 268439017 268434493 268425380 268429777 268409564 268466736 268435430 268455644 268444190 268446727 268432882 268439612 268441084 268423503 268402975 268429654 268441679 268417702 268427532 268464435 268424221 268440624 268431704 268462891 268447596 268432644 268428331 268431353 268424127 268472331 268440182 268480553 268419624 268434671 268445709 268444398 268434030 268416044 268421443 268448587 268434205 268435944 268408808 268451730 268417138 268459203 268442002 268433341 268411013 268428841 268433395 268462414 268407117 268450762 268398065 268432927 268408457 268415030 268428637 268435533 268445394 268461913 268444483 268443021 268386897 268448862 268440491 268452571 268455443 268449684 268450452 268428657 268405594 268449515 268414384 268450856 268397619 268449254 268437912 268435190 268427199 268436989 268407676 268412679 268443692 268409176 268439204 268454319 268427985 268440329 268415032 268448138 268432429 268468497 268430760 268444977 268442286 268441409 268410000 268443642 268431320 268449195 268414520 268446027 268432397 268430707 268407315 268452953 268435176 268432960 268422191 268429909 268395866 268433687 268438206 268447070 268421695 268436578 268426428 268461560 268431109 268441037 

Sum of all histogram elements: 68719476736
Total pixels: 68719476736

Total time: 1193.62
outputs/output_nodes_1_processes_1_threads_1_size_36_20180604_172230.csv
ROWS_SIZE: 65536
COLUMNS_SIZE: 65536
simul == true
after allocation of image_simul
after initialization of image_simul
Width: 65536
Height: 65536
ROI time: 17.6202

Histogram: 
16776540 16781264 16780066 16769707 16769699 16781263 16776298 16773223 16777737 16782108 16774610 16775427 16786090 16777017 16779418 16779235 16771307 16779514 16780272 16783172 16779097 16772907 16770471 16778568 16782664 16773491 16778235 16780433 16779509 16769652 16779225 16774980 16775993 16774364 16774455 16775712 16786164 16778527 16781008 16770113 16780974 16774017 16781196 16785725 16775497 16779710 16775109 16777320 16772965 16780656 16778533 16778472 16770798 16770816 16773032 16773797 16777043 16767327 16767140 16780060 16774045 16776861 16777001 16778468 16779340 16776467 16775537 16771071 16776600 16778739 16777233 16773306 16779314 16776734 16779690 16772355 16771919 16773436 16776446 16775457 16782572 16775046 16779240 16770869 16775374 16784587 16780312 16772421 16778999 16785314 16773651 16781342 16772888 16779641 16780335 16784194 16773905 16776703 16779861 16779820 16781217 16778946 16776789 16771743 16780456 16774051 16779662 16771859 16775224 16780354 16773138 16786232 16777649 16773988 16781921 16778425 16774370 16782527 16773580 16775307 16775868 16768516 16774811 16782095 16777157 16769771 16777233 16777741 16775842 16777895 16774986 16776344 16782528 16779403 16778799 16768437 16780163 16780370 16780437 16776430 16775755 16775824 16774763 16779071 16782433 16778235 16770728 16773403 16775859 16772569 16782030 16774977 16775975 16777991 16777175 16778857 16770783 16772708 16779822 16787097 16785054 16778883 16775259 16775880 16771589 16776759 16778208 16776033 16778017 16776088 16780465 16768547 16778476 16770918 16780204 16779714 16784126 16771327 16776800 16778105 16771551 16783237 16776572 16768713 16788249 16770501 16782076 16767588 16788708 16780911 16776753 16782089 16779108 16776442 16781053 16776580 16776378 16775013 16783561 16778330 16778261 16781725 16779559 16783085 16777863 16777582 16779339 16773922 16780912 16776814 16770578 16778030 16781754 16778037 16777293 16778594 16769080 16777823 16780070 16786798 16775858 16774350 16774904 16770198 16778073 16785773 16785557 16773152 16778371 16777334 16774338 16774790 16774512 16771792 16775417 16778309 16779905 16778465 16781913 16780074 16784267 16775645 16775813 16772911 16778634 16776349 16783611 16779708 16780353 16773092 16771021 16783413 16780719 16771885 16776441 16774231 

Sum of all histogram elements: 4294967296
Total pixels: 4294967296

Total time: 74.6294
outputs/output_nodes_1_processes_1_threads_1_size_32_20180604_172345.csv
ROWS_SIZE: 131072
COLUMNS_SIZE: 65536
simul == true
after allocation of image_simul
after initialization of image_simul
Width: 65536
Height: 131072
ROI time: 35.2593

Histogram: 
33555857 33550220 33554700 33553272 33549272 33547190 33556459 33561487 33557270 33552944 33555118 33555180 33554282 33554664 33550653 33556673 33552364 33553462 33552670 33564233 33549919 33549408 33552783 33541734 33546373 33558062 33555334 33554065 33555492 33552389 33554463 33557675 33559948 33557234 33553320 33554884 33556683 33544512 33553815 33560265 33558271 33550385 33562819 33552458 33558721 33542247 33564298 33556798 33552604 33545937 33542414 33548579 33544528 33550916 33550362 33558987 33545470 33553243 33553163 33558324 33557360 33553314 33548359 33561131 33548510 33551774 33549676 33554953 33551920 33553164 33563216 33551592 33564503 33553819 33556428 33556003 33554426 33549272 33552666 33561342 33553457 33555923 33554002 33548391 33550620 33553126 33547927 33552512 33552297 33553996 33551273 33552560 33563113 33551893 33544663 33555635 33559511 33558807 33554719 33552525 33562850 33556008 33552052 33549612 33544782 33559423 33565020 33563724 33560912 33558674 33546624 33549528 33543669 33561782 33550677 33565678 33550289 33553910 33544669 33559613 33556990 33561839 33560475 33553784 33557561 33556029 33551804 33560677 33558995 33553752 33547195 33563796 33550500 33546546 33551204 33554196 33554014 33546607 33551086 33553185 33550105 33555606 33555926 33548185 33557959 33547778 33563766 33542387 33559569 33538468 33560577 33558425 33550181 33551208 33559558 33555138 33575508 33547136 33546467 33555049 33565246 33549289 33557272 33557647 33552164 33557452 33551188 33553232 33556545 33553199 33553449 33548918 33552438 33555869 33559562 33554733 33550174 33554624 33558581 33560578 33559314 33557618 33557458 33546139 33557223 33558507 33564530 33549118 33543434 33556639 33555724 33560350 33562750 33554901 33552624 33551840 33553080 33556042 33551586 33557716 33547082 33552764 33564580 33551744 33552445 33550307 33554278 33552923 33549625 33560718 33550247 33549408 33547578 33547710 33559341 33546797 33557494 33560553 33553331 33556263 33569852 33556301 33544549 33560069 33557053 33549836 33554622 33551326 33556802 33561074 33550102 33564146 33562844 33558318 33543037 33564996 33556899 33554480 33557557 33558079 33557311 33562143 33554813 33553093 33558585 33556369 33544125 33554052 33557563 33557240 33555255 33558473 33552656 33563205 33554270 33553599 

Sum of all histogram elements: 8589934592
Total pixels: 8589934592

Total time: 148.989
outputs/output_nodes_1_processes_1_threads_1_size_33_20180604_172614.csv
ROWS_SIZE: 262144
COLUMNS_SIZE: 65536
simul == true
after allocation of image_simul
after initialization of image_simul
Width: 65536
Height: 262144
ROI time: 70.51

Histogram: 
67104977 67107749 67124232 67113634 67115348 67110385 67113089 67112080 67096400 67097137 67101555 67112427 67095417 67101934 67110215 67090599 67115523 67115170 67096666 67121839 67122781 67130687 67106951 67104279 67104221 67107796 67113997 67099864 67108782 67130968 67095531 67117578 67112741 67105774 67095391 67120930 67104103 67112415 67100358 67097761 67116927 67109522 67102917 67105666 67104802 67107985 67103331 67099225 67088811 67101425 67100282 67102387 67110497 67106700 67116053 67111695 67102739 67113001 67113551 67104180 67121108 67108522 67107485 67104253 67095764 67103042 67104927 67102334 67110082 67117008 67106757 67118814 67109719 67105841 67116513 67108875 67120091 67119721 67105734 67107675 67104077 67103906 67126081 67121122 67107568 67097913 67106779 67105675 67122095 67109086 67093296 67100427 67112590 67119232 67098583 67125329 67114101 67117574 67099300 67097207 67115458 67111735 67117495 67107385 67100421 67099855 67111410 67124533 67112190 67103237 67104554 67107194 67104852 67102510 67119970 67116274 67102784 67115950 67101315 67118371 67106426 67122747 67102631 67114446 67107062 67112016 67111305 67103639 67085751 67112141 67106832 67108627 67105741 67100708 67109853 67106255 67110095 67105575 67112121 67096633 67123744 67116362 67109831 67105735 67104750 67121421 67110629 67131133 67118794 67107898 67120632 67103225 67104247 67113763 67106641 67107015 67119393 67106554 67127390 67118581 67102124 67105438 67104102 67105371 67110325 67085437 67103864 67105838 67108495 67109127 67112213 67115178 67116813 67104217 67105017 67107004 67117270 67102462 67109247 67115491 67118321 67103246 67110173 67103763 67114165 67113182 67137410 67110667 67102523 67105412 67108112 67108673 67125696 67101382 67109452 67115528 67123258 67106312 67109020 67113629 67105975 67117297 67107546 67097007 67113425 67106411 67099530 67098251 67114346 67112039 67106856 67101893 67109253 67116105 67101237 67114324 67104713 67116068 67102654 67108924 67118235 67105944 67116592 67117085 67099342 67106399 67116359 67114714 67112105 67110501 67104647 67098022 67106156 67083373 67115611 67101919 67108015 67115509 67109280 67090263 67111196 67105450 67113663 67110442 67111309 67116132 67088433 67113936 67105781 67104110 67109339 67110753 67093635 67119677 67106600 67096825 

Sum of all histogram elements: 17179869184
Total pixels: 17179869184

Total time: 297.823
outputs/output_nodes_1_processes_1_threads_1_size_34_20180604_173112.csv
ROWS_SIZE: 524288
COLUMNS_SIZE: 65536
simul == true
after allocation of image_simul
after initialization of image_simul
Width: 65536
Height: 524288
ROI time: 141.244

Histogram: 
134189818 134232924 134225083 134208197 134229163 134223383 134223385 134212635 134204354 134206724 134215017 134192942 134199993 134214401 134213602 134201726 134235522 134227079 134228802 134222078 134213019 134224922 134225565 134193397 134214249 134217359 134223135 134223045 134217751 134199919 134248197 134223533 134208478 134208107 134224546 134230832 134220466 134218817 134216189 134215941 134211980 134226026 134222124 134210027 134204596 134197626 134191912 134236879 134227982 134215765 134211187 134189466 134206859 134207160 134228884 134210494 134221247 134241911 134220640 134212400 134221781 134214463 134207913 134239207 134206573 134219498 134219059 134215857 134203671 134228118 134227978 134220678 134249186 134241061 134198485 134225581 134216742 134243130 134226859 134202132 134211683 134212908 134222804 134197652 134223559 134227229 134253908 134222702 134214255 134257490 134208509 134205118 134195967 134199767 134230735 134209797 134216555 134206047 134238676 134208972 134218192 134208197 134237685 134241372 134227675 134209835 134225119 134223175 134224423 134223453 134227686 134227621 134219551 134211051 134199023 134204594 134232160 134220730 134219669 134199846 134213485 134218079 134208846 134230180 134213286 134200204 134234854 134228114 134227554 134255532 134202894 134209970 134208810 134204251 134217108 134215352 134221700 134211099 134234220 134225547 134192800 134240073 134228785 134231093 134202919 134226437 134231889 134187898 134220022 134190286 134207586 134210308 134220275 134217296 134214849 134222686 134218311 134224112 134236417 134219260 134208549 134227084 134216862 134221987 134213439 134207206 134220929 134209267 134217849 134212101 134206490 134210519 134207599 134209688 134216071 134214351 134221289 134226700 134212754 134234849 134245299 134220899 134215564 134224955 134222273 134219825 134222792 134208852 134211512 134216859 134242447 134234341 134220812 134209700 134212886 134210865 134225605 134252078 134210225 134222281 134214398 134232188 134230774 134209107 134193168 134215697 134221683 134242177 134211958 134226740 134230346 134225269 134188254 134210948 134232021 134199911 134218790 134214378 134209734 134236403 134206550 134203911 134227997 134218233 134226998 134206073 134228922 134220044 134212340 134210525 134221844 134215556 134219789 134213746 134220527 134220575 134196163 134213952 134217044 134199617 134206114 134232427 134196836 134211007 134195063 134205918 134214012 134229545 134213264 134222218 134207756 134212534 134225551 134217825 134203599 134227487 

Sum of all histogram elements: 34359738368
Total pixels: 34359738368

Total time: 595.581
outputs/output_nodes_1_processes_1_threads_1_size_35_20180604_174108.csv
ROWS_SIZE: 1048576
COLUMNS_SIZE: 65536
simul == true
after allocation of image_simul
after initialization of image_simul
Width: 65536
Height: 1048576
ROI time: 282.282

Histogram: 
268449899 268431424 268446723 268406002 268463611 268430698 268457496 268402237 268465707 268422481 268439766 268406045 268450757 268441809 268439702 268414753 268419543 268448334 268451348 268421521 268457598 268439484 268422044 268413389 268435253 268429334 268433647 268412471 268451115 268445531 268422324 268421734 268396450 268438273 268445855 268400107 268420151 268404778 268453539 268420513 268438773 268405184 268452990 268402337 268467823 268412556 268429851 268433211 268462685 268421583 268454513 268393043 268461956 268440706 268434966 268398012 268457309 268416697 268416470 268414888 268447307 268443351 268462291 268463947 268428684 268444262 268443840 268392033 268465832 268454145 268450125 268441358 268439632 268448482 268504546 268421485 268448505 268414976 268457134 268415146 268440929 268431819 268428547 268420785 268451193 268454968 268431130 268434762 268459150 268432296 268456080 268440762 268464852 268454221 268444436 268387295 268457882 268409609 268426524 268406652 268456407 268444800 268449100 268434397 268455351 268447159 268459366 268416402 268441985 268444228 268420218 268417052 268443115 268424270 268471870 268428287 268433818 268402920 268435670 268390400 268454185 268394825 268443533 268413027 268456964 268455258 268428857 268422029 268427607 268441348 268426050 268410338 268448750 268416605 268409061 268413795 268442063 268436240 268428409 268423877 268479393 268444491 268455074 268435293 268431097 268412464 268445838 268396398 268430440 268441435 268432521 268413037 268421265 268453723 268438369 268399961 268423229 268443046 268427370 268442827 268426311 268453727 268469066 268423290 268430353 268437214 268452219 268415559 268462959 268424543 268466537 268442306 268444259 268427586 268437520 268437107 268457501 268439473 268451421 268445666 268462979 268458899 268420266 268396735 268411725 268456214 268436489 268420827 268441826 268436762 268400067 268435298 268478037 268436111 268434380 268402587 268434653 268428531 268450438 268427658 268427906 268413736 268441552 268403893 268457252 268466604 268402002 268437029 268464945 268421866 268419811 268430849 268430163 268444836 268449312 268422811 268458631 268429530 268448394 268392420 268450768 268470763 268413583 268445751 268421993 268437731 268470054 268389691 268464288 268446066 268445914 268461360 268461984 268427397 268453439 268423699 268458158 268441978 268425159 268392622 268421822 268429197 268487073 268428400 268422722 268437308 268407032 268435500 268454558 268419233 268433137 268428321 268459137 268439497 268441677 268464204 

Sum of all histogram elements: 68719476736
Total pixels: 68719476736

Total time: 1191.39
outputs/output_nodes_1_processes_1_threads_1_size_36_20180604_180059.csv
ROWS_SIZE: 65536
COLUMNS_SIZE: 65536
simul == true
after allocation of image_simul
after initialization of image_simul
Width: 65536
Height: 65536
ROI time: 17.6413

Histogram: 
16781688 16775861 16774482 16780740 16784218 16783944 16774178 16775045 16786529 16772587 16778727 16778241 16772742 16778823 16773054 16777921 16783558 16780125 16779223 16778158 16774751 16781214 16769201 16781766 16780743 16773954 16774970 16776113 16775661 16775668 16773571 16780718 16783075 16782151 16775377 16784619 16776433 16781592 16777136 16779351 16779127 16777418 16778354 16780736 16780412 16776134 16771718 16778241 16780847 16776770 16779452 16765166 16771216 16780526 16774279 16777645 16778143 16772916 16779075 16782658 16778326 16779652 16771543 16775384 16766004 16776416 16781039 16777688 16784074 16775178 16780938 16778257 16771399 16775173 16773524 16779313 16771162 16775789 16780663 16775688 16783072 16773447 16775621 16775086 16775822 16770501 16775986 16770432 16776721 16774849 16773559 16765006 16778517 16780480 16781436 16780804 16771015 16772070 16777712 16781689 16770080 16773225 16779677 16774661 16778134 16777849 16778429 16776316 16783032 16778439 16779363 16778593 16776309 16783717 16777838 16780324 16777529 16781584 16772408 16780467 16768596 16781025 16779322 16781764 16769911 16775423 16772801 16774090 16778279 16777811 16777507 16772816 16778286 16778523 16784089 16777634 16771396 16783651 16772472 16777753 16782901 16779434 16777604 16772831 16780407 16775682 16784807 16774868 16776570 16777513 16782633 16775214 16785098 16789507 16771831 16778487 16775943 16771172 16781685 16769964 16774823 16769857 16778625 16788937 16776367 16776170 16779017 16781271 16775746 16779571 16776242 16784321 16771396 16780776 16774725 16776974 16775097 16773093 16781411 16779325 16769051 16778905 16778784 16782252 16779912 16778089 16773703 16780545 16769924 16772820 16771734 16772061 16772287 16780958 16776430 16776171 16768099 16776609 16773692 16774478 16779360 16771053 16772188 16773650 16773077 16777889 16779113 16783676 16772339 16783148 16777859 16782058 16774435 16772971 16770798 16771949 16775880 16778178 16769645 16783410 16777356 16781167 16775378 16781341 16780538 16779305 16775602 16776552 16773545 16784048 16769389 16776855 16779799 16781302 16775413 16780283 16778880 16781075 16780846 16777057 16777502 16775455 16779447 16773309 16778124 16775648 16780413 16785611 16783464 16772704 16778640 16777923 16781649 16779001 16775357 16779344 

Sum of all histogram elements: 4294967296
Total pixels: 4294967296

Total time: 74.5387
outputs/output_nodes_1_processes_1_threads_1_size_32_20180604_180214.csv
ROWS_SIZE: 131072
COLUMNS_SIZE: 65536
simul == true
after allocation of image_simul
after initialization of image_simul
Width: 65536
Height: 131072
ROI time: 35.2843

Histogram: 
33549228 33552489 33549498 33551961 33567480 33551677 33549404 33548695 33564560 33567282 33562022 33562026 33555358 33550527 33557708 33551592 33549423 33561534 33549539 33555482 33547959 33554880 33549025 33564790 33553443 33556692 33552258 33561586 33539700 33552116 33553912 33547799 33548362 33555063 33549810 33558666 33556800 33547031 33555255 33554060 33556707 33560578 33557879 33551194 33549451 33557328 33546757 33556296 33556908 33551871 33545675 33552952 33547283 33558058 33547892 33565232 33557232 33547891 33544689 33554304 33547521 33556125 33559723 33560990 33555419 33560466 33559874 33555591 33561568 33539593 33552349 33555042 33552763 33558821 33547234 33546493 33557889 33547861 33562543 33547278 33555461 33546114 33556239 33561900 33552972 33551215 33558083 33554742 33542338 33554733 33571729 33560431 33549986 33554137 33562289 33544978 33560980 33555366 33558568 33552718 33548958 33553137 33550655 33556733 33556075 33554371 33551294 33551889 33554649 33551708 33550875 33559904 33560202 33555744 33556992 33545988 33556261 33560352 33556108 33554852 33559698 33551419 33554318 33562679 33549212 33561602 33540958 33557374 33560697 33545549 33554366 33561510 33555691 33550693 33553598 33548995 33546680 33553066 33553639 33550612 33556579 33557960 33550255 33550985 33553796 33556761 33550701 33559709 33549849 33547987 33557416 33558021 33548692 33557837 33550433 33558578 33558397 33551586 33557017 33552731 33550879 33558922 33557175 33559129 33552079 33549762 33566891 33544015 33561523 33562000 33559950 33555745 33550627 33552624 33550283 33546159 33553333 33562985 33562677 33555659 33556196 33562926 33550970 33553962 33560044 33553398 33540374 33556282 33562848 33556024 33551239 33551365 33555744 33551183 33556262 33554958 33547632 33558229 33556270 33542463 33547642 33558369 33554535 33555752 33553716 33554710 33565265 33553453 33553219 33552471 33554960 33565972 33568088 33544802 33553142 33550717 33552524 33551539 33562221 33540890 33559231 33570110 33559671 33551851 33560744 33559315 33558333 33553614 33554272 33555939 33549858 33558955 33553510 33553859 33557005 33546881 33558656 33560626 33549463 33554780 33552912 33553758 33547684 33558039 33556440 33550283 33559592 33557532 33552610 33556512 33552609 33548412 33558485 33547394 33557106 33546394 

Sum of all histogram elements: 8589934592
Total pixels: 8589934592

Total time: 148.998
outputs/output_nodes_1_processes_1_threads_1_size_33_20180604_180443.csv
ROWS_SIZE: 262144
COLUMNS_SIZE: 65536
simul == true
after allocation of image_simul
after initialization of image_simul
Width: 65536
Height: 262144
ROI time: 70.3882

Histogram: 
67100573 67111980 67114158 67113319 67104492 67110696 67111826 67110992 67105744 67109663 67114934 67120830 67110555 67101178 67111154 67108676 67097687 67102547 67095166 67106689 67106783 67098574 67119325 67110062 67109010 67107518 67118490 67103161 67104543 67098040 67111134 67132248 67102075 67104773 67107236 67112032 67114346 67107095 67107684 67105721 67120911 67100562 67114572 67109878 67123040 67105382 67106899 67102538 67105079 67100864 67090336 67115831 67096734 67105711 67124439 67107343 67100609 67106150 67116544 67103973 67113367 67107003 67107579 67097253 67114925 67133631 67106592 67111586 67113366 67109533 67123905 67097270 67116103 67113910 67115019 67103571 67113210 67101041 67107650 67095351 67115556 67102101 67097387 67120270 67112793 67108511 67101879 67102793 67102998 67113334 67113050 67110083 67100556 67115025 67111639 67113896 67125262 67117860 67102931 67116326 67109409 67123219 67109872 67110530 67089834 67114480 67100809 67110146 67112247 67110419 67095575 67103797 67109504 67117206 67107925 67112499 67109673 67099155 67101642 67106916 67110899 67116786 67102647 67112793 67110853 67109431 67121004 67100374 67101671 67107969 67124516 67090751 67104797 67113895 67123054 67103490 67087369 67124355 67106946 67112031 67105205 67102313 67099151 67120049 67097253 67098758 67113092 67101094 67093957 67104804 67098231 67102915 67101416 67106149 67104982 67109228 67114554 67115048 67116558 67124943 67112910 67114059 67112319 67110168 67090455 67104742 67108983 67110085 67118479 67110202 67108279 67112542 67114762 67108957 67099006 67114323 67118311 67096508 67105738 67105410 67103575 67112732 67112860 67111554 67104268 67101755 67107549 67100322 67117705 67103557 67114361 67114779 67101691 67112398 67120339 67100773 67111815 67111647 67105300 67106201 67115786 67108391 67104319 67112979 67100486 67097787 67102563 67112410 67104380 67127115 67110052 67118861 67111061 67102377 67118115 67105535 67111661 67128746 67115917 67095700 67107161 67109264 67116357 67113585 67116045 67108685 67109387 67105946 67112127 67110060 67109401 67092834 67101583 67104602 67101103 67110410 67107060 67114261 67119460 67113156 67103492 67111950 67102941 67112059 67104211 67093104 67102855 67115326 67111180 67113124 67128039 67105523 67119247 67113312 67113404 67104863 

Sum of all histogram elements: 17179869184
Total pixels: 17179869184

Total time: 297.67
outputs/output_nodes_1_processes_1_threads_1_size_34_20180604_180941.csv
ROWS_SIZE: 524288
COLUMNS_SIZE: 65536
simul == true
after allocation of image_simul
after initialization of image_simul
Width: 65536
Height: 524288
ROI time: 140.909

Histogram: 
134230019 134213329 134219397 134217262 134213033 134233566 134215076 134233672 134217092 134211896 134199368 134200973 134236097 134222919 134206164 134230927 134203166 134224171 134221143 134242730 134231938 134211638 134206644 134219610 134222435 134240464 134187434 134221002 134206039 134198395 134211005 134240775 134206413 134228958 134220275 134215336 134184582 134214183 134208095 134230088 134215801 134220305 134218134 134228170 134197528 134214761 134213123 134240468 134217241 134211991 134228429 134197847 134228436 134192127 134228931 134226876 134212159 134205698 134210653 134216705 134218843 134236267 134189245 134228099 134200050 134188790 134209411 134230357 134206553 134227873 134225650 134217761 134211001 134240111 134221748 134202074 134210322 134226859 134223879 134239699 134234833 134224697 134226166 134222810 134215885 134231501 134250341 134219772 134222946 134222591 134212133 134231066 134211545 134216907 134239925 134235389 134220763 134227059 134223095 134234228 134195309 134215460 134217623 134220742 134188456 134210330 134200413 134246240 134184711 134216776 134214095 134234512 134209175 134232073 134222152 134205588 134198437 134201911 134204091 134222416 134237983 134227539 134208747 134203642 134217906 134219889 134181923 134230768 134214317 134210082 134197477 134220595 134212189 134222266 134214200 134210542 134227373 134214064 134216717 134207799 134209776 134223941 134227221 134206672 134189567 134223744 134223781 134222855 134220216 134237281 134193661 134219385 134238538 134216107 134200182 134229107 134201728 134221192 134221783 134194527 134209435 134214391 134204245 134227515 134218486 134208364 134201185 134227378 134207347 134224240 134203319 134196203 134215870 134247545 134226863 134220166 134209454 134217812 134221290 134229413 134215461 134223288 134203526 134236564 134208586 134228630 134227882 134210022 134210543 134239404 134223056 134223308 134198323 134208810 134209600 134228524 134202106 134218731 134222109 134227912 134206019 134246034 134235009 134225710 134220131 134215042 134211232 134212683 134213895 134247793 134221208 134222729 134212099 134228290 134225339 134237243 134232437 134227528 134208131 134237484 134215387 134221692 134228242 134203790 134223736 134209795 134216779 134237359 134222278 134222275 134212223 134225952 134188663 134198561 134193013 134213117 134214464 134251071 134208449 134215698 134205622 134197211 134216681 134235349 134215152 134232262 134215850 134205921 134204980 134219182 134206070 134221472 134229335 134239381 134223845 134205841 

Sum of all histogram elements: 34359738368
Total pixels: 34359738368

Total time: 595.363
outputs/output_nodes_1_processes_1_threads_1_size_35_20180604_181936.csv
ROWS_SIZE: 1048576
COLUMNS_SIZE: 65536
simul == true
after allocation of image_simul
after initialization of image_simul
Width: 65536
Height: 1048576
ROI time: 282.242

Histogram: 
268452607 268427048 268432498 268447556 268441707 268437611 268440287 268422211 268422369 268461255 268458844 268453246 268428783 268420617 268459335 268418629 268463754 268422621 268420848 268454509 268446439 268409067 268415324 268440669 268431306 268404096 268440088 268425815 268448778 268445937 268408477 268430000 268438788 268435090 268428043 268426133 268445820 268446890 268414845 268465066 268426417 268407113 268453987 268427143 268466136 268415846 268440321 268442141 268450886 268434087 268443904 268427126 268430811 268421794 268410074 268453685 268443178 268431680 268430882 268445576 268457118 268420806 268412128 268414976 268440533 268422514 268440371 268439615 268443564 268411346 268414074 268466953 268425486 268448225 268430278 268408850 268446423 268423422 268434205 268408851 268432283 268424689 268408708 268461507 268457067 268433160 268428561 268457221 268446960 268427020 268432926 268415507 268457397 268447543 268468148 268426213 268425033 268401822 268437317 268471842 268452781 268432550 268448014 268446296 268419922 268430307 268450466 268427531 268473532 268436906 268457772 268422997 268444389 268443586 268425955 268445248 268453574 268436870 268411487 268431250 268424038 268442178 268456342 268431978 268448089 268435989 268421173 268431983 268417253 268457096 268442811 268467542 268424842 268418684 268445204 268450599 268414265 268455304 268403492 268435161 268432327 268433097 268440671 268411073 268438003 268419736 268419492 268443040 268450711 268438625 268441163 268433895 268425082 268458245 268428734 268419550 268434626 268426356 268421070 268433135 268443750 268405730 268407042 268450242 268423946 268427743 268424301 268455211 268437532 268447599 268454552 268450061 268442171 268439111 268440261 268435252 268423905 268431815 268417707 268464332 268464885 268447012 268430940 268423738 268427956 268413760 268438962 268445387 268422796 268437323 268442329 268462367 268426635 268431885 268402224 268467018 268414812 268414466 268442214 268450576 268442354 268425693 268451265 268447715 268436107 268400591 268430023 268426825 268412801 268444660 268414907 268438455 268452692 268426559 268442663 268450617 268436481 268430914 268421811 268418230 268415455 268486180 268428290 268444697 268463386 268404759 268420998 268437093 268422208 268437158 268431990 268451714 268416207 268434186 268454724 268441213 268429611 268427795 268416806 268412033 268441276 268436638 268446828 268433479 268451437 268438866 268448734 268428223 268430959 268455227 268432858 268437006 268436702 268437076 268438465 268455006 

Sum of all histogram elements: 68719476736
Total pixels: 68719476736

Total time: 1191.09
outputs/output_nodes_1_processes_1_threads_1_size_36_20180604_183927.csv
ROWS_SIZE: 65536
COLUMNS_SIZE: 65536
simul == true
after allocation of image_simul
after initialization of image_simul
Width: 65536
Height: 65536
ROI time: 17.6001

Histogram: 
16773848 16774223 16772787 16775575 16779226 16772859 16778224 16779614 16779369 16783770 16779630 16778280 16774432 16771351 16776789 16784818 16772701 16780172 16779973 16778044 16785008 16782108 16774810 16777375 16778884 16774423 16781439 16781053 16769861 16768777 16776139 16779496 16781822 16770702 16775787 16780082 16777729 16777392 16781703 16779437 16772960 16768690 16777569 16775562 16775993 16779155 16778682 16772519 16773165 16774546 16773903 16775563 16773335 16770771 16776957 16776788 16778401 16776853 16780202 16771488 16777961 16785892 16780513 16780424 16780501 16788227 16778856 16775990 16787795 16779332 16776686 16773541 16784498 16779452 16779497 16774558 16772007 16779176 16786835 16777697 16779835 16777981 16781038 16775391 16777402 16777339 16774994 16775629 16777697 16780171 16771268 16778545 16769103 16776178 16774590 16775712 16781938 16779720 16778059 16775660 16771562 16774445 16775451 16772224 16781257 16776268 16768761 16774679 16781212 16773564 16774010 16778278 16775301 16782665 16778765 16782147 16779451 16782482 16778082 16776637 16778379 16778978 16773956 16773962 16775714 16777578 16778572 16774946 16787277 16781964 16776311 16772136 16780262 16772982 16775760 16781714 16778970 16769421 16773159 16768927 16777220 16773756 16774872 16785476 16772502 16776209 16771444 16775559 16784464 16773083 16777646 16779418 16778911 16769742 16774206 16770209 16777606 16775313 16773594 16785483 16776744 16778987 16774875 16779135 16781057 16774289 16785568 16782255 16778101 16788172 16774139 16772883 16777915 16770623 16773295 16777245 16775444 16770443 16784915 16778420 16784486 16774801 16781069 16780701 16775044 16780103 16778361 16778952 16784423 16774933 16773839 16778681 16784320 16783368 16778654 16780574 16768789 16775944 16776914 16779603 16770183 16776324 16772083 16780919 16777720 16780018 16777251 16781442 16779340 16777290 16777177 16782618 16776255 16779845 16771940 16777259 16774504 16766054 16779003 16785824 16777374 16784399 16774353 16771836 16779245 16777116 16767300 16776172 16779146 16788828 16770968 16775990 16776405 16779005 16775055 16770524 16775993 16778823 16779970 16775221 16777578 16771920 16778937 16781180 16777592 16772303 16776971 16783394 16773858 16769734 16779280 16775890 16777110 16779930 16776025 16775334 

Sum of all histogram elements: 4294967296
Total pixels: 4294967296

Total time: 74.4765
outputs/output_nodes_1_processes_1_threads_1_size_32_20180604_184042.csv
ROWS_SIZE: 131072
COLUMNS_SIZE: 65536
simul == true
after allocation of image_simul
after initialization of image_simul
Width: 65536
Height: 131072
ROI time: 35.2548

Histogram: 
33547947 33545172 33562619 33551583 33558920 33547288 33553011 33557539 33554689 33561460 33544438 33550210 33550024 33564345 33555224 33555111 33554281 33545356 33554247 33548232 33559859 33557102 33553724 33554420 33553701 33549788 33558123 33564023 33554695 33561266 33560056 33566016 33544490 33563962 33562751 33554481 33554019 33554464 33555599 33559564 33545081 33565511 33540405 33554056 33551502 33559023 33550882 33557489 33552639 33554037 33546372 33557096 33546748 33541913 33560615 33560416 33560227 33557248 33563905 33555004 33549784 33547577 33550021 33563753 33557268 33548264 33552422 33547097 33558216 33556177 33556011 33555807 33552710 33553953 33551915 33557551 33556480 33552387 33545863 33547135 33552207 33554179 33558926 33558748 33549736 33566004 33565147 33553564 33549020 33543938 33550901 33554999 33543659 33565347 33563697 33556414 33552660 33552436 33553433 33546023 33555694 33553149 33554034 33561278 33549846 33553677 33555962 33560320 33547348 33541487 33554628 33554696 33541094 33559199 33551951 33553838 33554672 33551746 33561211 33556830 33542281 33554756 33551129 33557294 33552144 33548365 33552326 33556148 33556726 33555661 33550051 33560212 33557824 33561400 33538796 33550285 33550141 33556901 33559837 33560010 33560696 33553723 33567030 33553588 33554254 33565241 33554341 33559674 33549325 33559406 33537293 33561655 33566147 33556629 33560631 33566225 33554558 33557335 33541193 33553350 33545295 33558185 33553825 33563807 33558222 33539649 33553553 33559577 33558151 33547330 33558542 33553180 33544385 33553823 33552424 33557361 33540675 33559361 33552928 33548184 33547048 33545355 33558586 33555218 33550219 33552244 33540846 33544543 33562278 33564708 33546513 33560802 33552832 33552949 33548236 33561419 33560248 33557559 33543959 33549259 33549709 33554414 33560301 33551927 33565555 33559373 33549897 33555392 33555874 33555154 33559903 33559347 33555051 33559973 33544285 33550124 33550357 33564967 33562808 33555166 33559022 33546874 33551676 33555397 33552501 33556462 33553195 33559842 33551632 33554807 33566844 33550195 33558388 33548687 33550209 33556237 33562398 33561973 33560559 33548583 33547797 33548009 33547825 33567246 33555667 33556426 33555481 33559753 33550262 33557933 33549474 33554357 33555119 33563330 33561636 33553303 

Sum of all histogram elements: 8589934592
Total pixels: 8589934592

Total time: 148.953
outputs/output_nodes_1_processes_1_threads_1_size_33_20180604_184311.csv
ROWS_SIZE: 262144
COLUMNS_SIZE: 65536
simul == true
after allocation of image_simul
after initialization of image_simul
Width: 65536
Height: 262144
ROI time: 70.439

Histogram: 
67110767 67108806 67108605 67093039 67106135 67112421 67113637 67109572 67100838 67109243 67118681 67102702 67102225 67111052 67098442 67113496 67104772 67108438 67110343 67118261 67100410 67131416 67121026 67106954 67119627 67108673 67105529 67115290 67113536 67106885 67101669 67114496 67106028 67112733 67109030 67101333 67111754 67121023 67107940 67118606 67117372 67109125 67114524 67096342 67107213 67100443 67107026 67111879 67103116 67098939 67128269 67115525 67118049 67110572 67112869 67123958 67102650 67115615 67106782 67102115 67107202 67087767 67120161 67110226 67118306 67099932 67100108 67104208 67097702 67104560 67113642 67113175 67120446 67118966 67108666 67105988 67094824 67100829 67108930 67107000 67122257 67113333 67107735 67109549 67107516 67094061 67105316 67113899 67095383 67121572 67107770 67104728 67115340 67103020 67119976 67100195 67110605 67112679 67108609 67105972 67105194 67094369 67111288 67106284 67124204 67117730 67107423 67100978 67096255 67111394 67100481 67108608 67123348 67103387 67106600 67105750 67105260 67106659 67119411 67118631 67114174 67092474 67102502 67113093 67128311 67109806 67099127 67121348 67125896 67115290 67096893 67116780 67097158 67100707 67102752 67106473 67106751 67115318 67115872 67096058 67102644 67097869 67089785 67107815 67112927 67088249 67100536 67111227 67122432 67104366 67107555 67112100 67105607 67098111 67096539 67128152 67110479 67104194 67110212 67118470 67104796 67103906 67128714 67115742 67117554 67110717 67105268 67126704 67097717 67101956 67117766 67112167 67099375 67101184 67111691 67125570 67098321 67129663 67100529 67113877 67113499 67117271 67081689 67119026 67105254 67103606 67120245 67112256 67110975 67095851 67120613 67100048 67106670 67097560 67114824 67111979 67099881 67096748 67104565 67112797 67103534 67114810 67113129 67096714 67108663 67117278 67104564 67098095 67103084 67102022 67119041 67107860 67103202 67104942 67110258 67123600 67123279 67096964 67110662 67112968 67110366 67117009 67115051 67093542 67108009 67117766 67088250 67111911 67112168 67105682 67112357 67113961 67096057 67122424 67116280 67118340 67102860 67103266 67115753 67115369 67099129 67108581 67128147 67104594 67100791 67121262 67105622 67099714 67113966 67106722 67113238 67107110 67112947 67108211 67097262 67102949 

Sum of all histogram elements: 17179869184
Total pixels: 17179869184

Total time: 297.741
outputs/output_nodes_1_processes_1_threads_1_size_34_20180604_184809.csv
ROWS_SIZE: 524288
COLUMNS_SIZE: 65536
simul == true
after allocation of image_simul
after initialization of image_simul
Width: 65536
Height: 524288
ROI time: 140.969

Histogram: 
134233769 134224075 134216456 134189424 134194510 134196694 134208439 134240449 134237386 134201175 134222787 134225420 134212539 134224229 134213762 134213511 134227063 134222979 134197258 134204877 134203175 134207308 134189283 134212852 134200040 134211487 134206333 134220802 134189499 134218824 134217470 134205736 134212274 134232148 134206887 134200852 134214062 134220820 134243216 134218430 134214641 134192735 134202429 134189486 134230340 134218267 134221103 134203705 134210654 134212808 134223226 134207820 134206651 134217391 134211377 134231144 134213157 134195255 134230156 134214745 134223596 134216296 134225435 134227042 134246901 134207890 134211645 134220233 134214019 134215557 134221328 134222086 134231117 134227149 134225402 134255115 134226869 134230764 134213280 134244074 134227339 134235553 134221648 134215778 134188676 134235700 134232120 134233674 134205922 134223578 134216575 134225914 134207545 134237202 134209534 134220215 134214180 134206628 134235294 134214147 134210744 134223008 134235462 134210963 134217127 134215290 134228267 134231508 134186645 134201914 134215495 134214373 134221368 134203268 134236044 134209720 134214881 134220640 134227815 134213637 134218875 134199508 134216734 134248351 134239275 134199355 134233513 134210019 134242815 134207872 134218114 134219857 134232058 134206114 134226196 134216768 134220752 134212231 134220292 134231485 134187727 134221435 134210593 134227098 134229320 134228023 134228133 134223661 134227141 134211006 134227045 134219784 134246244 134223118 134215306 134229117 134220466 134218809 134214374 134218233 134207904 134205673 134229802 134199488 134211449 134215374 134208017 134218145 134213595 134218419 134228250 134203296 134221238 134215630 134220798 134217121 134201815 134230429 134226418 134211010 134218882 134216622 134220644 134222488 134208059 134221842 134225611 134239133 134216999 134211615 134210965 134228094 134224900 134220841 134205464 134220722 134210205 134209221 134219512 134217110 134216251 134211183 134202418 134219622 134199558 134231435 134211088 134218764 134207313 134205379 134221143 134220555 134230516 134217596 134234829 134227445 134219491 134220235 134219040 134218525 134219694 134203630 134206609 134207472 134231448 134228899 134222314 134207289 134230292 134222050 134204167 134213818 134213988 134226389 134208970 134208156 134226742 134212968 134207649 134218497 134223003 134209504 134216811 134226360 134220131 134223877 134214807 134222024 134209597 134215270 134215799 134229869 134203045 134214013 134224749 134239886 

Sum of all histogram elements: 34359738368
Total pixels: 34359738368

Total time: 595.284
outputs/output_nodes_1_processes_1_threads_1_size_35_20180604_185804.csv
ROWS_SIZE: 1048576
COLUMNS_SIZE: 65536
simul == true
after allocation of image_simul
after initialization of image_simul
Width: 65536
Height: 1048576
ROI time: 282.04

Histogram: 
268452565 268430845 268440192 268452432 268430468 268418061 268429239 268449332 268436793 268438587 268419728 268432510 268410076 268392279 268412035 268455738 268422081 268439216 268440381 268416311 268425092 268437363 268428468 268461325 268410766 268440504 268435379 268441047 268421220 268417731 268436892 268439892 268403463 268461296 268442191 268470017 268445545 268450790 268421770 268464160 268413687 268421099 268429085 268466752 268427947 268410363 268452848 268457324 268413236 268437789 268423977 268429255 268422358 268426263 268433016 268443250 268428333 268445688 268430436 268415531 268424479 268443317 268425775 268455406 268431593 268448992 268427323 268443130 268424395 268439156 268427485 268407290 268431875 268442837 268427426 268430237 268425080 268418119 268439233 268446595 268431992 268471540 268409111 268459187 268421478 268476070 268409997 268444567 268442245 268449127 268404617 268454004 268450978 268412937 268458208 268443828 268419121 268444396 268399836 268453510 268424635 268434988 268453583 268443415 268448977 268469932 268445810 268442529 268408285 268436906 268439614 268447594 268409886 268444295 268426473 268450692 268423351 268430631 268470047 268455475 268436489 268443340 268425689 268450876 268401087 268441398 268420882 268455560 268421216 268420723 268434663 268445425 268434371 268458656 268418886 268451639 268398475 268454494 268429580 268449285 268393565 268467601 268428735 268450008 268474142 268478347 268404051 268451284 268418661 268460607 268422232 268455435 268435020 268456209 268429914 268457052 268419731 268439188 268439327 268410591 268431573 268433485 268430082 268472432 268427531 268463302 268412401 268450357 268402644 268449269 268457822 268466969 268462529 268451832 268481961 268453303 268428783 268421899 268434215 268463308 268415443 268438696 268421827 268450916 268419731 268426892 268436118 268452426 268422131 268436034 268420154 268425867 268424422 268443238 268432711 268453164 268445729 268447436 268389762 268432359 268438068 268448630 268420004 268438278 268439597 268462830 268439866 268423048 268430152 268471881 268413891 268449838 268431313 268426881 268434039 268421064 268414039 268464636 268443640 268427357 268399224 268456806 268432041 268451861 268439731 268470719 268415358 268446462 268399362 268444352 268426286 268425965 268416274 268432268 268419007 268417471 268407022 268413530 268447649 268434211 268431436 268481789 268423274 268421394 268437565 268439503 268439986 268411356 268402640 268436040 268400755 268456066 268438250 268449130 268402845 268429242 

Sum of all histogram elements: 68719476736
Total pixels: 68719476736

Total time: 1191.56
outputs/output_nodes_1_processes_1_threads_1_size_36_20180604_191756.csv
ROWS_SIZE: 65536
COLUMNS_SIZE: 65536
simul == true
after allocation of image_simul
after initialization of image_simul
Width: 65536
Height: 65536
ROI time: 17.6899

Histogram: 
16779422 16778956 16776947 16767525 16777022 16777808 16782290 16778577 16778194 16775215 16768549 16773354 16782653 16769224 16778545 16776541 16778669 16774665 16779926 16776048 16779473 16774907 16782681 16777519 16779612 16777800 16775061 16777687 16783002 16773002 16766721 16778857 16779247 16775940 16778853 16771727 16770688 16772829 16773220 16778574 16775346 16774163 16774356 16772230 16774536 16778926 16780367 16786056 16778280 16778117 16772312 16766921 16773981 16778416 16776633 16776874 16775897 16779298 16787344 16780196 16777317 16778303 16781546 16776950 16770978 16773652 16783428 16783240 16778322 16781230 16784612 16776433 16775388 16775047 16771088 16777984 16772561 16778741 16783265 16786292 16777384 16773712 16784608 16779849 16773398 16780295 16776201 16782476 16777679 16781153 16775195 16771308 16771872 16776294 16771916 16767565 16778705 16782171 16776944 16775249 16786396 16779340 16780828 16780149 16779482 16771651 16773513 16782754 16780854 16776217 16780624 16783742 16778052 16784799 16774722 16780331 16770852 16774261 16772317 16776323 16771424 16776573 16778116 16778293 16769537 16767126 16775238 16770722 16774656 16777944 16774164 16783365 16769839 16770629 16779767 16779776 16780681 16777592 16783080 16777601 16778916 16779171 16776473 16776555 16771168 16776251 16781118 16782877 16774266 16772275 16778593 16778139 16781425 16785640 16780539 16775365 16782347 16782408 16784098 16782343 16779238 16783289 16778193 16778890 16775172 16773445 16772831 16778086 16779190 16781744 16778537 16779955 16770129 16765871 16781082 16781387 16773253 16777400 16771327 16774892 16776553 16779358 16780232 16774431 16778263 16778209 16776808 16777383 16778902 16772970 16775676 16782812 16774665 16775528 16774750 16776101 16770818 16780681 16773927 16778618 16781435 16774134 16782156 16778017 16776020 16770943 16781959 16774911 16778859 16782318 16783541 16767275 16771461 16779024 16775000 16773969 16774634 16778188 16780614 16771626 16772963 16776127 16779882 16781277 16777501 16776730 16785547 16779608 16775823 16781338 16786251 16778197 16776843 16775198 16783469 16775291 16773563 16776056 16778819 16775112 16776416 16773885 16777870 16776484 16775524 16779968 16778410 16781888 16772644 16779047 16774171 16775471 16769176 16779515 16778231 16784894 

Sum of all histogram elements: 4294967296
Total pixels: 4294967296

Total time: 74.603
outputs/output_nodes_1_processes_1_threads_1_size_32_20180604_191911.csv
ROWS_SIZE: 131072
COLUMNS_SIZE: 65536
simul == true
after allocation of image_simul
after initialization of image_simul
Width: 65536
Height: 131072
ROI time: 35.3105

Histogram: 
33554931 33557778 33547080 33554105 33554244 33561179 33549774 33547061 33547105 33556152 33561774 33552696 33561747 33556146 33547830 33544669 33550809 33551089 33541945 33563439 33556649 33554079 33555481 33547398 33550434 33547006 33552809 33565549 33555275 33560903 33554736 33549891 33556243 33544561 33556051 33565717 33557033 33559602 33553441 33556817 33546271 33550830 33554618 33542362 33544825 33556022 33557649 33562449 33556275 33552271 33553116 33561027 33561024 33549680 33563137 33560705 33550777 33550412 33554472 33558493 33561237 33559192 33556031 33538786 33552541 33553581 33551470 33552884 33559779 33563982 33564427 33561719 33549780 33555315 33549120 33558363 33557054 33555896 33561762 33555941 33559256 33551091 33552548 33552589 33554094 33550694 33552414 33550529 33551858 33555546 33553292 33552778 33553515 33547240 33561512 33553383 33548278 33559949 33560840 33548047 33560782 33549218 33555354 33553302 33564206 33559120 33557008 33564302 33556074 33546229 33545539 33560754 33558385 33553966 33563718 33558300 33547919 33562784 33556878 33558032 33567484 33550444 33554439 33553864 33555750 33556298 33551847 33553490 33556242 33546069 33561498 33551074 33549760 33546926 33560337 33551129 33560759 33557627 33565685 33548291 33555878 33557023 33552589 33545937 33560494 33558105 33553198 33559801 33539801 33548656 33552642 33562105 33566550 33563980 33562621 33546600 33549877 33555490 33544917 33560499 33556595 33558966 33548904 33549555 33543247 33559708 33562421 33555399 33552814 33553178 33543667 33554311 33552433 33558061 33542622 33555363 33557994 33550179 33552227 33559207 33553896 33556817 33548683 33544660 33564774 33550190 33559919 33555229 33554076 33556378 33559256 33549057 33553270 33546226 33550298 33556963 33564317 33549726 33555837 33557308 33560915 33552378 33552518 33555102 33560380 33560554 33549461 33564310 33550167 33551858 33550503 33564193 33555653 33553109 33554009 33554086 33558372 33546630 33553585 33556100 33540398 33556577 33548452 33546090 33560088 33550380 33557202 33555714 33548709 33562247 33548965 33557529 33543803 33563060 33545189 33550433 33547704 33556410 33554246 33552154 33548992 33552300 33553705 33552966 33561905 33553966 33555036 33552101 33551421 33547461 33552666 33555485 33555574 33539558 33563834 33571056 

Sum of all histogram elements: 8589934592
Total pixels: 8589934592

Total time: 149.216
outputs/output_nodes_1_processes_1_threads_1_size_33_20180604_192140.csv
ROWS_SIZE: 262144
COLUMNS_SIZE: 65536
simul == true
after allocation of image_simul
after initialization of image_simul
Width: 65536
Height: 262144
ROI time: 70.7405

Histogram: 
67120377 67120603 67111598 67101132 67108557 67103734 67103647 67098844 67115708 67110229 67104592 67103776 67106669 67101179 67118277 67100495 67109066 67115806 67105611 67097774 67099875 67115119 67100952 67125820 67111042 67105226 67105955 67107867 67118064 67105022 67122219 67109001 67101438 67106847 67114045 67115904 67119304 67106582 67103550 67095268 67098875 67110031 67103917 67112185 67106864 67114247 67114635 67107592 67116208 67120782 67109430 67109030 67118100 67101157 67094792 67115721 67092145 67109130 67094844 67120765 67106069 67109450 67106845 67101554 67121092 67119555 67116307 67115192 67119267 67096473 67113002 67102045 67107892 67111141 67123079 67094287 67115579 67113138 67107702 67114510 67118697 67106134 67095383 67092294 67109424 67113518 67103346 67118310 67104485 67114667 67114797 67125032 67120259 67098251 67097775 67115538 67105849 67103426 67114370 67108356 67108829 67114744 67124497 67095709 67123827 67110095 67109650 67094912 67114920 67096617 67103437 67110179 67102482 67107786 67117177 67109964 67110486 67118189 67107340 67109987 67128162 67103221 67115768 67100991 67100043 67101732 67108321 67101643 67124771 67111784 67105769 67133898 67104855 67109924 67105102 67110986 67093267 67121202 67104451 67122357 67103753 67128442 67102020 67110477 67110694 67105276 67110408 67116241 67103161 67117385 67107566 67087067 67110918 67112892 67098779 67110666 67101536 67096992 67102729 67095745 67106412 67116927 67086587 67097218 67105104 67104256 67104239 67105229 67101538 67102178 67118493 67109685 67110699 67102030 67119094 67107503 67107302 67104544 67109154 67105533 67115842 67113664 67110941 67116206 67111143 67107376 67107686 67112829 67113833 67113838 67112098 67096254 67101058 67116803 67112792 67119952 67113209 67118184 67101981 67107614 67114254 67110825 67124228 67099510 67106120 67111005 67096984 67113087 67112045 67104731 67107687 67122821 67112434 67100990 67109420 67103747 67112895 67114733 67103113 67127000 67104963 67111293 67110594 67110075 67096974 67129544 67113853 67096665 67119341 67115161 67107662 67115672 67095766 67094011 67095936 67115206 67098754 67101814 67106820 67108755 67118297 67098534 67128050 67117772 67108746 67098886 67109003 67106583 67094402 67095723 67109228 67093874 67093517 67118634 67118003 67113281 

Sum of all histogram elements: 17179869184
Total pixels: 17179869184

Total time: 298.723
outputs/output_nodes_1_processes_1_threads_1_size_34_20180604_192639.csv
ROWS_SIZE: 524288
COLUMNS_SIZE: 65536
simul == true
after allocation of image_simul
after initialization of image_simul
Width: 65536
Height: 524288
ROI time: 140.888

Histogram: 
134232747 134223400 134225460 134224751 134227079 134210553 134212888 134227701 134226049 134210689 134204939 134229537 134220951 134214484 134235871 134208016 134230176 134213819 134221169 134220938 134227484 134217337 134199741 134207328 134230468 134211421 134213160 134238257 134245192 134203610 134229337 134218950 134232767 134214785 134244510 134211035 134218921 134208064 134220604 134219548 134237059 134210977 134218569 134234337 134208125 134222833 134190041 134215833 134225576 134217205 134196521 134211764 134223281 134198284 134212575 134219291 134196836 134201104 134212657 134210756 134229942 134216486 134231344 134223270 134213255 134214291 134205889 134210326 134231681 134227059 134216201 134200314 134243606 134241941 134234923 134209528 134223194 134212462 134224738 134223287 134233836 134215838 134237360 134227509 134237463 134219272 134211174 134219644 134227241 134209689 134223246 134225668 134237012 134199766 134227355 134225461 134216857 134207747 134200279 134212353 134211381 134207317 134234152 134219986 134230985 134218534 134208900 134213992 134208974 134189077 134217676 134194885 134233182 134204593 134237526 134220264 134185464 134206238 134239433 134218596 134216758 134221943 134231727 134207928 134252402 134210665 134208646 134194048 134212717 134209446 134227450 134222458 134233537 134189337 134207439 134214396 134230985 134189333 134210209 134226518 134233000 134213843 134223802 134204538 134202641 134204121 134239659 134208101 134226834 134212389 134215267 134211285 134221333 134212718 134209127 134213513 134216871 134213990 134211663 134210338 134216524 134209714 134217491 134229394 134245534 134219199 134221355 134219386 134238585 134221717 134216757 134219506 134238780 134208933 134210912 134204572 134224005 134233035 134220482 134202722 134201096 134203638 134201261 134215233 134225637 134195152 134210662 134230376 134213234 134217252 134230609 134212108 134211435 134200270 134201324 134229180 134226815 134219081 134234343 134199021 134213320 134220840 134220608 134226643 134218487 134223342 134201518 134209291 134221463 134219344 134217693 134206006 134223477 134205701 134240548 134204706 134253492 134212065 134205736 134231305 134228114 134213564 134226240 134218873 134219403 134199027 134234783 134213629 134205153 134210539 134227332 134208558 134218665 134217757 134214842 134194802 134239273 134206079 134233073 134206936 134204906 134218055 134208797 134218867 134218520 134227649 134216391 134206008 134228165 134220232 134220572 134206583 134241834 134204279 134217130 134201826 

Sum of all histogram elements: 34359738368
Total pixels: 34359738368

Total time: 595.438
outputs/output_nodes_1_processes_1_threads_1_size_35_20180604_193634.csv
ROWS_SIZE: 1048576
COLUMNS_SIZE: 65536
simul == true
after allocation of image_simul
after initialization of image_simul
Width: 65536
Height: 1048576
ROI time: 282.323

Histogram: 
268421113 268423045 268454725 268476992 268429893 268460177 268424683 268461957 268421424 268400984 268450846 268442652 268396194 268451363 268432307 268435157 268423134 268427926 268461161 268449757 268416753 268450989 268445689 268419012 268414975 268428633 268452291 268454939 268419609 268425503 268409775 268469684 268406588 268439798 268450044 268458275 268416414 268441484 268425306 268425709 268445742 268451802 268437215 268453416 268404269 268460124 268420826 268431282 268405395 268414830 268441929 268461064 268424774 268467484 268438884 268449296 268421426 268455463 268434802 268469297 268431124 268428142 268435130 268419540 268418118 268437382 268401261 268489968 268391639 268474006 268407395 268460537 268421913 268431420 268422266 268446951 268435964 268463906 268421107 268442491 268399493 268425956 268431826 268431688 268430644 268437228 268431894 268448836 268423985 268443487 268463500 268460484 268431441 268443577 268409627 268455473 268408907 268481028 268433575 268457209 268459586 268437474 268420171 268455698 268399311 268435307 268447369 268472792 268409178 268439584 268442163 268421722 268384640 268423697 268439900 268412242 268403501 268447903 268452622 268440167 268435458 268443096 268418150 268468627 268415274 268454688 268441876 268442305 268399063 268455261 268458640 268428573 268394342 268432151 268395380 268436437 268438458 268439544 268459997 268455727 268437507 268417560 268437339 268449756 268410288 268419557 268441298 268441229 268433835 268439212 268440245 268459358 268411228 268428199 268438503 268434997 268416603 268451813 268429354 268431598 268450421 268450041 268426169 268443646 268417068 268427776 268418174 268465051 268461754 268436219 268467573 268459013 268413961 268415091 268435239 268458972 268423434 268415961 268425110 268450827 268404150 268462513 268418891 268455049 268434398 268441159 268440485 268449476 268412916 268436921 268431853 268429423 268417718 268455817 268452650 268457616 268443713 268437417 268410112 268460792 268446894 268435689 268412135 268436804 268427634 268452108 268444899 268431574 268408762 268420367 268460409 268457590 268413210 268447414 268420911 268452904 268425805 268426778 268423314 268456358 268442543 268433112 268425760 268468504 268435420 268434089 268437911 268444678 268437950 268461848 268384055 268424800 268423237 268417096 268466347 268424609 268382577 268461174 268426462 268444754 268428804 268415200 268438051 268440519 268390466 268458031 268439815 268429998 268433337 268440983 268455320 268440404 268417127 268430040 268424557 268437079 

Sum of all histogram elements: 68719476736
Total pixels: 68719476736

Total time: 1191.25
outputs/output_nodes_1_processes_1_threads_1_size_36_20180604_195626.csv
